0.0, 5277787
0.0, 5117902
0.0, 5080047
0.0, 4777838
0.0, 4333823
0.0, 4111520
0.0, 4069615
0.0, 4051505
0.0, 3951690
0.0, 3731627
0.02, 3674665
0.02, 3668420
0.02, 3625609
0.02, 3565628
0.02, 3499918
0.02, 3327041
0.02, 3318011
0.03, 3207984
0.36, 3174208
0.44, 3060414
0.6, 3049865
0.6, 2989238
0.6, 2954404
0.77, 2938609
0.89, 2937042
0.9, 2936608
0.98, 2909990
0.98, 2782531
1.0, 2733062
1.03, 2588727
1.03, 2567050
1.11, 2537126
1.11, 2535102
1.12, 2516457
1.13, 2508864
1.14, 2503823
1.14, 2387153
1.14, 2385620
1.16, 2385149
1.16, 2344908
1.16, 2339513
1.16, 2287293
1.16, 2266205
1.16, 2262054
1.16, 2250432
1.16, 2234698
1.16, 2215807
1.16, 2164563
1.21, 2153448
1.21, 2134748
1.21, 2120807
1.23, 2085711
1.29, 2082856
1.29, 2062931
1.3, 2062340
1.31, 2033438
1.31, 2030052
1.31, 2003763
