0.0, 5633725
0.0, 5070119
0.0, 4670625
0.0, 4329862
0.0, 3946055
0.0, 3936124
0.0, 3452451
0.02, 3409531
0.02, 3356488
0.03, 3200481
0.05, 3124358
0.2, 3008375
0.54, 2923087
0.58, 2894984
0.87, 2741979
0.93, 2724112
0.93, 2683842
1.08, 2630795
1.08, 2586452
1.08, 2541693
1.08, 2531076
1.11, 2496345
1.11, 2475119
1.12, 2472298
1.13, 2429957
1.13, 2416963
1.13, 2291351
1.13, 2275112
1.13, 2208135
1.13, 2197505
1.23, 2196153
1.24, 2187318
1.24, 2136819
1.24, 2124753
1.27, 2123772
1.27, 2108298
1.28, 2098569
1.28, 2097135
1.28, 2058078
1.28, 2041839
1.3, 2026738
