0.0, 4994021
0.0, 4986069
0.0, 4880190
0.0, 4563366
0.0, 4499064
0.0, 4495448
0.0, 4385904
0.0, 4338013
0.0, 4337963
0.0, 3935553
0.0, 3919071
0.0, 3912326
0.0, 3878580
0.0, 3604004
0.03, 3490137
0.03, 3471748
0.03, 3457659
0.03, 3284782
0.13, 2988872
0.9, 2854342
0.93, 2831739
1.0, 2740645
1.0, 2729299
1.0, 2700574
1.0, 2694222
1.0, 2617058
1.0, 2593289
1.02, 2468130
1.08, 2450322
1.08, 2435126
1.08, 2363027
1.12, 2319534
1.15, 2300355
1.17, 2289015
1.18, 2230419
1.18, 2178036
1.18, 2175712
1.18, 2161603
1.18, 2140178
1.19, 2130457
1.19, 2106789
1.22, 2103602
1.24, 2102556
1.24, 2094753
1.24, 2091658
1.24, 2085721
1.24, 2069987
1.24, 2068534
1.24, 2061983
1.25, 2055467
1.25, 2049675
1.26, 2045153
1.29, 2029184
1.36, 2003763
