0.0, 4551248
0.0, 4157420
0.0, 4136603
0.0, 4127387
0.0, 4003102
0.0, 3948221
0.0, 3947370
0.0, 3943209
0.0, 3810266
0.0, 3781649
0.01, 3748684
0.01, 3715286
0.02, 3679296
0.02, 3652931
0.02, 3639867
0.02, 3531872
0.03, 3503701
0.03, 3348594
0.05, 3310180
0.1, 3245710
0.1, 3243586
0.17, 3188195
0.17, 3163637
0.18, 3146411
0.24, 3137483
0.4, 3109252
0.4, 2945787
0.85, 2914164
0.86, 2886787
0.86, 2885624
0.92, 2738746
0.99, 2715216
0.99, 2678238
0.99, 2671002
1.01, 2629171
1.05, 2540360
1.05, 2527807
1.05, 2463471
1.06, 2403515
1.11, 2346391
1.13, 2308207
1.13, 2265345
1.14, 2249744
1.14, 2205405
1.14, 2144091
1.17, 2141925
1.17, 2134191
1.17, 2127420
1.17, 2069024
1.27, 2058888
1.29, 2042977
1.31, 2042058
1.34, 2037720
1.36, 2020002
1.37, 2016322
1.47, 2003763
