0.0, 4484555
0.0, 4452023
0.0, 3782549
0.0, 3515680
0.01, 3358179
0.01, 3321350
0.01, 3113933
0.22, 3111270
0.27, 3108723
0.29, 3003049
0.85, 2868161
0.98, 2820093
0.98, 2736691
0.99, 2716359
0.99, 2708603
0.99, 2684045
0.99, 2635971
0.99, 2627722
1.06, 2607833
1.06, 2586404
1.06, 2547141
1.06, 2540793
1.06, 2397555
1.07, 2347436
1.07, 2334293
1.16, 2285453
1.16, 2263017
1.16, 2252327
1.17, 2148790
1.22, 2148670
1.22, 2148258
1.22, 2115083
1.23, 2101618
1.23, 2098523
1.23, 2096111
1.24, 2087080
1.24, 2074479
1.25, 2068203
1.25, 2054262
1.25, 2039906
1.27, 2037509
1.31, 2026738
1.33, 2024508
1.34, 2020002
1.38, 2003763
