0.0, 5754850
0.0, 5638601
0.0, 5423771
0.0, 5340403
0.0, 5003175
0.0, 4886219
0.0, 4409940
0.0, 4325068
0.0, 4322017
0.0, 3874213
0.0, 3802831
0.0, 3776064
0.0, 3679567
0.01, 3669102
0.02, 3649838
0.03, 3577422
0.04, 3458664
0.08, 3441502
0.08, 3318590
0.11, 3312331
0.11, 3252999
0.11, 3163076
0.23, 3139516
0.76, 3107259
0.76, 2973027
0.78, 2923157
0.87, 2826829
0.87, 2808852
0.96, 2801105
0.97, 2770567
0.97, 2756585
0.97, 2709213
0.97, 2678625
0.97, 2523682
1.07, 2492422
1.07, 2408911
1.11, 2400800
1.11, 2349028
1.18, 2326924
1.18, 2299161
1.2, 2288599
1.2, 2242199
1.2, 2229556
1.2, 2229303
1.2, 2189253
1.21, 2180546
1.22, 2170539
1.23, 2163077
1.23, 2152224
1.23, 2133412
1.23, 2109798
1.23, 2104538
1.23, 2088299
1.23, 2051372
1.23, 2041685
1.23, 2016322
1.23, 2003763
