0.0, 4827117
0.0, 4664310
0.0, 4616758
0.0, 4416889
0.0, 4410648
0.0, 4179355
0.0, 4177678
0.0, 4165215
0.0, 4055554
0.0, 3985481
0.0, 3885515
0.01, 3816319
0.01, 3704802
0.01, 3623104
0.01, 3576434
0.01, 3339672
0.09, 3257187
0.09, 3127044
0.1, 3104390
0.47, 2934202
0.47, 2924919
0.61, 2853380
0.92, 2848041
0.92, 2679482
1.01, 2644254
1.01, 2631624
1.01, 2480476
1.01, 2469691
1.11, 2388506
1.12, 2375825
1.12, 2293281
1.12, 2291913
1.12, 2240723
1.12, 2216107
1.17, 2210163
1.17, 2198461
1.19, 2176180
1.19, 2171402
1.19, 2141928
1.19, 2120618
1.19, 2109983
1.19, 2087249
1.19, 2034195
1.21, 2031423
1.32, 2003763
