0.0, 5153226
0.0, 5134571
0.0, 4549887
0.0, 4398102
0.0, 4215734
0.0, 4102568
0.0, 3901725
0.0, 3781118
0.01, 3387501
0.04, 3330265
0.14, 3236221
0.55, 3196367
0.63, 3099443
0.71, 3097269
0.83, 3056815
0.83, 3029227
0.88, 3020722
0.88, 2862916
0.92, 2806111
0.92, 2796527
0.92, 2767659
0.95, 2637904
1.01, 2620699
1.01, 2585326
1.01, 2530767
1.01, 2523779
1.01, 2515643
1.01, 2510864
1.04, 2437153
1.04, 2255939
1.04, 2255023
1.04, 2207511
1.04, 2202999
1.16, 2178235
1.2, 2169182
1.2, 2156904
1.2, 2107774
1.25, 2055724
1.29, 2025073
1.37, 2023779
1.44, 2017704
1.45, 2016322
1.45, 2003763
