0.0, 4982589
0.0, 4526381
0.0, 4480206
0.0, 4406167
0.0, 4135660
0.0, 3965947
0.0, 3929299
0.0, 3647171
0.0, 3620170
0.0, 3530441
0.01, 3455426
0.01, 3381938
0.02, 3287528
0.09, 3263473
0.13, 3133854
0.13, 2878995
0.74, 2660776
0.92, 2628402
1.03, 2580183
1.03, 2541126
1.04, 2502148
1.04, 2487826
1.1, 2428053
1.1, 2316289
1.11, 2251728
1.11, 2156258
1.11, 2145864
1.11, 2134991
1.11, 2118591
1.17, 2105166
1.19, 2102268
1.21, 2080861
1.23, 2065914
1.23, 2049675
1.23, 2048222
1.23, 2025073
1.31, 2024508
1.35, 2023779
1.4, 2017704
1.4, 2003763
