0.0, 32553
0.0, 32178
0.0, 32050
0.0, 31556
0.0, 31399
0.0, 31087
0.0, 30892
0.0, 29762
0.0, 29721
0.0, 29595
0.0, 29594
0.0, 29453
0.0, 29167
0.0, 29104
0.0, 28971
0.0, 28792
0.0, 28781
0.0, 28780
0.0, 28773
0.01, 28644
0.01, 28507
0.01, 28319
0.01, 27056
0.01, 26434
0.01, 25697
0.01, 25171
0.01, 24914
0.01, 24702
0.18, 24470
0.34, 23930
0.49, 22920
0.99, 22869
0.99, 22765
1.07, 22761
1.07, 22084
1.13, 21888
1.13, 21810
1.13, 20581
1.13, 20576
1.14, 20075
1.14, 20049
1.14, 19844
1.15, 19745
1.21, 19481
1.21, 18456
1.24, 17711
1.24, 17710
1.25, 17507
1.27, 17430
1.27, 17075
1.27, 16839
1.27, 16366
1.27, 16344
1.27, 16084
1.27, 15641
1.27, 15620
1.27, 15387
1.27, 14885
1.27, 14762
1.34, 14011
1.34, 13981
1.34, 13891
1.34, 13849
1.37, 13758
1.37, 13622
1.37, 13301
1.37, 13211
1.37, 13202
1.37, 13156
1.37, 13056
1.37, 12919
1.38, 12685
1.38, 12636
1.38, 12445
1.38, 12425
1.38, 12200
1.38, 12179
1.38, 12120
1.38, 11950
1.38, 11890
1.39, 11802
1.39, 11768
1.41, 11733
1.41, 11636
1.42, 11552
1.42, 11545
1.42, 11542
1.42, 11531
1.42, 11516
1.42, 11487
1.42, 11461
1.42, 11395
1.42, 11322
1.43, 11181
1.43, 11169
1.43, 11119
1.43, 11084
1.43, 11038
1.43, 10864
1.44, 10524
1.44, 10451
1.44, 10008
1.45, 10007
1.45, 9998
1.45, 9910
1.45, 9877
1.45, 9746
1.45, 9715
1.45, 9706
1.45, 9609
1.45, 9575
1.45, 9495
1.45, 9377
1.45, 9316
1.45, 9299
1.45, 9283
1.46, 9211
1.46, 9178
1.5, 9165
1.5, 9112
1.5, 9089
1.5, 9084
1.51, 9073
1.51, 9031
1.51, 8961
1.51, 8853
1.51, 8845
1.51, 8840
1.52, 8799
1.52, 8765
1.52, 8754
1.52, 8713
1.52, 8675
1.52, 8660
1.52, 8626
1.52, 8586
1.56, 8575
1.56, 8561
1.56, 8556
1.56, 8541
1.56, 8530
1.57, 8478
1.58, 8411
1.58, 8402
1.58, 8347
1.59, 8306
1.59, 8286
1.59, 8249
1.61, 8244
1.61, 8238
1.62, 7981
1.65, 7967
1.65, 7966
1.76, 7958
1.76, 7918
1.76, 7901
1.76, 7869
1.77, 7846
1.78, 7836
1.8, 7820
1.8, 7787
1.81, 7773
1.84, 7768
1.89, 7764
1.9, 7752
1.94, 7746
1.95, 7745
