0.0, 31273
0.0, 30512
0.0, 30405
0.0, 29998
0.0, 29985
0.0, 29496
0.0, 29286
0.0, 29116
0.0, 29104
0.0, 29013
0.0, 28495
0.01, 28116
0.01, 26952
0.01, 26678
0.01, 26191
0.03, 26146
0.03, 25011
0.03, 24811
0.03, 24217
0.15, 23979
0.5, 23055
0.91, 22989
0.91, 22871
0.91, 22629
0.92, 22524
1.06, 22340
1.09, 22240
1.1, 21772
1.1, 21756
1.14, 21754
1.14, 21571
1.14, 20869
1.14, 20860
1.14, 20457
1.14, 20256
1.14, 20211
1.14, 19526
1.15, 19287
1.15, 18835
1.26, 18723
1.26, 18633
1.26, 18604
1.26, 18589
1.26, 18208
1.26, 18185
1.26, 18079
1.26, 18047
1.26, 17639
1.26, 17607
1.27, 17602
1.27, 17549
1.27, 17506
1.28, 17316
1.29, 17033
1.29, 16881
1.29, 16744
1.29, 16627
1.29, 16541
1.29, 15785
1.29, 15709
1.31, 15691
1.31, 15570
1.31, 15383
1.32, 15259
1.33, 14975
1.33, 14479
1.34, 14247
1.34, 14220
1.34, 14058
1.34, 14002
1.34, 13719
1.34, 13642
1.34, 13571
1.34, 13468
1.34, 13350
1.34, 13073
1.34, 13055
1.34, 12900
1.34, 12824
1.34, 12777
1.34, 12518
1.34, 12430
1.34, 12199
1.34, 12173
1.34, 12156
1.34, 12025
1.34, 11993
1.34, 11987
1.36, 11930
1.36, 11724
1.39, 11706
1.39, 11587
1.39, 11583
1.4, 11484
1.4, 11475
1.4, 11440
1.4, 11416
1.4, 11335
1.4, 11272
1.4, 11129
1.4, 11098
1.4, 11032
1.4, 10940
1.43, 10934
1.43, 10832
1.44, 10821
1.44, 10809
1.46, 10804
1.46, 10788
1.46, 10685
1.46, 10501
1.46, 10500
1.47, 10495
1.47, 10477
1.47, 10454
1.47, 10437
1.47, 10303
1.48, 10225
1.48, 10128
1.48, 10112
1.48, 10009
1.48, 9967
1.48, 9933
1.48, 9807
1.52, 9745
1.52, 9724
1.52, 9717
1.53, 9704
1.53, 9622
1.53, 9527
1.53, 9506
1.53, 9473
1.56, 9375
1.56, 9309
1.56, 9179
1.56, 9150
1.56, 9100
1.56, 9084
1.57, 9001
1.57, 8997
1.58, 8993
1.58, 8729
1.58, 8677
1.58, 8659
1.58, 8630
1.58, 8628
1.58, 8576
1.58, 8562
1.59, 8532
1.59, 8485
1.59, 8458
1.59, 8433
1.59, 8381
1.63, 8300
1.65, 8232
1.65, 8212
1.65, 8079
1.69, 8029
1.92, 8024
1.93, 8023
1.95, 8000
