0.0, 29611
0.0, 29553
0.0, 29297
0.0, 28624
0.0, 28562
0.0, 27396
0.01, 27211
0.01, 27163
0.01, 27017
0.01, 26894
0.01, 26333
0.06, 25940
0.06, 25826
0.06, 25363
0.09, 25256
0.12, 23998
0.6, 22724
0.6, 22351
0.83, 22241
0.83, 21328
1.17, 21295
1.17, 21090
1.17, 21065
1.17, 20924
1.17, 20855
1.17, 20727
1.17, 20490
1.17, 19946
1.17, 19933
1.22, 19815
1.22, 19507
1.22, 19486
1.22, 19417
1.22, 19117
1.22, 18849
1.22, 18712
1.22, 18453
1.22, 18340
1.22, 17982
1.22, 17901
1.22, 17894
1.22, 17840
1.22, 17811
1.22, 17755
1.22, 17740
1.22, 17734
1.22, 17612
1.23, 17450
1.23, 17247
1.23, 17212
1.23, 16799
1.23, 16120
1.23, 15560
1.23, 15524
1.32, 15221
1.32, 14776
1.32, 14607
1.33, 14588
1.33, 14569
1.33, 14509
1.33, 14482
1.33, 14470
1.33, 14392
1.33, 14278
1.33, 14274
1.33, 14100
1.33, 14050
1.33, 13966
1.33, 13581
1.33, 13232
1.33, 13180
1.33, 12810
1.33, 12724
1.33, 12347
1.33, 12332
1.33, 11874
1.39, 11813
1.39, 11809
1.4, 11728
1.4, 11036
1.4, 11033
1.4, 11027
1.4, 10847
1.4, 10810
1.4, 10791
1.4, 10723
1.4, 10717
1.41, 10698
1.41, 10646
1.41, 10645
1.41, 10556
1.41, 10551
1.41, 10232
1.41, 10056
1.41, 9747
1.42, 9727
1.42, 9725
1.42, 9536
1.42, 9495
1.42, 9418
1.42, 9394
1.42, 9369
1.42, 9333
1.42, 9320
1.42, 9306
1.42, 9254
1.42, 9215
1.42, 9206
1.43, 9168
1.43, 9040
1.43, 8809
1.43, 8705
1.43, 8650
1.48, 8608
1.48, 8473
1.48, 8452
1.49, 8432
1.49, 8422
1.49, 8386
1.49, 8352
1.5, 8345
1.52, 8326
1.52, 8315
1.52, 8251
1.52, 8208
1.52, 8151
1.52, 8092
1.53, 8006
1.53, 7927
1.63, 7869
1.64, 7868
1.65, 7857
1.65, 7855
1.65, 7838
1.68, 7788
1.69, 7787
1.69, 7779
1.72, 7760
