0.0, 28221
0.0, 27834
0.0, 27616
0.0, 27540
0.0, 27433
0.0, 27332
0.0, 27147
0.01, 27045
0.01, 26646
0.01, 26459
0.01, 25499
0.01, 25076
0.08, 24081
0.19, 23979
0.19, 23665
0.82, 23550
0.89, 23419
0.99, 23143
1.01, 22924
1.02, 22234
1.02, 22195
1.02, 21596
1.02, 21552
1.02, 21431
1.02, 20679
1.08, 20640
1.1, 20482
1.1, 20079
1.1, 19990
1.1, 19857
1.11, 19816
1.11, 19813
1.11, 19779
1.11, 19761
1.11, 19660
1.11, 19614
1.11, 19559
1.11, 19480
1.11, 19425
1.2, 19288
1.2, 18954
1.23, 18751
1.23, 18440
1.23, 18438
1.23, 18417
1.23, 18089
1.23, 18029
1.23, 17794
1.23, 17777
1.23, 17571
1.23, 17257
1.23, 17231
1.24, 17124
1.24, 17096
1.24, 16948
1.25, 16555
1.25, 16325
1.25, 16254
1.25, 15957
1.29, 15861
1.29, 15792
1.29, 15482
1.29, 15353
1.29, 15153
1.29, 15077
1.3, 14866
1.3, 14765
1.3, 14756
1.3, 14579
1.3, 14235
1.3, 14107
1.3, 13829
1.3, 13734
1.31, 13628
1.32, 13626
1.32, 13325
1.32, 12681
1.32, 12541
1.38, 12460
1.38, 11990
1.39, 11820
1.39, 11815
1.39, 11812
1.39, 11736
1.39, 11712
1.39, 11658
1.39, 11488
1.39, 11422
1.4, 11402
1.4, 11396
1.4, 11011
1.4, 10804
1.4, 10709
1.41, 10666
1.42, 10665
1.42, 10660
1.42, 10659
1.42, 10658
1.42, 10609
1.42, 10553
1.42, 10483
1.42, 10465
1.42, 10430
1.42, 10424
1.42, 10372
1.42, 10339
1.42, 10272
1.42, 10120
1.42, 9989
1.42, 9967
1.42, 9950
1.43, 9903
1.43, 9870
1.43, 9511
1.43, 9504
1.44, 9449
1.44, 9431
1.44, 9373
1.44, 9331
1.45, 9310
1.45, 9207
1.47, 9137
1.47, 9067
1.48, 9020
1.48, 8951
1.48, 8925
1.53, 8879
1.54, 8725
1.54, 8698
1.54, 8689
1.55, 8683
1.56, 8618
1.57, 8615
1.57, 8577
1.57, 8545
1.57, 8512
1.57, 8503
1.57, 8487
1.57, 8456
1.57, 8419
1.57, 8411
1.59, 8402
1.59, 8325
1.6, 8315
1.6, 8288
1.62, 8268
1.62, 8263
1.62, 8258
1.62, 8245
1.62, 8244
1.63, 8243
1.64, 8233
1.64, 8221
1.65, 8214
1.65, 8204
1.66, 8182
1.66, 8163
1.66, 8156
1.66, 8155
1.7, 8139
1.7, 8095
1.7, 8085
1.7, 8042
1.71, 8039
1.72, 8038
1.73, 8016
1.73, 8008
1.73, 8001
1.73, 7991
1.73, 7985
1.79, 7975
1.79, 7972
1.8, 7967
1.99, 7959
