0.0, 29934
0.0, 28479
0.0, 28180
0.0, 27469
0.0, 27247
0.0, 26800
0.0, 26673
0.0, 26609
0.0, 26482
0.0, 26377
0.0, 26269
0.0, 26042
0.0, 25904
0.0, 25532
0.03, 25527
0.03, 25358
0.03, 25353
0.03, 24119
0.03, 24042
0.03, 23940
0.03, 23734
0.22, 23209
1.01, 23189
1.01, 22829
1.01, 22775
1.01, 22636
1.01, 22387
1.01, 22357
1.02, 22270
1.02, 22045
1.02, 21783
1.02, 21293
1.02, 21285
1.02, 21205
1.02, 21079
1.02, 20989
1.02, 20718
1.02, 20621
1.02, 20475
1.02, 19978
1.21, 19946
1.21, 19892
1.21, 19665
1.22, 18905
1.24, 18235
1.24, 18089
1.24, 18072
1.24, 17816
1.25, 17796
1.25, 17781
1.25, 17531
1.27, 17483
1.27, 17374
1.27, 17340
1.27, 17112
1.27, 17107
1.27, 17066
1.27, 16851
1.31, 16780
1.31, 16437
1.31, 16423
1.31, 16239
1.31, 16177
1.31, 16137
1.31, 15991
1.31, 15789
1.31, 15777
1.31, 15770
1.31, 15596
1.31, 15533
1.31, 15297
1.31, 14730
1.31, 14602
1.31, 14429
1.31, 14334
1.34, 14028
1.34, 13820
1.34, 13309
1.35, 13251
1.35, 12805
1.35, 12666
1.35, 12618
1.35, 12494
1.35, 12434
1.35, 12366
1.35, 12116
1.35, 12102
1.35, 11951
1.37, 11777
1.41, 11579
1.41, 11446
1.41, 11418
1.41, 11413
1.41, 11397
1.41, 11361
1.41, 11354
1.41, 11264
1.42, 11250
1.42, 11112
1.42, 11083
1.42, 10999
1.42, 10990
1.42, 10896
1.42, 10871
1.42, 10861
1.42, 10795
1.42, 10643
1.42, 10569
1.42, 10329
1.42, 10274
1.42, 10222
1.42, 10065
1.42, 9908
1.43, 9887
1.43, 9876
1.43, 9863
1.43, 9813
1.43, 9749
1.43, 9714
1.43, 9583
1.45, 9496
1.45, 9495
1.45, 9375
1.45, 9370
1.45, 9334
1.45, 9332
1.45, 9314
1.45, 9249
1.45, 9239
1.45, 9225
1.45, 9191
1.46, 9146
1.46, 9075
1.46, 9011
1.46, 8962
1.46, 8959
1.46, 8863
1.51, 8827
1.51, 8761
1.51, 8743
1.51, 8714
1.52, 8606
1.52, 8451
1.52, 8336
1.52, 8308
1.52, 8230
1.52, 8160
1.52, 8070
1.56, 8045
1.56, 8044
1.56, 7965
1.6, 7957
1.62, 7946
1.63, 7921
1.63, 7887
1.63, 7876
1.68, 7803
1.69, 7784
1.74, 7686
1.76, 7681
