0.0, 29137
0.0, 28891
0.0, 28822
0.0, 27825
0.0, 27591
0.0, 27526
0.0, 27416
0.0, 27304
0.0, 27216
0.01, 27045
0.01, 26129
0.03, 25948
0.04, 25808
0.04, 25705
0.04, 25653
0.04, 25334
0.22, 25109
0.22, 24966
0.22, 24744
0.22, 24521
0.22, 24368
0.22, 24043
0.22, 23859
0.22, 23749
0.22, 23698
0.35, 23366
0.7, 23243
0.7, 22972
0.99, 22905
1.05, 22878
1.05, 22874
1.05, 21689
1.05, 21682
1.05, 21586
1.05, 20889
1.17, 20888
1.17, 20860
1.17, 20834
1.17, 20770
1.17, 20747
1.18, 20545
1.18, 20536
1.18, 20511
1.18, 19651
1.22, 19520
1.22, 19435
1.22, 19349
1.22, 19243
1.26, 19041
1.26, 19026
1.26, 18622
1.27, 18123
1.27, 18099
1.27, 18045
1.27, 17679
1.27, 17595
1.27, 17353
1.27, 17247
1.27, 17208
1.27, 17156
1.27, 17003
1.27, 16905
1.27, 16759
1.31, 16642
1.31, 16636
1.31, 16440
1.31, 16376
1.31, 16273
1.31, 16154
1.31, 15896
1.31, 15607
1.31, 15517
1.33, 15357
1.33, 15348
1.33, 15292
1.33, 15253
1.33, 15169
1.33, 14915
1.33, 14769
1.33, 14524
1.33, 14510
1.33, 14491
1.33, 14308
1.33, 14184
1.33, 13791
1.33, 13653
1.33, 13606
1.36, 13372
1.36, 13313
1.36, 13171
1.36, 13111
1.36, 12991
1.36, 12827
1.36, 12729
1.36, 12576
1.36, 12575
1.38, 12556
1.39, 12537
1.39, 12443
1.39, 12304
1.39, 12260
1.39, 12140
1.39, 12067
1.39, 12031
1.39, 12014
1.39, 12008
1.39, 11999
1.39, 11859
1.39, 11834
1.39, 11682
1.39, 11673
1.39, 11645
1.39, 11499
1.4, 11477
1.4, 11330
1.4, 11318
1.4, 11293
1.4, 11164
1.4, 11081
1.4, 10947
1.41, 10827
1.41, 10783
1.41, 10686
1.41, 10588
1.41, 10512
1.41, 10455
1.41, 10245
1.45, 10179
1.45, 10055
1.45, 9973
1.45, 9951
1.45, 9932
1.45, 9911
1.45, 9875
1.46, 9813
1.46, 9803
1.46, 9778
1.46, 9687
1.46, 9631
1.51, 9604
1.51, 9571
1.52, 9568
1.52, 9556
1.52, 9431
1.52, 9293
1.52, 9290
1.52, 9181
1.52, 8973
1.52, 8924
1.52, 8868
1.52, 8782
1.55, 8732
1.58, 8707
1.58, 8651
1.58, 8634
1.59, 8633
1.59, 8613
1.59, 8594
1.59, 8531
1.59, 8508
1.59, 8437
1.6, 8413
1.6, 8397
1.6, 8379
1.65, 8364
1.65, 8363
1.65, 8356
1.65, 8333
1.66, 8325
1.66, 8302
1.68, 8291
1.68, 8290
1.68, 8276
1.68, 8266
1.7, 8257
1.7, 8205
1.7, 8153
1.72, 8114
1.74, 8094
1.74, 8083
1.74, 8078
1.74, 8065
1.75, 8055
1.75, 8028
1.76, 8020
1.76, 8013
1.76, 8006
