0.0, 31490
0.0, 31262
0.0, 30988
0.0, 30619
0.0, 30552
0.0, 28975
0.0, 28668
0.0, 28187
0.0, 27877
0.0, 27494
0.0, 27366
0.0, 27312
0.01, 27258
0.01, 27181
0.01, 26958
0.02, 26952
0.02, 26575
0.02, 26234
0.02, 25952
0.03, 25892
0.09, 25477
0.11, 25135
0.11, 24751
0.19, 24666
0.24, 24415
0.3, 24103
0.3, 24016
0.55, 23689
0.89, 23582
0.89, 23364
0.9, 23184
0.9, 22824
0.9, 22484
0.9, 22409
1.07, 22408
1.07, 22207
1.07, 21942
1.07, 21741
1.07, 21730
1.07, 20782
1.07, 20760
1.07, 20589
1.16, 19928
1.21, 19856
1.22, 19569
1.22, 19342
1.26, 19269
1.26, 19156
1.27, 18995
1.27, 18684
1.27, 18679
1.27, 18330
1.27, 18209
1.27, 18158
1.27, 18138
1.27, 18046
1.27, 17888
1.27, 17791
1.27, 17691
1.28, 17424
1.28, 17354
1.28, 17273
1.28, 17255
1.29, 17226
1.29, 17053
1.29, 16928
1.29, 16899
1.29, 16753
1.29, 16682
1.29, 16287
1.29, 16095
1.29, 15792
1.34, 15407
1.34, 15281
1.34, 15278
1.34, 15210
1.35, 15147
1.35, 15059
1.35, 14963
1.35, 14863
1.35, 14560
1.35, 14372
1.35, 13809
1.35, 13511
1.35, 13452
1.37, 13313
1.37, 13287
1.37, 13265
1.38, 13071
1.39, 12679
1.39, 12542
1.39, 12349
1.39, 12305
1.39, 12225
1.39, 12202
1.39, 11969
1.39, 11968
1.39, 11946
1.39, 11944
1.39, 11652
1.39, 11514
1.39, 11503
1.39, 11313
1.39, 11278
1.39, 11240
1.39, 11129
1.39, 11105
1.39, 11096
1.39, 10923
1.4, 10754
1.4, 10656
1.4, 10616
1.4, 10281
1.4, 10278
1.4, 10185
1.4, 9769
1.4, 9599
1.4, 9509
1.4, 9379
1.42, 9338
1.42, 9194
1.42, 9186
1.43, 9179
1.49, 9005
1.49, 8980
1.5, 8893
1.5, 8797
1.53, 8756
1.53, 8684
1.53, 8672
1.54, 8655
1.54, 8609
1.54, 8522
1.55, 8521
1.55, 8474
1.55, 8423
1.57, 8339
1.57, 8280
1.58, 8266
1.58, 8260
1.58, 8183
1.59, 8155
1.59, 8115
1.6, 8114
1.62, 8109
1.62, 8107
1.62, 8090
1.63, 8075
1.64, 8074
1.71, 8062
1.71, 8054
1.76, 8030
1.77, 7987
1.78, 7973
1.8, 7941
1.8, 7935
1.83, 7934
1.83, 7880
1.89, 7876
