0.0, 30222
0.0, 29642
0.0, 28970
0.0, 28361
0.0, 27889
0.0, 26715
0.0, 26708
0.0, 26353
0.0, 26275
0.0, 26043
0.0, 25972
0.01, 25765
0.01, 25598
0.02, 25280
0.02, 25097
0.03, 25071
0.03, 24921
0.03, 24879
0.03, 24601
0.08, 24554
0.09, 24285
0.09, 24181
0.09, 23785
0.09, 23204
0.41, 23182
0.41, 23048
1.07, 22747
1.07, 22130
1.14, 21998
1.14, 21952
1.14, 21689
1.14, 21421
1.14, 21416
1.14, 21322
1.14, 21250
1.14, 21020
1.14, 20841
1.14, 20191
1.14, 20013
1.14, 19731
1.14, 19686
1.18, 19678
1.18, 19365
1.18, 19233
1.25, 19231
1.25, 19196
1.28, 19151
1.28, 19042
1.28, 18785
1.28, 18562
1.28, 18005
1.28, 17630
1.28, 17435
1.28, 17305
1.28, 17237
1.29, 16971
1.29, 16829
1.29, 16381
1.29, 16289
1.29, 15760
1.29, 15756
1.29, 15481
1.3, 14975
1.31, 14786
1.31, 14647
1.31, 14507
1.31, 14323
1.31, 14258
1.31, 13921
1.31, 13892
1.31, 13815
1.32, 13706
1.32, 13486
1.32, 13344
1.32, 13340
1.32, 13216
1.33, 13132
1.33, 12953
1.33, 12831
1.33, 12717
1.33, 12581
1.33, 12539
1.33, 12298
1.39, 12104
1.39, 12103
1.39, 12010
1.39, 11824
1.39, 11701
1.39, 11327
1.4, 11223
1.4, 11139
1.4, 10974
1.4, 10926
1.4, 10922
1.4, 10907
1.4, 10897
1.42, 10742
1.42, 10719
1.42, 10706
1.42, 10625
1.43, 10557
1.43, 10502
1.43, 10478
1.43, 10470
1.43, 10427
1.43, 10363
1.43, 10316
1.43, 10286
1.43, 10200
1.43, 10079
1.43, 10078
1.43, 10071
1.44, 10044
1.44, 9907
1.47, 9905
1.47, 9886
1.47, 9885
1.47, 9818
1.48, 9711
1.48, 9664
1.48, 9573
1.48, 9513
1.48, 9496
1.48, 9456
1.48, 9381
1.48, 9369
1.48, 9159
1.48, 9031
1.48, 8890
1.49, 8868
1.49, 8862
1.49, 8731
1.49, 8708
1.49, 8704
1.49, 8607
1.49, 8525
1.51, 8522
1.51, 8481
1.51, 8412
1.52, 8358
1.52, 8302
1.53, 8271
1.53, 8235
1.6, 8222
1.6, 8193
1.61, 8185
1.61, 8180
1.61, 8173
1.61, 8121
1.61, 8101
1.61, 8095
1.68, 8072
1.68, 8029
1.73, 8028
1.73, 8006
1.73, 8002
1.73, 7986
1.8, 7985
1.9, 7979
1.94, 7973
