0.0, 30703
0.0, 30668
0.0, 30612
0.0, 30276
0.0, 29911
0.0, 29742
0.0, 29673
0.0, 29180
0.0, 28264
0.01, 27860
0.01, 27698
0.01, 27612
0.01, 27341
0.03, 26916
0.03, 26679
0.03, 26635
0.03, 25232
0.03, 24815
0.14, 24079
0.14, 24010
0.15, 23967
0.81, 23418
0.81, 22904
1.03, 22715
1.03, 22500
1.08, 22408
1.11, 22209
1.12, 22202
1.13, 21600
1.13, 21378
1.14, 21159
1.14, 20842
1.14, 20712
1.14, 20571
1.17, 20251
1.17, 19919
1.18, 19880
1.19, 19830
1.21, 19394
1.21, 19231
1.21, 19132
1.24, 18864
1.24, 18152
1.24, 18024
1.25, 17991
1.25, 17886
1.25, 17805
1.25, 17649
1.25, 17609
1.26, 17461
1.26, 17274
1.26, 17055
1.26, 17016
1.26, 16844
1.26, 16763
1.26, 16532
1.26, 16170
1.26, 15853
1.26, 15514
1.26, 15335
1.31, 15333
1.31, 15208
1.31, 15075
1.31, 15048
1.31, 15014
1.31, 15010
1.31, 14772
1.31, 14727
1.32, 14578
1.32, 14544
1.32, 14111
1.32, 14104
1.32, 14084
1.32, 13877
1.32, 13858
1.36, 13580
1.36, 13494
1.36, 13492
1.36, 13297
1.36, 13224
1.36, 13219
1.36, 13203
1.36, 13138
1.36, 13137
1.36, 12973
1.36, 12886
1.36, 12870
1.36, 12808
1.38, 12783
1.38, 12745
1.38, 12649
1.38, 12583
1.38, 12558
1.38, 12503
1.38, 12406
1.41, 12230
1.41, 12188
1.41, 12063
1.41, 11978
1.41, 11971
1.41, 11790
1.41, 11760
1.41, 11758
1.41, 11682
1.41, 11484
1.41, 11389
1.41, 11384
1.41, 11370
1.41, 11366
1.41, 11334
1.42, 11183
1.42, 11090
1.42, 11030
1.42, 10750
1.42, 10737
1.42, 10725
1.43, 10662
1.43, 10637
1.43, 10609
1.43, 10525
1.44, 10501
1.44, 10415
1.44, 10346
1.45, 10262
1.45, 10183
1.45, 10107
1.45, 10031
1.45, 9993
1.45, 9990
1.47, 9929
1.47, 9916
1.47, 9915
1.47, 9903
1.47, 9763
1.47, 9759
1.47, 9751
1.47, 9709
1.47, 9649
1.47, 9636
1.47, 9528
1.47, 9423
1.47, 9413
1.47, 9409
1.47, 9408
1.47, 9368
1.48, 9345
1.5, 9239
1.5, 9222
1.5, 8964
1.5, 8888
1.5, 8875
1.5, 8869
1.5, 8864
1.5, 8822
1.52, 8769
1.54, 8760
1.54, 8733
1.56, 8726
1.56, 8652
1.57, 8614
1.57, 8566
1.59, 8531
1.59, 8494
1.6, 8474
1.6, 8455
1.61, 8451
1.61, 8428
1.61, 8421
1.61, 8377
1.62, 8354
1.62, 8341
1.62, 8338
1.66, 8314
1.66, 8313
1.67, 8312
1.67, 8275
1.67, 8254
1.67, 8171
1.68, 8138
1.68, 8114
1.69, 7990
1.75, 7918
1.76, 7899
1.77, 7891
1.87, 7883
1.88, 7882
