0.0, 32564
0.0, 32477
0.0, 32233
0.0, 31935
0.0, 31654
0.0, 31336
0.0, 31273
0.0, 30593
0.0, 30588
0.0, 30271
0.0, 30076
0.0, 29839
0.0, 29618
0.0, 29424
0.0, 29090
0.0, 28836
0.0, 28773
0.0, 28744
0.0, 28293
0.0, 28247
0.0, 28209
0.0, 28163
0.0, 28068
0.01, 27805
0.01, 27749
0.01, 27589
0.01, 26819
0.01, 26679
0.01, 26569
0.01, 26333
0.01, 26242
0.02, 26092
0.02, 26008
0.02, 24683
0.02, 24545
0.02, 24477
0.02, 24453
0.02, 24237
0.05, 23948
0.05, 23905
0.12, 23481
0.98, 23425
0.98, 23403
0.99, 22699
1.03, 22635
1.07, 22468
1.08, 22395
1.08, 22196
1.08, 22015
1.08, 21927
1.08, 21441
1.11, 21288
1.21, 20074
1.24, 19429
1.25, 19212
1.26, 18434
1.26, 18224
1.26, 18057
1.26, 17840
1.26, 17827
1.26, 17819
1.26, 17409
1.26, 17317
1.26, 17157
1.26, 17122
1.26, 17054
1.26, 16723
1.31, 15728
1.31, 15558
1.31, 15542
1.31, 15400
1.31, 15347
1.31, 15317
1.32, 15195
1.32, 14827
1.32, 14569
1.32, 14500
1.32, 14478
1.32, 14310
1.32, 13931
1.32, 13905
1.32, 13459
1.33, 13230
1.33, 13215
1.33, 13184
1.33, 13166
1.33, 13131
1.33, 13076
1.33, 12180
1.33, 12103
1.33, 11982
1.34, 11809
1.34, 11805
1.34, 11801
1.34, 11761
1.4, 11583
1.4, 11548
1.4, 11525
1.4, 11441
1.41, 11313
1.41, 11290
1.41, 11223
1.41, 11200
1.41, 11199
1.41, 11055
1.41, 11027
1.41, 11013
1.41, 10822
1.41, 10722
1.41, 10690
1.41, 10665
1.41, 10648
1.41, 10606
1.41, 10603
1.41, 10602
1.41, 10479
1.41, 10275
1.42, 10235
1.42, 10024
1.42, 9979
1.42, 9964
1.42, 9895
1.42, 9786
1.42, 9624
1.43, 9211
1.43, 9159
1.43, 9105
1.45, 9058
1.46, 9025
1.46, 8911
1.46, 8898
1.46, 8897
1.46, 8837
1.46, 8833
1.46, 8770
1.47, 8708
1.5, 8567
1.5, 8561
1.51, 8539
1.51, 8527
1.51, 8488
1.51, 8467
1.51, 8457
1.52, 8376
1.52, 8233
1.54, 8139
1.54, 8138
1.63, 8123
1.63, 8117
1.63, 8098
1.63, 8045
1.63, 8017
1.63, 8012
1.67, 7969
1.67, 7968
1.67, 7962
1.67, 7961
1.69, 7943
1.69, 7921
1.72, 7891
1.73, 7888
1.73, 7863
1.73, 7782
1.73, 7768
1.82, 7762
1.96, 7739
