0.0, 2947827
0.0, 2938808
0.0, 2849045
0.0, 2790151
0.0, 2767488
0.0, 2738615
0.0, 2721417
0.0, 2501770
0.0, 2471190
0.0, 2444508
0.0, 2431412
0.0, 2411797
0.0, 2357864
0.01, 2300921
0.11, 2300212
0.11, 2298391
0.11, 2293607
0.24, 2184092
0.49, 2180487
0.49, 2179344
0.73, 2156351
0.83, 2140936
0.83, 2125149
0.83, 2091928
0.83, 2086596
0.97, 2083193
0.97, 2029366
0.97, 2023972
0.97, 1925128
1.08, 1855184
1.09, 1847755
1.16, 1830361
1.16, 1824114
1.16, 1801573
1.16, 1796953
1.16, 1780757
1.17, 1778139
1.17, 1760385
1.18, 1750067
1.18, 1748719
1.18, 1630651
1.22, 1613445
1.22, 1602735
1.24, 1583863
1.26, 1558134
1.26, 1557888
1.26, 1556514
1.26, 1446521
1.26, 1437152
1.26, 1436738
1.26, 1431636
1.26, 1399545
1.26, 1382365
1.26, 1378901
1.26, 1363967
1.26, 1360839
1.26, 1350642
1.26, 1341872
1.26, 1337386
1.26, 1281030
1.27, 1280104
1.27, 1278135
1.27, 1214180
1.27, 1210049
1.27, 1201158
1.35, 1196087
1.35, 1191978
1.35, 1152852
1.35, 1147212
1.35, 1145499
1.35, 1143058
1.35, 1139575
1.39, 1136165
1.39, 1108702
1.39, 1091159
1.4, 1039125
1.4, 1019380
1.4, 1017188
1.4, 1001100
1.4, 999189
1.4, 991373
1.4, 986100
1.4, 978924
1.47, 971842
1.47, 959265
1.47, 958246
1.48, 955808
1.48, 949286
1.48, 944470
1.48, 943672
1.5, 937563
1.5, 937012
1.51, 933537
1.51, 924303
1.51, 919551
1.53, 914022
1.55, 913363
1.56, 908328
1.56, 905768
1.56, 904352
1.56, 902152
1.57, 899715
1.57, 899164
1.57, 897680
1.73, 897388
1.73, 896837
1.73, 895691
1.73, 895481
