0.0, 2933287
0.0, 2861092
0.0, 2859801
0.0, 2857952
0.0, 2856324
0.0, 2728424
0.0, 2716636
0.0, 2715651
0.0, 2653015
0.0, 2644645
0.0, 2618156
0.01, 2603620
0.01, 2532692
0.01, 2435553
0.03, 2392976
0.07, 2385349
0.07, 2259135
0.15, 2251373
0.15, 2237334
0.17, 2233657
0.4, 2203638
0.58, 2200755
0.58, 2189285
0.58, 2188091
0.58, 2173663
0.58, 2167145
0.89, 2147325
0.89, 2115463
0.92, 2083664
0.92, 2052089
1.01, 2041349
1.03, 2030632
1.03, 2010925
1.04, 1978920
1.04, 1956473
1.04, 1947575
1.04, 1901370
1.04, 1883794
1.13, 1869315
1.13, 1867813
1.13, 1842739
1.13, 1790567
1.14, 1747546
1.14, 1729307
1.14, 1724613
1.14, 1685366
1.14, 1659992
1.16, 1643512
1.16, 1614579
1.16, 1559963
1.21, 1559239
1.23, 1535836
1.23, 1526061
1.23, 1515448
1.23, 1510362
1.23, 1504281
1.23, 1491582
1.23, 1483499
1.23, 1457326
1.23, 1440879
1.23, 1428568
1.23, 1420411
1.23, 1411628
1.23, 1409769
1.23, 1402117
1.23, 1394836
1.23, 1383421
1.26, 1380023
1.27, 1362024
1.27, 1360562
1.27, 1330197
1.27, 1326504
1.27, 1324697
1.3, 1296188
1.3, 1282692
1.3, 1282228
1.31, 1273959
1.31, 1265277
1.31, 1242496
1.31, 1230264
1.31, 1225725
1.31, 1224852
1.31, 1212967
1.31, 1212731
1.34, 1200506
1.34, 1198947
1.34, 1189492
1.34, 1177346
1.34, 1173008
1.34, 1166098
1.34, 1164536
1.34, 1155164
1.34, 1140847
1.34, 1124144
1.35, 1112204
1.35, 1108757
1.35, 1102531
1.35, 1099847
1.35, 1091622
1.35, 1081136
1.35, 1077858
1.35, 1076839
1.35, 1074355
1.35, 1067974
1.35, 1066806
1.38, 1048582
1.38, 1043620
1.39, 1039363
1.39, 1037148
1.39, 1020923
1.4, 1015269
1.4, 1012574
1.4, 980796
1.4, 979374
1.41, 976944
1.41, 971070
1.48, 970597
1.48, 970171
1.48, 960216
1.48, 957203
1.48, 952092
1.48, 951141
1.48, 922984
1.53, 920798
1.53, 916534
1.54, 908876
1.54, 906576
1.62, 905263
1.63, 904849
1.64, 903841
1.66, 903580
