0.0, 2837773
0.0, 2837721
0.0, 2823716
0.0, 2819995
0.0, 2815708
0.0, 2810475
0.0, 2803393
0.0, 2798305
0.0, 2727934
0.0, 2666336
0.0, 2643863
0.0, 2627512
0.0, 2581106
0.0, 2580987
0.0, 2539134
0.0, 2522325
0.0, 2511641
0.0, 2482513
0.02, 2462969
0.04, 2456213
0.04, 2436237
0.05, 2397005
0.08, 2345938
0.08, 2345242
0.08, 2299325
0.24, 2289914
0.39, 2259532
0.39, 2255638
0.43, 2220665
0.43, 2217541
0.43, 2200366
0.43, 2169608
0.65, 2151626
0.94, 2107675
0.94, 2079818
0.94, 2053253
0.94, 2037482
1.03, 1988454
1.03, 1976344
1.03, 1917152
1.03, 1909032
1.03, 1892656
1.03, 1891931
1.1, 1814538
1.1, 1812098
1.1, 1795974
1.1, 1775271
1.1, 1685871
1.1, 1663255
1.1, 1600581
1.1, 1572148
1.19, 1562885
1.19, 1562292
1.19, 1559809
1.26, 1547652
1.26, 1520631
1.26, 1495702
1.27, 1467937
1.27, 1443655
1.27, 1442521
1.27, 1425429
1.27, 1424359
1.28, 1404030
1.29, 1395362
1.29, 1386242
1.29, 1379187
1.29, 1378619
1.29, 1347137
1.29, 1343804
1.29, 1320815
1.3, 1302311
1.31, 1297011
1.31, 1296960
1.31, 1295171
1.31, 1287070
1.31, 1287000
1.31, 1255887
1.31, 1243623
1.34, 1243544
1.34, 1236860
1.34, 1216615
1.34, 1202710
1.34, 1200870
1.34, 1195398
1.34, 1179540
1.34, 1176161
1.34, 1173499
1.34, 1168674
1.34, 1164228
1.36, 1154871
1.36, 1149340
1.37, 1141480
1.38, 1128439
1.38, 1128262
1.38, 1115718
1.38, 1090193
1.38, 1089233
1.39, 1078729
1.39, 1078327
1.39, 1072827
1.39, 1064895
1.39, 1057851
1.39, 1037097
1.39, 1032391
1.4, 1031330
1.4, 1017209
1.41, 1013166
1.41, 989098
1.41, 987866
1.41, 979094
1.42, 977650
1.42, 971501
1.42, 964840
1.42, 961957
1.42, 960659
1.42, 959513
1.42, 956468
1.42, 946678
1.57, 946141
1.57, 941697
1.57, 939921
1.57, 939875
1.57, 932527
1.58, 929092
1.59, 927467
1.59, 926219
1.59, 918981
1.6, 916909
1.6, 916358
1.61, 914158
1.61, 912892
1.61, 905888
1.61, 905417
1.67, 904417
1.68, 903866
1.7, 901273
1.7, 901222
1.7, 901180
1.71, 900683
1.71, 900145
1.72, 898811
1.8, 897327
1.8, 897168
1.81, 896955
2.01, 896404
