0.0, 2999050
0.0, 2968660
0.0, 2914847
0.0, 2872661
0.0, 2849028
0.0, 2759157
0.0, 2750987
0.0, 2496253
0.0, 2490613
0.0, 2488822
0.0, 2470673
0.01, 2437208
0.01, 2413457
0.03, 2381614
0.03, 2331560
0.21, 2305565
0.26, 2217255
0.48, 2194710
0.79, 2163104
0.79, 2136132
0.79, 2129018
0.79, 2111456
0.79, 2079537
0.82, 2067650
0.82, 2043712
0.94, 1965417
0.94, 1882356
1.09, 1874458
1.09, 1874434
1.09, 1772233
1.09, 1744990
1.09, 1724857
1.09, 1705667
1.14, 1694553
1.14, 1659567
1.22, 1618611
1.22, 1614880
1.22, 1590841
1.22, 1585142
1.22, 1585019
1.22, 1584597
1.22, 1580102
1.22, 1568533
1.22, 1553620
1.22, 1547445
1.25, 1537791
1.25, 1536095
1.25, 1524925
1.26, 1516974
1.26, 1514710
1.26, 1514656
1.26, 1471113
1.26, 1445001
1.26, 1430505
1.26, 1412413
1.27, 1405033
1.27, 1393657
1.27, 1387283
1.27, 1377128
1.27, 1374567
1.27, 1365521
1.27, 1360928
1.27, 1288615
1.27, 1285577
1.32, 1277789
1.32, 1238707
1.33, 1231183
1.33, 1215807
1.33, 1134519
1.33, 1116101
1.34, 1114710
1.34, 1086098
1.36, 1085476
1.36, 1075483
1.36, 1060995
1.37, 1060057
1.42, 1045955
1.42, 1044786
1.42, 1039455
1.43, 1036786
1.43, 1026631
1.43, 1013652
1.43, 1013101
1.43, 1001743
1.43, 992327
1.43, 987385
1.43, 982939
1.44, 982381
1.44, 967371
1.44, 966404
1.45, 954529
1.45, 947151
1.47, 938234
1.5, 927109
1.5, 924038
1.5, 921838
1.5, 921628
1.5, 916803
1.51, 912182
1.52, 905001
1.53, 900225
1.53, 899125
