0.0, 3078882
0.0, 3067231
0.0, 3002380
0.0, 2838665
0.0, 2798837
0.0, 2737506
0.0, 2666450
0.0, 2662933
0.0, 2658171
0.0, 2598149
0.0, 2571352
0.0, 2570332
0.0, 2481291
0.0, 2419963
0.0, 2418116
0.0, 2412497
0.0, 2409661
0.0, 2401758
0.0, 2369132
0.0, 2279483
0.05, 2220123
0.43, 2190084
0.43, 2156459
0.43, 2140051
0.94, 2099516
0.94, 2082040
0.94, 2057461
0.94, 2045914
1.04, 1974631
1.04, 1959015
1.04, 1951621
1.11, 1919125
1.11, 1911045
1.13, 1907089
1.13, 1881794
1.13, 1862541
1.13, 1857467
1.14, 1842656
1.14, 1821511
1.17, 1808223
1.19, 1757435
1.22, 1709957
1.22, 1660992
1.22, 1649582
1.22, 1563472
1.22, 1554478
1.22, 1551862
1.25, 1539220
1.26, 1533830
1.26, 1526634
1.26, 1525255
1.26, 1507159
1.26, 1504157
1.26, 1503317
1.26, 1481112
1.26, 1473789
1.26, 1471148
1.26, 1461692
1.26, 1423991
1.26, 1423025
1.26, 1420505
1.28, 1402103
1.28, 1398773
1.28, 1377702
1.29, 1355238
1.29, 1354754
1.31, 1347610
1.31, 1331709
1.31, 1298224
1.31, 1262032
1.31, 1243969
1.31, 1220493
1.31, 1210940
1.32, 1209013
1.32, 1205379
1.32, 1203351
1.32, 1195679
1.33, 1187891
1.33, 1181389
1.33, 1180253
1.33, 1175530
1.34, 1170636
1.34, 1143203
1.34, 1140562
1.34, 1113895
1.34, 1113844
1.34, 1107513
1.34, 1104399
1.34, 1103034
1.34, 1102155
1.38, 1087551
1.38, 1080488
1.38, 1079523
1.38, 1077323
1.38, 1075821
1.39, 1073971
1.4, 1053807
1.4, 1050149
1.4, 1042985
1.4, 1031384
1.4, 1022200
1.4, 1007175
1.41, 1006924
1.41, 1005687
1.42, 1000950
1.42, 998984
1.42, 997088
1.43, 995409
1.45, 994592
1.45, 971488
1.45, 968679
1.45, 968363
1.45, 960144
1.46, 953253
1.46, 946861
1.46, 940268
1.46, 939928
1.46, 937790
1.46, 937546
1.46, 929716
1.49, 926482
1.49, 921849
1.49, 916127
1.49, 916104
1.5, 908676
1.5, 906522
1.58, 899804
1.72, 899760
1.77, 899550
