0.0, 2955013
0.0, 2936721
0.0, 2917584
0.0, 2911261
0.0, 2910759
0.0, 2871577
0.0, 2654734
0.0, 2620833
0.0, 2594740
0.01, 2568552
0.01, 2567298
0.01, 2510205
0.01, 2492278
0.01, 2389921
0.02, 2319392
0.02, 2310016
0.02, 2284122
0.03, 2276679
0.24, 2268010
0.32, 2246161
0.32, 2116555
0.32, 2067312
0.32, 2059611
1.06, 2022644
1.06, 2000470
1.06, 1982511
1.06, 1952449
1.06, 1944362
1.06, 1930970
1.06, 1916610
1.06, 1841389
1.06, 1813427
1.06, 1796256
1.06, 1630047
1.21, 1613536
1.26, 1602563
1.26, 1599311
1.26, 1572539
1.26, 1572062
1.26, 1566458
1.26, 1562179
1.26, 1548160
1.26, 1511642
1.26, 1497436
1.26, 1480140
1.27, 1468480
1.27, 1422003
1.27, 1421633
1.27, 1368991
1.27, 1362645
1.3, 1322115
1.3, 1321232
1.3, 1292122
1.3, 1274154
1.3, 1257774
1.3, 1235515
1.3, 1222441
1.3, 1195051
1.3, 1170272
1.34, 1165815
1.34, 1165786
1.34, 1163365
1.34, 1161063
1.34, 1149851
1.34, 1149253
1.34, 1142809
1.34, 1125104
1.34, 1124154
1.34, 1123632
1.34, 1122761
1.34, 1122754
1.34, 1116346
1.34, 1116133
1.35, 1108454
1.35, 1107271
1.35, 1098132
1.35, 1078534
1.4, 1076420
1.41, 1075216
1.41, 1060701
1.41, 1058645
1.41, 1053856
1.41, 1052776
1.42, 1052099
1.42, 1041466
1.43, 1025423
1.43, 1015225
1.43, 1001771
1.43, 1000322
1.43, 999621
1.43, 995816
1.43, 988542
1.43, 986814
1.44, 982529
1.44, 975590
1.44, 961171
1.45, 955516
1.45, 947194
1.46, 947148
1.49, 944728
1.49, 944018
1.49, 923017
1.55, 921236
1.55, 919814
1.55, 919060
1.55, 912075
1.55, 908824
1.55, 903142
1.68, 901405
1.74, 901083
1.74, 900583
1.75, 899354
1.76, 899144
1.81, 898906
1.93, 896575
1.98, 896365
1.99, 896362
2.06, 896152
