0.0, 2513332
0.01, 2511508
0.02, 2510170
0.02, 2459519
0.02, 2419825
0.02, 2335611
0.02, 2334097
0.03, 2332866
0.07, 2306498
0.19, 2272707
0.47, 2196060
0.78, 2115158
1.02, 2079075
1.02, 2051855
1.02, 2016696
1.03, 1987208
1.03, 1953323
1.03, 1946783
1.03, 1941217
1.09, 1845438
1.09, 1796548
1.09, 1787378
1.09, 1785457
1.09, 1765114
1.09, 1739040
1.09, 1717565
1.09, 1702736
1.09, 1672307
1.15, 1666282
1.15, 1633037
1.15, 1604010
1.15, 1559671
1.15, 1553629
1.24, 1529515
1.24, 1522877
1.25, 1506203
1.25, 1479953
1.26, 1464163
1.26, 1464123
1.27, 1437190
1.27, 1431397
1.27, 1417940
1.27, 1401090
1.27, 1378520
1.28, 1362686
1.28, 1311996
1.28, 1283695
1.28, 1245655
1.28, 1244459
1.28, 1235233
1.28, 1232900
1.28, 1219574
1.28, 1213609
1.28, 1209095
1.28, 1207136
1.28, 1187348
1.28, 1185759
1.29, 1167413
1.29, 1166104
1.35, 1159656
1.35, 1145807
1.36, 1143704
1.36, 1139478
1.36, 1121685
1.37, 1111807
1.38, 1109832
1.39, 1108023
1.39, 1107042
1.39, 1106264
1.39, 1086200
1.39, 1077875
1.39, 1069804
1.39, 1038487
1.39, 1013136
1.39, 997718
1.39, 994764
1.39, 992036
1.46, 991174
1.46, 988365
1.46, 980375
1.46, 975948
1.47, 968977
1.51, 968578
1.52, 959142
1.52, 958841
1.52, 952982
1.56, 952291
1.56, 950529
1.56, 946109
1.56, 943689
1.58, 943097
1.58, 942168
1.58, 936442
1.58, 935527
1.58, 929429
1.61, 929207
1.61, 929161
1.61, 927702
1.61, 924590
1.61, 921444
1.63, 919562
1.63, 919516
1.63, 919052
1.67, 917487
1.67, 916539
1.76, 916271
1.77, 916225
1.77, 915761
1.77, 915480
