0.0, 3051894
0.0, 3008394
0.0, 2919615
0.0, 2831384
0.0, 2830296
0.0, 2781893
0.0, 2680055
0.0, 2658448
0.0, 2654028
0.0, 2620658
0.0, 2608952
0.0, 2579454
0.01, 2560599
0.01, 2541897
0.01, 2512981
0.01, 2397200
0.01, 2278388
0.18, 2255938
0.18, 2163139
0.18, 2151861
0.18, 2123683
1.01, 2098659
1.06, 1960497
1.06, 1931331
1.06, 1930021
1.06, 1905852
1.06, 1895070
1.06, 1826389
1.06, 1811748
1.15, 1784904
1.15, 1748761
1.15, 1745081
1.15, 1684137
1.15, 1679284
1.18, 1675606
1.18, 1648172
1.21, 1633727
1.21, 1625536
1.21, 1620114
1.21, 1571962
1.21, 1567438
1.21, 1558348
1.21, 1523193
1.21, 1522377
1.25, 1512286
1.25, 1505962
1.25, 1492137
1.25, 1482809
1.25, 1458773
1.25, 1452047
1.25, 1422641
1.26, 1408797
1.26, 1387732
1.26, 1386955
1.26, 1386803
1.26, 1381074
1.26, 1379776
1.26, 1371548
1.3, 1359852
1.3, 1354772
1.3, 1354298
1.3, 1352834
1.3, 1349279
1.3, 1317491
1.3, 1295673
1.3, 1295357
1.3, 1285439
1.3, 1285275
1.31, 1279784
1.31, 1272840
1.31, 1267878
1.31, 1257445
1.32, 1226209
1.33, 1222140
1.35, 1205542
1.35, 1194357
1.35, 1187860
1.35, 1184822
1.35, 1169270
1.37, 1158895
1.38, 1158778
1.38, 1157767
1.38, 1135677
1.38, 1116724
1.38, 1102590
1.4, 1087167
1.4, 1073379
1.4, 1072973
1.41, 1071376
1.41, 1066227
1.41, 1056791
1.41, 1053186
1.41, 1036006
1.42, 1023204
1.42, 1020059
1.42, 1004240
1.42, 989291
1.46, 986632
1.46, 972530
1.46, 960275
1.46, 951128
1.47, 950878
1.47, 950574
1.47, 949296
1.47, 937691
1.47, 937478
1.47, 937259
1.54, 936638
1.54, 933952
1.55, 926373
1.55, 917623
1.56, 911773
1.56, 907392
1.72, 904411
1.72, 902989
1.74, 902257
