0.0, 2861526
0.0, 2837182
0.0, 2820874
0.0, 2777421
0.0, 2748553
0.0, 2694150
0.0, 2689796
0.0, 2587492
0.0, 2542389
0.0, 2481928
0.0, 2451508
0.0, 2445122
0.0, 2407151
0.0, 2306967
0.0, 2298368
0.11, 2248971
0.46, 2185264
0.46, 2175622
0.46, 2151604
0.85, 2083774
1.03, 2055582
1.03, 2018671
1.03, 1978321
1.03, 1975963
1.03, 1953638
1.03, 1901766
1.03, 1901689
1.13, 1887079
1.13, 1825828
1.14, 1820416
1.14, 1804486
1.14, 1793909
1.14, 1789378
1.14, 1779737
1.14, 1778852
1.14, 1774912
1.16, 1774697
1.19, 1772804
1.2, 1765137
1.2, 1726271
1.2, 1702926
1.2, 1677420
1.2, 1674172
1.2, 1660449
1.2, 1656872
1.2, 1648614
1.2, 1638281
1.2, 1562996
1.2, 1536282
1.2, 1528177
1.21, 1484666
1.26, 1476613
1.26, 1466477
1.26, 1448201
1.26, 1439457
1.26, 1437918
1.27, 1436375
1.27, 1423414
1.27, 1419134
1.27, 1348833
1.3, 1340556
1.3, 1330352
1.3, 1327083
1.31, 1296763
1.31, 1295684
1.31, 1295089
1.31, 1256015
1.31, 1250905
1.31, 1240168
1.33, 1233093
1.33, 1231779
1.34, 1225730
1.34, 1223962
1.34, 1223285
1.34, 1222274
1.34, 1211527
1.34, 1170263
1.34, 1153208
1.34, 1148250
1.34, 1137323
1.35, 1133537
1.35, 1122310
1.35, 1110940
1.35, 1109562
1.35, 1091144
1.35, 1079543
1.35, 1066683
1.35, 1062538
1.35, 1059095
1.35, 1033087
1.36, 1030655
1.36, 1019783
1.44, 1000465
1.44, 992837
1.44, 983975
1.44, 982695
1.44, 971449
1.44, 964285
1.46, 964245
1.46, 954569
1.47, 934559
1.47, 930254
1.53, 927438
1.53, 922897
1.54, 917515
1.54, 917167
1.54, 915603
1.58, 913187
1.58, 910491
1.58, 908794
1.59, 908290
1.59, 907400
1.59, 906849
1.59, 905427
1.69, 902101
1.69, 901891
1.69, 900779
1.75, 900650
1.75, 899550
