0.0, 3134396
0.0, 3074385
0.0, 3055484
0.0, 2993392
0.0, 2989064
0.0, 2931522
0.0, 2930335
0.0, 2914262
0.0, 2872985
0.0, 2769005
0.0, 2732844
0.0, 2657755
0.0, 2648622
0.0, 2594577
0.01, 2566748
0.01, 2516164
0.02, 2496269
0.02, 2493474
0.03, 2444533
0.03, 2319328
0.03, 2303629
0.21, 2300768
0.21, 2269674
0.28, 2241208
0.5, 2206654
0.66, 2205385
0.69, 2162664
0.69, 2115425
0.69, 2111519
0.96, 2108549
0.97, 2007287
0.99, 1968907
0.99, 1940222
0.99, 1904191
0.99, 1801455
0.99, 1788828
0.99, 1707662
1.15, 1700908
1.15, 1688657
1.15, 1681877
1.15, 1651758
1.15, 1601057
1.15, 1575048
1.15, 1516872
1.25, 1489560
1.26, 1484565
1.26, 1469716
1.26, 1461712
1.26, 1444903
1.26, 1371095
1.29, 1355282
1.31, 1350651
1.31, 1316385
1.31, 1312289
1.31, 1304574
1.31, 1292889
1.31, 1270316
1.31, 1266245
1.31, 1245611
1.31, 1233580
1.31, 1227833
1.31, 1213074
1.31, 1211175
1.31, 1207502
1.31, 1206083
1.31, 1203820
1.31, 1184222
1.31, 1181721
1.32, 1163054
1.32, 1133694
1.32, 1079673
1.32, 1076015
1.32, 1068497
1.32, 1063535
1.32, 1062184
1.33, 1060851
1.33, 1037978
1.37, 1020252
1.41, 1018956
1.41, 1011312
1.42, 1008022
1.47, 1004655
1.47, 1003777
1.47, 992524
1.47, 990132
1.47, 989922
1.48, 986276
1.48, 979657
1.48, 979371
1.48, 969967
1.49, 963935
1.49, 962142
1.49, 959414
1.53, 959157
1.53, 956539
1.53, 956121
1.57, 952034
1.57, 948457
1.57, 947392
1.57, 947279
1.57, 944131
1.57, 941694
1.57, 941665
1.57, 929631
1.58, 926485
1.58, 923291
1.58, 923081
1.58, 920085
1.58, 912796
1.59, 911045
1.6, 906927
1.6, 905541
1.6, 905499
1.6, 905286
1.61, 901180
1.61, 900091
1.61, 899021
1.61, 898436
1.61, 898226
1.63, 896521
1.69, 895832
1.7, 895619
1.79, 894858
