0.0, 222480
0.0, 221989
0.0, 221647
0.0, 221154
0.0, 219055
0.0, 218915
0.0, 213110
0.0, 212532
0.0, 211782
0.0, 209833
0.01, 207883
0.01, 206529
0.01, 206337
0.01, 199557
0.01, 198935
0.01, 197367
0.01, 195609
0.01, 194054
0.01, 193669
0.01, 189880
0.01, 188694
0.03, 187520
0.08, 186515
0.09, 178909
0.11, 174831
0.11, 168441
0.11, 167895
0.23, 167654
0.69, 162872
0.93, 158852
0.93, 157020
1.09, 154589
1.1, 153554
1.1, 152701
1.1, 151465
1.1, 149131
1.1, 147170
1.1, 145499
1.1, 139487
1.1, 137232
1.1, 136110
1.1, 135224
1.22, 133910
1.23, 132545
1.24, 132193
1.24, 131740
1.24, 130619
1.24, 128379
1.24, 125990
1.24, 125764
1.24, 125682
1.26, 122581
1.26, 121761
1.26, 121429
1.26, 119420
1.26, 119187
1.26, 117840
1.26, 116281
1.27, 115935
1.27, 113303
1.27, 113193
1.27, 113047
1.27, 112971
1.27, 112955
1.28, 112403
1.28, 111325
1.32, 110482
1.32, 109925
1.32, 109669
1.32, 105333
1.33, 102141
1.33, 101217
1.33, 100754
1.33, 99361
1.33, 99107
1.33, 97511
1.33, 97455
1.34, 97210
1.34, 97119
1.34, 96196
1.35, 95473
1.35, 95304
1.35, 95285
1.35, 95170
1.35, 94968
1.35, 94623
1.35, 94483
1.35, 94216
1.35, 93880
1.35, 93114
1.35, 92826
1.35, 92651
1.35, 92049
1.35, 91622
1.35, 89820
1.36, 89187
1.37, 87539
1.37, 86965
1.4, 86852
1.4, 86574
1.4, 86236
1.41, 85879
1.41, 84660
1.41, 84276
1.42, 84067
1.42, 83229
1.42, 82939
1.42, 82051
1.42, 82005
1.42, 81928
1.43, 81865
1.43, 81343
1.45, 80556
1.45, 79946
1.45, 79701
1.45, 79523
1.45, 76937
1.45, 76514
1.45, 76152
1.45, 75870
1.46, 74798
1.48, 74757
1.48, 74070
1.48, 73724
1.48, 72887
1.48, 71407
1.48, 71234
1.49, 70810
1.49, 70275
1.49, 70033
1.49, 69966
1.49, 69837
1.49, 69490
1.49, 68758
1.49, 68406
1.49, 67591
1.51, 67237
1.51, 67200
1.51, 66576
1.51, 66483
1.52, 65567
1.52, 65343
1.52, 65133
1.52, 64892
1.52, 63058
1.52, 62605
1.52, 62595
1.52, 62514
1.52, 62275
1.52, 61219
1.52, 60778
1.53, 60381
1.53, 60247
1.53, 60103
1.53, 59997
1.53, 59976
1.53, 59793
1.53, 59679
1.53, 59533
1.53, 59443
1.53, 59004
1.56, 58954
1.6, 58855
1.6, 58126
1.6, 57777
1.6, 57531
1.61, 57146
1.65, 56937
1.65, 56764
1.65, 55984
1.65, 55925
1.66, 55280
1.66, 55197
1.67, 55162
1.68, 53980
1.68, 53873
1.77, 53845
1.78, 53738
1.83, 53725
1.83, 53457
1.85, 53395
