0.0, 211050
0.0, 208097
0.0, 197643
0.0, 194502
0.01, 194223
0.01, 185002
0.01, 182560
0.01, 180177
0.2, 177956
0.25, 174644
0.36, 169690
0.66, 165906
0.66, 163130
1.03, 158637
1.15, 157382
1.15, 157317
1.15, 152273
1.15, 151776
1.15, 149785
1.15, 149251
1.15, 148838
1.15, 147883
1.15, 147439
1.15, 143287
1.15, 140528
1.2, 137843
1.2, 136775
1.2, 133280
1.2, 133251
1.2, 133057
1.2, 131849
1.2, 130587
1.2, 129703
1.2, 128883
1.2, 128684
1.2, 128264
1.21, 127366
1.21, 126661
1.21, 125385
1.21, 124655
1.21, 124587
1.21, 124245
1.21, 123188
1.21, 122240
1.21, 121858
1.21, 118517
1.21, 118451
1.21, 118150
1.22, 117325
1.22, 115934
1.22, 114698
1.23, 113927
1.23, 113583
1.23, 113278
1.23, 113028
1.3, 112001
1.3, 111605
1.3, 110883
1.3, 110664
1.3, 110407
1.3, 108176
1.31, 107072
1.31, 106354
1.32, 105612
1.32, 104595
1.32, 103949
1.32, 103363
1.32, 102573
1.35, 100903
1.36, 100841
1.36, 99866
1.36, 99835
1.36, 99693
1.36, 98277
1.36, 98271
1.36, 98167
1.36, 96505
1.37, 93730
1.37, 92335
1.37, 91889
1.37, 91582
1.37, 88786
1.37, 87798
1.37, 87342
1.37, 84245
1.37, 82717
1.38, 82616
1.38, 82292
1.38, 82049
1.38, 81014
1.4, 80702
1.4, 80657
1.4, 80270
1.4, 80045
1.41, 79257
1.41, 79209
1.41, 79059
1.41, 78819
1.41, 78384
1.41, 77980
1.41, 77553
1.41, 77020
1.41, 76946
1.42, 76368
1.42, 74718
1.42, 74371
1.42, 73273
1.42, 73030
1.42, 72741
1.42, 72692
1.42, 72156
1.43, 72154
1.43, 71447
1.43, 69496
1.43, 69077
1.45, 68533
1.45, 68340
1.47, 68161
1.47, 67929
1.47, 67797
1.47, 66553
1.47, 66347
1.47, 65842
1.47, 65011
1.47, 64901
1.48, 64628
1.51, 63639
1.51, 63528
1.51, 63186
1.51, 61574
1.51, 61370
1.51, 60613
1.52, 60338
1.52, 59915
1.52, 59565
1.54, 59456
1.55, 58870
1.55, 58624
1.55, 58538
1.56, 58256
1.59, 58132
1.6, 57570
1.6, 57242
1.6, 57221
1.6, 57162
1.6, 56829
1.6, 56813
1.6, 56517
1.65, 56366
1.65, 55948
1.65, 55829
1.65, 55636
1.66, 55519
1.66, 55197
1.67, 54982
1.68, 54858
1.68, 54645
1.68, 54563
1.69, 54373
1.69, 54315
1.7, 54047
1.7, 53940
