0.0, 203920
0.0, 199794
0.0, 197086
0.0, 186711
0.03, 178781
0.11, 175221
0.58, 172754
0.58, 168386
0.58, 167845
0.58, 162116
1.05, 158741
1.08, 156788
1.08, 153508
1.08, 152669
1.08, 152588
1.08, 151263
1.08, 150941
1.08, 150431
1.15, 150384
1.15, 148783
1.15, 148274
1.15, 146243
1.16, 144241
1.16, 142204
1.19, 138825
1.19, 132075
1.2, 130001
1.2, 128783
1.21, 127790
1.21, 127674
1.21, 124727
1.21, 124281
1.21, 123320
1.21, 121974
1.26, 121939
1.28, 121890
1.28, 120399
1.28, 118957
1.28, 117089
1.28, 116491
1.28, 116235
1.28, 114002
1.28, 113579
1.28, 113523
1.28, 113388
1.28, 112631
1.28, 112539
1.28, 111119
1.28, 108713
1.28, 107577
1.28, 103972
1.28, 103346
1.28, 103159
1.28, 101616
1.28, 101254
1.29, 101086
1.29, 100809
1.34, 100138
1.36, 98419
1.36, 97025
1.36, 96842
1.37, 96124
1.37, 93202
1.37, 92464
1.38, 92136
1.38, 91869
1.38, 91042
1.4, 89393
1.4, 89381
1.4, 89167
1.4, 89090
1.4, 87838
1.4, 87182
1.4, 86799
1.4, 85778
1.41, 84921
1.41, 84776
1.42, 84296
1.42, 84267
1.42, 83355
1.42, 82028
1.42, 81602
1.42, 80811
1.42, 80364
1.43, 80125
1.43, 79782
1.43, 79178
1.43, 78834
1.43, 78646
1.43, 78602
1.43, 78529
1.43, 78264
1.44, 78131
1.44, 78034
1.44, 77920
1.44, 77880
1.44, 77394
1.44, 76846
1.44, 76645
1.44, 76333
1.45, 76300
1.45, 76251
1.45, 76056
1.45, 75851
1.45, 75225
1.45, 74762
1.48, 73787
1.48, 72906
1.48, 72785
1.48, 70851
1.48, 70407
1.48, 69961
1.48, 69922
1.48, 69915
1.49, 69306
1.49, 69213
1.49, 69079
1.49, 67494
1.49, 67348
1.49, 66917
1.5, 66717
1.5, 66147
1.5, 65681
1.5, 64424
1.5, 64386
1.5, 64168
1.5, 63376
1.51, 62955
1.55, 62184
1.55, 62182
1.55, 62100
1.55, 62063
1.56, 61166
1.56, 61082
1.56, 61078
1.56, 61061
1.56, 60981
1.56, 60933
1.56, 60578
1.57, 60538
1.57, 60085
1.59, 59935
1.59, 59491
1.6, 59357
1.6, 59179
1.6, 58937
1.6, 58892
1.6, 58848
1.6, 58558
1.61, 57781
1.61, 57539
1.61, 57505
1.62, 57457
1.62, 57360
1.62, 57170
1.62, 56916
1.62, 56869
1.62, 56791
1.63, 56752
1.67, 56673
1.67, 56526
1.67, 56450
1.67, 56362
1.67, 56267
1.67, 55892
1.68, 55809
1.68, 55356
1.69, 54855
1.69, 54659
1.69, 54653
1.7, 54652
1.7, 54570
1.71, 54478
1.72, 54286
1.75, 54246
1.76, 54164
1.77, 53778
1.82, 53698
1.88, 53636
1.88, 53471
1.93, 53265
2.01, 53203
