0.0, 225372
0.0, 217140
0.0, 215758
0.0, 214986
0.0, 207850
0.0, 199902
0.0, 198902
0.01, 194293
0.03, 192019
0.03, 189226
0.03, 187576
0.03, 187189
0.03, 181480
0.11, 179924
0.11, 176908
0.12, 173867
0.12, 172471
0.12, 171892
0.72, 171648
0.84, 170795
0.93, 167581
0.94, 164715
1.03, 154819
1.03, 150842
1.03, 150648
1.03, 148200
1.1, 145691
1.21, 145619
1.21, 144820
1.21, 144470
1.21, 144243
1.23, 142147
1.23, 139815
1.23, 139299
1.23, 135237
1.24, 134930
1.24, 134631
1.24, 133947
1.24, 128963
1.24, 127893
1.24, 127033
1.24, 125946
1.24, 122600
1.24, 121469
1.24, 120592
1.24, 119935
1.24, 114924
1.24, 114440
1.24, 112471
1.24, 112158
1.24, 110980
1.24, 110177
1.25, 109593
1.25, 108777
1.29, 108511
1.3, 108175
1.3, 107288
1.3, 106025
1.3, 104581
1.3, 104326
1.31, 104169
1.31, 104041
1.31, 103617
1.31, 102605
1.31, 102504
1.31, 102363
1.31, 101218
1.31, 101085
1.31, 100728
1.31, 98332
1.31, 98011
1.31, 97941
1.35, 97312
1.35, 96971
1.35, 96836
1.35, 96569
1.35, 96331
1.35, 96077
1.35, 95233
1.35, 95210
1.35, 93731
1.35, 93517
1.35, 93380
1.35, 92509
1.35, 92209
1.35, 92153
1.35, 91363
1.35, 90964
1.36, 90605
1.36, 90234
1.36, 89571
1.36, 89144
1.36, 87415
1.36, 86845
1.36, 86708
1.36, 86361
1.36, 86249
1.36, 86060
1.36, 85779
1.36, 85586
1.36, 85188
1.36, 84606
1.36, 83939
1.36, 83766
1.36, 83376
1.36, 82698
1.36, 82285
1.37, 81260
1.39, 80580
1.39, 80452
1.39, 80113
1.39, 80084
1.39, 79347
1.39, 78967
1.39, 78220
1.39, 78118
1.39, 77874
1.39, 77588
1.39, 77379
1.39, 77253
1.44, 76351
1.44, 75853
1.44, 75454
1.44, 75153
1.45, 73080
1.49, 72859
1.49, 72750
1.5, 71652
1.5, 71495
1.5, 71354
1.5, 70595
1.5, 70356
1.5, 69618
1.5, 69530
1.5, 68092
1.51, 68008
1.51, 67899
1.51, 67844
1.51, 66428
1.51, 66387
1.51, 66363
1.51, 65974
1.52, 65784
1.52, 64722
1.53, 64337
1.53, 63902
1.53, 63439
1.53, 62024
1.53, 62018
1.53, 61903
1.54, 61678
1.54, 61379
1.54, 60462
1.56, 60368
1.56, 60099
1.57, 59462
1.57, 58922
1.57, 58801
1.57, 58684
1.57, 58034
1.58, 57953
1.58, 57687
1.58, 57622
1.63, 57500
1.63, 57392
1.63, 57021
1.64, 56678
1.64, 56480
1.64, 55126
1.64, 55043
1.64, 54882
1.68, 54271
1.68, 54164
1.74, 54154
1.74, 53865
1.74, 53758
1.75, 53745
1.76, 53724
1.79, 53617
1.81, 53550
1.81, 53488
1.89, 53486
1.89, 53440
