0.0, 210129
0.0, 207810
0.0, 207633
0.0, 201401
0.0, 197524
0.01, 192585
0.01, 186064
0.01, 182961
0.01, 181327
0.02, 180613
0.25, 179486
0.25, 178898
0.26, 176627
0.53, 176075
0.53, 174883
0.54, 173258
0.54, 170052
0.54, 168331
0.63, 167852
0.84, 165083
0.84, 163294
0.84, 162612
0.84, 156960
0.84, 156309
0.99, 155627
0.99, 154424
1.09, 146514
1.14, 144679
1.16, 143999
1.16, 143946
1.16, 143010
1.16, 141964
1.21, 141603
1.21, 140617
1.21, 138643
1.22, 138332
1.22, 137330
1.22, 136645
1.22, 133174
1.22, 133072
1.22, 132062
1.22, 129800
1.22, 128941
1.22, 126800
1.23, 124662
1.23, 123404
1.23, 120514
1.23, 119371
1.23, 117844
1.23, 116442
1.23, 116028
1.23, 115008
1.23, 114900
1.23, 114867
1.23, 113771
1.23, 113695
1.23, 112428
1.23, 111175
1.23, 110987
1.23, 109508
1.23, 109376
1.23, 108319
1.29, 107465
1.29, 107185
1.29, 106212
1.29, 104806
1.29, 104383
1.29, 103776
1.29, 102039
1.3, 100881
1.3, 99800
1.3, 99646
1.32, 98573
1.37, 97636
1.37, 95823
1.37, 95792
1.37, 95787
1.37, 94979
1.37, 94788
1.38, 93046
1.38, 92701
1.38, 92543
1.38, 90651
1.38, 90645
1.38, 88982
1.4, 88566
1.4, 88148
1.4, 87913
1.4, 87536
1.4, 85760
1.4, 85196
1.4, 85157
1.4, 84907
1.4, 82676
1.41, 80849
1.42, 80244
1.42, 80129
1.42, 79723
1.42, 78291
1.42, 77308
1.42, 77118
1.42, 76946
1.47, 76881
1.47, 76591
1.47, 76261
1.47, 75914
1.47, 75816
1.47, 75707
1.47, 75558
1.47, 75204
1.47, 74936
1.47, 74866
1.48, 73837
1.48, 73805
1.48, 73087
1.48, 73024
1.48, 71897
1.48, 70839
1.49, 70786
1.49, 70385
1.49, 69141
1.49, 68543
1.49, 67946
1.49, 67331
1.49, 67139
1.49, 66929
1.49, 66918
1.49, 66819
1.49, 66743
1.49, 65305
1.49, 64325
1.5, 64051
1.5, 63283
1.5, 63206
1.5, 62969
1.5, 62231
1.51, 62164
1.54, 61730
1.54, 61551
1.54, 61336
1.54, 61232
1.54, 60951
1.54, 60525
1.55, 59723
1.56, 59583
1.56, 58803
1.56, 58411
1.57, 58407
1.58, 58364
1.58, 58223
1.58, 58005
1.58, 57731
1.58, 57438
1.59, 57143
1.59, 56575
1.59, 56566
1.59, 56456
1.59, 56410
1.59, 56378
1.59, 55688
1.61, 55401
1.61, 54951
1.62, 54828
1.62, 54746
1.62, 54226
1.62, 54016
1.65, 53989
1.65, 53807
1.66, 53448
1.78, 53403
1.83, 53341
