0.0, 206291
0.0, 203390
0.0, 201866
0.0, 187388
0.09, 187206
0.1, 184213
0.1, 183881
0.1, 176440
0.2, 175219
0.2, 172454
0.4, 167005
0.98, 166160
0.98, 166001
1.0, 161727
1.0, 158659
1.03, 153755
1.05, 151312
1.05, 150259
1.05, 149385
1.05, 148479
1.05, 148129
1.05, 147990
1.05, 146309
1.05, 145717
1.13, 145272
1.16, 144946
1.17, 144770
1.17, 139757
1.17, 137985
1.17, 135287
1.21, 134569
1.21, 134121
1.21, 132919
1.21, 132867
1.21, 126715
1.21, 121688
1.21, 121088
1.21, 118740
1.31, 114170
1.32, 113008
1.32, 111909
1.32, 110719
1.32, 110506
1.33, 109645
1.33, 107131
1.33, 106049
1.33, 105722
1.33, 105632
1.33, 105605
1.33, 104563
1.35, 104442
1.35, 100668
1.35, 99047
1.35, 97492
1.35, 93949
1.35, 93080
1.35, 92123
1.35, 89886
1.35, 89350
1.35, 88442
1.35, 87602
1.38, 85093
1.38, 85013
1.38, 82877
1.39, 78571
1.39, 78030
1.41, 77796
1.41, 77517
1.44, 77510
1.44, 77426
1.44, 75637
1.44, 74614
1.44, 74536
1.46, 73970
1.46, 73725
1.46, 73509
1.47, 73323
1.47, 73102
1.47, 73033
1.47, 72654
1.47, 72017
1.47, 71437
1.47, 70911
1.48, 70811
1.48, 70415
1.49, 70056
1.49, 70021
1.49, 69936
1.49, 69821
1.49, 69721
1.49, 67233
1.49, 66319
1.5, 65921
1.5, 65885
1.5, 65854
1.5, 65778
1.5, 65446
1.5, 64793
1.51, 64489
1.51, 64080
1.52, 63129
1.52, 62838
1.53, 62285
1.53, 62013
1.53, 61770
1.53, 61454
1.53, 60457
1.53, 60052
1.53, 59491
1.54, 59427
1.54, 59325
1.54, 58946
1.54, 58840
1.54, 58723
1.54, 58686
1.54, 58598
1.55, 58465
1.55, 58458
1.55, 57902
1.55, 57869
1.55, 57744
1.55, 57668
1.55, 57580
1.55, 57497
1.58, 57331
1.59, 57207
1.59, 57047
1.59, 56618
1.59, 56274
1.59, 55835
1.6, 55274
1.6, 54697
1.6, 54480
1.6, 54352
1.61, 54269
1.64, 53885
1.65, 53778
1.78, 53529
