0.0, 215412
0.0, 207382
0.0, 197422
0.0, 191946
0.0, 189755
0.0, 189393
0.0, 187649
0.0, 187537
0.0, 186255
0.0, 182129
0.0, 181874
0.0, 181434
0.06, 180659
0.06, 173536
0.48, 171282
0.55, 170867
0.55, 170793
0.55, 161688
0.95, 159485
1.0, 154144
1.18, 150760
1.19, 150417
1.19, 149899
1.2, 149784
1.2, 148404
1.2, 148150
1.2, 147775
1.2, 147727
1.2, 145540
1.2, 144909
1.2, 144471
1.21, 143558
1.21, 142906
1.21, 140107
1.21, 138779
1.21, 137970
1.21, 135950
1.21, 134853
1.21, 134815
1.21, 134466
1.21, 133154
1.21, 131669
1.21, 131278
1.21, 128475
1.21, 127928
1.21, 127477
1.21, 125075
1.22, 123730
1.22, 123229
1.22, 121853
1.23, 121001
1.23, 117778
1.23, 117482
1.23, 117070
1.23, 115978
1.23, 114174
1.23, 111712
1.23, 111125
1.23, 108670
1.31, 108440
1.31, 106799
1.31, 106334
1.31, 106188
1.31, 106161
1.32, 103363
1.32, 102693
1.32, 101730
1.32, 100697
1.32, 100589
1.32, 98011
1.32, 97611
1.32, 97566
1.34, 96932
1.34, 96486
1.34, 95060
1.34, 94999
1.35, 94149
1.36, 92470
1.36, 92336
1.36, 91093
1.38, 90966
1.39, 90107
1.39, 89613
1.39, 89208
1.39, 89060
1.4, 88890
1.4, 87948
1.41, 87712
1.41, 87695
1.41, 87201
1.41, 86848
1.41, 86328
1.41, 85796
1.41, 85512
1.42, 85207
1.43, 84121
1.43, 82879
1.43, 81891
1.43, 81838
1.43, 80400
1.45, 79744
1.45, 79547
1.45, 79150
1.45, 78758
1.45, 77345
1.45, 76662
1.45, 76132
1.45, 75380
1.45, 75344
1.45, 74759
1.45, 73547
1.45, 73387
1.45, 72848
1.45, 71959
1.45, 71019
1.45, 70776
1.47, 70384
1.47, 70218
1.47, 70089
1.47, 68945
1.47, 68511
1.47, 68088
1.47, 67954
1.54, 67904
1.54, 67413
1.54, 67409
1.54, 67061
1.54, 66845
1.54, 66683
1.54, 66192
1.54, 65884
1.54, 65529
1.55, 65509
1.55, 65294
1.55, 64230
1.55, 63976
1.55, 63951
1.55, 63275
1.55, 62443
1.55, 61961
1.56, 61654
1.56, 60906
1.56, 59948
1.56, 59373
1.57, 58806
1.57, 58238
1.57, 58125
1.57, 57682
1.57, 57653
1.57, 57345
1.58, 57198
1.58, 56541
1.58, 56333
1.58, 55978
1.58, 55911
1.58, 55900
1.59, 55896
1.59, 55235
1.59, 55200
1.6, 54565
1.6, 54507
1.6, 54156
1.6, 53703
1.65, 53689
1.65, 53434
1.65, 53155
1.68, 52860
