0.0, 240152
0.0, 237443
0.0, 236764
0.0, 234914
0.0, 233478
0.0, 230060
0.0, 227280
0.0, 225375
0.0, 224171
0.01, 219825
0.01, 218282
0.01, 216555
0.01, 216468
0.01, 216399
0.01, 213706
0.01, 210488
0.01, 209959
0.01, 208710
0.01, 207647
0.01, 203628
0.01, 198197
0.01, 197035
0.01, 195217
0.01, 194373
0.03, 193758
0.04, 190969
0.04, 190247
0.04, 189980
0.04, 189925
0.04, 188885
0.07, 188757
0.07, 188749
0.07, 182663
0.07, 178978
0.27, 171113
0.74, 170043
0.81, 170003
0.83, 169483
0.83, 167404
0.83, 166333
0.83, 165721
0.83, 164495
0.83, 163804
0.83, 160744
0.84, 160604
0.84, 158276
0.84, 156683
1.02, 150133
1.07, 147181
1.07, 145197
1.07, 141026
1.07, 139326
1.07, 138255
1.07, 135819
1.07, 134862
1.07, 134553
1.07, 130708
1.26, 129263
1.26, 128861
1.26, 127796
1.27, 127759
1.3, 125566
1.3, 124459
1.3, 122132
1.3, 121923
1.3, 120457
1.3, 120188
1.3, 119758
1.3, 119324
1.3, 119273
1.3, 113586
1.31, 112215
1.31, 111950
1.32, 111249
1.32, 110403
1.32, 108368
1.32, 106275
1.32, 106069
1.32, 106049
1.32, 105980
1.32, 105204
1.35, 103427
1.36, 102276
1.36, 100924
1.36, 100203
1.36, 99003
1.36, 98994
1.37, 98493
1.37, 98173
1.37, 97013
1.37, 96406
1.37, 95966
1.37, 95331
1.37, 95232
1.37, 92596
1.37, 91061
1.37, 90914
1.39, 90580
1.39, 89987
1.39, 89747
1.39, 89200
1.39, 88291
1.39, 88182
1.39, 87147
1.39, 86787
1.39, 86004
1.39, 85871
1.41, 85391
1.41, 84806
1.41, 84750
1.41, 84457
1.41, 83494
1.41, 83283
1.41, 82479
1.41, 82384
1.41, 81875
1.41, 81744
1.41, 80223
1.41, 79661
1.41, 79591
1.41, 78522
1.41, 78423
1.42, 77935
1.42, 77452
1.42, 76979
1.42, 76442
1.42, 76395
1.42, 76265
1.44, 76191
1.45, 76091
1.45, 75673
1.46, 75275
1.46, 74792
1.46, 74690
1.46, 74667
1.46, 73861
1.46, 73251
1.47, 71882
1.47, 70514
1.47, 69924
1.47, 69615
1.47, 69109
1.47, 68247
1.47, 67542
1.47, 65936
1.47, 65003
1.51, 64802
1.52, 64370
1.52, 64068
1.52, 64067
1.52, 63698
1.53, 63004
1.53, 62822
1.53, 62585
1.53, 62303
1.53, 62237
1.53, 61951
1.54, 61629
1.54, 61615
1.54, 61412
1.54, 60907
1.54, 60460
1.54, 60081
1.54, 60075
1.55, 59900
1.55, 59461
1.56, 59383
1.56, 59204
1.56, 59153
1.56, 59151
1.61, 59134
1.61, 58836
1.61, 58491
1.62, 58456
1.65, 58448
1.65, 58180
1.65, 57914
1.65, 57095
1.65, 57092
1.66, 56976
1.66, 56763
1.66, 56681
1.67, 56315
1.67, 56069
1.68, 55991
1.7, 55950
1.7, 55848
1.7, 55361
1.7, 54494
1.7, 54461
1.71, 54410
1.71, 54406
1.79, 54336
1.8, 53747
1.82, 53162
