0.0, 212454
0.0, 206047
0.0, 205002
0.0, 204180
0.0, 203609
0.01, 199258
0.01, 197522
0.03, 196232
0.03, 194204
0.04, 191647
0.06, 189816
0.06, 189618
0.06, 189263
0.06, 188145
0.06, 183469
0.06, 180062
0.09, 179196
0.09, 178363
0.09, 174013
0.09, 173818
0.09, 173734
0.26, 171989
0.31, 168748
0.32, 168726
0.9, 168417
0.9, 167844
0.9, 166352
0.9, 162095
0.9, 161161
0.98, 161154
0.98, 160554
0.99, 155660
0.99, 155471
0.99, 149458
1.0, 148972
1.0, 148485
1.01, 147841
1.12, 146086
1.12, 145861
1.13, 143836
1.13, 139661
1.13, 137801
1.13, 133636
1.13, 132894
1.22, 131787
1.22, 131601
1.22, 129841
1.22, 129608
1.22, 129028
1.22, 127763
1.22, 126534
1.22, 126068
1.22, 124283
1.22, 122962
1.22, 120612
1.22, 119247
1.22, 118825
1.22, 118381
1.23, 117109
1.23, 116790
1.23, 114726
1.29, 111386
1.3, 111193
1.3, 108375
1.3, 108308
1.3, 106377
1.3, 106202
1.3, 104957
1.3, 104893
1.3, 104215
1.3, 103860
1.31, 103536
1.31, 103110
1.31, 102121
1.31, 101902
1.31, 100407
1.31, 99009
1.32, 98293
1.33, 97804
1.33, 97355
1.33, 96936
1.33, 96853
1.33, 96560
1.33, 96434
1.33, 96221
1.33, 96002
1.36, 95742
1.36, 95336
1.36, 94910
1.36, 93091
1.36, 91290
1.36, 91201
1.36, 90850
1.36, 89634
1.37, 89545
1.37, 89442
1.37, 88956
1.37, 87453
1.37, 86019
1.37, 85394
1.38, 84904
1.38, 84862
1.38, 84678
1.38, 84572
1.38, 84477
1.38, 82903
1.38, 82148
1.39, 81560
1.39, 81401
1.39, 79405
1.39, 79208
1.4, 78120
1.4, 78072
1.4, 77328
1.4, 76578
1.4, 76094
1.4, 75513
1.4, 74998
1.4, 74810
1.4, 74104
1.4, 73021
1.4, 72924
1.41, 71922
1.41, 71887
1.5, 71795
1.5, 71395
1.5, 70624
1.5, 70140
1.5, 70092
1.5, 67482
1.5, 67476
1.5, 67128
1.5, 66960
1.5, 66455
1.5, 66197
1.5, 66010
1.51, 66004
1.51, 65868
1.51, 65740
1.51, 65530
1.51, 65395
1.51, 64225
1.54, 63304
1.54, 62985
1.54, 62195
1.54, 62027
1.54, 60357
1.55, 60133
1.56, 59693
1.56, 59486
1.56, 59231
1.56, 58941
1.56, 58853
1.56, 58456
1.57, 57969
1.57, 57585
1.57, 57580
1.57, 57001
1.57, 56194
1.58, 56187
1.59, 55996
1.67, 55802
1.68, 55219
1.69, 54718
1.7, 54671
1.7, 54290
1.72, 54274
1.75, 53881
1.78, 53795
2.09, 53686
2.1, 53671
2.1, 53642
2.14, 53418
2.15, 53403
2.15, 53374
2.17, 53323
2.21, 53241
2.24, 53208
