0.0, 240450
0.0, 233721
0.0, 217918
0.0, 212135
0.0, 208476
0.0, 198924
0.01, 194971
0.01, 192097
0.01, 191100
0.03, 189377
0.04, 187571
0.04, 186778
0.04, 186026
0.04, 185453
0.04, 185254
0.06, 181759
0.08, 176497
0.45, 175247
0.49, 175229
0.74, 172064
0.81, 171955
0.84, 170107
0.85, 169771
0.94, 169050
0.94, 164054
0.94, 164032
0.98, 160215
0.98, 155053
1.06, 152197
1.07, 149921
1.07, 148476
1.09, 146575
1.09, 146400
1.09, 146049
1.09, 144845
1.1, 141348
1.15, 141300
1.15, 137636
1.15, 130733
1.15, 126620
1.15, 126028
1.15, 125819
1.15, 125572
1.15, 125052
1.26, 124418
1.26, 123971
1.26, 123549
1.26, 123343
1.26, 123256
1.26, 121979
1.26, 119394
1.26, 119104
1.26, 117918
1.26, 117911
1.26, 117889
1.26, 117684
1.26, 116344
1.26, 115971
1.26, 115421
1.26, 114037
1.26, 113535
1.26, 113250
1.26, 111280
1.26, 110414
1.26, 109669
1.27, 109232
1.27, 107927
1.27, 107860
1.31, 107377
1.31, 106051
1.31, 105792
1.31, 104971
1.33, 103277
1.33, 102939
1.33, 102446
1.33, 101601
1.33, 100970
1.33, 100687
1.33, 100588
1.33, 100401
1.33, 100326
1.33, 98634
1.33, 97854
1.33, 97846
1.34, 97270
1.34, 95229
1.34, 94300
1.34, 94151
1.35, 93983
1.35, 92695
1.35, 92508
1.35, 92004
1.35, 91810
1.35, 91375
1.35, 89627
1.36, 89444
1.36, 87925
1.36, 87204
1.36, 86579
1.36, 86107
1.36, 86083
1.42, 85924
1.42, 85583
1.43, 85350
1.43, 85260
1.43, 84867
1.43, 84585
1.43, 84215
1.43, 83948
1.43, 83023
1.43, 82875
1.43, 82752
1.43, 81476
1.43, 81165
1.43, 80637
1.43, 79068
1.43, 78828
1.43, 78397
1.43, 77034
1.45, 77019
1.45, 76432
1.45, 75808
1.45, 75736
1.45, 75319
1.45, 74373
1.45, 73956
1.45, 73725
1.45, 73168
1.45, 72357
1.45, 69920
1.45, 69768
1.45, 67984
1.46, 67733
1.46, 66586
1.46, 66178
1.46, 64745
1.46, 64325
1.46, 64009
1.46, 63130
1.46, 62797
1.46, 62581
1.52, 62565
1.53, 62421
1.53, 62092
1.53, 61979
1.53, 61901
1.53, 61800
1.53, 61681
1.53, 61326
1.54, 61072
1.55, 60919
1.58, 60453
1.58, 60057
1.58, 59587
1.61, 59413
1.61, 58588
1.61, 58477
1.61, 58398
1.61, 58105
1.61, 58034
1.61, 57606
1.61, 56910
1.61, 56839
1.61, 56352
1.61, 56013
1.62, 55792
1.62, 55771
1.75, 55184
1.76, 54886
1.78, 54565
1.79, 54375
1.79, 53950
1.8, 53799
1.8, 53749
1.81, 53645
