0.01, 566306
0.01, 566064
0.01, 559134
0.01, 557084
0.01, 556703
0.01, 541117
0.01, 540780
0.01, 535607
0.01, 534632
0.01, 526837
0.01, 525426
0.01, 515460
0.01, 509597
0.01, 503691
0.01, 497980
0.05, 492521
0.05, 491114
0.05, 488192
0.08, 485786
0.08, 476505
0.51, 474641
0.51, 468666
0.92, 467925
0.93, 466947
0.93, 466520
1.08, 466295
1.08, 464831
1.08, 454578
1.08, 451380
1.08, 438559
1.08, 430026
1.08, 426351
1.08, 423988
1.22, 423667
1.22, 421551
1.24, 421026
1.24, 419769
1.24, 418889
1.25, 418102
1.25, 417113
1.25, 416517
1.27, 411319
1.27, 407489
1.27, 400307
1.27, 397046
1.27, 379197
1.27, 378872
1.27, 375308
1.33, 370990
1.36, 368316
1.36, 366577
1.36, 359232
1.36, 356993
1.36, 356437
1.36, 356046
1.36, 355834
1.36, 355195
1.36, 349312
1.36, 346036
1.37, 344077
1.37, 343947
1.37, 341954
1.37, 341556
1.37, 340849
1.37, 336364
1.38, 332534
1.38, 331319
1.38, 331256
1.38, 329324
1.38, 328763
1.38, 328679
1.38, 325280
1.38, 323528
1.38, 321954
1.38, 321318
1.38, 320619
1.38, 318310
1.38, 317203
1.38, 314726
1.38, 314228
1.38, 311375
1.39, 310850
1.39, 304715
1.39, 302071
1.39, 301420
1.44, 301368
1.45, 301066
1.46, 297637
1.46, 295863
1.46, 294941
1.46, 293067
1.46, 292977
1.46, 284912
1.46, 281141
1.46, 273031
1.46, 272245
1.46, 269275
1.47, 269080
1.47, 262745
1.47, 261450
1.47, 261288
1.47, 258981
1.47, 258266
1.49, 257729
1.49, 257638
1.49, 256691
1.49, 255352
1.49, 254610
1.49, 252948
1.5, 252497
1.5, 252493
1.5, 247878
1.5, 244923
1.5, 244106
1.51, 243646
1.51, 241708
1.51, 240255
1.51, 239072
1.51, 238178
1.51, 234581
1.51, 233489
1.51, 230240
1.51, 229472
1.52, 228020
1.52, 224904
1.52, 223004
1.52, 220705
1.53, 220553
1.53, 220498
1.53, 218492
1.53, 217571
1.53, 215461
1.53, 212164
1.53, 211593
1.54, 208815
1.54, 206866
1.54, 206673
1.55, 206032
1.55, 205395
1.55, 201770
1.55, 201427
1.55, 201340
1.55, 201063
1.56, 200791
1.56, 200676
1.56, 199639
1.57, 199378
1.57, 199128
1.57, 198496
1.57, 198467
1.61, 195134
1.61, 194921
1.61, 194173
1.61, 194127
1.61, 193861
1.61, 192631
1.61, 192022
1.61, 192006
1.61, 189405
1.61, 189257
1.61, 187214
1.61, 183535
1.61, 179138
1.62, 178848
1.63, 178620
1.63, 175952
1.63, 172635
1.63, 172335
1.63, 172079
1.63, 169628
1.63, 168951
1.63, 166706
1.63, 166118
1.64, 165892
1.65, 165394
1.66, 163111
1.67, 162630
1.7, 161570
1.7, 161284
1.71, 158650
1.71, 158449
1.71, 158276
1.71, 157020
1.71, 156913
1.71, 155849
1.72, 155532
1.72, 154706
1.72, 154433
1.72, 153881
1.73, 153380
1.73, 150020
1.74, 149744
1.74, 149128
1.74, 149103
1.74, 147941
1.74, 147452
1.75, 147029
1.75, 146266
1.76, 145709
1.77, 145223
1.77, 145204
1.77, 145202
1.77, 145166
1.78, 144053
1.78, 143455
1.78, 143050
1.79, 142499
1.79, 142462
1.79, 142362
1.79, 141737
1.79, 141277
1.8, 141265
1.81, 140069
1.81, 139313
1.81, 138481
1.81, 133403
1.81, 132328
1.81, 131611
1.82, 131555
1.82, 131493
1.82, 131129
1.82, 130816
1.82, 129508
1.82, 125669
1.82, 122976
1.82, 121099
1.85, 120395
1.86, 119859
1.9, 119676
1.91, 119483
1.91, 118814
1.91, 118370
1.92, 118195
1.92, 118043
1.92, 117622
1.93, 117576
1.93, 117242
1.93, 115817
1.94, 115733
1.95, 115558
1.96, 115111
1.96, 115059
1.96, 114446
1.97, 113518
1.97, 113350
1.98, 111504
1.99, 110879
2.0, 110843
2.01, 109677
2.01, 109642
2.03, 109630
2.06, 109388
2.1, 109265
2.11, 108817
2.12, 108459
2.12, 106711
2.15, 106648
2.19, 106551
2.27, 106340
2.27, 105123
2.27, 105027
2.34, 104836
