0.01, 536290
0.01, 534138
0.01, 522038
0.02, 516211
0.02, 513177
0.02, 508080
0.02, 499523
0.02, 498984
0.04, 490888
0.04, 476709
0.19, 475304
0.86, 474587
0.86, 473266
0.86, 473137
0.86, 467589
1.01, 463844
1.01, 461255
1.02, 458295
1.02, 451549
1.02, 449384
1.02, 448526
1.1, 447454
1.11, 443265
1.17, 438057
1.19, 437979
1.19, 435653
1.19, 432460
1.19, 430773
1.19, 427629
1.19, 419145
1.19, 416754
1.19, 415558
1.19, 413581
1.19, 410164
1.19, 406807
1.24, 406693
1.24, 405747
1.24, 403164
1.24, 401276
1.24, 400450
1.25, 399204
1.25, 395891
1.25, 394486
1.25, 392218
1.25, 390040
1.25, 388781
1.25, 387412
1.28, 382754
1.29, 376446
1.29, 372249
1.29, 370094
1.29, 369795
1.29, 367268
1.29, 366225
1.29, 366123
1.29, 364161
1.33, 363416
1.33, 361075
1.33, 359981
1.33, 359964
1.33, 354517
1.33, 354028
1.33, 353824
1.33, 347316
1.35, 346509
1.35, 344925
1.35, 343155
1.35, 341283
1.35, 340073
1.35, 338109
1.35, 334932
1.35, 333372
1.35, 330325
1.35, 325623
1.36, 311859
1.36, 307752
1.36, 296546
1.38, 294352
1.38, 292211
1.38, 291251
1.38, 289824
1.38, 287242
1.41, 286981
1.41, 285345
1.41, 284868
1.41, 283890
1.43, 279601
1.43, 275428
1.44, 274317
1.44, 273593
1.44, 271664
1.44, 271201
1.44, 270679
1.44, 269279
1.44, 269064
1.44, 265146
1.44, 265071
1.44, 264960
1.44, 264064
1.44, 262348
1.44, 252088
1.44, 252024
1.45, 251069
1.45, 250920
1.45, 249511
1.45, 249206
1.45, 247961
1.45, 242715
1.45, 241164
1.45, 238006
1.45, 233890
1.45, 233857
1.45, 232922
1.45, 232908
1.46, 231347
1.46, 230066
1.46, 226757
1.46, 223700
1.46, 218938
1.46, 218526
1.46, 217757
1.46, 217710
1.46, 217464
1.47, 216347
1.47, 215447
1.47, 215186
1.47, 212987
1.47, 212579
1.47, 211455
1.47, 210478
1.48, 209020
1.48, 207684
1.48, 206850
1.5, 206662
1.5, 206581
1.51, 204865
1.51, 204729
1.51, 204378
1.51, 202154
1.51, 202090
1.52, 201053
1.52, 200925
1.52, 200551
1.52, 198389
1.52, 197917
1.52, 195883
1.52, 195238
1.52, 193657
1.52, 193336
1.52, 192862
1.52, 192444
1.52, 190674
1.52, 188943
1.53, 188360
1.53, 187223
1.53, 187092
1.53, 186522
1.53, 186503
1.53, 185957
1.53, 185072
1.53, 184186
1.53, 181687
1.53, 181050
1.54, 180726
1.54, 180279
1.54, 180129
1.54, 179241
1.54, 179074
1.54, 176965
1.55, 176818
1.56, 176798
1.56, 176506
1.56, 175031
1.56, 173286
1.57, 172690
1.57, 172265
1.57, 171962
1.57, 171876
1.57, 171674
1.57, 169267
1.57, 168510
1.57, 166624
1.6, 165589
1.6, 165433
1.6, 165306
1.61, 164702
1.61, 163694
1.61, 162875
1.61, 161736
1.61, 160996
1.61, 159505
1.62, 158639
1.62, 158523
1.62, 156413
1.62, 155785
1.62, 154906
1.62, 154749
1.62, 154014
1.62, 153485
1.62, 152897
1.62, 151343
1.62, 151231
1.62, 149967
1.63, 149735
1.63, 148523
1.63, 147925
1.63, 147862
1.63, 147731
1.63, 146804
1.63, 146377
1.63, 146316
1.64, 143488
1.64, 141662
1.64, 141076
1.65, 140657
1.65, 139617
1.65, 139579
1.65, 137978
1.65, 137904
1.66, 137854
1.66, 137654
1.66, 136687
1.66, 135966
1.66, 133095
1.66, 131830
1.66, 131361
1.66, 131272
1.66, 130254
1.66, 130220
1.67, 129499
1.67, 129481
1.67, 128739
1.67, 128606
1.68, 128083
1.69, 128058
1.71, 127381
1.71, 127330
1.71, 126604
1.72, 126440
1.72, 125846
1.72, 124792
1.73, 123899
1.73, 123822
1.74, 123679
1.74, 123505
1.74, 123405
1.74, 122933
1.74, 122511
1.74, 121406
1.75, 120923
1.76, 120340
1.77, 118425
1.79, 117546
1.8, 117254
1.81, 116426
1.81, 116369
1.81, 116307
1.81, 116132
1.82, 115637
1.82, 115406
1.82, 115055
1.82, 113884
1.83, 113427
1.83, 113389
1.83, 113351
1.83, 112461
1.83, 112199
1.83, 112015
1.83, 111794
1.84, 111057
1.84, 111039
1.89, 110792
1.98, 110683
1.98, 110550
1.98, 110488
1.98, 110313
2.0, 110092
2.01, 109609
2.01, 109518
2.02, 108473
2.02, 107666
