0.01, 539399
0.01, 527740
0.01, 527384
0.01, 526635
0.01, 504624
0.01, 503252
0.02, 498664
0.02, 498090
0.02, 483770
0.02, 483655
0.02, 479874
0.02, 474064
0.4, 469417
0.69, 469066
0.69, 466783
0.69, 459953
0.69, 454041
0.69, 442757
0.69, 439192
0.69, 435668
0.69, 434115
1.05, 429078
1.24, 422156
1.24, 420933
1.25, 416706
1.25, 416177
1.25, 415763
1.25, 415694
1.25, 408930
1.25, 408784
1.25, 406310
1.25, 399010
1.25, 396038
1.26, 395132
1.26, 389316
1.26, 383546
1.26, 383421
1.26, 379598
1.26, 366729
1.28, 362814
1.28, 360547
1.29, 356215
1.3, 355885
1.3, 355297
1.3, 353599
1.31, 350541
1.31, 348800
1.31, 347598
1.31, 347567
1.31, 346625
1.31, 346167
1.31, 343172
1.31, 342815
1.31, 341995
1.31, 339906
1.31, 336329
1.31, 335870
1.31, 335511
1.31, 335262
1.31, 335051
1.32, 333647
1.33, 330931
1.33, 329957
1.37, 326696
1.37, 326144
1.37, 314174
1.38, 313791
1.38, 313543
1.38, 312288
1.38, 310761
1.38, 306518
1.38, 305997
1.38, 304214
1.38, 303134
1.38, 298237
1.41, 295380
1.41, 292768
1.41, 290382
1.42, 289642
1.43, 289149
1.43, 288457
1.43, 287454
1.43, 285735
1.43, 285203
1.43, 283528
1.43, 280601
1.43, 279465
1.43, 277771
1.43, 277304
1.43, 276206
1.43, 275707
1.44, 275296
1.44, 274748
1.44, 273642
1.44, 273541
1.44, 273047
1.44, 271962
1.44, 271652
1.44, 269716
1.44, 265293
1.45, 263383
1.45, 259656
1.45, 259643
1.45, 257386
1.45, 255118
1.45, 255065
1.45, 253502
1.45, 251842
1.45, 251822
1.45, 249959
1.45, 249788
1.45, 249550
1.45, 247041
1.45, 246337
1.45, 243414
1.45, 242239
1.45, 240005
1.46, 239866
1.46, 239781
1.46, 237782
1.47, 235643
1.47, 234472
1.47, 233432
1.47, 233396
1.47, 233360
1.47, 232840
1.47, 230514
1.47, 230191
1.47, 229382
1.47, 228306
1.47, 227868
1.47, 226389
1.48, 225979
1.48, 225672
1.48, 224238
1.48, 223771
1.48, 222958
1.48, 222925
1.48, 218437
1.48, 216401
1.48, 215735
1.48, 214068
1.48, 212190
1.49, 211987
1.49, 210283
1.49, 209168
1.49, 207713
1.5, 206250
1.5, 202491
1.51, 196715
1.51, 196003
1.51, 195884
1.51, 194521
1.51, 194383
1.51, 194317
1.52, 194026
1.52, 193849
1.52, 193553
1.52, 191531
1.52, 191310
1.52, 190663
1.52, 189095
1.53, 185188
1.53, 185014
1.53, 183280
1.53, 182910
1.53, 182672
1.53, 179113
1.53, 176882
1.53, 173655
1.53, 173466
1.54, 173299
1.54, 171930
1.54, 169790
1.54, 169121
1.54, 168776
1.54, 167090
1.56, 166960
1.56, 166055
1.57, 165941
1.57, 164251
1.57, 164068
1.57, 162680
1.58, 161493
1.58, 158470
1.58, 156752
1.58, 155887
1.58, 154369
1.58, 154244
1.58, 151918
1.58, 151676
1.59, 150555
1.59, 149761
1.59, 149726
1.59, 148790
1.59, 148396
1.59, 148304
1.59, 147000
1.59, 146531
1.59, 146529
1.6, 141052
1.6, 140572
1.6, 140146
1.6, 140079
1.6, 139906
1.6, 139389
1.6, 139218
1.6, 137852
1.6, 137571
1.61, 137437
1.61, 133979
1.61, 133446
1.62, 131351
1.62, 130659
1.63, 130445
1.63, 130305
1.65, 129987
1.65, 128644
1.65, 128495
1.65, 128335
1.65, 128309
1.65, 127688
1.65, 127277
1.65, 127273
1.66, 124672
1.66, 123965
1.68, 123442
1.68, 123200
1.71, 122045
1.71, 121490
1.71, 120666
1.71, 120038
1.71, 118884
1.71, 118805
1.71, 118302
1.71, 118195
1.71, 118123
1.72, 116720
1.74, 115956
1.74, 115747
1.74, 114678
1.74, 114271
1.75, 113626
1.75, 113144
1.76, 113112
1.76, 112174
1.77, 112005
1.78, 111894
1.79, 111730
1.79, 111181
1.8, 110996
1.8, 110879
1.81, 110726
1.81, 109345
1.81, 108830
1.82, 108354
1.82, 107801
1.82, 107148
1.83, 106737
1.86, 106560
1.86, 105995
1.87, 105676
1.9, 105587
1.9, 105474
1.91, 105447
1.91, 105321
1.98, 105198
2.03, 104555
