0.01, 578213
0.01, 577946
0.01, 577394
0.01, 572600
0.01, 571505
0.01, 567329
0.01, 556509
0.01, 552351
0.01, 552066
0.01, 531857
0.01, 531461
0.01, 528622
0.01, 528547
0.01, 521832
0.01, 512667
0.01, 512483
0.02, 509016
0.02, 504663
0.02, 504469
0.02, 496569
0.02, 494305
0.02, 489489
0.02, 488137
0.02, 485782
0.02, 483016
0.04, 481533
0.04, 479890
0.04, 478420
0.04, 478172
0.04, 459532
0.04, 458498
0.04, 452001
0.04, 444327
0.04, 431287
1.18, 427030
1.2, 425966
1.2, 418419
1.23, 413675
1.23, 406726
1.23, 406452
1.23, 405402
1.23, 405103
1.23, 404270
1.24, 403079
1.24, 399691
1.33, 394503
1.34, 386710
1.34, 384915
1.34, 384838
1.34, 382878
1.34, 375090
1.34, 373784
1.34, 367106
1.34, 357783
1.34, 349260
1.34, 348401
1.34, 342862
1.34, 335616
1.35, 335236
1.35, 334662
1.38, 334393
1.38, 333334
1.39, 331191
1.39, 330371
1.39, 329553
1.39, 327870
1.39, 326851
1.39, 325010
1.39, 324854
1.39, 324000
1.39, 323884
1.39, 322482
1.39, 321047
1.39, 318269
1.4, 316605
1.4, 315040
1.41, 314688
1.41, 311718
1.41, 309226
1.41, 307886
1.41, 305749
1.41, 303895
1.41, 303397
1.41, 297159
1.41, 296643
1.41, 293635
1.42, 292370
1.42, 288688
1.42, 287816
1.42, 286639
1.42, 286477
1.42, 283292
1.42, 283080
1.42, 281784
1.42, 275722
1.42, 274547
1.42, 272068
1.43, 271883
1.43, 270452
1.43, 267169
1.43, 265540
1.43, 262383
1.43, 261706
1.45, 260006
1.45, 255206
1.45, 255074
1.45, 253073
1.45, 252628
1.45, 252527
1.45, 252297
1.46, 252090
1.46, 251448
1.46, 251437
1.46, 250419
1.46, 249903
1.46, 249688
1.46, 245376
1.46, 245180
1.46, 243872
1.46, 242778
1.46, 241521
1.46, 239288
1.46, 239162
1.47, 238146
1.47, 236535
1.48, 235503
1.49, 234462
1.49, 233154
1.49, 233104
1.49, 227279
1.49, 222501
1.49, 221947
1.49, 220652
1.49, 220259
1.49, 218590
1.49, 218367
1.49, 216709
1.5, 216508
1.5, 213787
1.51, 213505
1.52, 209992
1.52, 209827
1.52, 205788
1.52, 202533
1.52, 199056
1.52, 196605
1.52, 193848
1.52, 192616
1.52, 191872
1.52, 191741
1.52, 191207
1.53, 190150
1.53, 189473
1.53, 187338
1.53, 184911
1.53, 183723
1.53, 183130
1.54, 182476
1.54, 182233
1.54, 181119
1.54, 177933
1.54, 177341
1.54, 175469
1.54, 174905
1.54, 174580
1.54, 173721
1.54, 172138
1.54, 171996
1.54, 171703
1.54, 171543
1.54, 171306
1.54, 170125
1.54, 168091
1.54, 168031
1.54, 167213
1.54, 166755
1.54, 166698
1.54, 165404
1.55, 165257
1.56, 163616
1.56, 163545
1.56, 163503
1.56, 161387
1.57, 160797
1.57, 158648
1.57, 158632
1.57, 156492
1.57, 156111
1.58, 155615
1.58, 155348
1.58, 154823
1.58, 154649
1.58, 154249
1.58, 153410
1.58, 152549
1.59, 151833
1.59, 150448
1.59, 149868
1.59, 149553
1.59, 148848
1.59, 148411
1.59, 146647
1.59, 145630
1.59, 145333
1.59, 144455
1.59, 143275
1.59, 143239
1.59, 142769
1.59, 142274
1.59, 141608
1.59, 139529
1.59, 138814
1.59, 136856
1.59, 136659
1.6, 136501
1.6, 136199
1.6, 134702
1.6, 134605
1.61, 134040
1.61, 134008
1.62, 133318
1.62, 133314
1.62, 132940
1.62, 131644
1.62, 131370
1.62, 130616
1.62, 129863
1.62, 129130
1.62, 129094
1.63, 127993
1.63, 127491
1.63, 126964
1.63, 126525
1.65, 126382
1.65, 125627
1.65, 125395
1.65, 124917
1.66, 124872
1.66, 124680
1.66, 124569
1.67, 124559
1.67, 124435
1.67, 124357
1.67, 123683
1.67, 123476
1.67, 123349
1.68, 122141
1.68, 121476
1.68, 120743
1.69, 120290
1.69, 119703
1.73, 118377
1.73, 118210
1.74, 118107
1.74, 117925
1.74, 116726
1.75, 116078
1.75, 116059
1.76, 115787
1.76, 115365
1.76, 115076
1.8, 115028
1.8, 114991
1.8, 112918
1.81, 112731
1.81, 112403
1.82, 112085
1.82, 111091
1.82, 110916
1.83, 110550
1.84, 110523
1.85, 110440
1.85, 110390
1.85, 109463
1.85, 109396
1.85, 109167
1.85, 108769
1.86, 108618
1.89, 108615
1.9, 108298
1.9, 107959
1.91, 107453
1.97, 106763
1.97, 106265
1.99, 106215
2.02, 106210
2.07, 105703
2.08, 105689
2.11, 105662
