0.01, 536456
0.01, 523939
0.01, 520750
0.01, 513636
0.01, 513576
0.01, 509896
0.01, 508675
0.01, 501670
0.01, 500030
0.02, 499646
0.02, 496396
0.04, 496024
0.04, 491999
0.05, 484496
0.05, 484185
0.18, 471869
0.38, 466633
0.58, 465738
0.85, 460016
1.07, 455138
1.07, 454523
1.08, 454468
1.08, 446996
1.08, 446255
1.09, 439589
1.09, 435309
1.14, 433844
1.14, 430169
1.14, 429642
1.15, 428107
1.15, 427896
1.19, 424920
1.2, 423566
1.2, 421908
1.2, 421614
1.2, 416881
1.2, 414854
1.21, 413986
1.23, 413839
1.23, 412263
1.23, 410076
1.23, 403130
1.23, 401390
1.26, 398922
1.26, 396425
1.26, 389363
1.26, 388812
1.31, 388603
1.33, 385204
1.33, 384212
1.33, 381026
1.33, 380223
1.34, 379494
1.36, 378124
1.36, 374238
1.36, 371293
1.36, 367771
1.36, 361721
1.36, 359808
1.36, 354290
1.36, 352668
1.36, 350818
1.36, 338335
1.36, 338006
1.36, 334624
1.39, 331256
1.39, 330140
1.39, 329720
1.39, 328159
1.39, 327934
1.39, 327538
1.39, 324356
1.39, 322675
1.4, 318060
1.4, 316520
1.4, 315173
1.4, 313641
1.4, 312881
1.4, 312614
1.4, 308003
1.4, 304839
1.41, 302403
1.41, 301465
1.41, 300744
1.43, 297053
1.43, 293140
1.43, 291538
1.43, 284758
1.44, 274482
1.44, 273889
1.44, 272035
1.44, 270792
1.44, 267969
1.44, 267039
1.44, 262881
1.45, 262404
1.45, 259014
1.45, 258936
1.45, 256967
1.45, 253773
1.45, 252597
1.45, 249992
1.45, 249252
1.45, 245586
1.45, 242927
1.45, 241815
1.45, 240009
1.45, 236696
1.45, 235641
1.45, 233822
1.45, 230380
1.45, 226974
1.45, 223081
1.45, 222314
1.46, 220113
1.46, 219505
1.46, 218680
1.46, 218470
1.46, 218152
1.46, 218065
1.46, 216252
1.47, 215715
1.47, 214663
1.47, 212804
1.47, 212254
1.47, 211988
1.47, 211224
1.48, 210782
1.48, 210477
1.48, 208601
1.48, 207940
1.48, 207789
1.49, 205002
1.49, 203529
1.49, 203446
1.49, 203277
1.49, 202152
1.5, 202067
1.5, 201975
1.5, 197141
1.5, 197129
1.5, 194828
1.5, 192617
1.5, 192497
1.5, 191543
1.5, 190026
1.51, 189935
1.51, 188277
1.51, 187804
1.51, 186889
1.51, 186835
1.52, 185419
1.52, 185408
1.52, 183689
1.52, 180243
1.52, 179754
1.52, 178932
1.52, 178287
1.52, 177470
1.52, 173393
1.52, 171947
1.53, 171499
1.53, 171246
1.54, 170311
1.54, 170191
1.54, 170020
1.55, 169200
1.56, 167208
1.56, 166909
1.56, 166068
1.57, 165510
1.57, 163552
1.57, 163293
1.57, 162291
1.57, 161503
1.57, 161316
1.57, 157442
1.57, 157230
1.58, 157020
1.58, 154791
1.59, 154296
1.59, 153479
1.59, 153425
1.59, 151472
1.59, 151170
1.59, 150329
1.59, 150152
1.59, 150093
1.59, 149522
1.59, 148854
1.59, 148835
1.59, 147593
1.59, 146632
1.59, 145722
1.59, 145236
1.59, 143130
1.59, 142873
1.6, 142545
1.6, 141628
1.6, 140682
1.6, 140418
1.6, 140199
1.6, 140174
1.6, 140153
1.61, 139294
1.61, 138931
1.61, 138305
1.61, 138058
1.61, 137607
1.61, 137201
1.61, 135860
1.61, 132379
1.61, 129848
1.62, 129628
1.63, 129113
1.63, 128950
1.63, 126375
1.63, 124569
1.64, 124519
1.64, 124353
1.64, 124184
1.65, 123902
1.66, 123871
1.66, 123128
1.66, 122960
1.66, 122756
1.66, 122455
1.66, 122373
1.66, 121608
1.67, 121547
1.67, 121379
1.67, 120994
1.68, 120683
1.68, 120604
1.68, 120082
1.69, 119778
1.69, 118250
1.69, 117575
1.69, 116631
1.69, 116242
1.7, 115939
1.74, 115749
1.74, 115008
1.74, 113788
1.74, 113052
1.75, 112842
1.75, 112776
1.75, 112517
1.75, 112335
1.75, 112305
1.75, 111899
1.75, 111456
1.75, 111416
1.75, 111054
1.75, 110632
1.77, 109810
1.77, 109718
1.77, 109369
1.78, 109143
1.78, 108440
1.78, 108405
1.78, 108378
1.85, 107904
1.85, 107761
1.87, 107532
1.92, 107197
1.93, 107189
1.95, 106860
1.98, 106839
2.0, 106734
2.03, 106591
2.04, 106559
2.26, 106483
2.27, 106475
2.32, 106301
