0.01, 542452
0.01, 538108
0.01, 536139
0.01, 517992
0.01, 517631
0.01, 512667
0.01, 506274
0.01, 506145
0.02, 505748
0.04, 505702
0.09, 504658
0.1, 498838
0.1, 498055
0.1, 497141
0.1, 486538
0.1, 477550
0.1, 477318
0.1, 476283
0.1, 474449
0.1, 470024
0.1, 451179
1.09, 448047
1.09, 444947
1.09, 438993
1.09, 436216
1.17, 435659
1.17, 434178
1.17, 430932
1.17, 430385
1.17, 425495
1.17, 424627
1.19, 421367
1.19, 418134
1.19, 416369
1.19, 408922
1.19, 408456
1.19, 407140
1.19, 406109
1.21, 404567
1.21, 402225
1.28, 401517
1.28, 397239
1.28, 388855
1.28, 376025
1.28, 372696
1.28, 366426
1.28, 363382
1.28, 362465
1.28, 359394
1.28, 358565
1.28, 358259
1.29, 357681
1.29, 353877
1.29, 353432
1.32, 352154
1.32, 350652
1.33, 350119
1.33, 348571
1.33, 346379
1.33, 343514
1.35, 338671
1.35, 336337
1.35, 333216
1.35, 333109
1.35, 331893
1.35, 330195
1.37, 329350
1.37, 328712
1.37, 326372
1.37, 325351
1.37, 321819
1.37, 321507
1.37, 319751
1.38, 319352
1.38, 317707
1.38, 313413
1.38, 311638
1.38, 306832
1.38, 302548
1.38, 300592
1.38, 298109
1.39, 286268
1.39, 284398
1.39, 279940
1.39, 278849
1.39, 276339
1.46, 274888
1.46, 274085
1.46, 268938
1.47, 263200
1.47, 258898
1.47, 258437
1.47, 252825
1.47, 252595
1.49, 251063
1.49, 250088
1.49, 249449
1.49, 246844
1.49, 245461
1.49, 244609
1.49, 243006
1.49, 241916
1.5, 241773
1.5, 240526
1.5, 239799
1.5, 239267
1.5, 235182
1.51, 234350
1.51, 233934
1.51, 231012
1.51, 230374
1.51, 229150
1.51, 227702
1.52, 226578
1.53, 224175
1.53, 223454
1.53, 223031
1.53, 220658
1.53, 219432
1.53, 215623
1.53, 214838
1.53, 214598
1.53, 212279
1.54, 211099
1.54, 208109
1.56, 207879
1.56, 207024
1.56, 206838
1.57, 204152
1.58, 202501
1.58, 202010
1.59, 201663
1.59, 200076
1.59, 199981
1.59, 199602
1.6, 198672
1.6, 190856
1.61, 190314
1.61, 190219
1.61, 189726
1.62, 189093
1.62, 185868
1.62, 185599
1.62, 183935
1.63, 183115
1.63, 182653
1.63, 180496
1.63, 180335
1.63, 179489
1.63, 179312
1.63, 178066
1.63, 177373
1.63, 176189
1.63, 175862
1.63, 175832
1.63, 174570
1.63, 174016
1.67, 172570
1.67, 171557
1.69, 170071
1.7, 169514
1.7, 167516
1.7, 164502
1.7, 163453
1.7, 163358
1.7, 162746
1.7, 162103
1.7, 161556
1.71, 160841
1.71, 159897
1.71, 159833
1.71, 159277
1.71, 158337
1.71, 157393
1.71, 155992
1.72, 155325
1.72, 150454
1.72, 149623
1.76, 149465
1.76, 149105
1.76, 147999
1.76, 147609
1.76, 146866
1.76, 146766
1.76, 146201
1.77, 146172
1.77, 145929
1.77, 144796
1.77, 144491
1.77, 144049
1.78, 143952
1.78, 143902
1.78, 143525
1.8, 143516
1.8, 143063
1.8, 142094
1.8, 140473
1.81, 139393
1.81, 138894
1.81, 138153
1.81, 136590
1.81, 136492
1.81, 135680
1.82, 135495
1.82, 135175
1.82, 134884
1.82, 133886
1.82, 133373
1.82, 129534
1.82, 129443
1.83, 128679
1.9, 128537
1.92, 128332
1.92, 128043
1.93, 127286
1.93, 126443
1.93, 124055
1.94, 123588
1.94, 123268
1.94, 123155
1.96, 121499
1.97, 121169
1.97, 120880
1.97, 120348
1.97, 120129
1.97, 118592
1.98, 118588
1.98, 117468
1.98, 117297
1.99, 116617
1.99, 116192
1.99, 116126
1.99, 116009
1.99, 115365
1.99, 114731
1.99, 113130
2.0, 112586
2.0, 111822
2.0, 111601
2.01, 109846
2.01, 108571
2.1, 106912
2.13, 106345
2.16, 106153
2.19, 105590
2.19, 105546
2.23, 105125
