0.01, 543413
0.01, 529186
0.01, 520617
0.01, 520528
0.01, 517124
0.03, 516697
0.03, 516403
0.03, 515695
0.03, 510313
0.03, 500142
0.03, 488397
0.03, 485890
0.03, 483344
0.04, 482805
0.19, 476109
0.19, 475164
0.78, 470033
0.78, 467703
0.78, 463476
0.78, 459833
0.78, 459071
0.78, 451623
0.78, 451395
0.78, 450613
1.12, 448224
1.12, 443207
1.12, 439513
1.12, 436441
1.12, 435079
1.12, 431370
1.14, 431236
1.14, 430984
1.14, 428102
1.14, 426271
1.14, 421512
1.14, 421244
1.18, 420424
1.18, 416019
1.18, 413599
1.18, 413423
1.18, 411973
1.18, 411578
1.18, 397800
1.18, 396616
1.18, 395499
1.18, 392022
1.28, 385710
1.28, 385622
1.28, 382304
1.28, 380829
1.28, 380610
1.28, 379864
1.28, 378732
1.29, 378448
1.29, 371871
1.29, 369232
1.29, 361781
1.35, 360533
1.35, 358428
1.35, 357184
1.35, 353589
1.35, 352875
1.35, 351340
1.35, 349955
1.35, 346340
1.35, 345569
1.35, 345013
1.35, 344085
1.35, 341222
1.35, 339714
1.35, 337130
1.35, 333884
1.35, 331725
1.36, 330891
1.36, 329107
1.36, 328104
1.36, 322420
1.36, 321816
1.36, 319115
1.36, 317810
1.36, 317477
1.36, 314164
1.38, 309975
1.38, 308338
1.38, 300312
1.38, 298923
1.38, 294515
1.38, 290630
1.38, 290071
1.38, 288205
1.38, 285619
1.39, 285168
1.39, 284948
1.39, 282997
1.39, 278323
1.43, 277606
1.43, 277567
1.43, 276323
1.43, 275726
1.43, 272872
1.43, 272581
1.43, 270558
1.43, 269348
1.43, 268219
1.43, 264592
1.43, 263155
1.43, 261966
1.44, 257824
1.44, 257742
1.44, 256068
1.44, 253192
1.44, 252706
1.44, 249981
1.44, 248773
1.51, 247744
1.51, 246356
1.51, 244050
1.52, 243573
1.52, 233725
1.52, 229793
1.52, 229753
1.52, 225979
1.52, 225367
1.52, 223999
1.52, 223785
1.52, 223293
1.52, 221039
1.52, 220660
1.52, 217769
1.52, 215889
1.53, 214918
1.53, 210578
1.53, 210377
1.53, 209586
1.53, 208961
1.53, 208432
1.53, 207090
1.53, 206847
1.53, 206673
1.53, 205112
1.53, 204771
1.53, 203357
1.53, 202733
1.53, 200968
1.53, 200836
1.53, 199568
1.53, 197654
1.53, 197342
1.53, 194380
1.53, 193836
1.53, 192111
1.53, 192021
1.53, 190596
1.53, 190315
1.54, 189662
1.54, 189007
1.54, 188627
1.54, 188421
1.54, 187186
1.54, 185192
1.54, 185158
1.54, 182845
1.54, 182120
1.54, 181259
1.54, 180284
1.54, 179163
1.55, 177133
1.56, 175904
1.56, 174691
1.56, 174680
1.56, 173426
1.59, 170399
1.59, 168933
1.59, 168667
1.59, 166776
1.6, 164632
1.6, 163489
1.6, 162736
1.6, 162260
1.61, 161555
1.61, 161209
1.61, 160769
1.63, 159633
1.63, 158333
1.63, 156428
1.63, 156129
1.63, 154526
1.63, 154285
1.63, 153731
1.63, 151640
1.63, 151582
1.64, 149879
1.64, 149770
1.64, 148451
1.65, 147418
1.65, 147282
1.65, 147254
1.65, 147222
1.65, 146033
1.65, 145891
1.65, 145602
1.65, 144417
1.65, 143434
1.66, 142227
1.66, 142081
1.66, 141356
1.66, 141268
1.67, 141144
1.67, 140934
1.67, 140474
1.67, 140030
1.68, 138754
1.68, 138117
1.68, 136448
1.69, 135894
1.69, 135854
1.69, 135238
1.7, 134222
1.7, 133342
1.71, 131930
1.71, 131831
1.71, 131735
1.72, 131348
1.72, 131171
1.73, 130696
1.73, 130554
1.73, 129578
1.73, 128890
1.73, 128571
1.73, 127657
1.73, 127549
1.73, 126825
1.73, 126118
1.73, 126022
1.73, 125775
1.74, 124739
1.74, 124114
1.74, 123937
1.74, 123459
1.74, 123213
1.75, 122920
1.75, 122903
1.75, 122818
1.76, 122111
1.77, 120853
1.77, 116838
1.77, 115620
1.77, 114405
1.81, 114076
1.83, 113407
1.83, 113203
1.84, 112817
1.85, 112657
1.85, 111019
1.85, 111011
1.85, 110461
1.85, 110426
1.88, 109093
1.88, 108997
1.88, 108190
1.91, 108131
1.91, 107361
1.91, 106995
1.91, 106803
1.93, 106327
1.93, 106262
1.93, 105529
1.93, 105235
1.99, 105115
2.01, 105088
2.02, 105061
2.06, 105053
2.09, 104492
2.09, 104426
2.09, 103659
2.1, 103574
2.16, 103374
