0.01, 534472
0.01, 534311
0.01, 533768
0.01, 532528
0.01, 516516
0.01, 503298
0.01, 493491
0.01, 489973
0.01, 485484
0.01, 484747
0.01, 463044
0.12, 460589
0.57, 459509
0.57, 453632
0.57, 453223
1.01, 453013
1.01, 443591
1.01, 439698
1.07, 437632
1.07, 431602
1.07, 431353
1.07, 430405
1.07, 429207
1.07, 427320
1.11, 426771
1.11, 424694
1.11, 419581
1.12, 418717
1.2, 408852
1.2, 408031
1.2, 407996
1.2, 405885
1.2, 404834
1.2, 403946
1.2, 401447
1.26, 400434
1.26, 398378
1.29, 390603
1.29, 390161
1.29, 386822
1.29, 381592
1.29, 376529
1.29, 376160
1.29, 375325
1.29, 373861
1.29, 367956
1.29, 364093
1.29, 362505
1.29, 356071
1.29, 351329
1.29, 349652
1.37, 349189
1.37, 345901
1.37, 339389
1.37, 333140
1.37, 331611
1.37, 328113
1.39, 324836
1.39, 324320
1.39, 323371
1.39, 323140
1.39, 322694
1.39, 321898
1.39, 321011
1.39, 319677
1.39, 319200
1.39, 317814
1.39, 317045
1.4, 316242
1.4, 315944
1.4, 315188
1.4, 308327
1.4, 306041
1.4, 302169
1.4, 300018
1.4, 297870
1.4, 297677
1.4, 297280
1.4, 294219
1.4, 293756
1.4, 293335
1.4, 292375
1.42, 291995
1.43, 291421
1.43, 290111
1.43, 288932
1.43, 287595
1.43, 286158
1.43, 285201
1.43, 282982
1.43, 281069
1.43, 280188
1.43, 277699
1.43, 276363
1.43, 275576
1.43, 273154
1.44, 272018
1.44, 271569
1.44, 270486
1.44, 270235
1.44, 269648
1.44, 268912
1.44, 267237
1.44, 266268
1.44, 263929
1.44, 263919
1.44, 263184
1.44, 262791
1.45, 258772
1.45, 258200
1.45, 254921
1.45, 253534
1.45, 252081
1.45, 251149
1.45, 246028
1.45, 240509
1.45, 239254
1.45, 239020
1.46, 236327
1.46, 230131
1.46, 229786
1.46, 226563
1.46, 224728
1.46, 224669
1.49, 224493
1.49, 221823
1.49, 221392
1.49, 218947
1.49, 216152
1.49, 216110
1.49, 215872
1.49, 215498
1.5, 209119
1.5, 208315
1.5, 208159
1.5, 208005
1.5, 207362
1.5, 206964
1.51, 206032
1.51, 205126
1.51, 203963
1.51, 202953
1.51, 202684
1.51, 202520
1.51, 202010
1.51, 201349
1.51, 200568
1.51, 199751
1.51, 197915
1.51, 197898
1.51, 197874
1.55, 196704
1.55, 196402
1.55, 195921
1.55, 195916
1.55, 194909
1.55, 192329
1.55, 190814
1.56, 189145
1.56, 188650
1.56, 188375
1.56, 187796
1.56, 187252
1.56, 185740
1.57, 183260
1.57, 182342
1.57, 181072
1.57, 180802
1.57, 178772
1.57, 178557
1.57, 177842
1.57, 177445
1.57, 175597
1.57, 175568
1.57, 175158
1.57, 174230
1.57, 173983
1.57, 172679
1.57, 170341
1.57, 169947
1.58, 169885
1.58, 169774
1.58, 169365
1.59, 168943
1.59, 168443
1.59, 167345
1.59, 166456
1.59, 166396
1.59, 166161
1.59, 165764
1.59, 164870
1.59, 164423
1.59, 161695
1.59, 157185
1.59, 155494
1.59, 154888
1.59, 154247
1.59, 153799
1.6, 151481
1.6, 150026
1.6, 149323
1.61, 149286
1.61, 149194
1.61, 149025
1.61, 148665
1.61, 148254
1.61, 148119
1.62, 147064
1.62, 146137
1.62, 146096
1.62, 145970
1.62, 145195
1.62, 145184
1.62, 144803
1.62, 144783
1.62, 142152
1.62, 141376
1.62, 139495
1.62, 139486
1.62, 138906
1.62, 138708
1.62, 138672
1.62, 138670
1.63, 138099
1.63, 136824
1.63, 136744
1.63, 136512
1.64, 136349
1.64, 136275
1.64, 135896
1.64, 135886
1.65, 135764
1.65, 133547
1.66, 133337
1.66, 131534
1.67, 131352
1.67, 131052
1.67, 129855
1.67, 129533
1.67, 129358
1.68, 128322
1.69, 127046
1.69, 126818
1.71, 126172
1.71, 123715
1.71, 123507
1.71, 122940
1.71, 122284
1.71, 122086
1.71, 121834
1.71, 121082
1.71, 120281
1.71, 120071
1.71, 119428
1.71, 119418
1.71, 118540
1.71, 117821
1.71, 117057
1.71, 115841
1.73, 115800
1.78, 115485
1.79, 115194
1.79, 114777
1.79, 113641
1.79, 113466
1.79, 113245
1.79, 112308
1.8, 111225
1.8, 110007
1.8, 109868
1.86, 109051
1.88, 108703
1.88, 108528
1.89, 108359
1.89, 108075
1.91, 107828
1.91, 107818
1.98, 107754
1.99, 107738
2.03, 107663
2.06, 107553
2.09, 107401
2.32, 107371
2.51, 107358
2.67, 107161
