0.01, 553812
0.01, 551124
0.01, 538027
0.01, 532829
0.01, 529358
0.01, 526836
0.01, 524609
0.02, 518604
0.02, 516092
0.02, 511874
0.02, 506653
0.02, 502006
0.02, 501063
0.02, 499639
0.02, 498460
0.02, 494587
0.02, 480532
0.28, 478162
0.49, 471034
0.49, 467434
0.5, 457890
0.5, 447453
0.5, 445748
0.5, 444981
1.13, 444793
1.22, 439268
1.22, 435961
1.22, 434325
1.22, 433864
1.22, 432505
1.22, 429523
1.22, 429124
1.25, 427405
1.25, 418337
1.25, 411387
1.27, 409811
1.27, 408679
1.27, 407540
1.27, 393202
1.27, 392356
1.27, 391614
1.27, 389951
1.27, 389123
1.27, 388900
1.27, 388491
1.27, 387793
1.27, 384346
1.28, 382537
1.28, 380819
1.28, 380216
1.29, 376443
1.32, 371926
1.32, 370772
1.32, 369016
1.32, 366956
1.32, 366493
1.32, 364201
1.32, 363620
1.34, 359238
1.34, 358984
1.34, 358951
1.34, 350636
1.34, 348786
1.34, 348690
1.38, 348451
1.38, 346354
1.38, 344838
1.38, 344294
1.38, 344124
1.38, 343282
1.38, 342018
1.38, 340910
1.38, 337914
1.39, 333448
1.39, 333206
1.39, 331986
1.39, 331942
1.39, 326623
1.39, 320776
1.39, 318971
1.39, 310952
1.39, 309007
1.39, 307480
1.39, 300165
1.39, 297936
1.39, 296922
1.39, 292051
1.39, 289401
1.39, 287844
1.4, 286679
1.4, 285154
1.4, 280800
1.4, 279885
1.4, 279206
1.4, 275235
1.4, 275200
1.41, 274471
1.41, 272989
1.41, 271217
1.41, 268318
1.41, 262948
1.46, 261873
1.47, 261236
1.47, 260034
1.49, 255641
1.49, 255485
1.49, 253783
1.49, 251875
1.49, 250542
1.49, 249422
1.49, 248477
1.49, 248082
1.49, 247449
1.49, 246632
1.49, 246630
1.49, 244175
1.49, 242730
1.49, 240553
1.49, 240358
1.5, 240075
1.5, 238906
1.5, 236228
1.5, 234186
1.5, 233533
1.5, 233504
1.5, 231567
1.5, 231003
1.5, 226672
1.5, 226430
1.5, 226050
1.5, 225966
1.5, 225798
1.5, 220631
1.5, 217311
1.5, 215885
1.5, 215094
1.5, 213768
1.5, 212743
1.51, 212380
1.51, 212032
1.51, 211971
1.51, 211695
1.51, 211665
1.51, 211542
1.51, 211135
1.51, 210337
1.51, 207625
1.52, 205042
1.52, 204940
1.52, 202981
1.52, 201598
1.52, 200317
1.52, 199270
1.52, 198445
1.52, 197413
1.52, 196235
1.52, 195919
1.52, 195684
1.52, 195526
1.52, 193645
1.52, 193296
1.53, 193084
1.53, 191890
1.54, 191801
1.54, 191523
1.54, 188341
1.54, 188270
1.55, 187126
1.55, 187096
1.55, 186409
1.56, 183744
1.56, 182388
1.56, 180795
1.58, 179437
1.58, 178861
1.58, 178152
1.58, 177800
1.58, 177694
1.58, 176769
1.58, 176685
1.58, 176343
1.58, 174803
1.58, 173637
1.58, 173095
1.58, 171926
1.58, 171778
1.58, 168037
1.59, 167110
1.59, 166390
1.59, 164532
1.59, 164142
1.59, 162925
1.6, 162148
1.6, 162146
1.6, 161146
1.6, 159999
1.6, 159905
1.6, 159041
1.6, 157334
1.6, 155613
1.6, 155237
1.6, 154176
1.6, 153930
1.6, 153392
1.6, 153296
1.6, 152970
1.61, 152378
1.61, 152190
1.61, 150371
1.61, 149758
1.61, 149715
1.61, 149515
1.61, 149449
1.62, 147554
1.62, 146872
1.62, 146839
1.62, 146731
1.63, 146709
1.63, 146518
1.63, 146382
1.63, 146285
1.63, 145990
1.63, 145934
1.63, 145931
1.63, 144528
1.63, 144406
1.63, 143939
1.63, 141480
1.64, 141071
1.64, 141065
1.64, 140826
1.64, 139907
1.65, 139320
1.66, 139247
1.66, 135129
1.67, 133976
1.67, 133420
1.67, 133000
1.68, 128262
1.69, 127995
1.69, 126522
1.69, 126469
1.7, 125655
1.71, 125310
1.72, 125246
1.73, 124837
1.73, 124619
1.73, 124373
1.74, 124018
1.74, 123991
1.74, 123388
1.76, 123044
1.78, 123008
1.79, 122995
1.79, 122003
1.79, 121239
1.8, 120807
1.8, 120762
1.81, 120610
1.81, 119941
1.82, 119716
1.82, 118739
1.82, 117801
1.82, 117739
1.82, 117704
1.85, 117585
1.87, 117136
1.89, 116898
1.89, 116128
1.89, 115960
1.9, 115897
1.9, 115766
1.9, 115588
1.9, 115455
1.9, 115263
1.9, 115076
1.9, 115050
1.91, 115027
1.91, 114811
1.91, 114629
1.91, 114381
1.91, 113867
1.92, 112981
1.94, 112973
1.94, 112935
1.94, 112549
1.95, 112366
1.95, 112227
1.95, 111802
1.96, 111766
1.96, 109109
1.97, 108482
1.97, 107652
1.98, 107529
1.99, 107502
2.05, 107399
2.05, 106784
2.05, 105954
2.06, 105873
2.06, 104768
2.06, 104754
