0.01, 565916
0.01, 549004
0.01, 543866
0.01, 540603
0.01, 540379
0.01, 535258
0.01, 534328
0.01, 521704
0.01, 520412
0.01, 517783
0.01, 516509
0.04, 515798
0.05, 515222
0.05, 515095
0.05, 512563
0.05, 511830
0.05, 511787
0.05, 502241
0.08, 501847
0.1, 497105
0.1, 496466
0.11, 489427
0.11, 476152
0.15, 474204
0.15, 471845
0.15, 470678
0.15, 466647
0.15, 462151
0.15, 453642
0.47, 452740
1.2, 446341
1.2, 439955
1.2, 439241
1.2, 426688
1.24, 422605
1.24, 420555
1.27, 420290
1.27, 419825
1.27, 418671
1.27, 418126
1.27, 415608
1.27, 412972
1.27, 400963
1.27, 397849
1.27, 393104
1.27, 390358
1.28, 389680
1.28, 387549
1.28, 386362
1.28, 385717
1.28, 383894
1.28, 383576
1.28, 378436
1.28, 374057
1.28, 373673
1.28, 369933
1.28, 369508
1.28, 368083
1.28, 361999
1.28, 360451
1.28, 357138
1.28, 356371
1.35, 355542
1.35, 355015
1.35, 354468
1.35, 352040
1.35, 344723
1.36, 343424
1.36, 342866
1.36, 340665
1.36, 340550
1.36, 338480
1.36, 334827
1.36, 332845
1.37, 328753
1.37, 328480
1.43, 328198
1.43, 327112
1.43, 324553
1.44, 320475
1.44, 317372
1.44, 316055
1.44, 312968
1.44, 312283
1.44, 309612
1.44, 308603
1.44, 307686
1.44, 307133
1.45, 305916
1.46, 303864
1.46, 303448
1.46, 296340
1.47, 289513
1.47, 283726
1.47, 281818
1.47, 278437
1.47, 277256
1.47, 277201
1.47, 276999
1.47, 276924
1.47, 276809
1.47, 276056
1.48, 275533
1.48, 274296
1.48, 272429
1.48, 272337
1.5, 271515
1.5, 269759
1.5, 269229
1.5, 269085
1.5, 268603
1.5, 267507
1.51, 263100
1.51, 262430
1.52, 261572
1.52, 258741
1.52, 256995
1.52, 254848
1.52, 251667
1.53, 246330
1.53, 245742
1.53, 245062
1.53, 243495
1.54, 243192
1.54, 240095
1.54, 239036
1.54, 238173
1.54, 237878
1.55, 237058
1.55, 231603
1.55, 231239
1.55, 226411
1.55, 223999
1.55, 222409
1.55, 220822
1.56, 220483
1.56, 220477
1.56, 215634
1.56, 213460
1.56, 212948
1.56, 212723
1.58, 209177
1.58, 208913
1.58, 208895
1.58, 207025
1.58, 206365
1.58, 205015
1.58, 204754
1.58, 204038
1.59, 203588
1.59, 200942
1.59, 200811
1.59, 200448
1.6, 199981
1.6, 198683
1.6, 198372
1.61, 198018
1.61, 197200
1.61, 195150
1.61, 194857
1.62, 191152
1.62, 190027
1.63, 189815
1.63, 188571
1.63, 188495
1.63, 188315
1.63, 187883
1.63, 185401
1.63, 184233
1.64, 183703
1.64, 182030
1.64, 180321
1.64, 178398
1.64, 174833
1.65, 172231
1.66, 171157
1.66, 165791
1.67, 163499
1.67, 163110
1.67, 160862
1.68, 160465
1.68, 159875
1.68, 159131
1.68, 158773
1.68, 157535
1.69, 154199
1.69, 153492
1.7, 153039
1.72, 152219
1.72, 150749
1.72, 150352
1.72, 149575
1.73, 149127
1.73, 148508
1.73, 146973
1.73, 145669
1.74, 144717
1.74, 144101
1.74, 142555
1.74, 142489
1.75, 142242
1.75, 142044
1.76, 141952
1.76, 141175
1.76, 140343
1.76, 139288
1.76, 138917
1.76, 138176
1.77, 138080
1.77, 137769
1.77, 135240
1.77, 134780
1.77, 134582
1.77, 133351
1.78, 132749
1.78, 132056
1.78, 130695
1.78, 130298
1.79, 130097
1.79, 129973
1.8, 129222
1.8, 128233
1.81, 127955
1.81, 127553
1.81, 127050
1.82, 127036
1.82, 126282
1.82, 125810
1.82, 124352
1.82, 123912
1.82, 123216
1.84, 123001
1.84, 122671
1.86, 121971
1.88, 121337
1.89, 120615
1.9, 120438
1.91, 120299
1.92, 119977
1.93, 119214
1.94, 118993
1.97, 118647
1.97, 117975
1.98, 117894
1.98, 116775
1.98, 116473
1.98, 116330
1.99, 115341
2.01, 115172
2.01, 115049
2.01, 114709
2.01, 114544
2.02, 114419
2.02, 112093
2.02, 111227
2.02, 110998
2.02, 110444
2.11, 110240
2.12, 109879
2.15, 108373
2.16, 108346
2.21, 108269
2.21, 108084
2.26, 107740
2.26, 107314
2.27, 105371
2.27, 104668
2.36, 104638
2.36, 104232
2.37, 103542
