0.0, 7282229
0.0, 7270986
0.0, 7221651
0.0, 7159665
0.01, 7151189
0.01, 7099720
0.01, 7060036
0.01, 6823343
0.01, 6775938
0.01, 6700605
0.02, 6672367
0.02, 6658124
0.06, 6525912
0.06, 6500560
0.06, 6476193
0.07, 6454454
0.07, 6412872
0.2, 6238971
0.66, 6221480
0.66, 6209046
0.66, 6206841
0.81, 6183794
0.9, 6158800
0.91, 6121947
0.91, 6101924
0.94, 6095086
0.94, 6020008
0.94, 5866615
1.0, 5818399
1.08, 5796771
1.08, 5705327
1.08, 5697656
1.08, 5697016
1.08, 5652632
1.08, 5642469
1.08, 5612223
1.08, 5570572
1.2, 5496042
1.22, 5492329
1.22, 5482350
1.22, 5477790
1.22, 5411064
1.23, 5373449
1.23, 5342780
1.23, 5299236
1.23, 5278796
1.23, 5248843
1.23, 5210000
1.23, 5206498
1.23, 5112226
1.23, 5057103
1.23, 5032485
1.23, 5018798
1.23, 5017752
1.23, 4750780
1.24, 4740912
1.24, 4731718
1.26, 4714041
1.26, 4692869
1.26, 4666772
1.26, 4646361
1.26, 4643548
1.26, 4589187
1.26, 4535807
1.26, 4530664
1.26, 4500568
1.26, 4460902
1.26, 4344836
1.26, 4291867
1.27, 4275334
1.27, 4258754
1.27, 4251802
1.28, 4173640
1.28, 4102629
1.28, 4082032
1.28, 4012693
1.28, 3985913
1.28, 3962218
1.29, 3933122
1.32, 3910826
1.32, 3901606
1.32, 3891881
1.32, 3876364
1.32, 3834745
1.32, 3740172
1.32, 3717763
1.32, 3716617
1.32, 3715744
1.32, 3695051
1.32, 3497538
1.32, 3488123
1.32, 3487792
1.32, 3463519
1.32, 3459753
1.32, 3440647
1.35, 3435637
1.35, 3364845
1.35, 3360205
1.35, 3358532
1.36, 3337708
1.36, 3323074
1.36, 3313810
1.36, 3243218
1.36, 3181820
1.36, 3144443
1.36, 3035716
1.36, 3015936
1.37, 2999000
1.37, 2997956
1.37, 2949584
1.37, 2929430
1.38, 2884964
1.38, 2879734
1.38, 2842625
1.38, 2834164
1.38, 2801918
1.38, 2798384
1.38, 2737670
1.4, 2701053
1.4, 2690507
1.43, 2680035
1.44, 2673504
1.44, 2667793
1.46, 2650580
1.46, 2639122
1.47, 2620792
1.48, 2603421
1.48, 2537300
1.48, 2525449
1.48, 2518135
1.48, 2512277
1.48, 2511414
1.49, 2486700
1.49, 2469434
1.49, 2464392
1.49, 2461269
1.49, 2460687
1.49, 2450616
1.51, 2450145
1.51, 2444900
1.51, 2376987
1.51, 2351670
1.51, 2350663
1.51, 2346527
1.51, 2335352
1.52, 2335297
1.52, 2320242
1.52, 2319017
1.52, 2316994
1.52, 2290956
1.52, 2287652
1.52, 2253216
1.52, 2246836
1.52, 2210667
1.52, 2207299
1.52, 2180124
1.52, 2171151
1.52, 2160498
1.52, 2157826
1.52, 2135118
1.52, 2134610
1.53, 2122012
1.53, 2099397
1.53, 2085875
1.53, 2077162
1.53, 2058734
1.53, 2039795
1.54, 2036594
1.55, 2026729
1.55, 2011648
1.55, 2011021
1.55, 2008769
1.55, 2007304
1.55, 1994504
1.57, 1993513
1.57, 1979418
1.58, 1979043
1.58, 1961669
1.58, 1952428
1.58, 1939206
1.58, 1933541
1.58, 1898891
1.58, 1897429
1.58, 1889988
1.58, 1867622
1.59, 1866447
1.59, 1863260
1.59, 1862948
1.59, 1858526
1.59, 1853316
1.59, 1853181
1.59, 1839225
1.6, 1830500
1.6, 1828248
1.6, 1826304
1.6, 1825909
1.6, 1823494
1.62, 1818612
1.62, 1795344
1.62, 1789100
1.62, 1788355
1.62, 1781845
1.63, 1767378
1.63, 1762136
1.63, 1743378
1.63, 1733066
1.63, 1717361
1.63, 1711716
1.63, 1703811
1.63, 1703325
1.68, 1701207
1.68, 1688703
1.68, 1683549
1.68, 1682083
1.68, 1681129
1.68, 1669644
1.68, 1668469
1.68, 1663894
1.68, 1650787
1.69, 1646693
1.69, 1645706
1.69, 1635010
1.72, 1633224
1.72, 1631882
1.72, 1630048
1.72, 1629355
1.73, 1621499
1.73, 1621410
1.73, 1610720
1.78, 1609468
1.78, 1606932
1.82, 1597250
1.83, 1589562
1.83, 1585193
1.87, 1584956
1.88, 1581424
1.9, 1580561
1.92, 1579258
1.92, 1575728
1.92, 1575355
1.97, 1569563
2.02, 1568360
2.06, 1567497
