0.0, 6561923
0.0, 6533948
0.01, 6411586
0.01, 6376922
0.08, 6333331
0.2, 6285725
0.2, 6265004
0.34, 6169838
0.34, 6138930
0.52, 6019015
0.7, 5975354
1.07, 5898434
1.08, 5810580
1.13, 5791080
1.13, 5660237
1.13, 5604742
1.13, 5560919
1.13, 5430601
1.17, 5416154
1.17, 5307284
1.17, 5162116
1.17, 5153406
1.17, 5094842
1.17, 5079559
1.17, 5024538
1.17, 5015293
1.17, 5012855
1.17, 5011652
1.17, 4960086
1.17, 4937581
1.17, 4926814
1.17, 4769248
1.27, 4756776
1.27, 4735073
1.27, 4692462
1.27, 4578042
1.27, 4501222
1.27, 4500848
1.27, 4484623
1.27, 4404399
1.27, 4251171
1.27, 4151795
1.27, 4130376
1.28, 4061519
1.28, 4042764
1.28, 3992464
1.28, 3980244
1.28, 3969519
1.28, 3913434
1.29, 3859127
1.29, 3834695
1.29, 3756963
1.3, 3752439
1.33, 3749939
1.33, 3735437
1.33, 3710000
1.33, 3674768
1.33, 3638157
1.33, 3632774
1.33, 3543879
1.33, 3536223
1.33, 3534356
1.34, 3479848
1.35, 3469028
1.35, 3426555
1.35, 3376652
1.36, 3370750
1.36, 3367248
1.36, 3365901
1.36, 3361165
1.36, 3333976
1.36, 3333323
1.36, 3279916
1.36, 3252495
1.36, 3224333
1.36, 3222021
1.36, 3213980
1.36, 3180978
1.36, 3176417
1.36, 3126165
1.36, 3122919
1.36, 3053590
1.36, 3049659
1.36, 3002770
1.36, 2990092
1.38, 2975285
1.38, 2906966
1.38, 2897495
1.38, 2860250
1.38, 2837812
1.38, 2798037
1.43, 2791123
1.43, 2767258
1.43, 2762083
1.43, 2729172
1.43, 2697391
1.43, 2676548
1.43, 2652722
1.44, 2650368
1.44, 2647445
1.44, 2613689
1.44, 2611247
1.44, 2610899
1.44, 2596374
1.44, 2587887
1.45, 2583738
1.45, 2580793
1.45, 2568416
1.45, 2503609
1.45, 2483554
1.45, 2482829
1.45, 2471718
1.45, 2469229
1.46, 2439894
1.46, 2390839
1.46, 2374493
1.46, 2369699
1.46, 2368061
1.46, 2364619
1.46, 2353243
1.46, 2333802
1.46, 2329409
1.46, 2323463
1.46, 2314658
1.46, 2311395
1.46, 2304224
1.46, 2291832
1.47, 2224884
1.47, 2223808
1.47, 2199297
1.47, 2190378
1.47, 2188153
1.47, 2186044
1.47, 2166938
1.49, 2140685
1.49, 2133530
1.5, 2129741
1.5, 2129242
1.5, 2122064
1.5, 2109560
1.5, 2086361
1.5, 2086057
1.51, 2085178
1.51, 2084116
1.51, 2079962
1.51, 2079669
1.51, 2077684
1.51, 2071294
1.51, 2067204
1.51, 2064560
1.51, 2053385
1.51, 2046997
1.51, 2038814
1.52, 2022844
1.52, 2021317
1.52, 1993773
1.52, 1985612
1.52, 1985535
1.52, 1981417
1.53, 1979112
1.53, 1954966
1.53, 1940499
1.54, 1937608
1.54, 1932768
1.54, 1923244
1.54, 1920199
1.54, 1911736
1.54, 1895271
1.54, 1882229
1.54, 1878699
1.54, 1845112
1.54, 1845041
1.54, 1823642
1.59, 1816027
1.59, 1804168
1.59, 1796181
1.59, 1790563
1.59, 1787920
1.59, 1783706
1.59, 1783491
1.59, 1769343
1.64, 1748974
1.64, 1746596
1.65, 1744848
1.65, 1723892
1.65, 1719443
1.65, 1717903
1.65, 1712257
1.65, 1704856
1.66, 1699865
1.67, 1698743
1.68, 1696361
1.68, 1693578
1.68, 1690436
1.69, 1686285
1.69, 1685646
1.69, 1684151
1.69, 1678512
1.69, 1673887
1.69, 1671915
1.73, 1662421
1.74, 1651885
1.92, 1651574
1.93, 1649931
1.95, 1649850
1.95, 1647468
1.97, 1644857
1.97, 1635738
1.98, 1632471
