0.0, 7757037
0.0, 7727826
0.01, 7725134
0.01, 7568594
0.01, 7545286
0.01, 7151416
0.01, 7147419
0.01, 6971278
0.01, 6921918
0.01, 6888063
0.01, 6829554
0.01, 6799969
0.01, 6731868
0.01, 6712760
0.01, 6679394
0.01, 6585278
0.01, 6519727
0.01, 6494928
0.01, 6468443
0.01, 6443994
0.02, 6345800
0.08, 6289505
0.08, 6205303
0.38, 6204267
0.38, 6118767
0.38, 6010478
0.79, 5983849
0.79, 5981510
0.79, 5980167
0.81, 5893982
0.81, 5886124
0.81, 5884419
0.81, 5880507
1.03, 5854256
1.03, 5765883
1.04, 5728479
1.06, 5723261
1.06, 5714306
1.06, 5712054
1.06, 5700595
1.06, 5697761
1.06, 5672849
1.06, 5661809
1.06, 5621582
1.06, 5599094
1.06, 5572529
1.06, 5515282
1.06, 5407451
1.06, 5387677
1.06, 5379621
1.06, 5370044
1.06, 5362391
1.06, 5205635
1.17, 5192229
1.17, 5150528
1.17, 4980836
1.29, 4963900
1.29, 4938066
1.3, 4929343
1.3, 4919241
1.3, 4908223
1.3, 4800793
1.3, 4739794
1.3, 4615158
1.31, 4604263
1.31, 4545248
1.31, 4529439
1.31, 4528399
1.31, 4508855
1.31, 4508798
1.31, 4445948
1.31, 4405380
1.31, 4401460
1.33, 4331472
1.33, 4309157
1.35, 4232895
1.35, 4201460
1.35, 4182626
1.35, 4174342
1.35, 4101382
1.35, 4100875
1.35, 4069838
1.35, 4062636
1.35, 4032833
1.35, 3980653
1.35, 3971582
1.35, 3970053
1.36, 3905162
1.36, 3825476
1.36, 3812855
1.36, 3793392
1.37, 3775478
1.37, 3731196
1.37, 3637948
1.37, 3554091
1.37, 3473144
1.37, 3454482
1.38, 3444568
1.38, 3442974
1.38, 3367480
1.38, 3329667
1.38, 3289693
1.38, 3276166
1.38, 3260933
1.38, 3251453
1.38, 3208430
1.38, 3201882
1.38, 3156897
1.38, 3154251
1.38, 3133545
1.38, 3121622
1.38, 3109636
1.41, 3078723
1.41, 3072369
1.41, 3058270
1.41, 3027063
1.42, 3022371
1.42, 3015327
1.42, 3011439
1.42, 3007765
1.43, 2989269
1.43, 2966835
1.43, 2954844
1.43, 2921825
1.43, 2900010
1.43, 2878978
1.43, 2864633
1.44, 2861664
1.44, 2852466
1.44, 2846713
1.44, 2842896
1.44, 2822084
1.44, 2797620
1.44, 2785101
1.44, 2770974
1.44, 2762909
1.44, 2758790
1.44, 2714629
1.44, 2676500
1.44, 2663290
1.44, 2601048
1.45, 2589215
1.45, 2584131
1.45, 2575611
1.45, 2570326
1.45, 2545438
1.45, 2542734
1.45, 2468692
1.45, 2455806
1.45, 2433406
1.45, 2411040
1.46, 2390292
1.47, 2387181
1.47, 2342904
1.47, 2314311
1.47, 2309839
1.47, 2305051
1.47, 2290499
1.47, 2278410
1.47, 2269697
1.47, 2267747
1.47, 2267451
1.47, 2251503
1.47, 2251397
1.47, 2240888
1.47, 2234741
1.47, 2231168
1.48, 2201259
1.48, 2197431
1.5, 2193671
1.5, 2182527
1.5, 2172014
1.51, 2160828
1.51, 2144154
1.52, 2142989
1.52, 2142041
1.52, 2129370
1.52, 2127968
1.52, 2127062
1.52, 2110900
1.52, 2085184
1.52, 2071732
1.52, 2070963
1.52, 2070649
1.52, 2065410
1.52, 2062147
1.52, 2040259
1.56, 2009521
1.56, 2008332
1.56, 1998239
1.56, 1995886
1.57, 1985748
1.57, 1983138
1.57, 1975744
1.59, 1953342
1.59, 1939540
1.59, 1929402
1.6, 1924202
1.6, 1908893
1.6, 1897545
1.61, 1887014
1.61, 1865668
1.61, 1861829
1.61, 1850133
1.62, 1844880
1.62, 1842530
1.63, 1833579
1.63, 1830909
1.63, 1827640
1.63, 1826122
1.63, 1822749
1.63, 1795510
1.63, 1793723
1.66, 1782522
1.66, 1780385
1.67, 1771900
1.67, 1766732
1.67, 1766618
1.67, 1766579
1.67, 1761264
1.67, 1755521
1.68, 1751760
1.71, 1746908
1.71, 1743645
1.71, 1740741
1.71, 1739006
1.71, 1727331
1.71, 1724163
1.71, 1719776
1.71, 1716231
1.72, 1714625
1.72, 1711667
1.72, 1710697
1.72, 1701146
1.72, 1699906
1.72, 1691810
1.72, 1685427
1.73, 1680591
1.74, 1669868
1.75, 1658923
1.76, 1657007
1.8, 1650644
1.89, 1650047
1.9, 1648353
2.13, 1648284
2.23, 1647909
