0.0, 7563458
0.0, 7555950
0.0, 7478008
0.0, 7300088
0.0, 7297883
0.0, 7215269
0.01, 7188830
0.01, 7137278
0.01, 7131309
0.01, 7009603
0.01, 6980285
0.01, 6740497
0.01, 6664645
0.01, 6664037
0.01, 6663778
0.01, 6659171
0.01, 6658737
0.01, 6651640
0.01, 6570811
0.02, 6550358
0.12, 6547790
0.12, 6538009
0.13, 6462558
0.15, 6418694
0.15, 6417464
0.15, 6408504
0.24, 6365078
0.24, 6321639
0.24, 6111729
0.28, 6099041
0.53, 6044222
0.58, 6017543
0.58, 5930207
1.1, 5927561
1.1, 5789862
1.1, 5778072
1.1, 5605246
1.1, 5460494
1.1, 5436621
1.1, 5340635
1.1, 5312987
1.1, 5306434
1.22, 5220458
1.23, 5168813
1.23, 5162566
1.23, 5142952
1.25, 5135075
1.26, 5060731
1.26, 5008415
1.26, 4778762
1.28, 4774588
1.28, 4757881
1.28, 4724007
1.28, 4696908
1.28, 4694007
1.28, 4690054
1.28, 4676602
1.28, 4671887
1.28, 4600110
1.28, 4523976
1.28, 4520412
1.28, 4489875
1.28, 4365622
1.28, 4315016
1.28, 4304206
1.28, 4222375
1.28, 4150183
1.32, 4148494
1.32, 4146199
1.32, 4138388
1.32, 3991107
1.32, 3878415
1.34, 3831081
1.34, 3792056
1.34, 3728663
1.34, 3718337
1.34, 3700477
1.34, 3667488
1.35, 3666027
1.35, 3562249
1.35, 3555247
1.35, 3518174
1.35, 3501471
1.35, 3493349
1.35, 3490863
1.35, 3459119
1.35, 3449768
1.35, 3448211
1.35, 3442838
1.35, 3436459
1.36, 3339190
1.36, 3276628
1.37, 3256644
1.37, 3255090
1.37, 3230287
1.37, 3178057
1.37, 3061594
1.37, 3006882
1.42, 3005915
1.42, 3005908
1.42, 3003010
1.43, 2971238
1.43, 2929660
1.43, 2895710
1.43, 2890116
1.43, 2852099
1.43, 2848270
1.43, 2835207
1.43, 2810037
1.43, 2770660
1.43, 2759194
1.43, 2670702
1.43, 2628292
1.44, 2623996
1.44, 2619903
1.44, 2617809
1.44, 2608285
1.44, 2604061
1.44, 2601402
1.44, 2543610
1.44, 2532394
1.45, 2521912
1.45, 2514710
1.46, 2492716
1.47, 2491952
1.47, 2453254
1.47, 2452950
1.47, 2441099
1.48, 2416383
1.48, 2397847
1.48, 2376546
1.48, 2359015
1.48, 2350993
1.48, 2350010
1.48, 2349421
1.48, 2313728
1.48, 2308273
1.49, 2306685
1.49, 2296048
1.49, 2284577
1.49, 2274434
1.49, 2257255
1.49, 2245846
1.49, 2242221
1.49, 2226174
1.49, 2206595
1.49, 2195069
1.49, 2192072
1.49, 2180385
1.55, 2171694
1.55, 2151937
1.55, 2140162
1.55, 2132547
1.55, 2094210
1.55, 2084260
1.55, 2069210
1.55, 2068851
1.55, 2066908
1.56, 2059159
1.56, 2047128
1.56, 2033846
1.58, 2016153
1.58, 2014520
1.58, 2014250
1.58, 2011441
1.58, 2009382
1.58, 1968060
1.58, 1965459
1.58, 1955841
1.58, 1907156
1.58, 1893598
1.58, 1885863
1.62, 1881238
1.62, 1876302
1.62, 1875727
1.62, 1866710
1.62, 1862028
1.63, 1860041
1.63, 1859448
1.63, 1835007
1.65, 1832182
1.65, 1831607
1.65, 1819504
1.66, 1815731
1.66, 1779640
1.66, 1769164
1.66, 1767332
1.66, 1766856
1.66, 1761426
1.66, 1734173
1.66, 1724911
1.66, 1706366
1.66, 1704244
1.66, 1695934
1.67, 1691126
1.68, 1685814
1.72, 1685322
1.75, 1680628
1.76, 1677784
1.76, 1669576
1.77, 1668893
1.77, 1667456
1.77, 1666593
1.78, 1664662
1.86, 1658234
1.87, 1655700
1.87, 1651092
1.87, 1649555
1.87, 1648142
1.87, 1641442
1.91, 1635217
1.92, 1627888
1.95, 1627160
1.96, 1626906
1.97, 1626146
1.97, 1624733
1.97, 1620639
1.98, 1617337
1.99, 1603854
2.01, 1600341
2.01, 1595476
