0.0, 6801383
0.0, 6729012
0.0, 6708522
0.01, 6583847
0.01, 6582218
0.01, 6436360
0.01, 6373581
0.01, 6349450
0.01, 6166673
0.01, 6095974
0.01, 6077435
0.03, 6046913
0.03, 6032621
0.03, 5967782
0.7, 5962124
0.88, 5946618
0.88, 5924170
0.88, 5792673
1.1, 5734310
1.1, 5653827
1.1, 5602552
1.1, 5583688
1.1, 5574377
1.1, 5468763
1.1, 5449414
1.11, 5428778
1.11, 5427378
1.11, 5363608
1.11, 5322802
1.11, 5314445
1.11, 5274933
1.11, 5202620
1.11, 5106643
1.11, 5011053
1.11, 4992166
1.11, 4974865
1.15, 4966318
1.15, 4905642
1.15, 4881403
1.23, 4755929
1.23, 4747239
1.23, 4702429
1.24, 4515030
1.25, 4510471
1.25, 4478025
1.25, 4389497
1.25, 4384776
1.26, 4353246
1.26, 4346526
1.26, 4285724
1.26, 4232998
1.26, 4189284
1.26, 4119462
1.26, 4111089
1.26, 4071875
1.26, 4067457
1.33, 4023007
1.33, 3961501
1.33, 3933380
1.33, 3932165
1.33, 3919860
1.33, 3903732
1.33, 3852200
1.33, 3812390
1.34, 3734068
1.34, 3614625
1.35, 3570024
1.35, 3534249
1.35, 3512041
1.35, 3505059
1.35, 3492411
1.35, 3412171
1.36, 3405620
1.36, 3311137
1.36, 3300051
1.36, 3272689
1.36, 3267163
1.42, 3227995
1.42, 3151289
1.42, 3147470
1.44, 3132844
1.44, 3049067
1.44, 3043216
1.44, 3035765
1.44, 3021617
1.44, 3011538
1.44, 3000487
1.44, 2981719
1.44, 2962955
1.44, 2961187
1.44, 2942317
1.47, 2934262
1.48, 2877689
1.48, 2870822
1.49, 2863651
1.49, 2860972
1.49, 2856364
1.49, 2830988
1.49, 2797800
1.5, 2783397
1.5, 2723033
1.5, 2721351
1.5, 2718676
1.5, 2705703
1.5, 2697640
1.5, 2654616
1.5, 2637970
1.5, 2571573
1.5, 2566912
1.5, 2554338
1.5, 2552779
1.5, 2522202
1.51, 2514069
1.51, 2510313
1.51, 2428878
1.51, 2406243
1.52, 2383199
1.52, 2364352
1.52, 2356110
1.57, 2347924
1.58, 2298186
1.59, 2290135
1.59, 2282050
1.59, 2249127
1.59, 2238011
1.59, 2237734
1.59, 2231081
1.59, 2230576
1.59, 2228079
1.59, 2154236
1.59, 2148618
1.59, 2140932
1.61, 2138205
1.61, 2095334
1.61, 2086549
1.61, 2084263
1.61, 2073123
1.61, 2062955
1.62, 2044258
1.62, 2036434
1.62, 2031815
1.62, 2010778
1.62, 2005301
1.62, 1973627
1.62, 1968080
1.62, 1963538
1.62, 1963464
1.66, 1961369
1.66, 1936349
1.66, 1932198
1.67, 1932127
1.69, 1908464
1.69, 1905285
1.71, 1903848
1.71, 1899324
1.71, 1895823
1.71, 1895184
1.71, 1894520
1.72, 1892893
1.72, 1877197
1.72, 1876125
1.72, 1874575
1.72, 1860056
1.72, 1851467
1.72, 1840184
1.72, 1838718
1.72, 1825710
1.72, 1813749
1.72, 1810961
1.77, 1804331
1.77, 1802875
1.77, 1800300
1.77, 1796456
1.78, 1793659
1.78, 1779767
1.8, 1770791
1.81, 1731587
1.82, 1725733
1.82, 1724320
1.83, 1714610
1.83, 1699781
1.83, 1692311
1.83, 1691260
1.83, 1689340
1.83, 1688312
1.83, 1684320
1.84, 1678446
1.87, 1676121
1.89, 1668151
1.91, 1667378
1.92, 1665013
1.92, 1664434
1.92, 1663333
1.92, 1662357
1.92, 1649463
1.93, 1648600
1.94, 1645087
1.94, 1641595
1.94, 1641015
2.01, 1640025
2.03, 1638882
2.03, 1638285
2.14, 1636872
