0.0, 6864990
0.01, 6751357
0.01, 6570399
0.01, 6492146
0.01, 6390766
0.01, 6328954
0.03, 6295006
0.03, 6253970
0.03, 6163958
0.03, 6112498
0.03, 6066414
0.03, 5998258
0.03, 5996797
0.04, 5949790
0.27, 5925040
0.96, 5852757
1.11, 5821164
1.13, 5625469
1.13, 5619747
1.13, 5564329
1.17, 5532040
1.17, 5424832
1.18, 5267007
1.18, 5259162
1.18, 5241812
1.18, 5166914
1.18, 5145163
1.18, 5050773
1.18, 4966765
1.23, 4922401
1.23, 4919961
1.23, 4908831
1.23, 4907950
1.23, 4901108
1.24, 4859090
1.24, 4832264
1.24, 4828729
1.25, 4805646
1.25, 4793195
1.25, 4787648
1.25, 4764821
1.25, 4747427
1.25, 4737153
1.25, 4736595
1.25, 4729830
1.25, 4710132
1.25, 4682908
1.25, 4590777
1.25, 4589136
1.31, 4572633
1.31, 4545666
1.31, 4469364
1.31, 4363247
1.31, 4259895
1.31, 4238909
1.31, 4216973
1.31, 4195403
1.31, 4188218
1.31, 4185225
1.31, 4180593
1.31, 4140962
1.32, 4049802
1.32, 4048981
1.32, 4038985
1.32, 3966643
1.32, 3959944
1.32, 3931503
1.32, 3904678
1.32, 3901385
1.32, 3897394
1.32, 3891836
1.35, 3812526
1.35, 3786452
1.35, 3660627
1.35, 3630594
1.35, 3629275
1.35, 3610775
1.35, 3580756
1.37, 3528236
1.37, 3456581
1.37, 3454591
1.37, 3454440
1.37, 3341522
1.37, 3340771
1.37, 3301277
1.37, 3284996
1.37, 3277852
1.37, 3258697
1.37, 3236742
1.38, 3144556
1.38, 3144102
1.38, 3056351
1.38, 3043235
1.38, 3042463
1.38, 3036976
1.38, 3028971
1.38, 3024621
1.38, 2999632
1.39, 2995187
1.39, 2967517
1.39, 2962007
1.39, 2898985
1.39, 2883188
1.39, 2860775
1.4, 2853849
1.41, 2841456
1.41, 2840965
1.41, 2837068
1.41, 2819756
1.41, 2808679
1.41, 2778125
1.41, 2725538
1.41, 2682983
1.41, 2630829
1.42, 2598682
1.42, 2565335
1.43, 2546120
1.43, 2532288
1.43, 2506617
1.43, 2502669
1.43, 2472847
1.43, 2451658
1.43, 2444297
1.43, 2415376
1.43, 2407390
1.43, 2377249
1.44, 2339110
1.48, 2313946
1.48, 2313846
1.48, 2303352
1.48, 2270716
1.48, 2268180
1.49, 2263787
1.49, 2259932
1.49, 2256456
1.49, 2228529
1.49, 2219212
1.49, 2200571
1.49, 2195243
1.49, 2186004
1.49, 2146927
1.49, 2146108
1.49, 2144341
1.49, 2143210
1.49, 2138165
1.5, 2133217
1.5, 2106639
1.5, 2070400
1.5, 2043560
1.51, 2042832
1.51, 2042104
1.51, 2040104
1.51, 2004979
1.51, 1998525
1.52, 1998159
1.52, 1998046
1.52, 1995648
1.52, 1985239
1.52, 1913181
1.52, 1898714
1.53, 1897980
1.53, 1893181
1.53, 1891620
1.53, 1873965
1.53, 1868373
1.53, 1866602
1.53, 1862814
1.53, 1845680
1.54, 1832292
1.57, 1831845
1.57, 1827396
1.58, 1826128
1.58, 1810343
1.58, 1793977
1.58, 1792792
1.58, 1789788
1.58, 1781619
1.59, 1776977
1.59, 1757333
1.61, 1753744
1.61, 1747804
1.61, 1739201
1.61, 1732272
1.61, 1717224
1.61, 1717095
1.61, 1686409
1.62, 1683621
1.62, 1682758
1.63, 1681283
1.63, 1679323
1.67, 1671581
1.67, 1665751
1.67, 1653825
1.67, 1646670
1.68, 1645527
1.68, 1639988
1.72, 1634261
1.72, 1633526
1.72, 1632474
1.72, 1630154
1.72, 1626290
1.75, 1622595
1.77, 1617496
1.77, 1616360
1.77, 1610355
1.77, 1605176
1.77, 1603003
1.77, 1596883
1.78, 1595189
1.79, 1594633
1.81, 1594446
1.82, 1593583
1.82, 1588711
1.82, 1588072
1.82, 1582893
1.87, 1580029
1.91, 1579842
1.91, 1578979
1.91, 1577063
1.95, 1576513
2.06, 1575650
