0.0, 7601857
0.0, 7490451
0.0, 7465448
0.0, 7402033
0.0, 7378756
0.0, 7289061
0.0, 7288726
0.0, 7154514
0.0, 7141623
0.0, 7128876
0.01, 6995032
0.02, 6934450
0.03, 6923741
0.03, 6886499
0.03, 6805142
0.03, 6779936
0.03, 6776010
0.03, 6726447
0.03, 6721291
0.03, 6590918
0.06, 6576813
0.07, 6554697
0.07, 6460314
0.11, 6412344
0.21, 6269175
0.21, 6264926
0.21, 6217238
0.27, 6187192
0.66, 6112101
0.76, 6103306
0.88, 6085531
0.93, 6073687
0.93, 6056035
0.93, 6026151
0.93, 5984698
1.04, 5942957
1.04, 5898433
1.04, 5805366
1.04, 5601233
1.04, 5505422
1.05, 5476746
1.05, 5389574
1.05, 5300098
1.06, 5271569
1.06, 5238878
1.06, 5223848
1.06, 5089200
1.06, 5054554
1.06, 4871672
1.06, 4860908
1.06, 4812365
1.06, 4800621
1.29, 4781212
1.29, 4770031
1.3, 4756820
1.3, 4627169
1.3, 4576884
1.3, 4525624
1.31, 4477892
1.31, 4326860
1.31, 4211760
1.31, 4151584
1.31, 4084319
1.32, 4071412
1.32, 4000412
1.32, 3971646
1.35, 3912185
1.35, 3890232
1.36, 3889381
1.36, 3874136
1.36, 3867708
1.36, 3808923
1.36, 3736458
1.36, 3713608
1.36, 3685962
1.36, 3650586
1.36, 3608352
1.36, 3604277
1.36, 3517484
1.36, 3487258
1.36, 3454835
1.39, 3397954
1.39, 3366788
1.39, 3356766
1.39, 3308381
1.4, 3293716
1.4, 3292148
1.4, 3225784
1.41, 3195654
1.41, 3190547
1.41, 3151245
1.41, 3151151
1.41, 3063453
1.41, 3051748
1.41, 3042507
1.41, 3033661
1.41, 3006101
1.41, 3002348
1.41, 2982768
1.41, 2975621
1.42, 2972801
1.42, 2972504
1.42, 2971967
1.42, 2960027
1.43, 2941110
1.43, 2918376
1.43, 2916457
1.43, 2887741
1.43, 2855123
1.43, 2831567
1.43, 2828642
1.43, 2808268
1.43, 2795164
1.43, 2793220
1.43, 2775334
1.43, 2770903
1.43, 2769514
1.43, 2760318
1.43, 2723863
1.43, 2717208
1.43, 2682027
1.44, 2671643
1.44, 2666723
1.44, 2617196
1.44, 2603924
1.44, 2579907
1.44, 2577395
1.45, 2566924
1.45, 2558819
1.45, 2555718
1.45, 2549724
1.45, 2542442
1.45, 2536232
1.46, 2488832
1.46, 2480505
1.46, 2475237
1.48, 2434677
1.49, 2432571
1.49, 2420927
1.49, 2383605
1.5, 2375185
1.5, 2373798
1.5, 2341553
1.5, 2340594
1.5, 2334534
1.5, 2319668
1.5, 2314519
1.5, 2313955
1.5, 2290674
1.5, 2277188
1.5, 2265516
1.5, 2256416
1.5, 2254028
1.51, 2225067
1.51, 2212098
1.51, 2211769
1.51, 2206965
1.53, 2192489
1.53, 2190107
1.53, 2189837
1.54, 2169485
1.54, 2152725
1.54, 2114524
1.54, 2108690
1.54, 2088485
1.54, 2082517
1.54, 2072229
1.54, 2071763
1.54, 2070711
1.54, 2049608
1.54, 2049247
1.54, 2042799
1.54, 2035434
1.54, 2024750
1.54, 1995844
1.55, 1961393
1.55, 1960219
1.55, 1954792
1.58, 1949411
1.58, 1949330
1.58, 1936488
1.58, 1914013
1.59, 1913567
1.59, 1906833
1.59, 1905853
1.59, 1899385
1.59, 1892651
1.59, 1888058
1.59, 1885004
1.59, 1878059
1.61, 1876648
1.62, 1874266
1.63, 1873145
1.63, 1850640
1.63, 1825581
1.63, 1809090
1.63, 1806556
1.63, 1790074
1.63, 1785543
1.63, 1781790
1.64, 1774176
1.64, 1762436
1.73, 1744502
1.73, 1736720
1.73, 1736189
1.73, 1723923
1.74, 1722036
1.74, 1716811
1.74, 1715707
1.74, 1713650
1.74, 1698593
1.74, 1696618
1.74, 1696168
1.77, 1692030
1.77, 1691167
1.77, 1688764
1.78, 1678889
1.78, 1672346
1.79, 1671342
1.79, 1669382
1.81, 1668581
1.82, 1668269
1.83, 1667874
1.83, 1659997
1.83, 1652593
1.83, 1647487
1.92, 1647401
1.92, 1646258
1.94, 1645083
1.96, 1644250
1.96, 1643387
1.97, 1640984
2.0, 1629341
