0.0, 7172571
0.0, 7150624
0.02, 7144275
0.02, 7071133
0.02, 7052437
0.02, 7018488
0.02, 7003476
0.02, 6900146
0.02, 6890650
0.02, 6817059
0.02, 6762961
0.02, 6588334
0.02, 6578792
0.02, 6411598
0.04, 6358050
0.04, 6184524
0.04, 6022405
0.74, 5975897
0.74, 5927234
1.02, 5900821
1.04, 5878718
1.04, 5754133
1.04, 5706118
1.04, 5686074
1.16, 5675939
1.16, 5546653
1.16, 5461829
1.16, 5343735
1.23, 5275948
1.23, 5253778
1.23, 5248950
1.24, 5242292
1.24, 5206232
1.25, 5201350
1.25, 5171145
1.25, 5146356
1.25, 5066629
1.25, 5054162
1.25, 5050506
1.25, 5037130
1.25, 5030780
1.25, 4994635
1.26, 4966740
1.27, 4948490
1.27, 4926254
1.27, 4905220
1.27, 4865018
1.27, 4847271
1.27, 4821067
1.27, 4808444
1.27, 4788408
1.27, 4682581
1.33, 4626601
1.33, 4574453
1.33, 4538252
1.33, 4530565
1.34, 4417658
1.34, 4396282
1.34, 4395915
1.34, 4321718
1.34, 4316401
1.35, 4298176
1.35, 4286526
1.35, 4250166
1.35, 4205314
1.36, 4199609
1.36, 4148001
1.36, 4132528
1.36, 4065275
1.36, 3991114
1.36, 3974279
1.36, 3949352
1.36, 3932815
1.38, 3892802
1.38, 3873034
1.38, 3848237
1.38, 3827346
1.39, 3826249
1.39, 3826024
1.39, 3788152
1.39, 3782245
1.39, 3734659
1.39, 3675143
1.39, 3662189
1.39, 3658164
1.39, 3652401
1.39, 3647872
1.39, 3612195
1.39, 3611534
1.39, 3579655
1.39, 3578374
1.39, 3574150
1.39, 3573492
1.39, 3570833
1.39, 3561799
1.39, 3532984
1.39, 3403573
1.39, 3384584
1.39, 3331271
1.39, 3272273
1.39, 3242797
1.39, 3209337
1.39, 3197018
1.4, 3187561
1.4, 3158050
1.41, 3155673
1.41, 3140220
1.41, 3139859
1.41, 3094830
1.41, 3087644
1.41, 3067953
1.41, 3028445
1.41, 3008846
1.41, 2990262
1.41, 2955766
1.41, 2937507
1.41, 2931088
1.41, 2904500
1.41, 2904343
1.41, 2870558
1.41, 2869593
1.41, 2696485
1.41, 2680748
1.41, 2673967
1.41, 2666559
1.41, 2665396
1.42, 2623780
1.42, 2616904
1.42, 2605663
1.42, 2603703
1.42, 2603413
1.42, 2493672
1.42, 2448753
1.42, 2443685
1.42, 2424916
1.42, 2403087
1.42, 2384850
1.42, 2380831
1.42, 2379350
1.43, 2376317
1.43, 2357034
1.43, 2349049
1.43, 2345662
1.43, 2335141
1.43, 2335027
1.45, 2290668
1.45, 2278037
1.45, 2274771
1.45, 2267675
1.46, 2248432
1.48, 2247497
1.48, 2215289
1.49, 2206236
1.49, 2196474
1.49, 2183854
1.49, 2121268
1.49, 2116892
1.49, 2095002
1.49, 2084132
1.49, 2083681
1.49, 2068804
1.49, 2062364
1.5, 2050721
1.51, 2050580
1.51, 2049142
1.52, 2019769
1.52, 2011720
1.52, 1988804
1.54, 1975850
1.54, 1969350
1.54, 1967726
1.55, 1947234
1.55, 1943952
1.55, 1936425
1.55, 1935327
1.56, 1928903
1.56, 1925198
1.56, 1904936
1.57, 1865641
1.57, 1864041
1.57, 1863178
1.59, 1856454
1.59, 1844832
1.59, 1842966
1.59, 1834347
1.59, 1829801
1.59, 1819267
1.59, 1804546
1.6, 1803320
1.6, 1774794
1.6, 1768599
1.62, 1767806
1.62, 1761501
1.62, 1761011
1.62, 1747575
1.63, 1734692
1.63, 1729316
1.63, 1728421
1.63, 1708052
1.63, 1697989
1.63, 1696320
1.63, 1694877
1.63, 1687066
1.64, 1678438
1.68, 1661898
1.68, 1661827
1.68, 1648128
1.68, 1645210
1.68, 1640964
1.68, 1634954
1.68, 1634468
1.68, 1627926
1.68, 1626521
1.68, 1621671
1.69, 1621453
1.7, 1615980
1.71, 1611678
1.71, 1610430
1.73, 1608683
1.73, 1600859
1.77, 1597790
1.82, 1597474
1.82, 1596603
1.82, 1595234
1.85, 1594097
1.85, 1593816
1.87, 1592768
1.9, 1592045
1.91, 1590069
1.92, 1587343
1.93, 1587058
1.93, 1585883
1.95, 1585602
1.97, 1584963
2.02, 1573221
2.04, 1571989
2.21, 1571849
