0.0, 7479070
0.0, 7469306
0.01, 7341431
0.01, 7229808
0.01, 7161798
0.01, 7088188
0.01, 6951960
0.01, 6892649
0.01, 6797168
0.01, 6791091
0.01, 6744652
0.02, 6689638
0.06, 6662998
0.06, 6541507
0.11, 6464879
0.12, 6392701
0.12, 6387520
0.12, 6351335
0.12, 6322162
0.36, 6270961
0.36, 6246568
0.36, 6094958
0.63, 6084979
0.63, 6041664
0.64, 6011940
0.79, 5928214
0.79, 5912955
0.79, 5885241
0.94, 5857408
0.94, 5737768
0.96, 5717635
0.97, 5716862
0.97, 5645032
0.97, 5547064
1.16, 5430124
1.16, 5410361
1.16, 5331277
1.23, 5320618
1.25, 5202120
1.25, 5146097
1.25, 5115419
1.25, 5111786
1.25, 5028744
1.25, 4937482
1.25, 4936811
1.25, 4888323
1.25, 4875982
1.25, 4875947
1.25, 4843087
1.26, 4754722
1.26, 4747309
1.26, 4620379
1.26, 4610094
1.26, 4596672
1.26, 4593786
1.26, 4517273
1.26, 4501056
1.26, 4491405
1.26, 4480899
1.27, 4434753
1.27, 4373608
1.27, 4355491
1.3, 4339204
1.31, 4326075
1.31, 4300381
1.31, 4286227
1.31, 4240448
1.31, 4210092
1.31, 4165123
1.31, 4162453
1.31, 4121684
1.32, 4047632
1.32, 4023169
1.32, 4000525
1.32, 3998831
1.32, 3952900
1.32, 3907425
1.33, 3890644
1.33, 3879717
1.35, 3835019
1.35, 3808894
1.35, 3806337
1.35, 3789913
1.35, 3761961
1.35, 3758176
1.35, 3746046
1.35, 3665603
1.37, 3626129
1.37, 3589478
1.37, 3533815
1.37, 3482054
1.37, 3435674
1.37, 3396034
1.37, 3373668
1.37, 3370815
1.37, 3338342
1.37, 3304799
1.37, 3288968
1.37, 3226573
1.37, 3169319
1.37, 3120796
1.37, 3090524
1.37, 2963691
1.38, 2951406
1.38, 2912775
1.38, 2900821
1.38, 2893041
1.38, 2891537
1.4, 2890034
1.4, 2881497
1.4, 2861061
1.4, 2839852
1.4, 2831851
1.4, 2795207
1.4, 2780471
1.4, 2773381
1.4, 2722189
1.4, 2712494
1.4, 2702584
1.4, 2697577
1.4, 2671046
1.4, 2666057
1.4, 2629742
1.4, 2629278
1.4, 2615846
1.4, 2612223
1.4, 2603207
1.4, 2599247
1.4, 2597914
1.4, 2590913
1.42, 2586040
1.42, 2547479
1.42, 2521053
1.42, 2507080
1.42, 2506732
1.42, 2494432
1.42, 2481742
1.44, 2479043
1.44, 2452243
1.44, 2448937
1.44, 2433268
1.45, 2424256
1.45, 2415601
1.45, 2363087
1.45, 2355800
1.45, 2341736
1.45, 2338466
1.45, 2315042
1.45, 2314925
1.45, 2283370
1.45, 2279187
1.46, 2279066
1.46, 2274527
1.47, 2249593
1.47, 2249131
1.47, 2226760
1.49, 2223342
1.49, 2209966
1.49, 2208636
1.49, 2182335
1.5, 2170660
1.5, 2147144
1.5, 2133198
1.5, 2128518
1.5, 2096724
1.51, 2048996
1.52, 2045930
1.53, 2045172
1.53, 2032936
1.53, 2031149
1.54, 2018842
1.54, 2016986
1.54, 2013569
1.54, 2012469
1.54, 1996921
1.55, 1995915
1.57, 1962092
1.57, 1956841
1.57, 1952039
1.57, 1942600
1.57, 1927636
1.58, 1926600
1.58, 1911274
1.59, 1898970
1.59, 1892540
1.59, 1885862
1.59, 1881783
1.59, 1842659
1.59, 1837821
1.59, 1836884
1.59, 1836700
1.63, 1812948
1.63, 1812907
1.63, 1802253
1.63, 1799234
1.64, 1796425
1.64, 1776616
1.65, 1775298
1.65, 1768558
1.65, 1765700
1.65, 1763950
1.65, 1761748
1.65, 1758460
1.69, 1756004
1.69, 1754672
1.69, 1750799
1.7, 1750664
1.71, 1750159
1.71, 1750028
1.71, 1739716
1.71, 1737097
1.73, 1713210
1.73, 1710163
1.73, 1706427
1.73, 1704153
1.74, 1698976
1.74, 1698219
1.74, 1696091
1.74, 1696002
1.74, 1695259
1.74, 1688147
1.74, 1687004
1.74, 1686829
1.74, 1686311
1.79, 1685828
1.82, 1676855
1.82, 1670468
1.82, 1670337
1.83, 1668661
1.83, 1666733
1.83, 1655055
1.85, 1651424
1.88, 1646922
1.9, 1644762
1.93, 1644647
1.97, 1643530
2.01, 1642011
2.16, 1641148
