0.0, 7206216
0.0, 7129106
0.0, 7111562
0.0, 7089316
0.01, 7030153
0.01, 6996876
0.01, 6963331
0.01, 6889775
0.01, 6725856
0.01, 6531832
0.06, 6506573
0.07, 6478797
0.07, 6423703
0.07, 6421878
0.07, 6351295
0.07, 6346444
0.1, 6254714
0.1, 6149090
0.1, 6146061
0.1, 6107356
0.44, 6106593
0.45, 6068124
0.59, 5933291
0.59, 5847166
0.59, 5844399
0.6, 5774004
0.6, 5750470
1.11, 5696229
1.11, 5651507
1.11, 5638568
1.11, 5518901
1.11, 5401303
1.11, 5387672
1.11, 5239092
1.2, 5208138
1.2, 5197287
1.2, 5154828
1.2, 4979515
1.21, 4971149
1.21, 4969282
1.21, 4943208
1.23, 4915902
1.26, 4889718
1.26, 4878292
1.26, 4855016
1.26, 4792055
1.31, 4782378
1.31, 4735808
1.31, 4704366
1.31, 4630493
1.32, 4614097
1.32, 4595211
1.32, 4443877
1.32, 4421615
1.32, 4405932
1.35, 4403657
1.35, 4347075
1.35, 4209982
1.35, 4207535
1.35, 4102549
1.35, 4084279
1.35, 4044294
1.37, 4025777
1.37, 3968027
1.37, 3930080
1.37, 3923994
1.38, 3869307
1.38, 3859863
1.38, 3859465
1.38, 3829481
1.38, 3773396
1.38, 3749678
1.38, 3745592
1.38, 3744268
1.38, 3742696
1.38, 3723159
1.38, 3689247
1.38, 3688732
1.38, 3673082
1.38, 3673071
1.38, 3669309
1.38, 3647974
1.38, 3647015
1.39, 3623517
1.39, 3591738
1.39, 3557050
1.39, 3546509
1.39, 3472134
1.42, 3460137
1.42, 3370883
1.42, 3361474
1.42, 3343643
1.42, 3305790
1.42, 3304927
1.42, 3296123
1.42, 3294519
1.42, 3292793
1.42, 3269960
1.42, 3246954
1.42, 3225886
1.42, 3203214
1.42, 3194656
1.42, 3186238
1.42, 3167834
1.42, 3167049
1.42, 3109051
1.43, 3107145
1.43, 3105578
1.43, 3035045
1.43, 3033254
1.43, 3031347
1.43, 3021346
1.43, 3003055
1.43, 2995695
1.43, 2986413
1.43, 2985899
1.43, 2965626
1.43, 2944261
1.43, 2941733
1.43, 2924358
1.43, 2918764
1.43, 2877285
1.43, 2870866
1.43, 2858880
1.43, 2830045
1.43, 2782226
1.43, 2768300
1.43, 2747262
1.43, 2735882
1.44, 2732533
1.44, 2722800
1.44, 2712957
1.44, 2712187
1.44, 2701923
1.44, 2694568
1.44, 2669409
1.44, 2666916
1.44, 2622756
1.44, 2603624
1.44, 2597457
1.44, 2595957
1.44, 2563767
1.44, 2560034
1.44, 2557226
1.44, 2556090
1.46, 2493179
1.46, 2478772
1.46, 2474921
1.46, 2462375
1.46, 2452740
1.46, 2435280
1.46, 2432447
1.46, 2389733
1.46, 2370537
1.46, 2362223
1.46, 2341851
1.47, 2341036
1.47, 2337432
1.48, 2324457
1.48, 2322575
1.48, 2309920
1.48, 2299649
1.48, 2291373
1.48, 2284775
1.48, 2281826
1.48, 2278930
1.48, 2275334
1.48, 2264793
1.49, 2261575
1.49, 2258597
1.49, 2229445
1.49, 2223015
1.49, 2209519
1.49, 2207133
1.49, 2202774
1.5, 2189029
1.5, 2153152
1.51, 2120367
1.51, 2081253
1.51, 2073046
1.51, 2067086
1.52, 2051510
1.52, 2044454
1.52, 2041690
1.52, 2039443
1.52, 2037279
1.52, 2034715
1.52, 2030756
1.52, 2017325
1.53, 1983237
1.53, 1981229
1.53, 1966277
1.56, 1955307
1.56, 1953781
1.56, 1947519
1.56, 1947175
1.56, 1937358
1.56, 1934440
1.56, 1929101
1.56, 1920047
1.56, 1904762
1.57, 1883417
1.57, 1883202
1.57, 1864849
1.57, 1861709
1.6, 1823996
1.6, 1823902
1.62, 1820798
1.62, 1809429
1.62, 1801524
1.62, 1790138
1.63, 1788059
1.64, 1774603
1.65, 1767249
1.65, 1767094
1.65, 1766877
1.65, 1763826
1.65, 1751328
1.65, 1743601
1.65, 1731553
1.66, 1727295
1.66, 1713059
1.66, 1706735
1.66, 1695501
1.66, 1669954
1.66, 1669036
1.67, 1664407
1.67, 1660541
1.67, 1659508
1.67, 1652150
1.69, 1642948
1.69, 1642302
1.69, 1639899
1.71, 1639736
1.71, 1638873
1.72, 1635614
1.76, 1623092
1.76, 1622006
1.76, 1615951
1.76, 1600673
1.76, 1595172
1.77, 1594530
1.77, 1585919
1.78, 1584776
1.79, 1577621
1.8, 1576021
1.81, 1575158
1.81, 1572755
