0.0, 4066286
0.0, 4065899
0.0, 3955892
0.0, 3738949
0.0, 3681004
0.0, 3419857
0.0, 3307758
0.0, 3297168
0.0, 3296112
0.0, 3238803
0.0, 3233278
0.0, 3096914
0.01, 3008480
0.01, 2797289
0.61, 2753561
0.66, 2665885
0.76, 2363793
0.99, 2246065
1.03, 2237615
1.03, 2188926
1.03, 2171448
1.03, 2121633
1.03, 2057423
1.03, 1994929
1.11, 1985389
1.11, 1983999
1.12, 1979576
1.12, 1949757
1.14, 1933240
1.14, 1913861
1.14, 1891184
1.14, 1890080
1.14, 1889598
1.14, 1885251
1.14, 1869493
1.14, 1866600
1.14, 1842232
1.14, 1840931
1.14, 1840901
1.14, 1821625
1.19, 1808053
1.19, 1802853
1.19, 1776891
1.19, 1757115
1.19, 1753847
1.21, 1748915
1.21, 1747517
1.21, 1734038
1.21, 1733829
1.21, 1686872
1.21, 1682945
1.21, 1681084
1.21, 1666628
1.21, 1625931
1.22, 1602537
1.32, 1591330
1.32, 1543467
1.32, 1540203
1.33, 1509949
1.33, 1493105
1.33, 1484886
1.41, 1475529
1.41, 1472253
1.41, 1472148
1.41, 1469699
1.41, 1461667
1.41, 1457163
1.41, 1454332
1.41, 1447889
1.41, 1445589
1.48, 1440003
1.48, 1432613
1.5, 1428110
1.5, 1423527
1.5, 1412514
1.5, 1402791
1.66, 1401487
1.67, 1399973
1.67, 1399405
1.68, 1396549
1.71, 1395981
