0.0, 4942037
0.0, 4909093
0.0, 4908647
0.0, 4885191
0.0, 4396497
0.0, 4386457
0.0, 4383743
0.0, 4336089
0.0, 4241359
0.0, 4130486
0.0, 3847367
0.0, 3684893
0.0, 3675749
0.0, 3288360
0.01, 3261452
0.03, 3212241
0.03, 3163646
0.06, 3111985
0.09, 3044050
0.14, 2974273
0.17, 2947756
0.17, 2937247
0.17, 2935715
0.17, 2929458
0.17, 2914668
0.57, 2771678
0.68, 2643476
0.91, 2617695
0.91, 2588495
0.91, 2519986
0.91, 2511643
0.92, 2501107
0.98, 2478127
0.98, 2476950
0.98, 2449307
0.98, 2443621
0.98, 2434555
0.98, 2376978
0.98, 2350496
1.02, 2310170
1.02, 2304513
1.02, 2291578
1.03, 2285969
1.03, 2273608
1.03, 2226533
1.03, 2216910
1.03, 2181868
1.03, 2181846
1.03, 2162659
1.03, 2068250
1.03, 2001116
1.03, 1999752
1.03, 1975695
1.11, 1964974
1.11, 1925084
1.11, 1909661
1.11, 1905792
1.11, 1903120
1.13, 1892249
1.13, 1887286
1.13, 1886789
1.16, 1870375
1.16, 1865980
1.16, 1862719
1.17, 1856132
1.17, 1852371
1.17, 1829362
1.17, 1808629
1.17, 1780060
1.18, 1751562
1.18, 1738710
1.18, 1736673
1.19, 1724631
1.19, 1721066
1.19, 1703531
1.19, 1680424
1.19, 1656977
1.21, 1645952
1.21, 1645212
1.21, 1611319
1.21, 1608501
1.21, 1607377
1.21, 1605077
1.21, 1595050
1.21, 1570721
1.21, 1566234
1.21, 1562191
1.21, 1556653
1.3, 1555133
1.31, 1543245
1.31, 1538997
1.31, 1530921
1.31, 1525303
1.31, 1515901
1.31, 1505959
1.31, 1503160
1.31, 1499090
1.31, 1489388
1.38, 1471201
1.46, 1468875
1.47, 1449207
1.48, 1445785
1.5, 1440514
1.5, 1440260
1.5, 1434357
1.5, 1432884
1.5, 1431558
1.5, 1429768
1.5, 1420875
1.5, 1418575
1.52, 1412469
1.52, 1411345
1.56, 1410966
1.62, 1409865
1.62, 1408919
1.62, 1407795
1.64, 1407730
1.64, 1401182
1.69, 1400046
