0.0, 4525159
0.0, 4476028
0.0, 4440627
0.0, 4365586
0.0, 4326979
0.0, 4157983
0.0, 3871022
0.0, 3753015
0.0, 3580939
0.01, 3568130
0.01, 3497476
0.01, 3487013
0.01, 3409395
0.01, 3156077
0.01, 3129807
0.02, 2936016
0.25, 2788915
0.25, 2787284
0.75, 2484823
0.75, 2421286
0.92, 2415155
0.92, 2411717
0.96, 2401582
0.96, 2356503
1.01, 2299198
1.04, 2280826
1.04, 2149952
1.04, 2027678
1.04, 2025439
1.13, 1969912
1.13, 1947912
1.13, 1897310
1.13, 1847285
1.13, 1840278
1.13, 1770272
1.14, 1767686
1.14, 1757259
1.14, 1723441
1.14, 1685767
1.14, 1682153
1.14, 1677768
1.2, 1655805
1.2, 1620033
1.22, 1600831
1.22, 1598970
1.22, 1582987
1.23, 1582322
1.28, 1565929
1.28, 1560689
1.28, 1557806
1.28, 1550510
1.28, 1538470
1.28, 1537811
1.28, 1529282
1.28, 1512466
1.28, 1505963
1.28, 1495567
1.28, 1494088
1.3, 1492392
1.39, 1484956
1.39, 1484029
1.4, 1480087
1.4, 1475837
1.4, 1466389
1.4, 1466127
1.4, 1460629
1.44, 1457488
1.46, 1451428
1.46, 1450146
1.46, 1443074
1.46, 1431973
1.46, 1428493
1.48, 1425979
1.48, 1422568
1.53, 1422416
1.53, 1421848
1.53, 1415026
1.53, 1411949
1.58, 1406438
1.65, 1404820
1.69, 1404569
1.7, 1404001
1.83, 1402882
1.83, 1402314
1.83, 1401831
