0.0, 4364328
0.0, 4302753
0.0, 4238767
0.0, 4047819
0.0, 4021567
0.0, 4020406
0.0, 3981645
0.0, 3972638
0.0, 3725000
0.0, 3571788
0.0, 3570684
0.01, 3489996
0.02, 3325845
0.03, 3288363
0.04, 3145664
0.04, 3139226
0.04, 3119203
0.04, 3078948
0.2, 3067995
0.23, 3058821
0.23, 2687603
0.55, 2685297
0.71, 2386325
0.71, 2384816
0.71, 2332281
1.0, 2327228
1.0, 2270947
1.0, 2263142
1.04, 2242775
1.04, 2241937
1.04, 2229911
1.04, 2197985
1.04, 2197130
1.04, 2121077
1.04, 2082914
1.04, 2074694
1.06, 1958398
1.06, 1933858
1.06, 1932767
1.06, 1913683
1.06, 1911580
1.06, 1896237
1.14, 1891189
1.18, 1852399
1.18, 1797222
1.19, 1795657
1.19, 1772522
1.19, 1765084
1.19, 1757987
1.19, 1750008
1.23, 1746500
1.23, 1690455
1.25, 1666723
1.25, 1651325
1.26, 1627735
1.26, 1626996
1.26, 1626028
1.26, 1620567
1.26, 1600491
1.27, 1599400
1.27, 1590189
1.27, 1577538
1.27, 1574958
1.27, 1542302
1.29, 1540429
1.29, 1539452
1.31, 1528948
1.33, 1528021
1.33, 1526467
1.33, 1524762
1.33, 1518001
1.33, 1513858
1.33, 1501044
1.33, 1494222
1.33, 1479979
1.33, 1472032
1.44, 1470131
1.44, 1462063
1.45, 1458789
1.45, 1451758
1.45, 1444595
1.45, 1443193
1.46, 1431451
1.46, 1431053
1.49, 1427719
1.52, 1418829
1.55, 1418106
1.55, 1417538
1.61, 1414249
1.61, 1412906
1.65, 1400517
1.67, 1396549
1.74, 1395981
