0.0, 4385560
0.0, 4362373
0.0, 4337222
0.0, 4321998
0.0, 4283987
0.0, 4275514
0.0, 4076399
0.0, 3986289
0.0, 3963330
0.0, 3937545
0.0, 3594371
0.0, 3578999
0.0, 3251947
0.0, 3251441
0.02, 3101663
0.07, 3075628
0.07, 2975175
0.12, 2926316
0.12, 2905041
0.42, 2887519
0.42, 2821194
0.42, 2740130
0.45, 2727392
0.51, 2636202
0.73, 2635507
0.87, 2591478
0.87, 2569968
0.87, 2526954
0.9, 2378317
0.95, 2355948
0.95, 2332324
0.95, 2292827
1.05, 2088843
1.05, 2053723
1.05, 2015331
1.08, 1976877
1.1, 1950909
1.11, 1916000
1.11, 1914013
1.11, 1909991
1.11, 1903066
1.11, 1891957
1.11, 1861380
1.11, 1808147
1.11, 1770343
1.18, 1769745
1.18, 1753550
1.18, 1732963
1.19, 1718035
1.19, 1716908
1.19, 1674577
1.23, 1672482
1.23, 1667670
1.23, 1664420
1.24, 1657107
1.24, 1641124
1.24, 1630819
1.26, 1625410
1.29, 1624045
1.29, 1621156
1.31, 1610276
1.31, 1597985
1.31, 1590750
1.31, 1583083
1.31, 1561651
1.31, 1550701
1.31, 1548829
1.31, 1544459
1.31, 1542875
1.32, 1502644
1.35, 1501190
1.41, 1498467
1.43, 1483702
1.43, 1482991
1.44, 1481560
1.44, 1480293
1.44, 1476745
1.45, 1476627
1.45, 1468565
1.45, 1460640
1.45, 1458404
1.46, 1450561
1.47, 1444695
1.48, 1441081
1.48, 1439337
1.48, 1439159
1.48, 1438035
1.48, 1437367
1.48, 1431949
1.52, 1427714
1.58, 1422267
1.58, 1419902
1.58, 1413999
1.58, 1411200
1.63, 1409939
1.63, 1409371
1.63, 1407425
1.64, 1406869
1.64, 1405182
1.64, 1402346
1.81, 1402307
1.93, 1401831
