0.0, 3841136
0.0, 3679582
0.0, 3569070
0.01, 3501898
0.01, 3375302
0.04, 3246196
0.1, 3241154
0.1, 3232010
0.1, 3147378
0.15, 3067495
0.23, 2938114
0.23, 2927827
0.3, 2882264
0.3, 2832181
0.34, 2658291
0.8, 2658218
0.8, 2649924
0.8, 2644038
0.87, 2624329
0.87, 2597071
0.87, 2584909
0.87, 2560881
0.92, 2547081
0.99, 2501321
1.0, 2410269
1.01, 2393965
1.02, 2365493
1.02, 2362018
1.02, 2334152
1.02, 2300499
1.02, 2283216
1.02, 2221441
1.02, 2202594
1.02, 2192134
1.02, 2153349
1.03, 2152052
1.03, 2108491
1.03, 2108137
1.04, 1993506
1.04, 1990688
1.04, 1985626
1.04, 1984980
1.13, 1983433
1.13, 1966946
1.13, 1960864
1.13, 1958606
1.13, 1937986
1.13, 1887917
1.14, 1879184
1.14, 1849612
1.14, 1824735
1.14, 1788637
1.15, 1744667
1.18, 1744289
1.19, 1739368
1.2, 1736881
1.21, 1712092
1.22, 1700363
1.24, 1698436
1.25, 1644082
1.25, 1630643
1.25, 1620300
1.25, 1595645
1.25, 1582873
1.25, 1581076
1.3, 1579605
1.3, 1575733
1.31, 1566479
1.31, 1565171
1.31, 1555861
1.31, 1554887
1.33, 1552669
1.34, 1548038
1.34, 1527191
1.34, 1517078
1.37, 1509447
1.37, 1505523
1.38, 1495920
1.38, 1495302
1.38, 1479141
1.38, 1475877
1.42, 1473284
1.42, 1471412
1.42, 1467042
1.45, 1466045
1.45, 1457481
1.45, 1454949
1.46, 1454302
1.47, 1453098
1.48, 1450845
1.48, 1448083
1.48, 1441059
1.48, 1434748
1.48, 1431929
1.52, 1429317
1.55, 1428887
1.58, 1424650
1.59, 1423541
1.59, 1420845
1.59, 1420115
1.6, 1419684
1.6, 1404569
1.69, 1403359
1.69, 1399985
1.7, 1398849
1.7, 1398281
1.7, 1397685
1.76, 1396549
1.78, 1395981
