0.0, 4326467
0.0, 4283948
0.0, 4272997
0.0, 4208856
0.0, 3450891
0.01, 3368340
0.03, 3359031
0.03, 3294933
0.03, 3203828
0.03, 3138991
0.03, 3132043
0.03, 3105826
0.03, 3018797
0.18, 2984310
0.21, 2731384
0.73, 2671251
0.9, 2581935
0.9, 2507470
0.9, 2326412
0.96, 2303765
0.97, 2299861
1.05, 2267372
1.05, 2145174
1.06, 2061927
1.06, 2052406
1.06, 2047518
1.09, 2045752
1.09, 2042959
1.09, 2027281
1.09, 1991841
1.09, 1985509
1.09, 1956257
1.09, 1944831
1.09, 1822194
1.12, 1821759
1.16, 1818805
1.16, 1813490
1.16, 1807009
1.18, 1795056
1.18, 1790189
1.18, 1789336
1.18, 1762489
1.18, 1691366
1.18, 1688548
1.23, 1659146
1.23, 1648696
1.24, 1645060
1.24, 1639174
1.24, 1626368
1.24, 1621928
1.24, 1616031
1.25, 1584462
1.25, 1581824
1.25, 1559304
1.25, 1535827
1.25, 1500554
1.25, 1497491
1.25, 1493345
1.25, 1491756
1.25, 1485000
1.25, 1475894
1.25, 1469839
1.4, 1465172
1.4, 1455035
1.4, 1451268
1.4, 1446107
1.41, 1445940
1.47, 1429755
1.47, 1426491
1.53, 1422712
1.56, 1421691
1.56, 1420769
1.56, 1420145
1.56, 1418693
1.56, 1416550
1.56, 1411613
1.58, 1396549
1.58, 1395981
