0.0, 4782681
0.0, 4713859
0.0, 4319748
0.0, 4214764
0.0, 3884641
0.0, 3873986
0.0, 3746005
0.01, 3736614
0.01, 3609542
0.01, 3428521
0.02, 3070492
0.02, 3064833
0.02, 3053386
0.04, 3039622
0.04, 2834554
0.09, 2659886
0.09, 2479641
0.85, 2468031
0.85, 2454107
0.85, 2445461
0.99, 2390791
0.99, 2326986
0.99, 2320400
0.99, 2300897
0.99, 2298151
0.99, 2293385
1.01, 2275924
1.01, 2222420
1.01, 2215232
1.01, 2192650
1.01, 2088709
1.02, 2077518
1.02, 2025907
1.02, 2017708
1.02, 2012653
1.06, 2010015
1.06, 1997086
1.06, 1973586
1.06, 1926508
1.12, 1863266
1.12, 1860691
1.12, 1825356
1.12, 1798637
1.12, 1730540
1.2, 1723585
1.24, 1722783
1.24, 1720977
1.25, 1698462
1.25, 1697688
1.25, 1659974
1.25, 1652237
1.25, 1648239
1.25, 1644318
1.25, 1628794
1.25, 1600984
1.25, 1594121
1.25, 1590889
1.25, 1585471
1.25, 1579274
1.26, 1573407
1.26, 1561445
1.27, 1524123
1.39, 1513517
1.39, 1510992
1.39, 1503887
1.39, 1493935
1.39, 1489129
1.39, 1478770
1.39, 1474934
1.39, 1470605
1.42, 1458814
1.47, 1456168
1.47, 1452765
1.47, 1441351
1.47, 1439974
1.47, 1431721
1.49, 1428972
1.49, 1423044
1.5, 1421467
1.5, 1413122
1.51, 1411986
1.58, 1411903
1.59, 1410200
1.67, 1410039
1.69, 1409881
1.69, 1409313
1.7, 1408093
1.71, 1406840
1.72, 1400723
1.73, 1399405
1.75, 1398281
1.75, 1395981
