0.0, 4041903
0.0, 4037871
0.0, 4035323
0.0, 4019890
0.0, 4017892
0.0, 4006754
0.0, 3958675
0.0, 3672570
0.0, 3330241
0.0, 3251575
0.04, 3112549
0.08, 3087657
0.08, 3066321
0.13, 2935681
0.41, 2862453
0.41, 2856224
0.41, 2457126
0.97, 2442195
0.99, 2374213
0.99, 2369232
0.99, 2298758
0.99, 2282530
0.99, 2196505
0.99, 2173687
0.99, 2164331
1.01, 2142388
1.01, 2126962
1.01, 2102860
1.09, 2095704
1.09, 1949536
1.16, 1943131
1.16, 1928564
1.16, 1923766
1.16, 1920948
1.16, 1920450
1.16, 1906833
1.16, 1887775
1.16, 1821966
1.17, 1816760
1.17, 1796635
1.17, 1794182
1.17, 1768523
1.19, 1765143
1.19, 1747400
1.19, 1736698
1.19, 1720584
1.19, 1701822
1.19, 1686115
1.23, 1681293
1.23, 1676923
1.23, 1666618
1.23, 1641257
1.23, 1640905
1.24, 1626691
1.24, 1604281
1.24, 1602580
1.26, 1591817
1.27, 1549837
1.29, 1547759
1.29, 1537940
1.29, 1528948
1.31, 1527366
1.34, 1522179
1.34, 1509915
1.34, 1490426
1.39, 1480693
1.39, 1470302
1.4, 1449127
1.4, 1449100
1.48, 1444478
1.48, 1443047
1.51, 1441009
1.51, 1438698
1.51, 1433229
1.55, 1428635
1.57, 1420592
1.57, 1420024
1.57, 1418241
1.57, 1415941
1.57, 1413582
1.57, 1410318
1.57, 1405442
1.58, 1404302
1.58, 1399973
