0.0, 4419918
0.0, 4349719
0.0, 4337400
0.0, 4176164
0.0, 4074225
0.0, 4057194
0.0, 4053198
0.0, 3907337
0.0, 3817953
0.0, 3748465
0.0, 3733033
0.0, 3732902
0.0, 3732802
0.0, 3698679
0.0, 3651309
0.0, 3576390
0.0, 3513657
0.01, 3386952
0.01, 3380430
0.01, 3369957
0.01, 3367416
0.01, 3206551
0.03, 3114643
0.08, 3095527
0.21, 3047825
0.24, 2897542
0.37, 2842886
0.37, 2825562
0.37, 2815481
0.37, 2782331
0.55, 2752124
0.55, 2707536
0.55, 2682434
0.66, 2620335
0.76, 2403364
1.01, 2373823
1.01, 2309346
1.01, 2304148
1.01, 2296412
1.01, 2247495
1.01, 2236374
1.01, 2213726
1.01, 2200919
1.01, 2194783
1.01, 2185613
1.01, 2072499
1.01, 2071851
1.01, 2062113
1.01, 2049866
1.01, 2036173
1.01, 2021291
1.01, 2008861
1.01, 2001672
1.01, 1969659
1.01, 1932306
1.06, 1903769
1.09, 1846752
1.16, 1829309
1.16, 1756750
1.21, 1686457
1.21, 1670826
1.21, 1669997
1.21, 1666760
1.21, 1645073
1.23, 1617889
1.23, 1587028
1.23, 1582658
1.25, 1563840
1.25, 1552040
1.31, 1548878
1.31, 1545454
1.32, 1516323
1.39, 1510715
1.39, 1508696
1.39, 1502433
1.42, 1494920
1.42, 1490877
1.42, 1485082
1.43, 1474716
1.43, 1469462
1.45, 1455319
1.45, 1451895
1.47, 1449203
1.47, 1447460
1.47, 1446154
1.47, 1444831
1.47, 1431998
1.54, 1428359
1.54, 1427846
1.54, 1425985
1.57, 1418567
1.57, 1416770
1.6, 1414284
1.6, 1409289
1.6, 1397685
1.71, 1396549
1.73, 1395981
