0.05, 6861484
0.05, 6848272
0.05, 6845588
0.05, 6825816
0.1, 6818192
0.23, 6813574
0.27, 6788872
0.35, 6767743
0.35, 6751895
0.35, 6742658
0.35, 6738004
0.35, 6733795
0.36, 6681567
0.36, 6676137
0.36, 6675983
0.55, 6639464
0.55, 6637683
0.55, 6636280
1.05, 6633855
1.06, 6617142
1.31, 6616456
1.33, 6611387
1.33, 6587676
1.33, 6574375
1.34, 6561497
1.35, 6557470
1.35, 6554995
1.35, 6547439
1.38, 6520562
1.38, 6458195
1.46, 6451219
1.47, 6430433
1.47, 6428851
1.47, 6421951
1.47, 6420669
1.47, 6416107
1.48, 6411414
1.48, 6384943
1.48, 6383051
1.48, 6379515
1.48, 6378581
1.48, 6368256
1.48, 6361612
1.48, 6341289
1.48, 6336020
1.48, 6333125
1.48, 6319708
1.49, 6317173
1.49, 6309938
1.49, 6308062
1.49, 6216025
1.49, 6159577
1.49, 6158209
1.57, 6140406
1.58, 6139602
1.58, 6088459
1.59, 6086080
1.63, 6023270
1.64, 5999914
1.64, 5996207
1.64, 5996182
1.64, 5985604
1.64, 5975065
1.64, 5972432
1.64, 5960339
1.64, 5948937
1.64, 5932113
1.64, 5922935
1.64, 5922632
1.64, 5914075
1.64, 5913001
1.64, 5881037
1.64, 5854645
1.65, 5834192
1.65, 5830576
1.65, 5828437
1.65, 5825763
1.66, 5821439
1.66, 5820287
1.66, 5813690
1.66, 5804287
1.66, 5802378
1.67, 5730495
1.67, 5723947
1.69, 5712269
1.69, 5711413
1.69, 5710975
1.69, 5708950
1.69, 5701464
1.69, 5698456
1.69, 5697062
1.69, 5689897
1.69, 5661108
1.69, 5659937
1.72, 5651106
1.72, 5643148
1.73, 5638518
1.75, 5631564
1.75, 5630833
1.75, 5615327
1.75, 5602529
1.75, 5590431
1.75, 5582306
1.75, 5567343
1.75, 5562914
1.75, 5535637
1.75, 5425328
1.75, 5399583
1.75, 5383988
1.76, 5358144
1.76, 5342531
1.76, 5327217
1.76, 5326898
1.76, 5303501
1.76, 5300535
1.76, 5285438
1.76, 5257930
1.76, 5245622
1.76, 5245323
1.76, 5243039
1.76, 5221389
1.76, 5213362
1.76, 5210435
1.76, 5202998
1.76, 5195028
1.76, 5191301
1.76, 5181495
1.76, 5170146
1.76, 5146147
1.76, 5119964
1.76, 5112481
1.76, 5085088
1.76, 5072044
1.76, 5066509
1.76, 5059111
1.77, 5058383
1.77, 5045556
1.77, 5035077
1.77, 5028567
1.77, 5020974
1.77, 5014176
1.77, 4974198
1.77, 4972872
1.77, 4970337
1.77, 4964971
1.77, 4964828
1.77, 4942486
1.77, 4913302
1.77, 4910437
1.77, 4905914
1.77, 4895187
1.77, 4893416
1.77, 4867769
1.78, 4866767
1.78, 4824515
1.78, 4817762
1.78, 4807054
1.78, 4805702
1.78, 4793769
1.79, 4792031
1.79, 4787080
1.79, 4722700
1.8, 4700596
1.8, 4691907
1.8, 4681334
1.8, 4666971
1.8, 4645963
1.8, 4638338
1.8, 4637976
1.81, 4635510
1.81, 4627820
1.81, 4627278
1.81, 4623584
1.81, 4580185
1.81, 4547008
1.81, 4545567
1.81, 4540809
1.81, 4532033
1.82, 4439952
1.82, 4439368
1.82, 4437556
1.82, 4432743
1.82, 4424250
1.82, 4423621
1.82, 4402076
1.82, 4391709
1.82, 4361350
1.82, 4337245
1.82, 4306416
1.82, 4299219
1.83, 4298242
1.83, 4291511
1.83, 4285328
1.84, 4278790
1.84, 4257695
1.84, 4226441
1.84, 4212760
1.84, 4201668
1.84, 4186383
1.84, 4181589
1.84, 4163298
1.85, 4160624
1.85, 4152732
1.85, 4151308
1.85, 4147626
1.85, 4144987
1.85, 4144565
1.85, 4119868
1.86, 4117854
1.86, 4117044
1.86, 4113348
1.86, 4113025
1.87, 4087355
1.88, 4068972
1.88, 4067104
1.88, 4057746
1.88, 4056654
1.88, 4046851
1.89, 4044683
1.89, 4044641
1.89, 4030065
1.89, 4025894
1.91, 4024951
1.93, 3996132
1.93, 3986634
1.94, 3981802
1.94, 3972640
1.94, 3969562
1.94, 3963651
1.94, 3960265
1.95, 3959059
1.95, 3958235
1.96, 3923920
1.96, 3913317
1.96, 3908118
1.96, 3897987
1.96, 3891106
1.96, 3882254
1.96, 3876340
1.96, 3871142
1.96, 3831981
1.96, 3821557
1.96, 3804211
1.96, 3775156
1.96, 3769600
1.96, 3733425
1.96, 3706075
1.96, 3700504
1.97, 3696904
1.97, 3687112
1.97, 3675965
1.97, 3674415
1.97, 3672015
1.97, 3668108
1.98, 3663778
1.98, 3655612
1.98, 3655064
1.98, 3649934
1.98, 3632186
1.98, 3629805
1.99, 3618922
1.99, 3616899
1.99, 3606203
1.99, 3601344
1.99, 3594213
1.99, 3593770
1.99, 3592323
2.0, 3576213
2.0, 3574276
2.0, 3562747
2.0, 3562343
2.0, 3556163
2.0, 3554942
2.0, 3542080
2.0, 3526187
2.0, 3523569
2.0, 3511824
2.01, 3508298
2.01, 3503190
2.01, 3499096
2.01, 3493452
2.01, 3492426
2.01, 3482210
2.01, 3470884
2.01, 3468205
2.01, 3468124
2.01, 3456024
2.01, 3455246
2.01, 3450257
2.01, 3435346
2.01, 3435322
2.01, 3426269
2.01, 3419896
2.01, 3417743
2.02, 3416897
2.02, 3414982
2.02, 3412874
2.02, 3405951
2.02, 3404721
2.02, 3402816
2.02, 3400859
2.02, 3400340
2.02, 3397002
2.02, 3396537
2.02, 3393570
2.02, 3388750
2.02, 3380384
2.02, 3269379
2.02, 3203645
2.02, 3167321
2.02, 3167285
2.02, 3166857
2.02, 3165484
2.02, 3163602
2.03, 3158538
2.03, 3157857
2.03, 3156977
2.03, 3151800
2.03, 3151132
2.03, 3145324
2.03, 3144739
2.03, 3144286
2.03, 3142983
2.03, 3138250
2.03, 3137487
2.03, 3135307
2.03, 3130006
2.03, 3129325
2.03, 3120108
2.03, 3108828
2.04, 3088229
2.04, 3087109
2.04, 3085687
2.04, 3083427
2.04, 3083382
2.04, 3080628
2.04, 3080128
2.04, 3078893
2.04, 3075722
2.04, 3071231
2.04, 3067736
2.04, 3063317
2.04, 3056663
2.04, 3031445
2.04, 3027681
2.04, 3020700
2.04, 3018553
2.04, 3011316
2.04, 3011054
2.04, 2997785
2.04, 2996968
2.04, 2994693
2.05, 2986768
2.05, 2984400
2.05, 2980418
2.05, 2979289
2.05, 2973203
2.05, 2967675
2.05, 2965928
2.05, 2963766
2.05, 2960221
2.05, 2959944
2.05, 2958765
2.05, 2954840
2.05, 2951075
2.05, 2950268
2.05, 2949424
2.06, 2948332
2.06, 2937377
2.06, 2936198
2.06, 2930812
2.07, 2929631
2.07, 2928557
2.07, 2926234
2.07, 2924792
2.07, 2920287
2.07, 2868011
2.07, 2862747
2.07, 2810125
2.08, 2809690
2.08, 2789011
2.08, 2750948
2.09, 2739483
2.09, 2737928
2.09, 2735891
2.09, 2735407
2.09, 2725301
2.1, 2722771
2.1, 2702609
2.1, 2700181
2.1, 2675742
2.13, 2672029
2.15, 2606829
2.15, 2563633
2.15, 2546386
2.15, 2545174
2.16, 2541580
2.16, 2525703
2.18, 2525377
2.18, 2524574
2.18, 2518657
2.18, 2518332
2.18, 2517100
2.18, 2509038
2.19, 2505438
2.19, 2500458
2.19, 2467773
2.19, 2464510
2.19, 2459526
2.19, 2455713
2.2, 2447263
2.2, 2421048
2.2, 2412988
2.2, 2380080
2.2, 2368592
2.2, 2367813
2.2, 2342129
2.21, 2315723
2.21, 2310677
2.21, 2294623
2.22, 2284646
2.24, 2284045
2.28, 2279119
2.28, 2276090
2.3, 2275135
2.3, 2275014
2.31, 2271732
2.31, 2258463
2.31, 2256761
2.31, 2126164
2.32, 2125456
2.32, 2123905
2.32, 2123233
2.32, 2123176
2.32, 2100856
2.33, 1962616
2.33, 1952134
2.33, 1952070
2.33, 1922750
2.33, 1922218
2.33, 1921895
2.33, 1908465
2.33, 1905794
2.33, 1892642
2.33, 1810114
2.33, 1771818
2.33, 1770552
2.34, 1770363
2.34, 1752444
2.34, 1748865
2.34, 1698482
2.38, 1698194
2.38, 1651656
2.4, 1650916
2.43, 1642254
2.43, 1641982
2.43, 1616299
2.45, 1616010
2.45, 1612693
2.47, 1574825
2.5, 1573231
2.51, 1571854
2.51, 1570478
2.51, 1568905
2.52, 1564731
2.53, 1550755
2.53, 1550539
2.53, 1535603
2.55, 1488722
2.55, 1481794
2.56, 1479636
2.56, 1452172
2.59, 1437629
2.6, 1437144
2.6, 1429650
2.61, 1428434
2.61, 1427975
2.61, 1423260
2.62, 1420862
2.64, 1419080
2.64, 1418422
2.64, 1416636
2.64, 1411161
2.64, 1406194
2.64, 1404134
2.64, 1402131
2.64, 1390950
2.64, 1382972
2.64, 1380707
2.64, 1377634
2.66, 1377232
2.67, 1375483
2.67, 1370512
2.7, 1368057
2.7, 1367423
2.7, 1364457
2.7, 1362625
2.7, 1360959
2.7, 1357662
2.7, 1355279
2.71, 1349375
2.71, 1345554
2.71, 1345038
2.71, 1334300
2.73, 1334284
2.73, 1334282
2.73, 1333133
2.74, 1332238
2.74, 1331390
2.75, 1328271
2.76, 1325377
2.76, 1324368
2.78, 1323949
2.81, 1323364
2.81, 1320851
2.82, 1320829
2.82, 1319042
2.83, 1318888
2.84, 1318648
2.85, 1316286
2.88, 1305627
2.89, 1304957
2.89, 1304004
2.9, 1301041
2.92, 1299047
2.93, 1294423
2.93, 1282748
2.93, 1272716
2.93, 1271616
2.93, 1267566
2.93, 1266209
2.93, 1260253
2.96, 1258280
2.97, 1257845
2.97, 1257734
2.97, 1244602
2.97, 1241616
2.97, 1241119
2.97, 1237325
2.97, 1237023
2.98, 1235394
2.98, 1234765
2.98, 1234763
2.98, 1234454
2.98, 1233453
2.99, 1230673
2.99, 1227922
2.99, 1226773
2.99, 1220894
3.0, 1220343
3.0, 1210261
3.01, 1206773
3.01, 1204527
3.01, 1203363
3.01, 1199172
3.02, 1196732
3.02, 1196412
3.02, 1195264
3.02, 1193652
3.02, 1192813
3.02, 1190532
3.02, 1189718
3.02, 1185717
3.02, 1181872
3.02, 1181352
3.02, 1177216
3.02, 1176826
3.03, 1169937
3.03, 1169031
3.04, 1168632
3.04, 1167961
3.04, 1167092
3.05, 1165496
3.08, 1165362
3.08, 1162422
3.1, 1162007
3.1, 1160121
3.1, 1159140
3.11, 1158260
3.11, 1153134
3.12, 1153123
3.12, 1152249
3.12, 1148501
3.12, 1141957
3.12, 1139494
3.12, 1137313
3.12, 1137297
3.12, 1136164
3.12, 1136030
3.12, 1132871
3.12, 1132861
3.12, 1129240
3.13, 1128802
3.13, 1126360
3.14, 1122226
3.14, 1122217
3.14, 1120893
3.15, 1120889
3.15, 1119045
3.15, 1118941
3.15, 1117500
3.16, 1117251
3.16, 1116203
3.16, 1114746
3.16, 1114480
3.16, 1112904
3.16, 1112150
3.16, 1111643
3.16, 1111003
3.18, 1110834
3.18, 1110676
3.23, 1107787
3.24, 1107577
3.24, 1106527
3.25, 1104474
3.25, 1104081
3.25, 1102019
3.26, 1101718
3.26, 1101690
3.26, 1101348
3.26, 1101217
3.26, 1099849
3.27, 1099013
3.27, 1098314
3.27, 1096912
3.27, 1096214
3.27, 1094494
3.27, 1092968
3.27, 1088215
3.27, 1086894
3.27, 1086269
3.27, 1085138
3.28, 1082904
3.28, 1079426
3.29, 1079329
3.29, 1078537
3.29, 1077001
3.29, 1071305
3.29, 1071145
3.29, 1067979
3.3, 1067659
3.3, 1067518
3.3, 1066435
3.3, 1065876
3.3, 1065208
3.3, 1062470
3.31, 1062333
3.31, 1062331
3.31, 1062053
3.31, 1061785
3.31, 1058947
3.31, 1058359
3.31, 1057031
3.31, 1055949
3.31, 1055931
3.32, 1055880
3.33, 1054890
3.34, 1053883
3.34, 1052381
3.34, 1050560
3.35, 1049816
3.35, 1049092
3.35, 1049005
3.35, 1048515
3.35, 1046669
3.35, 1046110
3.36, 1045731
3.36, 1045518
3.36, 1045214
3.36, 1044400
3.36, 1044136
3.37, 1043022
3.37, 1042752
3.37, 1042429
3.37, 1040788
3.37, 1040277
3.37, 1040203
3.37, 1038824
3.37, 1038310
3.37, 1037643
3.39, 1036810
3.39, 1036098
3.41, 1034693
3.41, 1034200
3.41, 1031266
3.41, 1031130
3.41, 1030474
3.41, 1029660
3.41, 1029265
3.42, 1028669
3.42, 1025182
3.43, 1025097
3.43, 1024717
3.44, 1023222
3.44, 1020443
3.46, 1020183
3.46, 1017661
3.46, 1005159
3.46, 1004513
3.46, 1003390
3.46, 1000333
3.46, 998412
3.46, 998274
3.46, 986762
3.46, 985740
3.46, 982272
3.46, 981298
3.46, 977110
3.46, 976558
3.47, 969243
3.47, 966572
3.47, 963691
3.47, 960601
3.47, 960430
3.47, 958081
3.47, 955910
3.47, 953861
3.47, 953838
3.47, 950727
3.47, 950273
3.47, 947797
3.47, 947752
3.47, 945473
3.48, 944040
3.48, 935358
3.48, 934151
3.48, 932829
3.49, 932732
3.49, 931686
3.49, 930383
3.58, 929259
3.6, 921279
3.81, 921130
3.82, 918773
3.82, 916309
3.82, 911814
3.83, 907938
3.83, 906475
3.83, 905058
3.87, 903937
3.87, 902283
3.89, 900079
3.89, 896910
3.9, 895917
3.94, 895869
4.04, 895821
4.04, 895189
4.04, 885463
4.05, 885267
4.05, 879880
4.07, 879196
4.1, 877624
4.11, 877533
4.11, 872677
4.12, 872237
4.12, 872184
4.16, 872176
4.16, 871428
4.16, 871058
4.17, 870852
4.3, 870232
4.3, 865810
4.32, 863455
4.35, 848525
4.36, 847694
4.39, 846954
4.39, 846752
4.39, 845423
4.41, 844487
4.41, 840993
4.41, 840959
4.41, 840436
4.42, 839477
4.43, 839262
4.43, 839053
4.43, 838146
4.43, 837897
4.44, 837788
4.44, 837509
4.52, 837503
4.57, 837443
4.62, 837009
4.62, 836428
4.63, 836263
4.7, 835679
4.71, 834843
4.71, 834601
4.71, 834210
4.72, 833878
4.73, 833667
4.74, 833510
4.74, 832714
4.75, 830810
4.78, 830068
4.81, 824203
4.81, 822930
4.81, 821842
4.81, 821410
4.82, 820898
4.82, 819967
4.84, 819299
4.86, 819127
4.97, 815804
4.98, 815790
4.98, 813133
4.98, 809776
4.98, 795514
4.98, 793111
5.0, 790403
