0.05, 7107106
0.05, 7104704
0.05, 7078612
0.05, 7067255
0.05, 7058915
0.07, 6996458
0.07, 6989409
0.07, 6961042
0.07, 6949510
0.07, 6945169
0.07, 6925161
0.07, 6876025
0.07, 6875501
0.07, 6865207
0.07, 6861122
0.07, 6860907
0.09, 6811644
0.09, 6809925
0.09, 6802663
0.09, 6796604
0.09, 6789457
0.18, 6780649
0.18, 6778500
0.18, 6751289
0.18, 6750645
0.23, 6731602
0.23, 6674660
1.43, 6627493
1.46, 6621862
1.47, 6607247
1.47, 6598570
1.47, 6593938
1.47, 6567957
1.47, 6555400
1.47, 6554335
1.47, 6537078
1.47, 6533749
1.47, 6452686
1.47, 6439109
1.47, 6436014
1.47, 6434196
1.47, 6407479
1.54, 6350933
1.54, 6342638
1.54, 6328623
1.54, 6326923
1.54, 6326775
1.54, 6325238
1.54, 6322952
1.54, 6286442
1.57, 6273978
1.58, 6270721
1.58, 6254824
1.58, 6238213
1.58, 6237758
1.59, 6215410
1.59, 6209232
1.59, 6207533
1.59, 6200427
1.59, 6160343
1.59, 6139211
1.59, 6135656
1.59, 6107532
1.62, 6106150
1.62, 6105629
1.62, 6101065
1.62, 6100998
1.62, 6065895
1.62, 6065434
1.63, 6064367
1.63, 6059993
1.63, 6046434
1.65, 5998736
1.65, 5961778
1.66, 5961740
1.66, 5947660
1.66, 5876538
1.66, 5848223
1.66, 5837949
1.69, 5828897
1.69, 5778904
1.69, 5750749
1.69, 5749230
1.69, 5722094
1.69, 5721283
1.69, 5720255
1.69, 5717483
1.69, 5693778
1.7, 5681158
1.77, 5680674
1.77, 5675157
1.77, 5660715
1.77, 5648708
1.77, 5634764
1.77, 5618174
1.77, 5592486
1.77, 5591644
1.77, 5564335
1.77, 5540484
1.77, 5521975
1.77, 5504002
1.77, 5494158
1.77, 5493670
1.77, 5458592
1.77, 5456116
1.77, 5454950
1.77, 5427424
1.78, 5427059
1.78, 5420858
1.78, 5418774
1.78, 5414089
1.78, 5389737
1.78, 5361897
1.78, 5351353
1.78, 5344637
1.78, 5340578
1.78, 5325022
1.78, 5314945
1.78, 5306928
1.78, 5294816
1.78, 5286797
1.78, 5279274
1.78, 5277247
1.78, 5260253
1.79, 5258154
1.79, 5236546
1.79, 5233113
1.79, 5189162
1.79, 5179158
1.8, 5177589
1.8, 5149000
1.8, 5147394
1.8, 5145385
1.8, 5142519
1.81, 5136547
1.81, 5134453
1.82, 5130939
1.82, 5129713
1.82, 5031686
1.82, 4965753
1.82, 4956592
1.83, 4931804
1.83, 4850283
1.83, 4811538
1.83, 4714482
1.83, 4679827
1.83, 4575842
1.83, 4540449
1.83, 4448900
1.83, 4427212
1.83, 4357827
1.83, 4247147
1.83, 4147233
1.83, 4146778
1.83, 4046286
1.83, 4046057
1.83, 4044087
1.83, 4035952
1.83, 4032974
1.83, 3990847
1.83, 3987308
1.86, 3974487
1.88, 3974464
1.88, 3973809
1.91, 3946198
1.94, 3923744
1.96, 3923732
1.96, 3911893
1.98, 3906995
2.01, 3904652
2.03, 3904469
2.03, 3903575
2.06, 3828191
2.09, 3825939
2.09, 3807799
2.09, 3804649
2.09, 3800713
2.09, 3796399
2.09, 3787921
2.09, 3781732
2.09, 3769951
2.09, 3715538
2.09, 3714204
2.09, 3653335
2.12, 3646436
2.12, 3581458
2.13, 3534005
2.13, 3493147
2.13, 3446158
2.13, 3440268
2.13, 3411810
2.13, 3408252
2.14, 3407129
2.14, 3372013
2.14, 3360183
2.14, 3294546
2.14, 3255590
2.14, 3243285
2.14, 3231528
2.14, 3223579
2.15, 3209406
2.15, 3207703
2.15, 3198147
2.16, 3197199
2.16, 3163602
2.16, 3137502
2.16, 3137405
2.16, 3123121
2.16, 3095293
2.16, 3081880
2.16, 3042317
2.16, 3017768
2.16, 2972507
2.16, 2949842
2.16, 2904725
2.16, 2876384
2.16, 2815687
2.16, 2794590
2.16, 2791514
2.16, 2780205
2.16, 2770847
2.16, 2741239
2.16, 2736661
2.16, 2714215
2.16, 2704449
2.16, 2691699
2.17, 2690317
2.17, 2682491
2.18, 2643784
2.18, 2641649
2.18, 2634838
2.18, 2634216
2.2, 2629608
2.2, 2623406
2.2, 2615471
2.21, 2613972
2.23, 2569334
2.23, 2560114
2.23, 2521786
2.23, 2521677
2.24, 2520803
2.28, 2518431
2.32, 2517509
2.32, 2508604
2.34, 2493892
2.36, 2478318
2.37, 2465805
2.37, 2451942
2.37, 2450480
2.37, 2407098
2.4, 2406034
2.4, 2388229
2.43, 2381551
2.43, 2377356
2.43, 2370849
2.43, 2366211
2.43, 2365715
2.43, 2353502
2.43, 2347165
2.43, 2325080
2.43, 2313692
2.43, 2306904
2.43, 2297012
2.44, 2270105
2.44, 2268584
2.44, 2258983
2.44, 2254361
2.44, 2249432
2.44, 2230361
2.44, 2229163
2.44, 2219723
2.44, 2201128
2.44, 2196951
2.44, 2184738
2.44, 2162201
2.44, 2157467
2.44, 2149643
2.44, 2135690
2.44, 2123371
2.44, 2109376
2.45, 2101793
2.45, 2087275
2.45, 2085085
2.45, 2069026
2.45, 2047184
2.45, 2033120
2.45, 2011966
2.45, 1991692
2.45, 1971768
2.45, 1959984
2.45, 1940809
2.45, 1917122
2.45, 1913485
2.45, 1910956
2.45, 1910283
2.45, 1907083
2.45, 1899104
2.45, 1894406
2.45, 1893953
2.45, 1893146
2.45, 1892117
2.45, 1886492
2.45, 1879757
2.45, 1875377
2.45, 1874020
2.45, 1868353
2.45, 1862449
2.45, 1858313
2.45, 1856601
2.45, 1856595
2.45, 1850790
2.46, 1850771
2.46, 1847705
2.46, 1840450
2.46, 1836576
2.46, 1835710
2.46, 1833311
2.46, 1826395
2.46, 1824385
2.46, 1819625
2.46, 1817698
2.46, 1814560
2.46, 1813887
2.46, 1808583
2.46, 1802712
2.46, 1799106
2.46, 1793737
2.46, 1785315
2.46, 1782863
2.46, 1782581
2.46, 1782227
2.46, 1781027
2.46, 1779364
2.46, 1775721
2.46, 1763255
2.47, 1758520
2.47, 1757899
2.47, 1753170
2.47, 1752571
2.47, 1750565
2.47, 1749325
2.47, 1747679
2.47, 1737065
2.47, 1736180
2.47, 1733009
2.47, 1728845
2.47, 1724069
2.47, 1724041
2.47, 1717732
2.47, 1717118
2.47, 1712707
2.48, 1708924
2.48, 1697141
2.48, 1696210
2.48, 1692947
2.51, 1692643
2.51, 1688988
2.53, 1688288
2.53, 1681453
2.55, 1681048
2.55, 1678956
2.55, 1673227
2.55, 1671346
2.56, 1671191
2.56, 1666165
2.6, 1660245
2.61, 1658722
2.62, 1656140
2.62, 1654903
2.62, 1650501
2.62, 1650401
2.62, 1645561
2.62, 1643533
2.63, 1641237
2.64, 1640719
2.66, 1637001
2.66, 1636838
2.66, 1631179
2.66, 1628188
2.67, 1619825
2.67, 1615105
2.67, 1613865
2.67, 1611029
2.67, 1610759
2.67, 1605795
2.69, 1605258
2.7, 1605147
2.7, 1602085
2.7, 1601424
2.7, 1598708
2.7, 1597809
2.7, 1596763
2.7, 1595736
2.7, 1588959
2.71, 1588261
2.71, 1585849
2.71, 1585399
2.71, 1585377
2.71, 1578620
2.72, 1578530
2.72, 1578105
2.72, 1576883
2.75, 1574788
2.76, 1574211
2.76, 1571338
2.78, 1570100
2.78, 1568098
2.79, 1567692
2.79, 1567173
2.79, 1565483
2.79, 1565347
2.79, 1556629
2.8, 1556538
2.8, 1553621
2.81, 1553210
2.81, 1553020
2.81, 1549107
2.81, 1547996
2.83, 1545181
2.83, 1545092
2.83, 1544095
2.84, 1544038
2.84, 1541234
2.87, 1541172
2.87, 1540515
2.87, 1535483
2.87, 1527425
2.87, 1525231
2.87, 1524540
2.87, 1522726
2.87, 1522586
2.88, 1522208
2.88, 1522094
2.88, 1516171
2.88, 1513779
2.88, 1509009
2.88, 1507865
2.88, 1507450
2.88, 1504580
2.88, 1497143
2.88, 1496733
2.88, 1496052
2.89, 1491804
2.89, 1490831
2.89, 1488424
2.89, 1485886
2.89, 1484761
2.89, 1484409
2.89, 1482406
2.9, 1481563
2.93, 1473986
2.93, 1471620
2.93, 1467844
2.93, 1465710
2.93, 1465482
2.93, 1461401
2.94, 1457881
2.94, 1457597
2.94, 1452400
2.94, 1450829
2.95, 1450387
2.95, 1449187
2.95, 1448313
2.95, 1442312
2.95, 1440719
2.95, 1440552
2.95, 1440087
2.95, 1437602
2.96, 1436389
2.96, 1433184
2.96, 1431855
2.96, 1431414
2.97, 1431046
2.97, 1430573
2.98, 1430415
2.99, 1430268
2.99, 1430132
3.0, 1429015
3.0, 1427799
3.0, 1426241
3.01, 1426236
3.01, 1426060
3.02, 1425795
3.05, 1425561
3.05, 1425486
3.05, 1421650
3.06, 1421073
3.06, 1420193
3.06, 1420085
3.06, 1418386
3.07, 1417809
3.07, 1417633
3.07, 1416840
3.08, 1415825
3.09, 1413660
3.1, 1413137
3.1, 1410224
3.1, 1407827
3.1, 1403757
3.1, 1393442
3.11, 1391994
3.11, 1391678
3.11, 1390947
3.11, 1389012
3.11, 1385805
3.11, 1385542
3.12, 1385303
3.12, 1385104
3.12, 1383460
3.12, 1379393
3.12, 1379361
3.13, 1375852
3.14, 1374449
3.14, 1370347
3.14, 1370199
3.14, 1369900
3.15, 1368685
3.15, 1368642
3.15, 1368496
3.15, 1368069
3.16, 1367031
3.16, 1364803
3.16, 1364257
3.16, 1363729
3.18, 1363422
3.18, 1360557
3.2, 1360187
3.21, 1359602
3.22, 1359145
3.24, 1359125
3.27, 1358051
3.27, 1353083
3.28, 1350998
3.28, 1350511
3.28, 1346037
3.28, 1345640
3.28, 1339717
3.28, 1338447
3.28, 1338115
3.28, 1335973
3.28, 1334518
3.28, 1332326
3.28, 1329320
3.29, 1326327
3.29, 1312120
3.29, 1311256
3.29, 1298053
3.29, 1285384
3.29, 1270614
3.29, 1269952
3.29, 1269118
3.29, 1268620
3.29, 1266693
3.29, 1247842
3.29, 1238392
3.29, 1235158
3.3, 1229471
3.3, 1226725
3.3, 1224220
3.3, 1221678
3.3, 1210949
3.3, 1208627
3.3, 1201968
3.3, 1196725
3.3, 1195606
3.3, 1179900
3.3, 1176406
3.3, 1167008
3.3, 1164355
3.3, 1163958
3.3, 1161997
3.3, 1152729
3.3, 1152039
3.3, 1142255
3.3, 1142219
3.3, 1130058
3.3, 1127644
3.3, 1120318
3.3, 1120256
3.31, 1120198
3.31, 1118194
3.31, 1115017
3.31, 1114881
3.31, 1114491
3.31, 1111104
3.33, 1109720
3.33, 1108619
3.33, 1107357
3.33, 1106008
3.33, 1105695
3.34, 1103610
3.34, 1101607
3.34, 1098984
3.35, 1094630
3.35, 1094620
3.35, 1092967
3.35, 1086742
3.35, 1086588
3.35, 1085940
3.35, 1084909
3.35, 1084875
3.35, 1084342
3.36, 1084288
3.36, 1080650
3.36, 1080301
3.36, 1069637
3.37, 1067275
3.38, 1066971
3.38, 1066789
3.38, 1065425
3.4, 1062890
3.4, 1061926
3.4, 1061360
3.41, 1060908
3.41, 1058426
3.41, 1058375
3.41, 1056878
3.41, 1056052
3.41, 1050409
3.42, 1048903
3.42, 1046580
3.42, 1043950
3.42, 1043339
3.42, 1037952
3.44, 1034595
3.44, 1028700
3.44, 1021417
3.46, 1019932
3.47, 1019794
3.47, 1018112
3.47, 1016740
3.47, 1008734
3.47, 1007285
3.47, 989965
3.47, 981526
3.47, 980929
3.48, 980569
3.49, 980469
3.49, 978954
3.49, 975976
3.5, 973640
3.5, 969285
3.5, 967006
3.5, 965478
3.5, 962092
3.5, 956047
3.51, 954366
3.51, 954140
3.51, 953126
3.51, 949779
3.51, 949772
3.51, 949729
3.51, 947879
3.51, 945475
3.51, 945180
3.51, 944591
3.52, 941493
3.52, 939605
3.52, 936789
3.52, 935830
3.52, 932079
3.52, 926694
3.52, 925774
3.52, 922965
3.52, 922262
3.52, 921998
3.52, 920662
3.52, 907253
3.52, 903765
3.52, 902324
3.52, 902218
3.52, 898362
3.52, 883092
3.54, 882780
3.54, 881133
3.56, 876692
3.56, 876254
3.6, 873068
3.62, 871930
3.62, 871242
3.64, 871132
3.65, 870778
3.75, 868537
3.75, 867925
3.75, 866641
3.76, 864879
3.79, 864417
3.82, 863227
3.82, 857197
3.82, 856520
3.82, 853005
3.82, 852919
3.84, 852069
3.84, 851630
3.84, 847214
3.85, 843941
3.85, 843471
3.87, 842470
3.88, 840081
3.89, 839879
3.91, 836234
3.93, 835641
3.93, 835281
3.93, 830113
3.96, 826765
3.97, 825974
4.01, 825973
4.15, 802367
4.21, 800687
4.23, 799992
4.31, 799839
4.35, 795612
4.42, 795209
4.43, 794542
4.43, 794033
4.43, 793502
4.44, 793259
4.44, 792660
4.47, 792283
4.51, 791809
4.51, 791321
4.52, 790296
4.52, 790131
4.55, 789254
4.55, 789101
4.56, 788869
4.57, 788559
4.58, 788429
4.58, 788113
4.58, 786998
4.6, 786877
4.6, 786578
4.6, 785878
4.64, 785131
4.7, 785092
4.7, 784507
4.78, 784447
4.83, 784337
4.83, 784129
4.84, 784077
4.84, 783149
4.85, 782713
4.86, 782459
4.94, 781871
4.99, 781316
