0.05, 7079077
0.05, 7077802
0.05, 7062184
0.05, 7041853
0.07, 7040581
0.07, 7007722
0.07, 7007209
0.07, 6966011
0.07, 6965534
0.07, 6962520
0.07, 6961885
0.07, 6950714
0.07, 6949753
0.07, 6945344
0.07, 6919680
0.07, 6915478
0.07, 6908634
0.07, 6907005
0.07, 6896936
0.08, 6895313
0.08, 6894010
0.08, 6891545
0.08, 6891450
0.08, 6889810
0.08, 6884851
0.08, 6853373
0.08, 6852897
0.08, 6846118
0.08, 6845585
0.09, 6787217
0.09, 6786624
0.19, 6771739
0.25, 6758366
0.25, 6703371
0.26, 6693282
0.26, 6690534
0.26, 6684121
0.26, 6678221
0.26, 6675461
0.26, 6594845
0.26, 6590448
0.26, 6584394
0.26, 6564597
0.43, 6562699
0.43, 6515859
0.44, 6492382
1.0, 6484198
1.0, 6467575
1.0, 6454625
1.0, 6377015
1.0, 6376131
1.0, 6369090
1.0, 6366908
1.0, 6346111
1.0, 6217264
1.27, 6209533
1.27, 6193432
1.27, 6189968
1.28, 6122273
1.28, 6113315
1.28, 6063763
1.28, 6000871
1.59, 5957139
1.6, 5956716
1.6, 5941810
1.6, 5937102
1.6, 5932134
1.6, 5929503
1.6, 5918500
1.61, 5906625
1.61, 5905218
1.61, 5901398
1.61, 5899249
1.61, 5892867
1.61, 5884586
1.61, 5881361
1.61, 5872227
1.61, 5866560
1.61, 5863078
1.61, 5853874
1.61, 5848555
1.61, 5833249
1.61, 5831247
1.61, 5812445
1.61, 5788186
1.61, 5784796
1.61, 5773180
1.61, 5772081
1.61, 5769605
1.61, 5768381
1.61, 5758572
1.61, 5747566
1.62, 5744203
1.62, 5734784
1.62, 5733573
1.62, 5732918
1.62, 5725860
1.62, 5723591
1.62, 5718616
1.63, 5705599
1.63, 5703151
1.63, 5697923
1.67, 5697607
1.67, 5677845
1.67, 5677752
1.67, 5664642
1.67, 5650303
1.67, 5631976
1.67, 5628092
1.67, 5612222
1.67, 5606198
1.67, 5606047
1.67, 5593348
1.68, 5585707
1.68, 5585162
1.68, 5580305
1.68, 5578004
1.7, 5577878
1.7, 5577666
1.71, 5569762
1.71, 5568022
1.71, 5567585
1.71, 5553418
1.71, 5552672
1.72, 5547760
1.72, 5547664
1.72, 5539613
1.73, 5527932
1.73, 5525595
1.73, 5523585
1.73, 5523582
1.73, 5508506
1.73, 5507240
1.73, 5499571
1.8, 5498726
1.8, 5498304
1.8, 5497819
1.8, 5494017
1.8, 5492818
1.8, 5469091
1.8, 5460702
1.8, 5429697
1.8, 5426742
1.8, 5423245
1.8, 5413126
1.8, 5408636
1.8, 5336492
1.8, 5315853
1.8, 5309401
1.8, 5307293
1.8, 5293824
1.8, 5273439
1.8, 5266577
1.8, 5230967
1.81, 5208657
1.81, 5183064
1.81, 5171371
1.81, 5158049
1.81, 5147312
1.81, 5122315
1.81, 5101164
1.81, 5073212
1.81, 5068446
1.81, 5044303
1.81, 5043177
1.81, 5001943
1.81, 4995512
1.81, 4991455
1.81, 4986067
1.81, 4973355
1.82, 4970823
1.82, 4966469
1.82, 4937058
1.82, 4934261
1.82, 4924950
1.83, 4924909
1.83, 4901096
1.83, 4898006
1.83, 4875064
1.84, 4874531
1.84, 4863784
1.84, 4858584
1.84, 4833862
1.84, 4819678
1.84, 4811338
1.84, 4802859
1.84, 4764583
1.84, 4758161
1.84, 4757552
1.84, 4710552
1.84, 4707651
1.85, 4697121
1.85, 4688630
1.85, 4687077
1.85, 4686229
1.85, 4683594
1.85, 4672769
1.85, 4662757
1.85, 4648284
1.85, 4643938
1.85, 4639799
1.85, 4634713
1.85, 4629959
1.85, 4624694
1.85, 4623337
1.85, 4617455
1.85, 4613761
1.85, 4612911
1.85, 4611870
1.85, 4608854
1.85, 4604364
1.86, 4593302
1.86, 4559867
1.86, 4559153
1.86, 4499934
1.86, 4493544
1.86, 4424256
1.86, 4420226
1.86, 4416986
1.86, 4404073
1.86, 4399642
1.86, 4383388
1.86, 4375453
1.86, 4373906
1.86, 4369750
1.86, 4365331
1.86, 4357044
1.86, 4352792
1.86, 4343451
1.86, 4339615
1.86, 4337706
1.86, 4333376
1.86, 4333090
1.86, 4328004
1.86, 4319984
1.86, 4318742
1.86, 4312642
1.86, 4311837
1.86, 4306695
1.87, 4244356
1.87, 4231539
1.87, 4231068
1.87, 4227030
1.87, 4222560
1.87, 4186906
1.87, 4176488
1.87, 4174125
1.87, 4160212
1.87, 4154718
1.87, 4104586
1.87, 4104224
1.87, 4104116
1.88, 4102900
1.88, 4092454
1.88, 4091781
1.88, 4090230
1.88, 4086942
1.88, 4084805
1.88, 4077033
1.88, 4049686
1.89, 4017037
1.89, 3968285
1.89, 3957501
1.89, 3939851
1.89, 3923719
1.89, 3907104
1.89, 3870261
1.89, 3835851
1.89, 3803579
1.89, 3801475
1.89, 3788351
1.89, 3787537
1.89, 3786881
1.89, 3712912
1.9, 3708949
1.9, 3703141
1.9, 3700085
1.9, 3699342
1.9, 3695434
1.9, 3691696
1.9, 3690490
1.9, 3680382
1.9, 3674928
1.9, 3673169
1.9, 3671559
1.91, 3665692
1.91, 3662841
1.91, 3533064
1.91, 3529957
1.91, 3520368
1.91, 3516915
1.91, 3431444
1.91, 3424464
1.91, 3409546
1.92, 3407905
1.92, 3403702
1.92, 3403644
1.92, 3400847
1.93, 3397022
1.93, 3395399
1.93, 3395074
1.93, 3392271
1.94, 3386821
1.94, 3385248
1.94, 3338477
1.94, 3320515
1.94, 3320167
1.94, 3307004
1.94, 3305168
1.94, 3298340
1.94, 3297494
1.95, 3223866
1.95, 3219668
1.95, 3218878
1.95, 3213134
1.95, 3212081
1.95, 3211477
1.95, 3210878
1.96, 3194264
1.96, 3150246
1.97, 3147338
1.97, 3147003
1.97, 3089260
1.97, 3081679
1.97, 3019242
1.97, 3017530
1.97, 2940479
1.97, 2887944
1.98, 2846490
1.98, 2835775
1.98, 2833582
1.98, 2824140
1.98, 2753100
1.98, 2750399
1.98, 2741182
2.01, 2731036
2.01, 2726425
2.03, 2726347
2.03, 2699979
2.03, 2688443
2.03, 2687618
2.03, 2636399
2.06, 2606937
2.06, 2605826
2.06, 2580725
2.07, 2580374
2.07, 2570327
2.09, 2570185
2.09, 2564503
2.09, 2563086
2.09, 2562337
2.09, 2560711
2.1, 2492624
2.13, 2491682
2.14, 2484039
2.17, 2481282
2.17, 2474983
2.2, 2474629
2.21, 2474360
2.21, 2457862
2.22, 2433037
2.25, 2425111
2.26, 2419001
2.28, 2396238
2.3, 2394568
2.3, 2359372
2.33, 2359218
2.33, 2359154
2.33, 2358959
2.33, 2358823
2.33, 2356843
2.34, 2355328
2.34, 2354978
2.34, 2353917
2.34, 2353745
2.34, 2353247
2.34, 2352479
2.34, 2351184
2.34, 2347697
2.35, 2347471
2.38, 2344623
2.39, 2342786
2.39, 2340139
2.39, 2338765
2.4, 2337482
2.41, 2333765
2.41, 2332876
2.41, 2329439
2.42, 2328859
2.43, 2328300
2.43, 2325083
2.45, 2324455
2.48, 2323828
2.48, 2323194
2.48, 2321078
2.48, 2321068
2.48, 2312882
2.48, 2312511
2.49, 2310427
2.49, 2309401
2.49, 2303790
2.49, 2303341
2.5, 2302985
2.5, 2302322
2.5, 2301769
2.5, 2301229
2.5, 2299959
2.5, 2299873
2.5, 2299723
2.51, 2299175
2.51, 2298361
2.51, 2298190
2.51, 2297508
2.52, 2297149
2.52, 2296672
2.52, 2295784
2.54, 2294998
2.54, 2293650
2.54, 2292847
2.55, 2290930
2.55, 2288037
2.55, 2287507
2.55, 2283149
2.55, 2276885
2.55, 2274101
2.55, 2274074
2.55, 2266092
2.55, 2265210
2.55, 2262882
2.55, 2258360
2.55, 2257663
2.55, 2254489
2.55, 2251896
2.55, 2247462
2.55, 2241587
2.55, 2239169
2.55, 2238209
2.55, 2237441
2.55, 2236030
2.55, 2231972
2.55, 2231673
2.56, 2229528
2.56, 2227922
2.56, 2226259
2.56, 2225849
2.56, 2224960
2.56, 2224236
2.56, 2209666
2.56, 2195268
2.56, 2184878
2.56, 2173325
2.56, 2167119
2.57, 2164410
2.57, 2161653
2.57, 2156275
2.57, 2155031
2.57, 2150551
2.57, 2148444
2.57, 2145843
2.57, 2143249
2.57, 2143194
2.57, 2139937
2.58, 2138868
2.58, 2135052
2.58, 2134037
2.58, 2130509
2.58, 2130506
2.58, 2126371
2.59, 2124359
2.59, 2119009
2.59, 2118323
2.59, 2115636
2.59, 2115568
2.59, 2115050
2.59, 2112003
2.59, 2111518
2.59, 2110636
2.59, 2110056
2.59, 2108112
2.59, 2106394
2.62, 2103111
2.63, 2103028
2.65, 2102556
2.65, 2092428
2.66, 2090573
2.66, 2064652
2.66, 2062884
2.66, 2057715
2.66, 2055611
2.67, 2051855
2.67, 2047281
2.67, 2027415
2.67, 2026065
2.67, 2003072
2.67, 2001630
2.67, 1989949
2.68, 1987914
2.68, 1986940
2.68, 1986897
2.68, 1986170
2.68, 1981098
2.68, 1980840
2.68, 1980642
2.68, 1978740
2.68, 1976736
2.68, 1975812
2.68, 1974641
2.68, 1974238
2.68, 1971285
2.68, 1968242
2.68, 1965176
2.68, 1963882
2.69, 1963829
2.69, 1962761
2.69, 1961790
2.69, 1961474
2.69, 1960695
2.69, 1958725
2.69, 1958267
2.7, 1957652
2.7, 1957430
2.7, 1957103
2.7, 1956290
2.7, 1956107
2.71, 1953788
2.71, 1952057
2.71, 1950856
2.71, 1949724
2.71, 1949415
2.71, 1948549
2.73, 1947236
2.74, 1946952
2.74, 1946773
2.75, 1946005
2.76, 1944954
2.76, 1944690
2.76, 1944465
2.77, 1943635
2.79, 1940674
2.8, 1940384
2.81, 1940212
2.81, 1940030
2.81, 1938796
2.82, 1938331
2.87, 1937727
2.89, 1937281
2.89, 1936895
2.89, 1935670
2.9, 1935104
2.94, 1934779
2.95, 1934263
2.95, 1933713
2.97, 1932634
2.97, 1931958
2.98, 1931356
2.99, 1930522
2.99, 1929941
2.99, 1928754
3.03, 1928612
3.09, 1928450
3.1, 1928196
3.1, 1927644
3.1, 1924901
3.1, 1921717
3.1, 1921704
3.1, 1920092
3.1, 1918511
3.1, 1917195
3.1, 1915811
3.1, 1915699
3.1, 1914452
3.11, 1914397
3.13, 1914047
3.13, 1913339
3.13, 1912914
3.13, 1911998
3.13, 1908822
3.13, 1906647
3.13, 1906534
3.14, 1906174
3.17, 1905961
3.18, 1905534
3.21, 1905533
3.21, 1905529
3.21, 1905433
3.22, 1904762
3.23, 1904654
3.23, 1901527
3.26, 1901474
3.26, 1901187
3.26, 1894260
3.27, 1892689
3.27, 1889745
3.27, 1888582
3.27, 1882595
3.28, 1882591
3.28, 1882554
3.28, 1880320
3.29, 1879478
3.29, 1878986
3.29, 1872435
3.3, 1867277
3.3, 1843303
3.3, 1839729
3.3, 1823000
3.3, 1820522
3.3, 1818690
3.3, 1813103
3.3, 1753721
3.3, 1742996
3.3, 1727439
3.3, 1723911
3.3, 1702397
3.3, 1651118
3.3, 1627345
3.31, 1623739
3.31, 1531218
3.31, 1530612
3.31, 1529775
3.33, 1529307
3.33, 1529257
3.33, 1513940
3.34, 1512757
3.34, 1511222
3.34, 1490247
3.35, 1473661
3.35, 1459596
3.35, 1456770
3.36, 1450425
3.36, 1447084
3.36, 1443938
3.36, 1434107
3.36, 1415398
3.37, 1411491
3.38, 1402896
3.38, 1398669
3.39, 1394848
3.39, 1377979
3.4, 1369252
3.42, 1367658
3.42, 1365985
3.42, 1360793
3.42, 1358280
3.42, 1345490
3.43, 1337263
3.43, 1337249
3.43, 1324236
3.43, 1319160
3.43, 1319064
3.43, 1315270
3.44, 1315059
3.44, 1313324
3.44, 1311782
3.44, 1308606
3.44, 1308395
3.44, 1286677
3.44, 1283210
3.45, 1271456
3.45, 1262932
3.45, 1258710
3.45, 1257803
3.45, 1257418
3.45, 1255930
3.45, 1254810
3.45, 1251156
3.45, 1250268
3.46, 1249162
3.46, 1242009
3.46, 1237322
3.46, 1219286
3.46, 1216126
3.46, 1214059
3.46, 1213714
3.46, 1199154
3.47, 1199129
3.47, 1194922
3.47, 1194877
3.48, 1192504
3.48, 1182449
3.48, 1182396
3.48, 1180465
3.48, 1167896
3.49, 1166310
3.49, 1165987
3.49, 1158164
3.5, 1156088
3.5, 1155662
3.5, 1150776
3.5, 1149002
3.5, 1145984
3.5, 1144225
3.5, 1143536
3.5, 1138424
3.5, 1134298
3.5, 1128540
3.5, 1122750
3.5, 1118100
3.5, 1110165
3.5, 1109285
3.51, 1107324
3.51, 1104702
3.51, 1104679
3.52, 1104553
3.52, 1104299
3.52, 1103619
3.53, 1102930
3.53, 1059315
3.53, 1054375
3.54, 1053515
3.54, 1050675
3.54, 1050370
3.54, 1049538
3.54, 1046713
3.55, 1045352
3.55, 988298
3.55, 981621
3.56, 968258
3.56, 962914
3.56, 960199
3.56, 947935
3.56, 945877
3.56, 944358
3.56, 941256
3.57, 940458
3.57, 934524
3.57, 934323
3.57, 928735
3.57, 928056
3.57, 923547
3.57, 921841
3.57, 918686
3.57, 916687
3.57, 914261
3.57, 913805
3.57, 910392
3.57, 909604
3.57, 909313
3.57, 903586
3.58, 903397
3.58, 902612
3.58, 902233
3.58, 902166
3.58, 899136
3.58, 898631
3.58, 897420
3.59, 896126
3.6, 896019
3.63, 896014
3.63, 894831
3.63, 892315
3.64, 891584
3.72, 890697
3.72, 887565
3.8, 887447
3.82, 885587
3.86, 884956
3.89, 879742
3.89, 878758
3.89, 875673
3.89, 875669
3.89, 869195
3.91, 868577
3.91, 867741
3.93, 866446
3.93, 864226
3.93, 862457
3.93, 861963
3.94, 861956
3.94, 861896
3.94, 861006
3.94, 860858
3.94, 860469
3.95, 860437
3.96, 856926
3.96, 855853
3.96, 854529
3.97, 853545
4.06, 853293
4.06, 852838
4.08, 852754
4.08, 851773
4.1, 851507
4.1, 851415
4.12, 851020
4.12, 850983
4.12, 850285
4.13, 849773
4.14, 848630
4.15, 848260
4.17, 847884
4.17, 847247
4.19, 846400
4.22, 845947
4.27, 844259
4.27, 844046
4.27, 843970
4.28, 843568
4.29, 841197
4.29, 840685
4.29, 839987
4.29, 838144
4.35, 835583
4.39, 835573
4.39, 833413
4.44, 832870
4.45, 832816
4.45, 832524
4.45, 829814
4.45, 829777
4.45, 829315
4.45, 827320
4.45, 826650
4.45, 825894
4.45, 825334
4.45, 823995
4.49, 823274
4.49, 822318
4.52, 822158
4.52, 821503
4.53, 821227
4.72, 820699
4.73, 820213
4.74, 815622
4.74, 814828
4.74, 810276
4.79, 810070
4.79, 809612
4.82, 809170
4.82, 808533
4.82, 808217
4.83, 807977
4.84, 807822
4.86, 807230
4.86, 803079
4.92, 801632
4.93, 800003
4.94, 798406
4.94, 798146
4.97, 798058
4.97, 797406
4.97, 796094
4.97, 795540
4.99, 794303
4.99, 792096
4.99, 792013
