0.05, 7092035
0.05, 7089626
0.05, 7072844
0.05, 7067513
0.05, 7064227
0.05, 7063682
0.05, 7058161
0.05, 7038740
0.05, 7029913
0.06, 6936977
0.06, 6922612
0.07, 6914112
0.07, 6908860
0.07, 6905759
0.07, 6895560
0.07, 6887794
0.07, 6875727
0.07, 6842258
0.07, 6839598
0.07, 6822604
0.07, 6813746
0.07, 6812790
0.07, 6811677
0.07, 6811289
0.08, 6800828
0.08, 6761240
0.08, 6735515
0.08, 6733431
0.08, 6701349
0.7, 6655324
0.94, 6601951
0.94, 6594922
0.94, 6592728
0.94, 6562802
0.94, 6557686
0.94, 6554471
0.94, 6511799
0.94, 6509518
0.94, 6498575
0.95, 6494402
0.95, 6463341
1.41, 6459943
1.41, 6451572
1.41, 6444536
1.41, 6421101
1.41, 6414221
1.41, 6394746
1.44, 6381933
1.44, 6364434
1.47, 6318486
1.47, 6318284
1.48, 6280746
1.48, 6244736
1.55, 6242524
1.56, 6203903
1.56, 6134239
1.56, 6076145
1.56, 6074638
1.56, 5982251
1.56, 5981134
1.57, 5958119
1.57, 5954287
1.57, 5922727
1.58, 5913564
1.58, 5912676
1.58, 5911366
1.59, 5908366
1.59, 5852189
1.59, 5851853
1.6, 5830861
1.6, 5827895
1.6, 5789185
1.6, 5764853
1.6, 5762292
1.6, 5755375
1.6, 5754504
1.6, 5748435
1.61, 5748074
1.61, 5725425
1.61, 5718676
1.61, 5700056
1.62, 5659603
1.62, 5640817
1.62, 5640479
1.65, 5634127
1.65, 5613568
1.65, 5608625
1.65, 5601410
1.65, 5599652
1.65, 5594913
1.65, 5581168
1.65, 5570233
1.66, 5553406
1.68, 5540788
1.68, 5529075
1.71, 5525131
1.71, 5524902
1.71, 5522206
1.71, 5522192
1.71, 5521686
1.71, 5518740
1.71, 5492530
1.72, 5490678
1.72, 5455290
1.72, 5453142
1.72, 5452410
1.72, 5438651
1.73, 5426122
1.73, 5425439
1.73, 5423229
1.73, 5423152
1.73, 5415596
1.74, 5415483
1.74, 5413412
1.75, 5399161
1.75, 5376981
1.75, 5364739
1.76, 5342603
1.76, 5322705
1.76, 5295708
1.76, 5272444
1.76, 5256574
1.76, 5255809
1.76, 5217035
1.76, 5200436
1.76, 5182016
1.76, 5157164
1.76, 5156474
1.76, 5149062
1.76, 5121578
1.76, 5121054
1.76, 5120404
1.76, 5099314
1.76, 5094441
1.76, 5072681
1.76, 5068264
1.76, 5054300
1.76, 5039685
1.76, 5003206
1.76, 4994443
1.76, 4979902
1.76, 4954904
1.76, 4918147
1.76, 4914846
1.76, 4894952
1.76, 4862979
1.76, 4860203
1.76, 4835937
1.76, 4796974
1.76, 4779014
1.77, 4768294
1.77, 4767335
1.77, 4753483
1.77, 4748297
1.77, 4741768
1.77, 4740381
1.77, 4719637
1.77, 4592552
1.78, 4590168
1.78, 4556694
1.79, 4539982
1.79, 4537227
1.79, 4463135
1.79, 4427347
1.79, 4424357
1.79, 4415225
1.79, 4410172
1.79, 4408674
1.79, 4407178
1.79, 4407009
1.79, 4391758
1.79, 4391070
1.79, 4382853
1.79, 4381650
1.79, 4374627
1.79, 4367086
1.79, 4355352
1.79, 4354471
1.79, 4350637
1.79, 4341579
1.79, 4333156
1.79, 4322554
1.79, 4322444
1.79, 4320429
1.79, 4318077
1.79, 4314530
1.79, 4309923
1.79, 4294574
1.8, 4275522
1.8, 4262573
1.8, 4261320
1.8, 4260946
1.8, 4258245
1.8, 4257655
1.8, 4250197
1.8, 4240119
1.8, 4228275
1.8, 4222051
1.8, 4207783
1.8, 4205822
1.8, 4201797
1.8, 4195467
1.8, 4160156
1.8, 4122138
1.8, 4109260
1.8, 4102795
1.8, 4097551
1.8, 4095458
1.8, 4088976
1.8, 4085591
1.8, 4081653
1.8, 4079347
1.8, 4065720
1.8, 4065613
1.8, 4055004
1.8, 4051210
1.8, 4032886
1.81, 4024102
1.81, 4021250
1.81, 4008036
1.81, 3986012
1.81, 3975997
1.81, 3956527
1.81, 3955941
1.81, 3929877
1.81, 3922508
1.81, 3911898
1.81, 3889952
1.81, 3873817
1.81, 3872983
1.81, 3872805
1.81, 3870164
1.81, 3868739
1.81, 3866960
1.81, 3865709
1.81, 3844924
1.81, 3833436
1.81, 3827790
1.81, 3823734
1.81, 3816846
1.81, 3816162
1.81, 3811454
1.81, 3799165
1.82, 3792633
1.82, 3772943
1.82, 3763215
1.82, 3760261
1.82, 3739168
1.82, 3732633
1.82, 3726879
1.82, 3722238
1.82, 3713849
1.83, 3703967
1.83, 3693906
1.83, 3666709
1.83, 3666501
1.83, 3662961
1.83, 3657148
1.83, 3656254
1.83, 3646306
1.83, 3642589
1.83, 3641107
1.83, 3629189
1.84, 3627820
1.84, 3614381
1.85, 3548383
1.85, 3545956
1.85, 3543228
1.85, 3541946
1.86, 3535086
1.87, 3531860
1.87, 3520054
1.87, 3519116
1.88, 3513317
1.88, 3512724
1.88, 3503288
1.88, 3484503
1.88, 3478867
1.88, 3472968
1.88, 3470132
1.88, 3462998
1.89, 3458198
1.89, 3449905
1.89, 3436794
1.89, 3431060
1.89, 3430947
1.89, 3430810
1.89, 3425629
1.89, 3424794
1.89, 3416950
1.9, 3416462
1.9, 3401329
1.9, 3396715
1.9, 3389704
1.9, 3383873
1.9, 3376253
1.9, 3373041
1.9, 3372339
1.9, 3365991
1.9, 3358164
1.9, 3356854
1.9, 3356783
1.9, 3356779
1.9, 3355708
1.9, 3353631
1.9, 3351041
1.9, 3349939
1.9, 3348044
1.9, 3333936
1.9, 3329869
1.91, 3323783
1.91, 3321626
1.91, 3321353
1.91, 3309144
1.91, 3307530
1.91, 3304115
1.91, 3302605
1.91, 3302524
1.91, 3294197
1.92, 3293112
1.92, 3289555
1.92, 3289455
1.92, 3287268
1.92, 3277754
1.92, 3259141
1.92, 3248211
1.92, 3247461
1.92, 3241751
1.92, 3238371
1.92, 3238138
1.92, 3234599
1.92, 3179739
1.92, 3178760
1.92, 3174069
1.92, 3171949
1.92, 3168472
1.93, 3158331
1.93, 3153228
1.93, 3148110
1.93, 3142644
1.93, 3139631
1.93, 3139276
1.93, 3132361
1.93, 3131737
1.93, 3130882
1.94, 3125938
1.94, 3124175
1.94, 3123177
1.94, 3123162
1.94, 3120157
1.94, 3115716
1.94, 3111156
1.95, 3106669
1.95, 3106386
1.95, 3105614
1.95, 3103654
1.95, 3011191
1.95, 3009720
1.95, 3008247
1.95, 3006651
1.95, 3006150
1.95, 3004564
1.95, 3001878
1.95, 2948819
1.95, 2893625
1.95, 2830960
1.96, 2827983
1.97, 2757297
1.97, 2756956
1.97, 2756642
1.97, 2755836
1.97, 2754187
1.98, 2752417
1.98, 2751442
1.98, 2747663
1.98, 2746944
1.98, 2741136
1.98, 2732506
1.98, 2730318
1.98, 2729385
1.99, 2729235
1.99, 2724946
1.99, 2724493
2.0, 2720877
2.0, 2711783
2.0, 2710932
2.01, 2707108
2.01, 2706633
2.01, 2703559
2.01, 2703482
2.01, 2702882
2.01, 2702747
2.01, 2701652
2.01, 2698860
2.01, 2692192
2.02, 2691748
2.02, 2690723
2.02, 2688979
2.02, 2686851
2.02, 2683703
2.02, 2682786
2.02, 2681552
2.03, 2680250
2.03, 2678559
2.03, 2677490
2.03, 2677214
2.03, 2672329
2.04, 2672057
2.04, 2671831
2.04, 2666443
2.04, 2643667
2.04, 2641455
2.04, 2634162
2.04, 2586225
2.04, 2584067
2.04, 2581738
2.05, 2577074
2.05, 2574888
2.05, 2571428
2.05, 2568438
2.06, 2565647
2.07, 2565271
2.07, 2553347
2.07, 2550799
2.07, 2548178
2.07, 2547214
2.07, 2545369
2.08, 2541787
2.08, 2539452
2.09, 2539423
2.09, 2538607
2.09, 2538393
2.1, 2537332
2.12, 2536094
2.15, 2517739
2.15, 2515127
2.15, 2511674
2.16, 2498385
2.16, 2488408
2.16, 2488221
2.16, 2485299
2.16, 2481653
2.16, 2481631
2.16, 2479628
2.16, 2472769
2.17, 2470915
2.17, 2467831
2.17, 2467817
2.17, 2464969
2.18, 2464665
2.18, 2463665
2.18, 2460903
2.18, 2453879
2.18, 2451050
2.18, 2449844
2.18, 2449527
2.18, 2447868
2.18, 2447197
2.18, 2442789
2.19, 2441921
2.19, 2440132
2.19, 2439694
2.2, 2438790
2.21, 2438341
2.21, 2437799
2.21, 2437413
2.21, 2432555
2.21, 2430132
2.21, 2429232
2.21, 2427608
2.21, 2426957
2.21, 2426293
2.21, 2426016
2.21, 2425610
2.21, 2422671
2.21, 2421380
2.21, 2419613
2.22, 2419239
2.22, 2419115
2.22, 2418694
2.25, 2406934
2.25, 2406017
2.25, 2404920
2.25, 2404357
2.25, 2404101
2.26, 2403518
2.26, 2400369
2.26, 2399520
2.28, 2396875
2.29, 2396405
2.3, 2396213
2.3, 2396057
2.31, 2395485
2.31, 2394024
2.31, 2393973
2.32, 2393556
2.32, 2393388
2.32, 2393247
2.32, 2391544
2.32, 2389185
2.33, 2388820
2.33, 2388470
2.33, 2388308
2.34, 2388169
2.34, 2387841
2.34, 2387745
2.34, 2387225
2.34, 2387133
2.34, 2387012
2.35, 2386988
2.36, 2384072
2.36, 2382727
2.36, 2382589
2.36, 2382394
2.36, 2381056
2.37, 2378711
2.37, 2377291
2.37, 2374476
2.37, 2373616
2.37, 2371838
2.37, 2368379
2.37, 2366322
2.38, 2343241
2.38, 2340478
2.38, 2340304
2.38, 2339353
2.39, 2337451
2.4, 2337272
2.4, 2336090
2.4, 2330140
2.4, 2329987
2.4, 2327972
2.4, 2326341
2.41, 2325534
2.41, 2323486
2.41, 2321479
2.41, 2321173
2.42, 2320158
2.42, 2287379
2.42, 2285614
2.42, 2205128
2.42, 2202823
2.42, 2172841
2.42, 2136542
2.42, 2104644
2.42, 2089174
2.42, 2064956
2.43, 2062113
2.43, 2044313
2.43, 2041611
2.43, 2037131
2.43, 2028020
2.44, 2019946
2.44, 2018021
2.44, 2009608
2.45, 1958999
2.45, 1958281
2.45, 1917830
2.47, 1907473
2.48, 1904779
2.51, 1897481
2.53, 1896242
2.53, 1891905
2.54, 1890418
2.54, 1875420
2.54, 1868798
2.59, 1840077
2.6, 1828382
2.6, 1811513
2.62, 1799270
2.65, 1795159
2.65, 1787697
2.66, 1787597
2.68, 1786889
2.69, 1785581
2.69, 1712345
2.7, 1711510
2.7, 1709448
2.72, 1706215
2.72, 1705592
2.72, 1704944
2.72, 1703972
2.72, 1703428
2.72, 1702122
2.73, 1701167
2.75, 1698044
2.76, 1694890
2.76, 1689129
2.76, 1687118
2.76, 1686639
2.76, 1681157
2.8, 1680851
2.8, 1605392
2.81, 1604714
2.81, 1539610
2.81, 1536300
2.81, 1470840
2.83, 1452306
2.85, 1407615
2.85, 1407089
2.85, 1395847
2.86, 1395839
2.86, 1387450
2.86, 1387433
2.87, 1380300
2.87, 1366378
2.87, 1364935
2.88, 1364926
2.88, 1363669
2.88, 1362963
2.88, 1362626
2.88, 1328615
2.88, 1328011
2.89, 1327413
2.89, 1292283
2.89, 1289005
2.89, 1246821
2.89, 1244866
2.9, 1244596
2.9, 1241554
2.9, 1228418
2.92, 1228258
2.92, 1217912
2.92, 1217750
2.93, 1217728
2.98, 1216519
2.99, 1210082
3.03, 1208122
3.03, 1192256
3.03, 1185625
3.04, 1185042
3.06, 1184565
3.06, 1184063
3.06, 1180297
3.06, 1177759
3.07, 1176024
3.07, 1175675
3.07, 1175075
3.07, 1175067
3.07, 1169420
3.07, 1169230
3.07, 1167712
3.08, 1167348
3.08, 1167331
3.08, 1166619
3.09, 1165585
3.12, 1165047
3.12, 1164902
3.14, 1163605
3.17, 1162720
3.19, 1159738
3.2, 1157768
3.21, 1157074
3.22, 1157046
3.22, 1154292
3.22, 1154192
3.22, 1153998
3.23, 1153762
3.23, 1153201
3.23, 1152154
3.24, 1151178
3.24, 1150362
3.24, 1150146
3.24, 1149627
3.24, 1149174
3.24, 1145365
3.25, 1144339
3.25, 1143568
3.25, 1142311
3.25, 1140043
3.25, 1139999
3.26, 1139730
3.27, 1139658
3.31, 1139635
3.36, 1133039
3.36, 1131855
3.36, 1131139
3.36, 1131067
3.36, 1129940
3.38, 1129825
3.38, 1129565
3.39, 1127036
3.39, 1124283
3.4, 1123714
3.4, 1121580
3.41, 1121338
3.41, 1120703
3.42, 1109014
3.42, 1108173
3.42, 1107264
3.42, 1101167
3.43, 1099748
3.43, 1097876
3.43, 1093197
3.43, 1091815
3.43, 1088442
3.43, 1088388
3.43, 1087385
3.44, 1059337
3.44, 1042894
3.44, 1042430
3.44, 1040382
3.44, 1027870
3.44, 1024411
3.45, 1023898
3.45, 1020073
3.46, 1019570
3.47, 1016242
3.47, 1002601
3.47, 1000351
3.47, 994774
3.47, 994401
3.48, 994287
3.48, 994079
3.48, 988452
3.48, 985452
3.48, 984567
3.49, 983933
3.49, 981509
3.5, 980735
3.5, 979965
3.5, 979961
3.5, 977160
3.5, 974493
3.51, 974422
3.51, 973330
3.51, 967224
3.51, 964798
3.51, 963458
3.52, 962170
3.52, 960058
3.52, 957164
3.56, 955922
3.57, 955523
3.57, 955497
3.57, 955157
3.57, 953337
3.63, 952033
3.64, 948809
3.64, 947951
3.64, 947243
3.65, 946582
3.65, 940998
3.66, 939939
3.66, 934220
3.66, 933455
3.66, 932314
3.68, 931229
3.68, 929837
3.69, 929809
3.7, 928160
3.7, 926034
3.7, 923275
3.7, 915216
3.7, 915073
3.7, 915002
3.7, 913907
3.7, 913366
3.73, 912128
3.73, 911484
3.76, 911219
3.76, 909665
3.77, 908931
3.77, 908246
3.79, 908179
3.8, 907282
3.8, 906929
3.8, 906869
3.81, 905570
3.81, 901971
3.83, 900817
3.83, 899887
3.83, 899797
3.83, 898807
3.86, 898799
3.86, 897652
3.87, 897477
3.89, 897453
3.89, 896052
3.9, 895809
3.91, 895808
3.91, 895284
4.04, 892662
4.04, 891147
4.07, 888372
4.08, 888293
4.08, 887374
4.12, 886434
4.12, 885970
4.12, 885871
4.12, 880975
4.12, 878264
4.13, 874214
4.18, 871248
4.19, 869631
4.19, 865026
4.19, 861179
4.2, 859894
4.27, 858461
4.39, 858170
4.4, 857778
4.4, 857430
4.41, 856446
4.51, 855144
4.52, 855059
4.53, 854811
4.54, 854522
4.55, 853926
4.56, 853287
4.56, 853225
4.59, 853053
4.76, 852816
4.76, 852003
4.76, 848158
4.78, 845928
4.8, 844602
4.8, 844215
4.8, 843292
4.8, 843172
4.81, 841198
4.81, 840294
4.81, 839064
4.86, 838548
4.87, 838175
4.89, 836061
4.91, 835624
4.92, 835032
4.94, 834401
4.94, 833125
4.94, 829945
5.0, 829792
