0.05, 7334771
0.05, 7333365
0.05, 7325926
0.05, 7300319
0.05, 7289746
0.05, 7287749
0.05, 7260978
0.05, 7251003
0.05, 7250156
0.05, 7237875
0.05, 7235943
0.05, 7184398
0.06, 7183963
0.06, 7054015
0.07, 7000137
0.07, 6948393
0.07, 6948057
0.07, 6941255
0.13, 6938718
0.13, 6913064
0.13, 6893894
0.13, 6883310
0.13, 6881889
0.13, 6876519
0.13, 6863074
0.13, 6846444
0.14, 6812772
0.18, 6811827
0.18, 6764112
0.18, 6757159
0.18, 6732490
0.18, 6708738
0.18, 6681843
0.97, 6627031
0.97, 6609326
0.97, 6584685
0.98, 6563406
0.98, 6558754
0.98, 6540698
1.0, 6540466
1.0, 6534224
1.11, 6530629
1.11, 6527505
1.11, 6518736
1.11, 6501712
1.17, 6442513
1.17, 6414176
1.18, 6381321
1.18, 6376270
1.18, 6373335
1.18, 6357268
1.18, 6294218
1.18, 6293251
1.42, 6288669
1.44, 6287656
1.44, 6283349
1.44, 6282015
1.44, 6263024
1.44, 6261866
1.44, 6249934
1.44, 6244605
1.44, 6240923
1.44, 6203234
1.44, 6198748
1.44, 6170496
1.44, 6167748
1.44, 6161974
1.44, 6145288
1.44, 6127462
1.45, 6092669
1.46, 6089492
1.47, 6082258
1.47, 6067291
1.47, 6064000
1.49, 6029627
1.52, 5960782
1.53, 5887404
1.53, 5882464
1.65, 5860716
1.65, 5853504
1.69, 5845979
1.73, 5845706
1.73, 5843607
1.73, 5843522
1.74, 5835136
1.74, 5735322
1.74, 5727814
1.74, 5723999
1.74, 5712635
1.74, 5712416
1.74, 5678867
1.74, 5660057
1.74, 5651020
1.74, 5650130
1.74, 5647986
1.74, 5613917
1.74, 5597113
1.74, 5596474
1.74, 5575343
1.74, 5539767
1.74, 5515672
1.74, 5507635
1.74, 5501037
1.74, 5501030
1.74, 5489145
1.74, 5472812
1.74, 5447602
1.74, 5417097
1.74, 5390415
1.74, 5369021
1.74, 5361370
1.75, 5351195
1.75, 5332085
1.75, 5309871
1.75, 5305239
1.75, 5292786
1.75, 5291913
1.75, 5278792
1.75, 5245738
1.75, 5228223
1.75, 5211755
1.75, 5211557
1.75, 5209703
1.75, 5185764
1.75, 5178669
1.76, 5167580
1.76, 5129291
1.76, 5128446
1.76, 5127739
1.76, 5122702
1.76, 5109245
1.76, 5106331
1.76, 5104842
1.76, 5102714
1.76, 5102163
1.76, 5092657
1.76, 5091159
1.76, 5084322
1.76, 5080858
1.77, 5080162
1.77, 5070321
1.77, 5004331
1.77, 4987316
1.77, 4981858
1.77, 4969446
1.77, 4968206
1.77, 4968110
1.77, 4916094
1.77, 4908322
1.77, 4892741
1.77, 4849066
1.77, 4847567
1.77, 4838290
1.77, 4831134
1.77, 4829831
1.77, 4829807
1.77, 4828889
1.78, 4810939
1.78, 4809531
1.78, 4807223
1.78, 4806830
1.78, 4802138
1.78, 4801498
1.78, 4797020
1.78, 4791865
1.78, 4780239
1.79, 4761400
1.79, 4753055
1.79, 4726429
1.79, 4723443
1.79, 4716208
1.79, 4704846
1.79, 4702362
1.79, 4698936
1.79, 4692929
1.79, 4684907
1.79, 4666535
1.79, 4653042
1.8, 4652206
1.8, 4627686
1.8, 4616451
1.8, 4607427
1.8, 4606373
1.8, 4590271
1.8, 4586062
1.8, 4584778
1.8, 4583913
1.8, 4580177
1.8, 4576898
1.8, 4575848
1.8, 4573823
1.8, 4567080
1.8, 4562772
1.8, 4533130
1.8, 4531269
1.8, 4529528
1.8, 4528106
1.8, 4514008
1.8, 4510152
1.8, 4500957
1.8, 4469866
1.8, 4420487
1.81, 4412590
1.81, 4347050
1.81, 4340752
1.81, 4277911
1.81, 4248274
1.81, 4201009
1.81, 4180488
1.81, 4143507
1.81, 4116719
1.81, 4053675
1.81, 4026910
1.81, 3965387
1.81, 3934615
1.81, 3884662
1.81, 3870760
1.82, 3870142
1.82, 3832026
1.82, 3818932
1.83, 3796791
1.83, 3792337
1.86, 3791439
1.86, 3754119
1.89, 3750700
1.93, 3727608
1.93, 3726125
1.93, 3701144
1.96, 3698580
1.97, 3698292
1.97, 3697244
2.0, 3688500
2.03, 3683485
2.05, 3665887
2.05, 3664344
2.06, 3663906
2.06, 3662694
2.07, 3658203
2.07, 3657050
2.07, 3640576
2.1, 3637575
2.1, 3629024
2.1, 3607952
2.1, 3591876
2.1, 3589675
2.1, 3529323
2.12, 3523072
2.13, 3519588
2.13, 3499810
2.13, 3477291
2.13, 3460344
2.13, 3446440
2.13, 3402765
2.13, 3386076
2.13, 3351923
2.13, 3291251
2.13, 3262203
2.13, 3214484
2.13, 3202673
2.13, 3168085
2.13, 3142029
2.13, 3103778
2.13, 3086232
2.13, 3069112
2.13, 3033614
2.13, 3033224
2.13, 2990267
2.13, 2988283
2.14, 2930547
2.14, 2895455
2.14, 2861583
2.14, 2815568
2.14, 2814424
2.14, 2769180
2.16, 2768257
2.16, 2758449
2.16, 2747457
2.18, 2729217
2.18, 2729097
2.18, 2719567
2.19, 2718332
2.19, 2683984
2.2, 2577662
2.23, 2576839
2.23, 2572546
2.23, 2566873
2.24, 2551506
2.24, 2543783
2.24, 2532898
2.25, 2531484
2.25, 2524759
2.25, 2520232
2.25, 2520079
2.25, 2513159
2.26, 2507422
2.26, 2486594
2.27, 2476912
2.27, 2476498
2.27, 2460813
2.28, 2451808
2.31, 2449302
2.32, 2444353
2.32, 2436125
2.32, 2426663
2.32, 2421374
2.32, 2407208
2.32, 2406863
2.32, 2394859
2.33, 2391490
2.33, 2391466
2.34, 2386337
2.34, 2379970
2.38, 2376270
2.38, 2375082
2.38, 2369022
2.38, 2361242
2.38, 2360814
2.39, 2350522
2.39, 2346713
2.41, 2339368
2.41, 2321042
2.41, 2312602
2.41, 2311455
2.41, 2308791
2.41, 2308449
2.41, 2304836
2.41, 2304295
2.42, 2301195
2.42, 2273554
2.42, 2262935
2.42, 2240678
2.42, 2228797
2.42, 2225404
2.42, 2222027
2.42, 2215590
2.42, 2205815
2.42, 2190024
2.42, 2166455
2.42, 2151004
2.42, 2150718
2.42, 2149302
2.42, 2143624
2.42, 2136650
2.42, 2129559
2.42, 2129000
2.42, 2125537
2.42, 2125466
2.42, 2120663
2.42, 2120571
2.42, 2106542
2.43, 2091713
2.43, 2074732
2.43, 2068633
2.43, 2067840
2.44, 2062922
2.44, 2062400
2.44, 2047819
2.44, 2038717
2.45, 2029326
2.45, 2024076
2.45, 2024022
2.45, 2023920
2.46, 2005860
2.47, 2004991
2.48, 2004663
2.48, 2001974
2.48, 2000133
2.48, 1999973
2.48, 1999001
2.49, 1997978
2.49, 1997909
2.49, 1993506
2.49, 1993323
2.49, 1985754
2.49, 1976161
2.5, 1966078
2.5, 1962165
2.5, 1961819
2.5, 1944032
2.5, 1932618
2.5, 1927863
2.51, 1927845
2.51, 1926103
2.51, 1925545
2.51, 1923484
2.51, 1923095
2.51, 1922070
2.52, 1919562
2.52, 1917394
2.52, 1912955
2.52, 1902114
2.52, 1902020
2.52, 1898965
2.52, 1897926
2.53, 1897484
2.54, 1897359
2.57, 1885334
2.57, 1873911
2.57, 1869575
2.58, 1866573
2.58, 1865118
2.58, 1863291
2.58, 1862670
2.58, 1861752
2.6, 1861526
2.6, 1853898
2.63, 1849599
2.63, 1843662
2.63, 1841364
2.65, 1796915
2.65, 1794624
2.65, 1793012
2.66, 1791979
2.69, 1791434
2.69, 1788522
2.7, 1786792
2.7, 1785887
2.7, 1785162
2.7, 1783894
2.71, 1783773
2.72, 1783274
2.73, 1782417
2.75, 1782272
2.76, 1735347
2.77, 1717116
2.77, 1707155
2.8, 1690226
2.8, 1690103
2.8, 1677278
2.81, 1668495
2.81, 1663740
2.82, 1659488
2.82, 1643778
2.82, 1637982
2.82, 1634643
2.82, 1632956
2.82, 1631465
2.83, 1619649
2.83, 1617790
2.84, 1615696
2.84, 1615623
2.84, 1611942
2.84, 1609792
2.84, 1599423
2.84, 1598366
2.84, 1588504
2.84, 1574222
2.84, 1562738
2.84, 1561996
2.85, 1557431
2.85, 1554790
2.85, 1552103
2.85, 1547293
2.86, 1546432
2.86, 1540939
2.87, 1531846
2.87, 1528696
2.87, 1515719
2.87, 1499611
2.87, 1484331
2.88, 1481953
2.88, 1477306
2.88, 1475185
2.88, 1474661
2.88, 1469736
2.88, 1464316
2.88, 1464064
2.88, 1462915
2.88, 1459463
2.88, 1459429
2.88, 1450461
2.89, 1450442
2.91, 1448989
2.91, 1448729
2.91, 1442688
2.91, 1439113
2.91, 1438387
2.91, 1421769
2.91, 1420056
2.91, 1411534
2.91, 1408089
2.92, 1403382
2.92, 1402996
2.92, 1402059
2.92, 1400633
2.92, 1400595
2.92, 1398306
2.93, 1397987
2.93, 1396813
2.93, 1390952
2.93, 1390677
2.93, 1387979
2.93, 1386082
2.93, 1386031
2.93, 1382889
2.94, 1382609
2.94, 1376789
2.94, 1376756
2.94, 1368661
2.94, 1367620
2.95, 1364937
2.95, 1363770
2.95, 1362141
2.95, 1359348
2.95, 1359036
2.95, 1358452
2.95, 1358350
2.95, 1353222
2.95, 1351775
2.95, 1349090
2.95, 1348611
2.95, 1346369
2.95, 1344559
2.95, 1339706
2.95, 1339232
2.95, 1337574
2.95, 1334202
2.95, 1333429
2.95, 1331463
2.95, 1331456
2.96, 1330800
2.96, 1328543
2.96, 1327519
2.96, 1326242
2.96, 1323807
2.96, 1321678
2.96, 1320872
2.96, 1318210
2.96, 1317807
2.96, 1317352
2.96, 1316050
2.96, 1314226
2.96, 1313176
2.96, 1313089
2.96, 1312679
2.96, 1305173
2.96, 1300792
2.96, 1286353
2.96, 1283547
2.96, 1282745
2.96, 1278794
2.97, 1278349
2.97, 1278023
2.97, 1276584
2.97, 1275931
2.97, 1273580
2.97, 1267685
2.97, 1260528
2.97, 1255139
2.97, 1253848
2.98, 1253290
2.98, 1253080
2.98, 1252836
2.98, 1251353
2.98, 1251278
2.98, 1250311
2.99, 1246475
2.99, 1244049
2.99, 1233843
2.99, 1228694
2.99, 1225751
2.99, 1221688
2.99, 1219937
2.99, 1217410
2.99, 1212313
2.99, 1210552
2.99, 1207634
2.99, 1205448
3.0, 1205099
3.0, 1204207
3.0, 1199263
3.0, 1198590
3.0, 1198456
3.0, 1194916
3.0, 1194852
3.0, 1194778
3.0, 1194616
3.0, 1194339
3.0, 1192842
3.0, 1192094
3.0, 1190315
3.0, 1189481
3.0, 1189195
3.0, 1184588
3.0, 1184449
3.0, 1184146
3.0, 1179665
3.0, 1179661
3.0, 1178674
3.0, 1178049
3.0, 1176218
3.01, 1175496
3.01, 1175280
3.01, 1174536
3.01, 1173251
3.01, 1171219
3.01, 1165187
3.01, 1163939
3.01, 1163605
3.01, 1161173
3.01, 1159183
3.01, 1158341
3.01, 1156772
3.01, 1156466
3.01, 1151416
3.02, 1151160
3.02, 1150900
3.02, 1149611
3.02, 1145314
3.02, 1143803
3.02, 1143194
3.02, 1140748
3.02, 1140484
3.02, 1138907
3.02, 1137906
3.02, 1137569
3.02, 1136096
3.03, 1134244
3.03, 1134220
3.03, 1133170
3.03, 1131888
3.03, 1130390
3.03, 1129187
3.03, 1128920
3.04, 1128370
3.04, 1128070
3.04, 1126517
3.05, 1124945
3.05, 1124800
3.05, 1123603
3.06, 1121137
3.06, 1120652
3.06, 1116351
3.06, 1115852
3.06, 1114246
3.06, 1111291
3.07, 1108485
3.07, 1107817
3.07, 1107808
3.07, 1106110
3.07, 1105999
3.07, 1104796
3.07, 1104322
3.08, 1102166
3.08, 1100922
3.08, 1100746
3.08, 1100491
3.08, 1099929
3.08, 1097524
3.09, 1086699
3.09, 1086488
3.09, 1083392
3.09, 1081301
3.09, 1080496
3.1, 1079067
3.1, 1076613
3.1, 1074661
3.1, 1074197
3.1, 1072313
3.1, 1071541
3.1, 1070069
3.12, 1069858
3.12, 1068530
3.14, 1067873
3.16, 1067734
3.17, 1067321
3.19, 1066664
3.2, 1065572
3.2, 1065469
3.21, 1064078
3.22, 1063490
3.23, 1063072
3.23, 1061437
3.23, 1061312
3.23, 1061038
3.26, 1060869
3.26, 1059140
3.26, 1058070
3.26, 1055211
3.26, 1054573
3.27, 1052664
3.27, 1052180
3.27, 1049861
3.28, 1048659
3.28, 1048360
3.28, 1045181
3.28, 1044167
3.28, 1043831
3.28, 1042202
3.28, 1040700
3.29, 1037185
3.29, 1037107
3.31, 1032369
3.31, 1032272
3.31, 1022407
3.32, 1019296
3.32, 1017173
3.32, 1016496
3.33, 1012258
3.33, 1007902
3.33, 1006172
3.33, 1004989
3.33, 1001737
3.33, 1000444
3.33, 997904
3.33, 997412
3.33, 996814
3.33, 991931
3.34, 991000
3.34, 988537
3.34, 987995
3.34, 979378
3.34, 978678
3.35, 977436
3.35, 968694
3.36, 968289
3.37, 966441
3.37, 964145
3.38, 963499
3.38, 962844
3.39, 962823
3.39, 962622
3.39, 962073
3.39, 962008
3.39, 961469
3.4, 960630
3.41, 960083
3.42, 959295
3.42, 957392
3.42, 956694
3.43, 956683
3.43, 956671
3.43, 956198
3.44, 955984
3.44, 955933
3.45, 955898
3.45, 953078
3.46, 953038
3.46, 945733
3.46, 944755
3.46, 944295
3.46, 943078
3.46, 941736
3.46, 933610
3.46, 931184
3.46, 929273
3.46, 927877
3.46, 926971
3.47, 925332
3.47, 923989
3.47, 923173
3.47, 921766
3.47, 920728
3.47, 919689
3.47, 896600
3.48, 895625
3.51, 892962
3.61, 891710
3.67, 889952
3.68, 886603
3.68, 880592
3.69, 879938
3.73, 877955
3.77, 876750
3.79, 875987
3.79, 873739
3.83, 873069
3.83, 873005
3.83, 866836
3.84, 866148
3.88, 865557
3.92, 865244
3.98, 862074
4.01, 861622
4.01, 857250
4.05, 856106
4.11, 854449
4.13, 852942
4.17, 851290
4.2, 841086
4.2, 837431
4.21, 833822
4.22, 833366
4.23, 833309
4.23, 832495
4.24, 832479
4.25, 832381
4.29, 830991
4.3, 830261
4.31, 830217
4.31, 830119
4.33, 829524
4.34, 828820
4.34, 827993
4.35, 827373
4.35, 826368
4.36, 825318
4.42, 823112
4.44, 821538
4.45, 820975
4.45, 820722
4.45, 820556
4.45, 819724
4.46, 819401
4.48, 819194
4.48, 816893
4.48, 816297
4.49, 816278
4.49, 816010
4.49, 812315
4.49, 812040
4.49, 811076
4.49, 810064
4.49, 809555
4.5, 808787
4.53, 808557
4.53, 802363
4.53, 802203
4.53, 801548
4.54, 801272
4.67, 798828
4.67, 797489
4.67, 795996
4.67, 795943
4.67, 779070
4.71, 779054
4.71, 778010
4.71, 774650
4.72, 773158
4.76, 770601
4.78, 770448
4.82, 769110
4.89, 767670
4.89, 766666
4.9, 766146
4.92, 765608
4.92, 764784
5.0, 764601
