0.05, 7228653
0.05, 7198100
0.05, 7185083
0.05, 7171863
0.05, 7118268
0.05, 7115769
0.05, 7037810
0.05, 7028315
0.05, 7007527
0.05, 7004666
0.05, 7000938
0.05, 6982047
0.05, 6979293
0.05, 6969334
0.05, 6964044
0.05, 6943929
0.05, 6942066
0.05, 6935135
0.06, 6928366
0.06, 6918463
0.06, 6907368
0.06, 6887898
0.06, 6887288
0.06, 6879876
0.06, 6874772
0.06, 6860551
0.06, 6835725
0.06, 6835421
0.06, 6828888
0.06, 6819705
0.06, 6817793
0.06, 6815611
0.06, 6806239
0.06, 6787195
0.06, 6783812
0.06, 6781303
0.06, 6781097
0.06, 6771377
0.06, 6762675
0.09, 6734535
0.09, 6722328
0.09, 6708717
0.09, 6708141
0.2, 6706598
0.36, 6703147
0.36, 6683898
0.36, 6675341
0.36, 6674951
0.36, 6654906
0.36, 6653638
0.36, 6653426
0.36, 6645447
0.36, 6620221
0.36, 6611679
0.36, 6573463
0.36, 6550041
0.36, 6534106
0.36, 6519464
0.37, 6456339
1.22, 6407662
1.22, 6389758
1.22, 6382343
1.22, 6368529
1.22, 6355221
1.39, 6346661
1.39, 6281249
1.39, 6276597
1.4, 6268585
1.4, 6241110
1.4, 6230208
1.4, 6227900
1.41, 6216189
1.41, 6204249
1.41, 6203105
1.42, 6201574
1.43, 6189378
1.43, 6182903
1.43, 6166149
1.43, 6161640
1.5, 6153030
1.5, 6102153
1.5, 6019300
1.5, 5969447
1.5, 5964397
1.5, 5952845
1.51, 5938027
1.51, 5873150
1.52, 5830640
1.52, 5811100
1.52, 5808583
1.52, 5807955
1.52, 5708933
1.52, 5681064
1.52, 5674977
1.52, 5670120
1.54, 5664012
1.54, 5652438
1.55, 5649602
1.55, 5648972
1.55, 5648256
1.55, 5637485
1.55, 5621338
1.55, 5615294
1.55, 5607694
1.55, 5600760
1.56, 5597025
1.56, 5596587
1.56, 5594960
1.57, 5593446
1.57, 5592181
1.57, 5578806
1.58, 5564590
1.58, 5563461
1.58, 5555817
1.58, 5551173
1.62, 5550235
1.62, 5547320
1.62, 5537017
1.62, 5536242
1.62, 5531362
1.62, 5515036
1.62, 5513249
1.62, 5507508
1.62, 5496806
1.62, 5495189
1.63, 5492544
1.63, 5481320
1.64, 5477766
1.64, 5466539
1.64, 5464227
1.64, 5404960
1.7, 5397795
1.71, 5397275
1.71, 5393300
1.71, 5389624
1.71, 5386568
1.71, 5374511
1.71, 5359599
1.71, 5359274
1.71, 5355640
1.71, 5349428
1.71, 5342073
1.71, 5334663
1.71, 5322816
1.73, 5319877
1.73, 5317689
1.73, 5314218
1.73, 5299915
1.74, 5294125
1.76, 5275403
1.76, 5248931
1.76, 5214461
1.76, 5201027
1.76, 5174298
1.76, 5167315
1.76, 5157303
1.76, 5147788
1.76, 5127191
1.76, 5069276
1.76, 5057813
1.76, 5041100
1.76, 5021867
1.76, 5013832
1.76, 5004653
1.76, 5002067
1.76, 4987124
1.76, 4967659
1.76, 4945588
1.76, 4941067
1.76, 4933903
1.76, 4933070
1.76, 4909863
1.77, 4893402
1.77, 4893174
1.77, 4860653
1.77, 4859966
1.77, 4821142
1.77, 4811445
1.77, 4809775
1.77, 4782161
1.77, 4756059
1.77, 4741866
1.77, 4729928
1.77, 4726870
1.77, 4710626
1.77, 4688599
1.77, 4663850
1.77, 4658804
1.78, 4655172
1.78, 4602846
1.78, 4588818
1.78, 4588245
1.78, 4580732
1.78, 4521545
1.79, 4497066
1.79, 4496420
1.79, 4460745
1.79, 4457810
1.79, 4457199
1.79, 4443292
1.79, 4436931
1.79, 4434800
1.79, 4414273
1.79, 4409288
1.79, 4408154
1.79, 4405590
1.79, 4395728
1.79, 4383611
1.79, 4382680
1.79, 4356819
1.79, 4356216
1.79, 4325127
1.79, 4320388
1.79, 4317016
1.8, 4310858
1.8, 4309245
1.8, 4306316
1.8, 4303726
1.8, 4297044
1.8, 4285332
1.8, 4285218
1.8, 4263698
1.8, 4262702
1.8, 4233409
1.8, 4221322
1.8, 4145828
1.8, 4143486
1.8, 4136104
1.8, 4135470
1.8, 4132663
1.8, 4130842
1.8, 4130754
1.8, 4126344
1.8, 4125898
1.8, 4118742
1.8, 4117702
1.8, 4112134
1.8, 4104403
1.8, 4087345
1.8, 4086620
1.81, 4083508
1.81, 4072828
1.81, 4072055
1.81, 4067870
1.81, 4060547
1.81, 4060481
1.81, 4059956
1.81, 4058808
1.81, 4056146
1.81, 4051008
1.81, 4041565
1.81, 4039370
1.81, 4018259
1.81, 3992906
1.81, 3981059
1.82, 3979292
1.82, 3973774
1.82, 3971034
1.82, 3970878
1.82, 3967721
1.82, 3949006
1.82, 3944992
1.83, 3937079
1.83, 3934025
1.83, 3927366
1.83, 3926398
1.83, 3925506
1.83, 3924226
1.83, 3923295
1.83, 3922419
1.83, 3920749
1.83, 3919008
1.83, 3917345
1.83, 3915080
1.83, 3908113
1.84, 3902973
1.84, 3891739
1.84, 3890538
1.84, 3879336
1.87, 3874535
1.87, 3871084
1.87, 3865153
1.87, 3864456
1.87, 3862457
1.87, 3862305
1.87, 3860499
1.87, 3854649
1.87, 3850903
1.87, 3847795
1.87, 3842916
1.87, 3841067
1.87, 3840365
1.87, 3827600
1.87, 3823361
1.87, 3823354
1.87, 3820529
1.87, 3814776
1.87, 3800019
1.87, 3752518
1.87, 3751949
1.87, 3749475
1.87, 3748473
1.87, 3748069
1.88, 3743299
1.88, 3741951
1.88, 3740543
1.88, 3738593
1.88, 3732584
1.88, 3732270
1.88, 3729156
1.88, 3729098
1.88, 3727775
1.88, 3726603
1.89, 3723999
1.89, 3722768
1.89, 3721173
1.89, 3719848
1.89, 3715245
1.9, 3714135
1.9, 3712371
1.9, 3709133
1.9, 3704645
1.9, 3702990
1.9, 3701789
1.9, 3698580
1.9, 3698417
1.9, 3696594
1.9, 3674808
1.9, 3674566
1.9, 3673960
1.91, 3673044
1.91, 3669492
1.91, 3668338
1.91, 3661112
1.91, 3654026
1.91, 3647423
1.91, 3645922
1.91, 3645662
1.91, 3640567
1.91, 3639536
1.92, 3639446
1.92, 3639182
1.92, 3637981
1.92, 3636277
1.92, 3635040
1.92, 3634845
1.92, 3634735
1.92, 3634619
1.92, 3634400
1.92, 3631993
1.92, 3624308
1.93, 3622813
1.93, 3617886
1.94, 3615032
1.94, 3610571
1.95, 3608294
1.95, 3608140
1.95, 3606787
1.95, 3603682
1.95, 3597735
1.95, 3597716
1.95, 3595997
1.95, 3594570
1.95, 3593312
1.95, 3587843
1.96, 3587359
1.96, 3586463
1.96, 3585509
1.96, 3584387
1.96, 3580963
1.96, 3580593
1.96, 3575979
1.96, 3565733
1.96, 3564473
1.96, 3555005
1.96, 3554352
1.96, 3553905
1.97, 3549769
1.97, 3517636
1.97, 3511122
1.98, 3510713
1.98, 3508520
1.98, 3499173
1.98, 3498552
1.98, 3497317
1.98, 3496471
1.99, 3494918
1.99, 3480887
1.99, 3475107
1.99, 3471278
2.0, 3470178
2.0, 3469487
2.0, 3469446
2.01, 3467686
2.01, 3467123
2.02, 3462303
2.02, 3461898
2.02, 3459987
2.02, 3459229
2.02, 3457139
2.02, 3454415
2.02, 3449109
2.02, 3448892
2.03, 3447277
2.03, 3446186
2.03, 3444613
2.03, 3443782
2.03, 3443769
2.03, 3440246
2.03, 3436555
2.04, 3357073
2.04, 3293337
2.05, 3293315
2.05, 3293160
2.05, 3283914
2.05, 3283110
2.05, 3199839
2.05, 3163172
2.05, 3152472
2.05, 3150945
2.05, 3143788
2.05, 3077703
2.05, 3057639
2.05, 3042713
2.05, 3019968
2.07, 3019411
2.07, 3015709
2.07, 3007726
2.07, 3004893
2.08, 3001873
2.12, 3000733
2.12, 2998703
2.14, 2997729
2.14, 2988614
2.21, 2969353
2.22, 2966097
2.23, 2962358
2.25, 2962116
2.25, 2938511
2.25, 2937959
2.25, 2880604
2.27, 2880146
2.27, 2863588
2.3, 2832207
2.3, 2829073
2.3, 2809295
2.3, 2784812
2.31, 2784009
2.31, 2740148
2.31, 2738035
2.31, 2717956
2.32, 2711846
2.32, 2648746
2.32, 2641533
2.33, 2612304
2.33, 2574899
2.33, 2555542
2.33, 2547054
2.33, 2519083
2.33, 2510538
2.33, 2507856
2.33, 2493182
2.33, 2486080
2.33, 2451463
2.34, 2410737
2.34, 2409657
2.34, 2409569
2.34, 2409374
2.35, 2375565
2.35, 2374831
2.35, 2328580
2.35, 2288422
2.37, 2284356
2.37, 2252603
2.37, 2250485
2.37, 2248694
2.37, 2240198
2.38, 2236384
2.38, 2234412
2.38, 2184659
2.38, 2156971
2.39, 2134692
2.39, 2132855
2.4, 2128513
2.4, 2109769
2.41, 2104148
2.41, 2100066
2.41, 2009756
2.42, 2009393
2.44, 2001251
2.45, 1997102
2.49, 1988437
2.49, 1977619
2.49, 1966381
2.5, 1956404
2.5, 1954318
2.52, 1954304
2.57, 1953974
2.57, 1950682
2.57, 1949054
2.57, 1906593
2.59, 1906210
2.59, 1890610
2.61, 1890023
2.61, 1881393
2.61, 1869629
2.62, 1869009
2.62, 1863788
2.64, 1859427
2.65, 1859056
2.66, 1857977
2.66, 1857093
2.66, 1853292
2.66, 1852157
2.66, 1851747
2.66, 1851509
2.66, 1850989
2.67, 1849060
2.67, 1842352
2.67, 1837239
2.67, 1835827
2.67, 1830103
2.68, 1827459
2.68, 1827204
2.69, 1825074
2.7, 1819813
2.72, 1819633
2.75, 1819257
2.75, 1818987
2.75, 1815190
2.76, 1814831
2.76, 1813652
2.76, 1813246
2.76, 1812649
2.77, 1812637
2.77, 1811793
2.77, 1811558
2.78, 1811074
2.78, 1808035
2.78, 1807546
2.78, 1805044
2.78, 1804863
2.78, 1804528
2.79, 1804522
2.79, 1804117
2.79, 1803960
2.79, 1803126
2.79, 1802906
2.79, 1802301
2.8, 1797345
2.84, 1796352
2.84, 1788777
2.88, 1788178
2.9, 1787971
2.9, 1787304
2.93, 1785570
2.93, 1784278
2.93, 1779865
2.93, 1777499
2.95, 1776640
2.95, 1772744
2.95, 1771051
2.95, 1767581
2.95, 1766572
2.95, 1763504
2.97, 1762693
2.97, 1758818
2.98, 1758770
2.99, 1758583
2.99, 1757673
2.99, 1757510
2.99, 1755407
3.0, 1755165
3.0, 1754577
3.01, 1753446
3.01, 1749442
3.01, 1749091
3.01, 1748152
3.01, 1746752
3.01, 1745107
3.01, 1745038
3.01, 1744250
3.01, 1743535
3.01, 1743266
3.02, 1743103
3.02, 1742720
3.02, 1742017
3.03, 1739462
3.04, 1738803
3.04, 1738226
3.04, 1737758
3.04, 1736119
3.04, 1736104
3.04, 1733469
3.07, 1732989
3.07, 1732811
3.08, 1732072
3.08, 1731222
3.08, 1728734
3.08, 1722778
3.08, 1710650
3.08, 1709723
3.09, 1700504
3.09, 1696401
3.09, 1694332
3.09, 1693155
3.09, 1691323
3.09, 1690111
3.09, 1683347
3.09, 1674017
3.09, 1671862
3.09, 1671561
3.1, 1668199
3.1, 1665429
3.1, 1664086
3.11, 1663795
3.11, 1658522
3.12, 1656882
3.12, 1656162
3.13, 1655762
3.14, 1655467
3.14, 1655120
3.17, 1654451
3.17, 1653568
3.17, 1632691
3.17, 1627316
3.17, 1627063
3.19, 1626532
3.19, 1619614
3.19, 1610064
3.19, 1609620
3.19, 1609295
3.19, 1582438
3.19, 1580297
3.19, 1558061
3.21, 1555989
3.21, 1552720
3.21, 1547765
3.21, 1547493
3.21, 1545851
3.22, 1545195
3.22, 1538156
3.22, 1527057
3.22, 1522553
3.22, 1521591
3.22, 1520175
3.22, 1520126
3.23, 1513971
3.23, 1512571
3.23, 1506117
3.23, 1504697
3.23, 1494479
3.23, 1492441
3.23, 1488270
3.23, 1485940
3.23, 1485450
3.23, 1468378
3.23, 1467175
3.23, 1466520
3.23, 1465858
3.23, 1464104
3.24, 1462550
3.24, 1458754
3.24, 1458710
3.24, 1454792
3.24, 1454642
3.24, 1440417
3.24, 1440211
3.24, 1438846
3.25, 1438663
3.25, 1437400
3.25, 1423897
3.26, 1418454
3.26, 1392952
3.26, 1392460
3.26, 1389594
3.26, 1387344
3.26, 1386974
3.26, 1378227
3.26, 1378105
3.26, 1375409
3.28, 1374249
3.28, 1371447
3.28, 1370302
3.28, 1368184
3.28, 1357406
3.28, 1356227
3.28, 1354607
3.28, 1354176
3.28, 1353398
3.29, 1353350
3.29, 1351510
3.29, 1351306
3.3, 1351058
3.3, 1350671
3.3, 1350533
3.3, 1345014
3.3, 1344048
3.3, 1337304
3.31, 1333251
3.31, 1293752
3.31, 1270337
3.31, 1265104
3.31, 1263479
3.35, 1243783
3.35, 1208042
3.35, 1179849
3.37, 1171087
3.37, 1166150
3.37, 1163811
3.37, 1136758
3.37, 1120100
3.38, 1119557
3.38, 1113882
3.4, 1108032
3.4, 1104715
3.4, 1100039
3.4, 1097964
3.4, 1094987
3.4, 1093859
3.4, 1093058
3.4, 1092285
3.4, 1092282
3.4, 1089671
3.41, 1087867
3.41, 1086109
3.41, 1084310
3.42, 1083717
3.42, 1083638
3.42, 1080512
3.43, 1075569
3.43, 1073452
3.45, 1069284
3.45, 1065522
3.45, 1064731
3.45, 1064652
3.45, 1062794
3.45, 1060991
3.45, 1041568
3.45, 1038431
3.45, 1017497
3.45, 1017380
3.46, 1016846
3.46, 1015375
3.46, 1015184
3.46, 1014393
3.46, 1007424
3.46, 1006873
3.46, 1000550
3.46, 1000290
3.48, 999103
3.48, 991666
3.48, 990945
3.48, 990061
3.48, 989407
3.48, 984666
3.48, 984535
3.48, 981452
3.48, 981338
3.48, 980837
3.49, 980014
3.5, 979804
3.51, 977525
3.51, 977052
3.51, 974278
3.51, 973600
3.51, 965333
3.51, 964044
3.51, 963237
3.51, 962244
3.52, 960777
3.52, 955940
3.52, 955895
3.52, 952703
3.52, 951399
3.52, 949850
3.52, 947438
3.52, 947174
3.52, 939821
3.52, 939066
3.52, 935464
3.52, 933027
3.52, 929342
3.53, 909054
3.54, 907113
3.67, 906881
3.72, 906481
3.85, 904339
3.86, 904225
3.86, 901865
3.86, 901652
3.86, 898862
3.86, 898149
3.86, 893144
3.87, 891238
3.91, 890341
3.91, 885641
3.91, 885441
3.91, 881607
3.91, 880755
3.91, 880321
3.92, 880108
3.93, 879625
3.93, 879199
3.93, 878883
3.93, 875124
3.94, 874652
3.94, 873761
3.94, 873349
3.94, 873187
3.94, 873105
3.94, 872745
3.94, 846619
3.94, 841808
3.94, 841523
3.95, 840743
3.95, 839457
3.95, 839161
3.95, 838712
3.95, 838584
3.96, 838337
3.96, 837385
3.96, 837271
3.96, 836285
3.97, 836243
3.97, 835208
3.98, 835172
4.06, 831998
4.07, 831576
4.14, 827085
4.15, 826211
4.23, 824719
4.25, 821775
4.32, 820943
4.37, 820837
4.37, 820231
4.38, 820117
4.39, 819391
4.41, 819240
4.41, 817998
4.43, 817822
4.57, 817080
4.61, 816625
4.61, 816621
4.65, 814820
4.66, 813955
4.66, 813303
4.67, 810171
4.68, 809783
4.7, 807300
4.7, 806381
4.7, 804939
4.71, 804539
4.71, 804494
4.71, 804360
4.74, 804165
4.75, 804107
4.75, 803152
4.77, 801212
4.77, 799500
4.85, 798617
4.85, 798267
4.86, 796218
4.87, 796087
4.88, 794694
4.9, 794464
4.9, 794014
4.9, 793486
4.9, 791564
4.91, 790778
4.93, 789795
4.94, 789778
4.94, 789352
4.95, 789135
4.99, 789001
4.99, 788584
4.99, 788479
4.99, 787326
4.99, 785436
