0.05, 7206347
0.05, 7185759
0.05, 7183572
0.05, 7182587
0.05, 7173467
0.06, 7094840
0.08, 7031664
0.08, 7021996
0.08, 6991250
0.09, 6934186
0.09, 6928566
0.09, 6927667
0.09, 6921392
0.11, 6837920
0.11, 6798072
0.11, 6792148
0.11, 6783439
0.11, 6780002
0.23, 6775432
0.23, 6769309
0.24, 6751240
0.24, 6736033
0.24, 6717634
0.4, 6651780
0.4, 6628270
0.41, 6569650
0.41, 6568948
0.45, 6520132
0.45, 6516590
0.45, 6499795
0.45, 6485953
0.45, 6474852
0.45, 6452524
0.45, 6447884
0.45, 6383184
1.25, 6307359
1.25, 6299491
1.25, 6280640
1.25, 6271756
1.25, 6270970
1.25, 6263701
1.25, 6263339
1.27, 6253018
1.42, 6243305
1.42, 6235566
1.42, 6235295
1.42, 6170034
1.44, 6169999
1.44, 6169026
1.44, 6148506
1.44, 6136229
1.44, 6120372
1.44, 6112745
1.44, 6104557
1.51, 6084635
1.51, 6077849
1.51, 6056883
1.51, 6047262
1.51, 6043401
1.52, 6015476
1.52, 5991644
1.52, 5964030
1.52, 5955030
1.53, 5927927
1.53, 5889232
1.53, 5847689
1.53, 5788652
1.53, 5760740
1.53, 5727660
1.56, 5719347
1.56, 5680381
1.56, 5678068
1.56, 5667332
1.57, 5610907
1.61, 5606510
1.61, 5577170
1.61, 5537842
1.61, 5535802
1.61, 5523154
1.61, 5519872
1.64, 5482798
1.64, 5480849
1.65, 5437157
1.69, 5426258
1.69, 5412461
1.69, 5406365
1.69, 5400891
1.7, 5394311
1.71, 5392734
1.71, 5384600
1.71, 5380977
1.71, 5372244
1.71, 5365776
1.71, 5362849
1.71, 5354950
1.72, 5340595
1.72, 5336177
1.73, 5329673
1.73, 5326022
1.73, 5325532
1.79, 5322833
1.79, 5302536
1.79, 5286835
1.79, 5276830
1.79, 5257629
1.79, 5224286
1.79, 5220510
1.79, 5219521
1.79, 5191600
1.79, 5176577
1.79, 5149278
1.79, 5148195
1.79, 5144250
1.79, 5121736
1.79, 5105585
1.79, 5103134
1.79, 5091751
1.79, 5088818
1.79, 5082018
1.79, 5074381
1.79, 5069264
1.79, 5058515
1.79, 5053049
1.79, 5039877
1.79, 5033578
1.79, 5026494
1.79, 5021793
1.79, 5000482
1.79, 4988525
1.79, 4970423
1.79, 4969083
1.8, 4959819
1.8, 4959319
1.8, 4927255
1.8, 4895950
1.8, 4894684
1.8, 4885956
1.8, 4875420
1.8, 4865511
1.8, 4837496
1.8, 4824934
1.8, 4822042
1.8, 4814087
1.8, 4813780
1.8, 4811163
1.8, 4805026
1.8, 4800993
1.81, 4798451
1.81, 4786230
1.81, 4769161
1.81, 4762491
1.81, 4736089
1.81, 4731088
1.81, 4730835
1.81, 4691746
1.82, 4687483
1.82, 4684430
1.82, 4684235
1.82, 4676338
1.82, 4673162
1.82, 4663267
1.82, 4639776
1.82, 4634456
1.82, 4630228
1.83, 4612256
1.83, 4608942
1.83, 4604675
1.83, 4597292
1.83, 4593243
1.83, 4571484
1.83, 4568394
1.84, 4567111
1.84, 4544199
1.84, 4530835
1.84, 4530201
1.84, 4526356
1.84, 4524656
1.84, 4508041
1.84, 4502894
1.85, 4500499
1.85, 4488019
1.85, 4480173
1.85, 4454129
1.85, 4433855
1.85, 4419730
1.85, 4411907
1.85, 4405905
1.85, 4393924
1.86, 4362962
1.86, 4350942
1.86, 4340717
1.86, 4333847
1.86, 4328553
1.86, 4322245
1.86, 4315532
1.86, 4313407
1.86, 4313404
1.86, 4309343
1.86, 4299454
1.86, 4295310
1.87, 4292389
1.87, 4291145
1.87, 4280231
1.87, 4273086
1.87, 4260370
1.87, 4255961
1.87, 4249074
1.87, 4248473
1.88, 4170595
1.88, 4170431
1.88, 4157941
1.88, 4155055
1.88, 4152119
1.88, 4150437
1.88, 4141923
1.88, 4138352
1.88, 4137725
1.88, 4126517
1.88, 4118801
1.88, 4110231
1.88, 4107549
1.88, 4105365
1.89, 4104728
1.89, 4096371
1.89, 4093420
1.89, 4089120
1.89, 4077781
1.89, 4077777
1.89, 4075184
1.89, 4066318
1.89, 4049330
1.89, 4048655
1.89, 4040954
1.89, 4040054
1.89, 4037025
1.89, 4034317
1.9, 4031613
1.9, 4030561
1.9, 4030104
1.9, 4026657
1.9, 4022706
1.9, 4018849
1.9, 4010499
1.9, 3999710
1.9, 3991215
1.9, 3989879
1.9, 3988583
1.9, 3985553
1.9, 3983702
1.9, 3980388
1.9, 3975168
1.9, 3960053
1.9, 3957411
1.9, 3956511
1.9, 3955099
1.91, 3952831
1.91, 3949881
1.91, 3949314
1.91, 3948209
1.91, 3947318
1.91, 3943809
1.91, 3942157
1.91, 3937173
1.91, 3898187
1.91, 3893295
1.91, 3821898
1.91, 3817726
1.91, 3816810
1.91, 3816494
1.91, 3816318
1.91, 3814110
1.91, 3813819
1.91, 3803303
1.91, 3802994
1.91, 3799405
1.91, 3797909
1.91, 3795383
1.91, 3795242
1.92, 3775717
1.92, 3768608
1.92, 3767858
1.92, 3766469
1.92, 3764540
1.93, 3762466
1.93, 3757164
1.93, 3739967
1.93, 3739591
1.93, 3736576
1.93, 3735380
1.93, 3731093
1.93, 3729225
1.93, 3729007
1.93, 3725868
1.94, 3722938
1.94, 3720321
1.94, 3707814
1.94, 3702210
1.94, 3630554
1.94, 3526170
1.94, 3495180
1.94, 3489266
1.94, 3471654
1.94, 3378813
1.94, 3366080
1.94, 3311442
1.94, 3279773
1.94, 3235831
1.95, 3175695
1.95, 3078425
1.95, 3064640
1.95, 3007659
1.95, 2990896
1.95, 2941613
1.96, 2940909
1.96, 2888172
1.96, 2887569
1.96, 2884174
1.96, 2884096
1.96, 2849842
1.96, 2846254
1.96, 2809266
1.97, 2802929
1.98, 2802763
1.98, 2796217
2.03, 2789442
2.03, 2787824
2.03, 2744463
2.06, 2734194
2.06, 2734137
2.06, 2710673
2.06, 2709628
2.06, 2687737
2.08, 2687513
2.08, 2683160
2.1, 2674271
2.1, 2661817
2.11, 2661003
2.14, 2661000
2.14, 2657235
2.14, 2653774
2.17, 2651966
2.17, 2651597
2.18, 2650141
2.19, 2649234
2.22, 2647365
2.22, 2602444
2.22, 2602207
2.22, 2558442
2.24, 2558410
2.24, 2503813
2.26, 2503152
2.26, 2473576
2.26, 2472349
2.26, 2469632
2.26, 2455701
2.26, 2428969
2.26, 2413655
2.26, 2352198
2.26, 2338630
2.26, 2309551
2.26, 2295267
2.27, 2262642
2.27, 2241182
2.27, 2237221
2.27, 2236111
2.27, 2210259
2.27, 2198975
2.27, 2185173
2.27, 2181215
2.27, 2175813
2.28, 2175477
2.28, 2174783
2.28, 2171124
2.28, 2165600
2.28, 2165052
2.28, 2159886
2.28, 2155132
2.28, 2154172
2.28, 2153844
2.28, 2153841
2.29, 2146888
2.29, 2145624
2.29, 2142128
2.29, 2140494
2.29, 2140389
2.29, 2140041
2.29, 2139182
2.29, 2136786
2.29, 2131360
2.29, 2128774
2.29, 2128732
2.29, 2124722
2.29, 2123881
2.29, 2118388
2.29, 2117742
2.29, 2115877
2.29, 2114514
2.29, 2112931
2.3, 2106387
2.3, 2101009
2.3, 2099196
2.3, 2097092
2.3, 2095096
2.3, 2085085
2.3, 2084569
2.3, 2074788
2.31, 2071733
2.31, 2070113
2.31, 2069731
2.31, 2069309
2.31, 2069278
2.32, 2069025
2.32, 2062308
2.32, 2057713
2.33, 2057187
2.34, 2056430
2.34, 2052926
2.38, 2052917
2.38, 2051841
2.38, 2051381
2.38, 2047999
2.38, 2047979
2.39, 2047524
2.39, 2046885
2.4, 2046217
2.4, 2045006
2.4, 2043841
2.42, 2043361
2.43, 2036347
2.44, 2036308
2.44, 2035399
2.45, 2034925
2.46, 2030827
2.49, 2023411
2.49, 2006672
2.49, 1992164
2.49, 1991089
2.49, 1971858
2.49, 1968193
2.49, 1939483
2.49, 1913488
2.49, 1909988
2.5, 1899995
2.5, 1882242
2.51, 1880296
2.51, 1867238
2.51, 1862679
2.51, 1857612
2.51, 1853832
2.51, 1849059
2.51, 1840720
2.52, 1833974
2.52, 1833936
2.52, 1786062
2.53, 1754906
2.54, 1753120
2.56, 1752844
2.56, 1736584
2.57, 1734806
2.57, 1732862
2.57, 1703378
2.59, 1700296
2.6, 1697962
2.61, 1695133
2.62, 1694597
2.62, 1693565
2.62, 1692134
2.65, 1689859
2.65, 1673002
2.66, 1666915
2.66, 1664638
2.66, 1653950
2.67, 1649683
2.67, 1641126
2.73, 1638907
2.73, 1635796
2.73, 1630759
2.73, 1630704
2.73, 1617005
2.74, 1613281
2.75, 1610909
2.75, 1604934
2.75, 1603200
2.75, 1600730
2.75, 1589382
2.75, 1587310
2.75, 1568390
2.76, 1563005
2.76, 1557126
2.76, 1529953
2.76, 1529085
2.76, 1520172
2.76, 1519879
2.76, 1519212
2.76, 1512879
2.76, 1512617
2.76, 1512590
2.76, 1511800
2.76, 1500909
2.76, 1499308
2.76, 1496861
2.76, 1482295
2.77, 1482007
2.77, 1479141
2.77, 1479138
2.77, 1474618
2.77, 1470287
2.77, 1466049
2.78, 1465735
2.78, 1465601
2.78, 1461922
2.79, 1457133
2.79, 1447863
2.79, 1445401
2.79, 1440253
2.79, 1436307
2.8, 1434796
2.8, 1434409
2.8, 1431507
2.8, 1431271
2.8, 1430432
2.8, 1428302
2.81, 1419207
2.81, 1416910
2.81, 1412751
2.81, 1412586
2.81, 1412221
2.81, 1409232
2.81, 1407903
2.81, 1402540
2.81, 1399665
2.81, 1397067
2.81, 1396328
2.81, 1392637
2.82, 1388505
2.82, 1385585
2.82, 1370569
2.83, 1370030
2.83, 1369730
2.84, 1369304
2.84, 1368750
2.88, 1367358
2.89, 1365025
2.89, 1364432
2.89, 1364118
2.89, 1363831
2.89, 1362408
2.89, 1362111
2.89, 1360406
2.89, 1360086
2.89, 1359994
2.9, 1359764
2.9, 1359442
2.91, 1355650
2.91, 1353972
2.92, 1348134
2.92, 1345789
2.92, 1344181
2.93, 1343934
2.93, 1342965
2.93, 1341912
2.93, 1341415
2.93, 1340969
2.93, 1340690
2.94, 1339310
2.94, 1338099
2.94, 1337401
2.95, 1337385
2.95, 1336150
2.98, 1334927
2.98, 1330949
2.98, 1330262
2.98, 1327922
2.98, 1326718
2.98, 1326448
2.99, 1326357
2.99, 1325830
2.99, 1323761
2.99, 1322978
3.0, 1322701
3.01, 1321567
3.02, 1321381
3.02, 1319469
3.02, 1316265
3.02, 1316024
3.02, 1314890
3.02, 1312731
3.03, 1311057
3.03, 1310965
3.03, 1308393
3.03, 1308194
3.03, 1307663
3.03, 1307545
3.03, 1307137
3.03, 1305062
3.03, 1304906
3.04, 1304398
3.04, 1304380
3.04, 1303451
3.05, 1303343
3.05, 1300225
3.06, 1299666
3.06, 1299350
3.06, 1299123
3.06, 1290737
3.06, 1289798
3.07, 1289681
3.07, 1289407
3.07, 1289175
3.07, 1287790
3.08, 1287409
3.09, 1287043
3.1, 1286818
3.1, 1286068
3.15, 1285357
3.16, 1285005
3.18, 1284856
3.19, 1284760
3.19, 1284014
3.19, 1283362
3.19, 1283074
3.19, 1282749
3.19, 1281315
3.2, 1277513
3.2, 1277486
3.22, 1276457
3.22, 1276058
3.22, 1275975
3.22, 1275877
3.22, 1271338
3.22, 1270703
3.22, 1270102
3.22, 1267619
3.22, 1267216
3.23, 1265759
3.23, 1265591
3.23, 1265305
3.24, 1264996
3.24, 1264724
3.24, 1264535
3.24, 1264015
3.25, 1263258
3.25, 1262229
3.26, 1259886
3.26, 1259250
3.26, 1258744
3.26, 1258464
3.26, 1258150
3.26, 1257539
3.27, 1257392
3.29, 1256960
3.29, 1255698
3.29, 1255551
3.29, 1254546
3.29, 1252515
3.29, 1252417
3.29, 1252239
3.3, 1252057
3.3, 1250949
3.31, 1250039
3.32, 1249497
3.33, 1248346
3.33, 1246973
3.33, 1246945
3.35, 1245890
3.35, 1244474
3.35, 1244162
3.35, 1243237
3.35, 1242338
3.35, 1241450
3.37, 1241347
3.37, 1241314
3.37, 1240962
3.37, 1239645
3.38, 1239395
3.38, 1238253
3.39, 1238249
3.39, 1238102
3.39, 1237855
3.42, 1228810
3.42, 1223230
3.42, 1220651
3.42, 1216473
3.42, 1191366
3.43, 1179866
3.43, 1179760
3.43, 1174234
3.44, 1173535
3.44, 1171928
3.44, 1170014
3.44, 1169646
3.44, 1157231
3.44, 1157082
3.44, 1155811
3.44, 1153914
3.44, 1145415
3.44, 1145281
3.44, 1136406
3.44, 1134084
3.44, 1133103
3.44, 1131458
3.44, 1128747
3.44, 1128403
3.44, 1125881
3.45, 1125798
3.45, 1123941
3.45, 1122178
3.45, 1118428
3.45, 1116898
3.46, 1116496
3.46, 1116068
3.46, 1104065
3.46, 1100666
3.46, 1100281
3.47, 1093301
3.47, 1093181
3.47, 1090687
3.47, 1085357
3.47, 1082457
3.48, 1081575
3.48, 1081310
3.48, 1081201
3.48, 1081154
3.48, 1080952
3.48, 1080454
3.48, 1079589
3.49, 1078529
3.49, 1078512
3.5, 1076582
3.51, 1076014
3.51, 1073782
3.51, 1073692
3.51, 1072497
3.52, 1071275
3.52, 1070595
3.53, 1069374
3.53, 1049842
3.53, 1013231
3.53, 997507
3.53, 990732
3.53, 990724
3.53, 990422
3.53, 988740
3.53, 987148
3.53, 978156
3.54, 977263
3.54, 977261
3.54, 975401
3.54, 973610
3.54, 969096
3.54, 967933
3.54, 967402
3.54, 967359
3.54, 958163
3.54, 957034
3.54, 956429
3.54, 941646
3.54, 937456
3.54, 934919
3.54, 934759
3.54, 933070
3.54, 930919
3.55, 930675
3.55, 927279
3.55, 926938
3.55, 924929
3.55, 919335
3.55, 917594
3.55, 915882
3.55, 913147
3.57, 906602
3.58, 905455
3.58, 905351
3.58, 904791
3.58, 903507
3.6, 903196
3.6, 901814
3.6, 895167
3.6, 890514
3.6, 885995
3.61, 885186
3.63, 883505
3.63, 879309
3.74, 873581
3.76, 872156
3.78, 870506
3.79, 870247
3.79, 869524
3.79, 869211
3.79, 867616
3.79, 867211
3.79, 866611
3.79, 866245
3.79, 865523
3.79, 864647
3.79, 863878
3.81, 863355
3.81, 863205
3.85, 863186
3.85, 863057
3.87, 862834
3.88, 862129
3.9, 860393
4.01, 859751
4.06, 859087
4.06, 857167
4.07, 855697
4.12, 855110
4.15, 854849
4.24, 853812
4.25, 853410
4.25, 851331
4.28, 851098
4.29, 851047
4.3, 850007
4.3, 848195
4.31, 847142
4.32, 846752
4.32, 846253
4.33, 846228
4.34, 846142
4.35, 846056
4.36, 845338
4.37, 844886
4.39, 843830
4.41, 841964
4.44, 837083
4.44, 835704
4.44, 835688
4.44, 832032
4.45, 831627
4.5, 830958
4.57, 830492
4.58, 828523
4.6, 828333
4.6, 826858
4.6, 824440
4.62, 824017
4.63, 823990
4.67, 822644
4.72, 821922
4.73, 821112
4.82, 816177
4.89, 815913
4.9, 814948
4.92, 814888
4.96, 813946
4.96, 812953
4.98, 812052
4.98, 811716
4.98, 809666
4.99, 808525
