0.05, 7324455
0.05, 7313115
0.05, 7286396
0.05, 7256758
0.05, 7227514
0.05, 7213585
0.05, 7195930
0.06, 7175212
0.06, 7162920
0.06, 7146770
0.06, 7145557
0.06, 7144897
0.06, 7133049
0.06, 7132950
0.06, 7130114
0.07, 7094940
0.07, 7075648
0.07, 7072081
0.07, 6988517
0.07, 6927458
0.07, 6901130
0.07, 6834282
0.07, 6769311
0.07, 6721477
0.07, 6654901
0.1, 6634179
0.11, 6619594
1.01, 6605400
1.01, 6594335
1.01, 6593449
1.01, 6577123
1.15, 6510329
1.15, 6500192
1.15, 6495569
1.16, 6490226
1.16, 6464152
1.16, 6410478
1.16, 6397439
1.16, 6384292
1.16, 6295357
1.16, 6281861
1.16, 6278633
1.16, 6265102
1.2, 6236919
1.2, 6235921
1.2, 6233272
1.2, 6194799
1.2, 6169747
1.2, 6118270
1.2, 6102614
1.38, 6095258
1.39, 5964399
1.47, 5819097
1.55, 5796956
1.55, 5791830
1.55, 5790507
1.55, 5771479
1.57, 5745955
1.67, 5733506
1.67, 5731774
1.67, 5730364
1.67, 5726847
1.67, 5725477
1.67, 5724081
1.67, 5723567
1.67, 5718537
1.67, 5718119
1.67, 5626448
1.67, 5622324
1.67, 5621921
1.67, 5621227
1.67, 5602451
1.68, 5592571
1.68, 5590198
1.68, 5582956
1.68, 5571534
1.68, 5562362
1.68, 5561858
1.68, 5555632
1.68, 5553884
1.68, 5548745
1.68, 5546684
1.68, 5544553
1.68, 5537675
1.68, 5520987
1.68, 5506169
1.7, 5504699
1.7, 5500816
1.7, 5498549
1.7, 5488137
1.7, 5487335
1.71, 5473517
1.72, 5470641
1.72, 5461236
1.73, 5456595
1.73, 5420610
1.73, 5342111
1.73, 5329119
1.73, 5304274
1.73, 5303959
1.74, 5299071
1.74, 5297681
1.74, 5285657
1.74, 5254153
1.74, 5251060
1.74, 5248948
1.74, 5220939
1.74, 5219112
1.74, 5193253
1.74, 5184037
1.74, 5152166
1.74, 5147723
1.74, 5125923
1.74, 5110344
1.74, 5109753
1.74, 5078381
1.74, 5071498
1.74, 5050169
1.74, 5049271
1.74, 5033673
1.74, 5029720
1.75, 5003345
1.75, 4974225
1.75, 4959698
1.75, 4946385
1.75, 4927591
1.75, 4915561
1.75, 4906654
1.75, 4902194
1.75, 4894573
1.75, 4878770
1.75, 4860602
1.75, 4841327
1.75, 4838856
1.75, 4837714
1.75, 4836805
1.75, 4832319
1.75, 4829185
1.75, 4789316
1.75, 4764686
1.75, 4758752
1.75, 4752471
1.75, 4751318
1.76, 4736346
1.77, 4723688
1.77, 4720834
1.77, 4689868
1.77, 4675723
1.77, 4646585
1.77, 4629828
1.77, 4621929
1.77, 4621500
1.77, 4616348
1.77, 4598800
1.77, 4530423
1.77, 4507524
1.77, 4490932
1.77, 4481131
1.77, 4476371
1.77, 4472270
1.78, 4471326
1.78, 4459394
1.78, 4458199
1.78, 4457238
1.78, 4327676
1.78, 4317906
1.78, 4313881
1.78, 4305784
1.78, 4298240
1.78, 4297470
1.78, 4285072
1.78, 4274255
1.78, 4271747
1.78, 4271214
1.78, 4259616
1.78, 4246014
1.78, 4245290
1.78, 4244908
1.78, 4240444
1.78, 4239503
1.78, 4234686
1.78, 4233147
1.78, 4231110
1.78, 4229400
1.79, 4228790
1.79, 4223673
1.79, 4218535
1.79, 4215693
1.79, 4137879
1.79, 4135873
1.79, 4134700
1.79, 4132527
1.79, 4131155
1.79, 4130199
1.79, 4127328
1.79, 4124087
1.8, 4124076
1.8, 4122442
1.8, 4106275
1.8, 4098514
1.8, 4095172
1.8, 4088100
1.8, 4085210
1.8, 4080929
1.8, 4080623
1.8, 4080068
1.8, 4078420
1.8, 4074524
1.8, 4073573
1.8, 4071062
1.81, 4028881
1.81, 4026724
1.81, 4026131
1.81, 4026051
1.81, 4020085
1.81, 4015201
1.81, 4014458
1.81, 3995002
1.81, 3994665
1.81, 3988024
1.81, 3972493
1.81, 3970691
1.81, 3970201
1.81, 3962045
1.81, 3960746
1.81, 3959069
1.81, 3953905
1.81, 3952594
1.82, 3951495
1.82, 3948956
1.82, 3948793
1.82, 3928843
1.82, 3928585
1.82, 3927212
1.82, 3925956
1.83, 3924272
1.83, 3908187
1.83, 3904056
1.83, 3899898
1.83, 3891778
1.83, 3888185
1.84, 3884222
1.84, 3879432
1.84, 3862067
1.84, 3840709
1.84, 3839437
1.84, 3839317
1.84, 3835806
1.84, 3832844
1.84, 3828715
1.84, 3815635
1.84, 3812324
1.84, 3781601
1.84, 3780114
1.84, 3773733
1.84, 3772974
1.85, 3770474
1.85, 3761194
1.85, 3752172
1.85, 3740278
1.85, 3739815
1.85, 3723333
1.85, 3718013
1.85, 3715427
1.85, 3712329
1.85, 3709691
1.86, 3702663
1.86, 3702527
1.86, 3697667
1.86, 3689353
1.86, 3688659
1.86, 3672408
1.86, 3672157
1.86, 3667745
1.86, 3663266
1.86, 3660469
1.86, 3657630
1.86, 3656404
1.86, 3652874
1.86, 3648109
1.86, 3647620
1.86, 3646779
1.87, 3646611
1.87, 3645886
1.87, 3642044
1.87, 3641270
1.87, 3640413
1.87, 3639365
1.87, 3632882
1.87, 3629485
1.87, 3625662
1.88, 3622669
1.88, 3620738
1.88, 3620458
1.88, 3619862
1.88, 3618709
1.88, 3617108
1.88, 3610628
1.88, 3604565
1.9, 3536648
1.9, 3532843
1.9, 3531480
1.91, 3529775
1.91, 3525330
1.91, 3523475
1.91, 3518970
1.91, 3516786
1.91, 3516656
1.91, 3498290
1.92, 3498280
1.92, 3494231
1.92, 3494159
1.92, 3493764
1.92, 3489239
1.93, 3476355
1.93, 3476125
1.94, 3473747
1.94, 3473196
1.94, 3468162
1.95, 3468087
1.95, 3464143
1.95, 3463954
1.95, 3459737
1.95, 3457399
1.95, 3456095
1.95, 3453173
1.96, 3446498
1.96, 3439522
1.96, 3437673
1.96, 3421594
1.96, 3413807
1.97, 3411459
1.97, 3411374
1.97, 3411295
1.97, 3406597
1.97, 3405863
1.97, 3398129
1.97, 3394795
1.97, 3392861
1.98, 3392121
1.98, 3387574
1.98, 3374660
1.98, 3373480
1.98, 3372068
1.98, 3368179
1.98, 3363977
1.99, 3363660
1.99, 3357655
1.99, 3354613
2.0, 3354533
2.0, 3353687
2.0, 3353432
2.0, 3351071
2.0, 3350655
2.0, 3349874
2.0, 3349090
2.0, 3347163
2.01, 3339975
2.01, 3336472
2.01, 3334203
2.01, 3334123
2.01, 3332762
2.01, 3332479
2.01, 3317417
2.02, 3316396
2.02, 3291402
2.02, 3286632
2.02, 3278145
2.03, 3271905
2.03, 3229993
2.04, 3228224
2.04, 3165220
2.05, 3163750
2.05, 3116470
2.05, 3094074
2.05, 3091507
2.05, 3077662
2.05, 3076600
2.05, 3033404
2.05, 3029229
2.05, 2982489
2.05, 2977983
2.06, 2969937
2.06, 2941282
2.06, 2933836
2.06, 2933377
2.06, 2926431
2.06, 2923322
2.07, 2921352
2.07, 2921161
2.07, 2876079
2.07, 2873085
2.07, 2865836
2.07, 2863611
2.11, 2863486
2.11, 2861374
2.14, 2851253
2.14, 2850370
2.14, 2815304
2.16, 2812692
2.2, 2812101
2.24, 2809546
2.25, 2807983
2.25, 2804579
2.27, 2773351
2.27, 2771185
2.27, 2722718
2.29, 2710634
2.3, 2697893
2.3, 2674010
2.3, 2663399
2.32, 2658150
2.32, 2649644
2.32, 2641646
2.32, 2640929
2.32, 2604044
2.34, 2598388
2.35, 2573435
2.35, 2572258
2.35, 2568431
2.35, 2567388
2.35, 2519037
2.36, 2518096
2.36, 2515553
2.36, 2510616
2.36, 2501836
2.36, 2499630
2.37, 2497661
2.38, 2497012
2.38, 2496580
2.39, 2496210
2.39, 2492737
2.4, 2492463
2.4, 2491708
2.4, 2491380
2.4, 2490799
2.41, 2490570
2.42, 2490236
2.43, 2487733
2.44, 2486965
2.45, 2486955
2.45, 2485044
2.46, 2484192
2.47, 2484031
2.47, 2482948
2.47, 2482734
2.47, 2477468
2.48, 2477341
2.48, 2475951
2.48, 2475763
2.48, 2473982
2.48, 2473591
2.48, 2472533
2.49, 2472492
2.49, 2469065
2.5, 2468481
2.5, 2467672
2.5, 2460767
2.55, 2460168
2.55, 2459811
2.55, 2458510
2.55, 2456843
2.55, 2456121
2.55, 2452533
2.56, 2450537
2.58, 2449522
2.62, 2448938
2.62, 2446783
2.62, 2428381
2.63, 2428160
2.63, 2428128
2.63, 2427980
2.63, 2422511
2.63, 2421675
2.63, 2388474
2.63, 2385420
2.64, 2380619
2.64, 2360139
2.64, 2356755
2.64, 2349418
2.64, 2333627
2.64, 2329208
2.64, 2325148
2.64, 2325016
2.64, 2322309
2.66, 2322029
2.66, 2321888
2.66, 2319085
2.66, 2317816
2.66, 2317498
2.66, 2317476
2.66, 2312475
2.67, 2312015
2.67, 2309523
2.67, 2308068
2.67, 2307815
2.67, 2306891
2.67, 2306740
2.67, 2305471
2.68, 2304983
2.68, 2301131
2.68, 2300889
2.68, 2300602
2.68, 2300019
2.68, 2298656
2.68, 2298400
2.69, 2297938
2.69, 2297469
2.69, 2296862
2.69, 2295719
2.69, 2292586
2.7, 2291197
2.71, 2290428
2.71, 2288986
2.71, 2287891
2.71, 2287112
2.71, 2281976
2.73, 2281827
2.74, 2281169
2.74, 2280579
2.74, 2270737
2.74, 2269341
2.75, 2268235
2.75, 2266955
2.75, 2266044
2.75, 2261268
2.75, 2260718
2.75, 2259747
2.75, 2257267
2.76, 2256455
2.76, 2256441
2.76, 2245887
2.76, 2244549
2.76, 2243188
2.76, 2241228
2.76, 2240877
2.77, 2239739
2.77, 2238084
2.77, 2236465
2.78, 2236301
2.78, 2235768
2.78, 2234522
2.78, 2234065
2.78, 2232817
2.78, 2232038
2.78, 2228407
2.79, 2227319
2.79, 2225617
2.81, 2225522
2.82, 2225175
2.82, 2223894
2.82, 2222957
2.83, 2221355
2.83, 2220931
2.85, 2219997
2.87, 2219690
2.9, 2219684
2.9, 2216858
2.96, 2216624
2.96, 2214403
2.96, 2213694
2.96, 2208202
2.97, 2208031
2.98, 2207450
2.98, 2200341
2.98, 2198157
2.98, 2195151
2.98, 2191528
2.98, 2188851
2.98, 2185786
2.99, 2185000
2.99, 2183458
3.01, 2182934
3.01, 2182865
3.01, 2180834
3.02, 2180700
3.02, 2179175
3.02, 2178548
3.05, 2170853
3.05, 2170569
3.07, 2169861
3.07, 2165843
3.07, 2165837
3.08, 2164457
3.09, 2161120
3.09, 2160039
3.1, 2156654
3.1, 2156175
3.1, 2138867
3.1, 2134839
3.1, 2133640
3.1, 2127744
3.11, 2121906
3.11, 2113532
3.12, 2110004
3.12, 2089246
3.12, 2067538
3.12, 2065880
3.12, 2051652
3.12, 2049701
3.12, 2044609
3.12, 2041651
3.12, 2029160
3.12, 2006330
3.12, 1994256
3.12, 1977595
3.12, 1975603
3.12, 1975431
3.12, 1965983
3.12, 1963525
3.12, 1955481
3.12, 1934209
3.12, 1928100
3.13, 1925996
3.13, 1918972
3.13, 1880909
3.13, 1870494
3.13, 1838409
3.13, 1796713
3.13, 1795407
3.15, 1791997
3.15, 1787004
3.16, 1786008
3.16, 1782045
3.16, 1780896
3.18, 1773996
3.18, 1772257
3.18, 1769692
3.19, 1769513
3.19, 1757616
3.19, 1756048
3.19, 1754271
3.19, 1753822
3.19, 1748031
3.19, 1745400
3.19, 1745330
3.19, 1740987
3.2, 1723415
3.22, 1723161
3.23, 1719637
3.23, 1676766
3.26, 1669885
3.26, 1668809
3.26, 1660735
3.27, 1660091
3.27, 1659435
3.29, 1659400
3.29, 1656953
3.29, 1655841
3.29, 1655447
3.29, 1655125
3.29, 1654510
3.29, 1652051
3.3, 1650818
3.31, 1649946
3.31, 1645484
3.31, 1645285
3.31, 1643269
3.31, 1642553
3.31, 1639638
3.32, 1635792
3.32, 1630244
3.32, 1621673
3.32, 1610568
3.32, 1603425
3.32, 1566414
3.32, 1562709
3.32, 1536047
3.32, 1526626
3.32, 1523985
3.32, 1518336
3.33, 1506635
3.33, 1479202
3.33, 1477778
3.33, 1477400
3.33, 1470475
3.33, 1457622
3.33, 1456979
3.33, 1448071
3.33, 1447282
3.34, 1447081
3.34, 1446413
3.34, 1444281
3.34, 1442962
3.34, 1441913
3.34, 1440422
3.34, 1438529
3.34, 1435532
3.34, 1435328
3.34, 1434757
3.34, 1432502
3.34, 1428113
3.35, 1424727
3.35, 1423608
3.36, 1421004
3.36, 1420336
3.36, 1420219
3.38, 1419390
3.38, 1417616
3.38, 1412093
3.39, 1408138
3.39, 1401790
3.41, 1390159
3.41, 1385098
3.41, 1374996
3.41, 1359323
3.41, 1351111
3.41, 1351046
3.41, 1347736
3.41, 1313687
3.41, 1294563
3.42, 1286616
3.42, 1237119
3.42, 1220564
3.42, 1209418
3.42, 1206463
3.42, 1199443
3.42, 1181725
3.43, 1179664
3.43, 1176651
3.43, 1176332
3.43, 1171394
3.43, 1171349
3.43, 1170498
3.43, 1168004
3.43, 1167001
3.43, 1154121
3.43, 1148558
3.43, 1144962
3.43, 1138740
3.44, 1137759
3.44, 1117143
3.44, 1116358
3.44, 1115306
3.44, 1113771
3.44, 1100733
3.44, 1097851
3.45, 1097458
3.45, 1079886
3.45, 1079431
3.45, 1078899
3.45, 1078411
3.45, 1077846
3.45, 1075279
3.45, 1074813
3.45, 1074638
3.45, 1063482
3.45, 1060158
3.45, 1056771
3.45, 1055552
3.45, 1055315
3.45, 1053808
3.45, 1048963
3.46, 1046943
3.46, 1046695
3.46, 1046430
3.46, 1045435
3.47, 1045336
3.47, 1032454
3.47, 1031046
3.47, 1029655
3.47, 1029341
3.47, 1028187
3.47, 1021094
3.47, 1020586
3.47, 1019946
3.47, 1019534
3.47, 1017276
3.48, 1015613
3.48, 1014774
3.48, 1006234
3.48, 1002886
3.48, 1002709
3.48, 1001160
3.48, 999854
3.48, 999736
3.48, 997281
3.48, 996679
3.48, 992772
3.49, 987279
3.49, 987269
3.5, 983191
3.5, 977211
3.5, 976619
3.5, 976328
3.5, 976178
3.5, 973667
3.52, 973552
3.55, 972649
3.65, 971763
3.65, 970010
3.65, 968593
3.72, 967830
3.81, 967086
3.85, 965502
3.99, 963882
4.09, 962402
4.15, 957897
4.17, 956135
4.18, 953796
4.18, 951820
4.18, 951652
4.18, 942099
4.19, 938857
4.19, 933132
4.19, 930194
4.19, 929387
4.19, 926080
4.19, 925329
4.23, 924442
4.23, 923820
4.35, 923615
4.36, 922209
4.37, 921702
4.37, 921272
4.37, 921223
4.37, 918500
4.38, 918295
4.39, 917907
4.39, 916319
4.4, 907282
4.41, 906440
4.41, 905444
4.41, 905055
4.44, 905051
4.44, 904941
4.46, 904442
4.46, 903064
4.47, 903042
4.47, 902944
4.48, 902666
4.5, 902465
4.54, 901378
4.55, 900649
4.55, 899407
4.56, 894767
4.56, 890003
4.56, 887490
4.56, 880841
4.57, 866996
4.58, 863365
4.58, 862298
4.58, 862275
4.58, 861533
4.6, 861015
4.63, 861010
4.65, 860400
4.68, 860297
4.71, 858834
4.72, 858008
4.76, 855908
4.76, 850587
4.77, 849562
4.79, 849557
4.79, 848667
4.79, 848659
4.79, 847719
4.81, 847548
4.81, 847395
4.81, 843168
4.82, 842422
4.83, 842400
4.85, 841797
4.85, 841183
4.89, 841030
4.89, 839704
4.89, 838648
4.89, 836324
4.89, 829847
4.9, 829442
4.9, 827381
4.93, 827334
4.93, 822282
4.95, 822234
4.95, 821806
4.95, 821732
4.98, 821514
4.99, 821253
4.99, 820652
4.99, 820304
