0.05, 6830366
0.05, 6828862
0.05, 6817592
0.05, 6799008
0.05, 6784896
0.05, 6760692
0.05, 6749301
0.06, 6746714
0.06, 6720948
0.19, 6710572
0.25, 6708095
0.25, 6706619
0.25, 6705678
0.25, 6700562
0.25, 6698618
0.25, 6679883
0.25, 6658708
0.25, 6644545
0.26, 6626082
0.26, 6611600
0.3, 6594741
0.3, 6583799
0.3, 6575854
0.3, 6574996
0.3, 6571780
0.3, 6522142
0.3, 6519542
1.07, 6508397
1.08, 6483905
1.08, 6476462
1.13, 6471334
1.13, 6425293
1.13, 6421504
1.13, 6413244
1.13, 6410988
1.13, 6409154
1.13, 6405364
1.13, 6401399
1.13, 6369223
1.14, 6366917
1.14, 6349802
1.14, 6264891
1.14, 6243454
1.44, 6235260
1.44, 6223402
1.44, 6213138
1.44, 6197889
1.44, 6197491
1.44, 6179643
1.44, 6138113
1.47, 6100141
1.48, 6086120
1.48, 6073994
1.48, 6066880
1.49, 6064304
1.49, 6001252
1.49, 5971018
1.49, 5969177
1.49, 5962204
1.5, 5927915
1.5, 5927027
1.5, 5904096
1.59, 5889291
1.59, 5858718
1.59, 5846463
1.59, 5840906
1.59, 5838993
1.59, 5834698
1.6, 5832680
1.6, 5821800
1.6, 5820838
1.6, 5804707
1.6, 5804426
1.6, 5798940
1.6, 5796358
1.6, 5793473
1.62, 5792780
1.62, 5788577
1.66, 5762543
1.66, 5715279
1.66, 5666327
1.66, 5663061
1.66, 5661623
1.68, 5657366
1.69, 5635950
1.69, 5632956
1.69, 5632688
1.69, 5632059
1.69, 5629949
1.7, 5628966
1.7, 5602725
1.7, 5597890
1.7, 5593783
1.7, 5593144
1.7, 5592908
1.74, 5575180
1.74, 5555863
1.74, 5548120
1.74, 5536893
1.74, 5534780
1.76, 5525667
1.76, 5524611
1.76, 5522471
1.76, 5520102
1.77, 5519499
1.77, 5518520
1.77, 5515135
1.77, 5499151
1.77, 5475311
1.77, 5451753
1.77, 5441154
1.77, 5429173
1.77, 5391249
1.77, 5366221
1.77, 5360952
1.77, 5352272
1.77, 5346070
1.77, 5316217
1.77, 5311900
1.77, 5302032
1.77, 5197957
1.77, 5192743
1.77, 5179023
1.77, 5161852
1.77, 5121037
1.77, 5105371
1.77, 5105250
1.77, 5102574
1.77, 5101675
1.77, 5072715
1.77, 5072602
1.77, 5062683
1.77, 5057638
1.78, 5046998
1.78, 5017376
1.78, 4989078
1.78, 4970772
1.78, 4966614
1.78, 4962548
1.78, 4960688
1.78, 4955396
1.78, 4954299
1.78, 4934532
1.78, 4922905
1.78, 4919295
1.78, 4905307
1.78, 4894721
1.78, 4890441
1.79, 4859601
1.79, 4858482
1.79, 4849381
1.79, 4840317
1.79, 4830989
1.79, 4811781
1.79, 4811097
1.79, 4810747
1.79, 4805824
1.79, 4803183
1.8, 4799200
1.8, 4773034
1.8, 4768026
1.8, 4758957
1.8, 4738033
1.8, 4707996
1.81, 4680881
1.83, 4663776
1.84, 4642179
1.84, 4607520
1.84, 4605278
1.84, 4590639
1.84, 4587187
1.85, 4582842
1.85, 4577809
1.85, 4577583
1.85, 4576285
1.85, 4576098
1.85, 4575930
1.85, 4575158
1.85, 4564880
1.87, 4558687
1.87, 4552583
1.87, 4551103
1.87, 4546505
1.87, 4546303
1.87, 4536730
1.87, 4532469
1.87, 4491902
1.88, 4482034
1.88, 4409907
1.88, 4409091
1.88, 4405413
1.88, 4404085
1.88, 4354987
1.88, 4343296
1.88, 4332615
1.88, 4315024
1.88, 4312580
1.88, 4307638
1.88, 4300241
1.88, 4288213
1.88, 4286322
1.88, 4284524
1.88, 4284342
1.89, 4269517
1.89, 4266798
1.9, 4250913
1.9, 4238024
1.9, 4227129
1.9, 4225576
1.9, 4217845
1.91, 4211611
1.91, 4201943
1.91, 4199447
1.91, 4199171
1.91, 4199113
1.91, 4192507
1.96, 4191680
1.96, 4189661
1.98, 4189566
1.98, 4186741
2.01, 4183078
2.01, 4182554
2.05, 4182027
2.06, 4163294
2.06, 4162189
2.06, 4149278
2.06, 4144971
2.07, 4142851
2.08, 4136169
2.09, 4133909
2.09, 4131120
2.09, 4129882
2.09, 4129354
2.09, 4123890
2.1, 4122087
2.1, 4122055
2.1, 4121882
2.1, 4091435
2.1, 4066967
2.1, 4062181
2.11, 4058420
2.11, 4052040
2.11, 4050267
2.11, 4047024
2.11, 4044742
2.11, 4032082
2.11, 4031132
2.11, 4031009
2.12, 4027286
2.12, 4026626
2.12, 4023485
2.13, 4018552
2.13, 4008518
2.13, 3994157
2.14, 3992591
2.14, 3992025
2.15, 3991357
2.15, 3990062
2.15, 3950266
2.15, 3940077
2.15, 3936023
2.15, 3932111
2.15, 3931210
2.15, 3930330
2.15, 3923496
2.15, 3922599
2.15, 3902644
2.16, 3900016
2.16, 3877579
2.16, 3874787
2.16, 3855203
2.16, 3849611
2.16, 3844580
2.16, 3834245
2.16, 3832679
2.16, 3826080
2.16, 3826055
2.16, 3822940
2.16, 3821650
2.16, 3812781
2.16, 3800322
2.16, 3790460
2.16, 3788584
2.16, 3781011
2.16, 3775981
2.16, 3774056
2.16, 3771693
2.16, 3771320
2.16, 3771240
2.16, 3757454
2.17, 3755255
2.17, 3753938
2.17, 3750950
2.17, 3746487
2.17, 3745918
2.17, 3745000
2.17, 3740888
2.17, 3740624
2.17, 3728117
2.17, 3722647
2.17, 3717141
2.17, 3640689
2.17, 3639757
2.17, 3634721
2.17, 3629880
2.17, 3629340
2.17, 3628307
2.17, 3628125
2.17, 3620004
2.18, 3619748
2.18, 3619476
2.18, 3603420
2.18, 3603335
2.18, 3601392
2.18, 3590736
2.18, 3590258
2.18, 3584594
2.18, 3524377
2.18, 3519955
2.18, 3519718
2.18, 3519618
2.18, 3511364
2.18, 3509426
2.19, 3509181
2.19, 3508922
2.19, 3500894
2.19, 3496475
2.19, 3485644
2.19, 3485316
2.19, 3481917
2.19, 3478516
2.19, 3476460
2.19, 3474509
2.19, 3473220
2.19, 3472240
2.2, 3466688
2.2, 3465221
2.2, 3459600
2.2, 3459506
2.2, 3437328
2.2, 3437044
2.2, 3435396
2.2, 3428482
2.2, 3427845
2.2, 3421118
2.2, 3419945
2.2, 3416654
2.2, 3415017
2.2, 3413406
2.21, 3413063
2.21, 3411603
2.21, 3305186
2.21, 3304529
2.21, 3299770
2.21, 3297310
2.21, 3296903
2.21, 3296005
2.21, 3292525
2.21, 3290415
2.21, 3289188
2.21, 3287191
2.22, 3286573
2.22, 3286553
2.22, 3286064
2.24, 3284467
2.24, 3283887
2.24, 3283185
2.24, 3280928
2.24, 3280140
2.24, 3279610
2.24, 3273761
2.24, 3257150
2.24, 3249720
2.25, 3152488
2.25, 3133412
2.25, 3125197
2.25, 3086215
2.25, 3048789
2.25, 3041609
2.25, 3007123
2.25, 2958915
2.26, 2956587
2.28, 2955325
2.29, 2936118
2.29, 2932669
2.29, 2905810
2.29, 2899284
2.29, 2786395
2.3, 2785384
2.3, 2778856
2.31, 2752453
2.33, 2749259
2.33, 2743330
2.35, 2742952
2.35, 2714727
2.35, 2702145
2.35, 2653018
2.35, 2649203
2.35, 2595764
2.36, 2594798
2.36, 2544650
2.37, 2537608
2.41, 2537177
2.43, 2529283
2.45, 2527505
2.45, 2527032
2.46, 2516588
2.46, 2516240
2.46, 2515422
2.46, 2510756
2.46, 2509475
2.46, 2501856
2.46, 2420709
2.46, 2393912
2.46, 2384943
2.46, 2372379
2.47, 2369871
2.47, 2368701
2.47, 2354485
2.51, 2353834
2.51, 2343739
2.51, 2339294
2.51, 2314150
2.51, 2290223
2.51, 2286976
2.51, 2280470
2.52, 2277280
2.52, 2275059
2.52, 2273168
2.52, 2183996
2.52, 2149325
2.52, 2123811
2.52, 2123741
2.52, 2111228
2.53, 2086475
2.53, 2010928
2.53, 1976387
2.53, 1902133
2.53, 1863264
2.53, 1855623
2.53, 1851651
2.53, 1844450
2.53, 1821515
2.53, 1819560
2.54, 1806691
2.54, 1806526
2.54, 1775894
2.55, 1775830
2.57, 1769243
2.57, 1765954
2.57, 1761922
2.57, 1755945
2.57, 1750424
2.6, 1749459
2.6, 1748661
2.62, 1746961
2.62, 1736072
2.67, 1717866
2.67, 1712905
2.67, 1711450
2.68, 1711120
2.68, 1710189
2.68, 1708030
2.7, 1705329
2.7, 1704785
2.7, 1702278
2.7, 1701990
2.7, 1701030
2.7, 1696196
2.7, 1695664
2.7, 1693207
2.7, 1640219
2.71, 1640183
2.71, 1639914
2.71, 1639393
2.71, 1636209
2.71, 1576707
2.72, 1551608
2.73, 1541229
2.73, 1511827
2.74, 1511640
2.74, 1457800
2.76, 1441974
2.78, 1440232
2.78, 1439341
2.78, 1435858
2.78, 1432804
2.78, 1432515
2.79, 1429473
2.79, 1429339
2.79, 1421455
2.79, 1417181
2.8, 1413741
2.8, 1412024
2.8, 1411207
2.8, 1409147
2.8, 1400539
2.8, 1398286
2.81, 1398191
2.81, 1397568
2.81, 1394015
2.81, 1389295
2.81, 1386581
2.81, 1371219
2.82, 1366281
2.82, 1366235
2.82, 1366187
2.82, 1365426
2.82, 1362137
2.82, 1358719
2.83, 1357238
2.83, 1353229
2.83, 1351975
2.83, 1351790
2.83, 1348111
2.83, 1346599
2.83, 1342930
2.83, 1339656
2.83, 1338843
2.83, 1336802
2.83, 1336093
2.83, 1335337
2.84, 1334928
2.84, 1332542
2.84, 1331930
2.84, 1329973
2.85, 1324173
2.85, 1324131
2.86, 1322978
2.86, 1322897
2.86, 1322492
2.87, 1322095
2.88, 1321301
2.91, 1319660
2.91, 1317701
2.91, 1317409
2.91, 1315127
2.92, 1314494
2.93, 1314364
2.93, 1309353
2.95, 1308878
2.95, 1308385
2.95, 1308083
2.95, 1306846
2.95, 1306615
2.95, 1302826
2.95, 1302220
2.95, 1301539
2.96, 1301371
2.96, 1299492
2.97, 1298893
2.97, 1298100
2.97, 1297489
2.98, 1297472
2.98, 1295658
2.99, 1294802
3.0, 1294489
3.0, 1294277
3.0, 1292645
3.0, 1290917
3.0, 1290905
3.01, 1286872
3.01, 1286692
3.01, 1286593
3.02, 1285147
3.02, 1284559
3.04, 1283426
3.05, 1283391
3.05, 1282399
3.05, 1280199
3.06, 1280021
3.06, 1279274
3.06, 1278335
3.07, 1277881
3.07, 1273183
3.08, 1273149
3.11, 1272271
3.11, 1271128
3.11, 1265427
3.11, 1265019
3.11, 1264741
3.11, 1262832
3.11, 1262586
3.11, 1262119
3.11, 1261637
3.11, 1261018
3.12, 1260843
3.12, 1254275
3.14, 1253795
3.14, 1250229
3.16, 1249724
3.16, 1248340
3.16, 1248294
3.16, 1247768
3.16, 1246515
3.16, 1245299
3.16, 1242137
3.16, 1240028
3.16, 1239944
3.16, 1238839
3.16, 1235557
3.17, 1235217
3.17, 1233788
3.17, 1232351
3.17, 1231960
3.17, 1231295
3.17, 1228180
3.17, 1227628
3.17, 1224988
3.18, 1224913
3.18, 1215880
3.18, 1215575
3.18, 1215442
3.18, 1215270
3.18, 1215062
3.18, 1214988
3.18, 1214859
3.2, 1214847
3.22, 1212698
3.22, 1212511
3.24, 1211673
3.25, 1210495
3.27, 1209466
3.27, 1206674
3.27, 1202129
3.27, 1201947
3.27, 1201885
3.29, 1200830
3.29, 1200642
3.29, 1200001
3.29, 1199403
3.3, 1198778
3.31, 1198711
3.31, 1196692
3.32, 1195373
3.33, 1193486
3.33, 1192461
3.33, 1189009
3.33, 1188761
3.33, 1188352
3.33, 1187129
3.33, 1186944
3.34, 1167518
3.34, 1166317
3.34, 1162710
3.34, 1154445
3.34, 1144241
3.34, 1143480
3.34, 1132235
3.34, 1129544
3.34, 1123242
3.34, 1122701
3.35, 1122056
3.35, 1118402
3.35, 1116681
3.35, 1113678
3.35, 1111582
3.35, 1111444
3.35, 1105246
3.35, 1102600
3.35, 1100817
3.35, 1096035
3.35, 1095588
3.35, 1094253
3.36, 1093583
3.37, 1093568
3.37, 1091551
3.38, 1091256
3.38, 1090325
3.38, 1087760
3.38, 1087585
3.38, 1083741
3.38, 1083050
3.38, 1080414
3.39, 1077399
3.39, 1076054
3.39, 1072983
3.42, 1072862
3.42, 1066026
3.42, 1065790
3.42, 1064148
3.43, 1063124
3.44, 1063018
3.44, 1054445
3.45, 1052960
3.45, 1052721
3.45, 1047382
3.46, 1046053
3.46, 1045477
3.46, 1042773
3.46, 1042000
3.48, 1041266
3.48, 1041029
3.48, 1039796
3.48, 1039305
3.48, 1030974
3.49, 1030122
3.49, 1028622
3.5, 1025585
3.5, 1015555
3.5, 1012001
3.5, 1007263
3.5, 999774
3.5, 998492
3.5, 997663
3.5, 992080
3.5, 990739
3.5, 971944
3.51, 970309
3.51, 967905
3.51, 966972
3.51, 966206
3.51, 966184
3.51, 966135
3.51, 964002
3.51, 962746
3.52, 962467
3.53, 956901
3.53, 954738
3.53, 952778
3.53, 950499
3.53, 949019
3.53, 948026
3.54, 944285
3.54, 941621
3.54, 940651
3.54, 939294
3.54, 935543
3.54, 933032
3.54, 932750
3.54, 932382
3.54, 919507
3.54, 918554
3.56, 918245
3.56, 917242
3.56, 917090
3.56, 914981
3.56, 912868
3.56, 912484
3.6, 911398
3.62, 910297
3.66, 910092
3.68, 910063
3.68, 909967
3.75, 909721
3.9, 909645
3.9, 909161
3.99, 909057
4.0, 908288
4.0, 908037
4.01, 906074
4.02, 906047
4.02, 905606
4.02, 905549
4.04, 904837
4.05, 903178
4.09, 903035
4.12, 901795
4.13, 901580
4.13, 900538
4.13, 900107
4.16, 899968
4.16, 898951
4.28, 897967
4.29, 897541
4.37, 896842
4.42, 896682
4.43, 896454
4.43, 896131
4.44, 893771
4.44, 893740
4.56, 893323
4.6, 893257
4.63, 891874
4.63, 890873
4.63, 890643
4.64, 890475
4.65, 890453
4.65, 890223
4.68, 889613
4.76, 888781
4.86, 885924
4.91, 885487
4.92, 885000
4.93, 884874
4.94, 880445
4.95, 878808
4.98, 877851
