0.05, 6962108
0.05, 6960544
0.05, 6959850
0.05, 6933564
0.11, 6889186
0.11, 6831572
0.11, 6824288
0.11, 6786228
0.11, 6747194
0.11, 6740010
0.11, 6731136
0.11, 6726497
0.34, 6660833
0.34, 6660013
0.34, 6553403
0.34, 6551875
0.34, 6547768
0.34, 6539636
0.34, 6525632
0.34, 6508631
0.34, 6501663
0.34, 6480196
0.34, 6464774
0.34, 6460121
0.34, 6446804
0.34, 6440180
0.34, 6432439
0.34, 6429372
0.34, 6418537
0.34, 6418225
1.29, 6404795
1.29, 6394562
1.29, 6392992
1.29, 6360602
1.29, 6360229
1.29, 6332773
1.29, 6289817
1.3, 6278146
1.3, 6277624
1.3, 6259057
1.3, 6254840
1.3, 6253029
1.3, 6240864
1.51, 6234011
1.51, 6229793
1.52, 6192887
1.52, 6172291
1.52, 6149792
1.52, 6106925
1.52, 6070541
1.52, 6005685
1.52, 6001842
1.53, 6000109
1.53, 5991408
1.53, 5990593
1.53, 5987939
1.54, 5982089
1.54, 5980879
1.54, 5980582
1.54, 5979427
1.54, 5964004
1.54, 5962430
1.55, 5943212
1.55, 5942655
1.55, 5941972
1.55, 5940520
1.58, 5931748
1.58, 5908871
1.58, 5874031
1.6, 5872686
1.6, 5852670
1.6, 5848807
1.6, 5847120
1.6, 5841835
1.61, 5837968
1.62, 5830780
1.62, 5829591
1.62, 5816074
1.62, 5784432
1.62, 5778562
1.62, 5771657
1.62, 5771408
1.62, 5770506
1.68, 5769633
1.68, 5757911
1.73, 5753176
1.73, 5752772
1.73, 5736310
1.73, 5735947
1.73, 5730200
1.75, 5724615
1.75, 5717724
1.75, 5713669
1.76, 5712483
1.76, 5704358
1.76, 5700456
1.77, 5675422
1.77, 5673663
1.77, 5673029
1.77, 5655911
1.77, 5630722
1.78, 5627481
1.78, 5625572
1.8, 5618188
1.8, 5617697
1.8, 5613801
1.8, 5609915
1.8, 5600132
1.8, 5599762
1.8, 5593922
1.81, 5593260
1.81, 5587946
1.81, 5584604
1.81, 5582979
1.81, 5569796
1.81, 5536689
1.81, 5529258
1.81, 5505905
1.81, 5491064
1.81, 5446021
1.81, 5444106
1.81, 5420914
1.81, 5405180
1.81, 5405138
1.81, 5385595
1.81, 5384796
1.81, 5381457
1.81, 5328879
1.82, 5319063
1.82, 5305065
1.82, 5302999
1.82, 5297644
1.82, 5286875
1.82, 5284816
1.82, 5251896
1.82, 5251155
1.82, 5239471
1.82, 5222332
1.82, 5204616
1.82, 5201639
1.82, 5200951
1.82, 5186388
1.82, 5068933
1.82, 5048587
1.82, 5047225
1.82, 5041773
1.82, 5039528
1.82, 5016275
1.82, 4995257
1.82, 4977899
1.82, 4974498
1.83, 4970577
1.83, 4949313
1.83, 4947093
1.83, 4937810
1.83, 4928102
1.83, 4927427
1.83, 4914282
1.83, 4910365
1.83, 4903655
1.83, 4885150
1.83, 4872616
1.83, 4866223
1.83, 4856203
1.83, 4852900
1.83, 4852580
1.83, 4850622
1.83, 4849475
1.83, 4833568
1.83, 4824173
1.84, 4806522
1.84, 4801961
1.84, 4801233
1.84, 4796005
1.84, 4776673
1.84, 4771781
1.84, 4767092
1.84, 4758370
1.84, 4737731
1.84, 4726852
1.84, 4725516
1.84, 4716419
1.84, 4711923
1.84, 4701394
1.84, 4701393
1.84, 4677455
1.84, 4656395
1.84, 4644771
1.84, 4643097
1.84, 4638175
1.84, 4626799
1.84, 4611538
1.84, 4609992
1.84, 4598619
1.84, 4598504
1.84, 4595614
1.84, 4584481
1.84, 4572196
1.84, 4570231
1.84, 4527017
1.84, 4507515
1.84, 4434518
1.84, 4413138
1.84, 4409603
1.84, 4404723
1.84, 4402567
1.84, 4401248
1.84, 4399894
1.84, 4395150
1.85, 4391761
1.85, 4387909
1.85, 4384838
1.85, 4383301
1.85, 4370101
1.85, 4342627
1.85, 4339310
1.85, 4338692
1.85, 4338162
1.85, 4337826
1.85, 4335828
1.85, 4324981
1.85, 4322047
1.85, 4320196
1.85, 4319259
1.86, 4313755
1.86, 4300528
1.86, 4299851
1.86, 4292507
1.86, 4283709
1.86, 4280611
1.86, 4276581
1.86, 4269893
1.86, 4263685
1.86, 4254255
1.86, 4246752
1.86, 4246300
1.86, 4226498
1.87, 4218847
1.87, 4145249
1.87, 4135181
1.87, 4135068
1.87, 4133582
1.87, 4128561
1.87, 4128069
1.87, 4121869
1.87, 4121160
1.87, 4109160
1.87, 4104311
1.87, 4024335
1.87, 3993854
1.87, 3993148
1.87, 3990821
1.87, 3989880
1.87, 3987661
1.88, 3982936
1.88, 3982197
1.88, 3961801
1.88, 3945523
1.88, 3933746
1.88, 3905408
1.88, 3895769
1.88, 3893525
1.88, 3886539
1.88, 3872209
1.88, 3867464
1.89, 3842044
1.89, 3809591
1.89, 3802066
1.89, 3731221
1.89, 3707278
1.89, 3696124
1.89, 3657121
1.89, 3641912
1.89, 3567819
1.9, 3543802
1.9, 3508200
1.9, 3490398
1.9, 3445576
1.9, 3418723
1.9, 3392297
1.9, 3353543
1.9, 3324841
1.9, 3313582
1.9, 3270724
1.9, 3199111
1.9, 3146119
1.91, 3143442
1.91, 3130456
1.91, 3130053
1.92, 3122626
1.92, 3120056
1.92, 3119897
1.92, 3118729
1.92, 3118712
1.92, 3114483
1.92, 3110802
1.92, 3072730
1.94, 3069935
1.97, 3065937
2.0, 3065916
2.0, 3054314
2.0, 3053694
2.0, 3020890
2.04, 2996180
2.06, 2994178
2.07, 2993985
2.07, 2993712
2.07, 2992373
2.09, 2992358
2.09, 2985728
2.11, 2978137
2.13, 2976683
2.14, 2973110
2.16, 2972473
2.17, 2959475
2.2, 2952840
2.2, 2920020
2.2, 2906595
2.2, 2905599
2.21, 2895274
2.21, 2852549
2.21, 2824744
2.21, 2806627
2.21, 2755617
2.21, 2724955
2.21, 2690665
2.21, 2688557
2.22, 2667052
2.22, 2655267
2.22, 2631166
2.22, 2622949
2.22, 2611613
2.22, 2611565
2.22, 2576432
2.23, 2558865
2.23, 2552684
2.23, 2551369
2.23, 2537868
2.23, 2526798
2.23, 2450333
2.23, 2442274
2.23, 2428502
2.23, 2424893
2.23, 2409125
2.23, 2406677
2.24, 2401321
2.24, 2362148
2.24, 2353463
2.25, 2352781
2.28, 2340198
2.28, 2329558
2.28, 2324972
2.31, 2316999
2.31, 2313755
2.32, 2312367
2.35, 2309839
2.35, 2305643
2.35, 2303195
2.35, 2297471
2.35, 2295460
2.35, 2263457
2.37, 2260870
2.37, 2202352
2.38, 2196478
2.38, 2182418
2.38, 2168434
2.4, 2162608
2.4, 2145038
2.4, 2130401
2.41, 2129751
2.48, 2113210
2.48, 2112802
2.48, 2109570
2.48, 2109018
2.49, 2104221
2.49, 2093783
2.5, 2072905
2.5, 2057454
2.51, 2046596
2.52, 2038663
2.52, 2037915
2.52, 2037286
2.52, 2029953
2.52, 2026318
2.52, 2025899
2.52, 2020153
2.52, 2019194
2.52, 2009482
2.52, 2003589
2.52, 1998419
2.52, 1986309
2.52, 1976068
2.52, 1975042
2.52, 1971464
2.52, 1969744
2.52, 1968568
2.52, 1956223
2.52, 1954993
2.52, 1937876
2.53, 1932587
2.53, 1903853
2.53, 1900486
2.53, 1900470
2.53, 1886227
2.53, 1884091
2.53, 1881511
2.53, 1878217
2.53, 1874827
2.53, 1865962
2.53, 1861926
2.53, 1860764
2.53, 1858048
2.53, 1852435
2.53, 1851494
2.53, 1849004
2.54, 1841166
2.55, 1839121
2.55, 1833933
2.55, 1833565
2.56, 1831569
2.56, 1817699
2.57, 1815642
2.57, 1797277
2.57, 1792747
2.57, 1787983
2.57, 1777035
2.57, 1772668
2.57, 1764708
2.57, 1749967
2.57, 1749039
2.58, 1745073
2.58, 1729072
2.58, 1726722
2.58, 1726436
2.58, 1725684
2.58, 1713003
2.58, 1712807
2.58, 1703475
2.58, 1702703
2.58, 1694148
2.58, 1691967
2.58, 1682513
2.58, 1680278
2.59, 1679216
2.59, 1678268
2.59, 1676815
2.59, 1676724
2.59, 1673493
2.59, 1671491
2.59, 1671457
2.59, 1665616
2.59, 1664094
2.6, 1660562
2.6, 1658003
2.6, 1656729
2.6, 1655608
2.6, 1654755
2.6, 1651868
2.6, 1649618
2.61, 1648232
2.61, 1641347
2.61, 1641280
2.61, 1638298
2.62, 1638250
2.63, 1637237
2.65, 1636518
2.65, 1634030
2.65, 1631785
2.66, 1630939
2.66, 1628898
2.68, 1627394
2.69, 1620153
2.69, 1619763
2.69, 1616465
2.69, 1615772
2.71, 1614958
2.71, 1614820
2.72, 1613670
2.74, 1610825
2.76, 1608392
2.76, 1603380
2.76, 1600689
2.77, 1597128
2.77, 1594563
2.77, 1591933
2.77, 1590952
2.77, 1589062
2.78, 1588648
2.81, 1586227
2.81, 1585560
2.82, 1584992
2.82, 1584802
2.91, 1583001
2.91, 1574177
2.91, 1574138
2.91, 1564296
2.94, 1563770
2.94, 1560560
2.94, 1559139
2.94, 1552922
2.97, 1551242
2.97, 1539101
2.97, 1538604
2.97, 1530604
2.97, 1530414
2.97, 1524706
2.97, 1524423
2.97, 1524019
2.97, 1521152
2.98, 1521021
2.98, 1519730
2.98, 1517184
2.98, 1516903
2.98, 1512118
2.98, 1510654
2.98, 1503216
2.99, 1503014
2.99, 1498090
2.99, 1497383
2.99, 1493871
2.99, 1493608
2.99, 1489207
2.99, 1489029
2.99, 1488070
2.99, 1487136
2.99, 1485394
2.99, 1478448
3.02, 1476782
3.02, 1473623
3.03, 1472275
3.03, 1471546
3.03, 1471268
3.03, 1466615
3.03, 1464813
3.03, 1460953
3.03, 1460526
3.05, 1460298
3.05, 1459228
3.05, 1453982
3.08, 1453868
3.08, 1451114
3.08, 1449529
3.09, 1449270
3.09, 1445997
3.09, 1442821
3.09, 1442453
3.09, 1441637
3.09, 1438129
3.09, 1437911
3.09, 1434567
3.09, 1433453
3.09, 1428593
3.09, 1427647
3.1, 1427615
3.1, 1427466
3.11, 1426620
3.11, 1426114
3.12, 1425252
3.12, 1422156
3.12, 1421622
3.12, 1420632
3.12, 1420358
3.12, 1417449
3.12, 1417117
3.12, 1416807
3.12, 1397843
3.12, 1396805
3.12, 1393584
3.13, 1393140
3.13, 1392633
3.13, 1392356
3.13, 1392152
3.13, 1390127
3.13, 1390093
3.15, 1389129
3.15, 1389100
3.15, 1387028
3.15, 1386621
3.15, 1385230
3.16, 1385041
3.17, 1384909
3.17, 1383939
3.17, 1378766
3.17, 1377854
3.17, 1377378
3.17, 1377238
3.18, 1376712
3.18, 1374776
3.19, 1374679
3.19, 1373985
3.19, 1369720
3.2, 1369103
3.2, 1367095
3.2, 1364945
3.2, 1362531
3.2, 1361590
3.2, 1357104
3.2, 1356316
3.2, 1354232
3.2, 1352520
3.2, 1351048
3.2, 1349014
3.2, 1347512
3.2, 1346727
3.2, 1342905
3.2, 1341537
3.2, 1340310
3.2, 1338459
3.2, 1338341
3.2, 1336201
3.2, 1334621
3.21, 1333484
3.21, 1333477
3.21, 1332114
3.21, 1331176
3.21, 1329978
3.21, 1328853
3.21, 1327837
3.21, 1323718
3.22, 1323295
3.22, 1322488
3.22, 1321814
3.25, 1320794
3.25, 1320346
3.26, 1320152
3.26, 1318296
3.26, 1318187
3.26, 1316993
3.26, 1314941
3.27, 1314926
3.27, 1314128
3.27, 1309753
3.27, 1306998
3.27, 1306854
3.27, 1306061
3.27, 1304384
3.28, 1304351
3.29, 1304088
3.3, 1303453
3.31, 1302423
3.31, 1302385
3.31, 1299361
3.31, 1299029
3.31, 1298658
3.31, 1298281
3.31, 1298059
3.31, 1296707
3.31, 1294562
3.31, 1293693
3.31, 1291272
3.34, 1290565
3.35, 1290495
3.35, 1290185
3.36, 1289576
3.36, 1289409
3.36, 1288393
3.36, 1285852
3.36, 1282795
3.36, 1282133
3.36, 1281737
3.36, 1280005
3.37, 1279966
3.37, 1279097
3.39, 1277678
3.39, 1276530
3.39, 1275146
3.39, 1275070
3.39, 1274192
3.39, 1274097
3.39, 1271544
3.4, 1271470
3.4, 1271090
3.4, 1270902
3.4, 1269602
3.4, 1268439
3.4, 1266674
3.4, 1265077
3.4, 1262775
3.42, 1261232
3.42, 1261143
3.42, 1260978
3.42, 1259835
3.43, 1259609
3.43, 1259581
3.43, 1258906
3.44, 1258270
3.44, 1257659
3.44, 1256498
3.45, 1256355
3.45, 1253492
3.45, 1249258
3.45, 1245140
3.46, 1243228
3.46, 1242882
3.47, 1242586
3.51, 1242428
3.51, 1221215
3.51, 1218820
3.51, 1215111
3.51, 1199812
3.51, 1199184
3.51, 1197171
3.51, 1190885
3.51, 1190560
3.52, 1184533
3.52, 1184184
3.52, 1184094
3.52, 1182578
3.52, 1181773
3.52, 1181497
3.52, 1180652
3.52, 1180474
3.52, 1179210
3.53, 1177992
3.53, 1177897
3.54, 1177329
3.54, 1175174
3.54, 1174864
3.54, 1174489
3.54, 1170863
3.54, 1167582
3.55, 1167076
3.56, 1163543
3.56, 1154203
3.56, 1153362
3.56, 1151923
3.56, 1151473
3.56, 1147487
3.56, 1147309
3.57, 1140458
3.57, 1132255
3.57, 1126476
3.57, 1124897
3.57, 1122067
3.57, 1105611
3.57, 1103735
3.58, 1102605
3.58, 1101561
3.58, 1082730
3.58, 1079496
3.58, 1066866
3.58, 1058119
3.58, 1042205
3.58, 1039678
3.58, 1033437
3.58, 1026625
3.58, 1025547
3.58, 1022212
3.58, 1021236
3.59, 1021035
3.59, 1019504
3.59, 1017842
3.59, 1013132
3.59, 1009022
3.59, 1008779
3.59, 1008356
3.59, 1006902
3.59, 1006707
3.59, 1005493
3.59, 1004277
3.6, 1003803
3.6, 999628
3.6, 993446
3.6, 991693
3.6, 991345
3.6, 928569
3.61, 915206
3.61, 913671
3.61, 913475
3.61, 910232
3.61, 908362
3.61, 907675
3.61, 904281
3.62, 896537
3.62, 895808
3.67, 895005
3.71, 893404
3.79, 893383
3.79, 892749
3.82, 892487
3.82, 889232
3.83, 889115
3.87, 888408
3.87, 888210
3.87, 887468
3.87, 886880
3.89, 886253
3.89, 885905
3.9, 885129
3.91, 884850
4.0, 884771
4.0, 884239
4.0, 883985
4.0, 883912
4.0, 883870
4.02, 882817
4.03, 882297
4.06, 881742
4.06, 881042
4.11, 881020
4.15, 880875
4.2, 880131
4.2, 879812
4.21, 879357
4.21, 878333
4.21, 877637
4.28, 877488
4.4, 876898
4.4, 876501
4.41, 874859
4.41, 873702
4.42, 871908
4.42, 871893
4.43, 871769
4.43, 870512
4.43, 869990
4.43, 869059
4.43, 868548
4.43, 867759
4.43, 867125
4.43, 866274
4.45, 864883
4.48, 864400
4.48, 862891
4.51, 862487
4.72, 862077
4.72, 860577
4.72, 860391
4.93, 860168
5.0, 859774
