0.01, 6485725
0.01, 6480756
0.01, 6452070
0.01, 6423365
0.01, 6419174
0.01, 6305529
0.01, 6292216
0.01, 6248197
0.01, 6220563
0.01, 6207472
0.01, 6190222
0.01, 6189337
0.01, 6187513
0.01, 6174832
0.01, 6111650
0.01, 6100485
0.01, 6048147
0.01, 5939366
0.01, 5886085
0.01, 5850810
0.01, 5772464
0.01, 5741083
0.01, 5717295
0.01, 5639469
0.01, 5628931
0.01, 5589430
0.01, 5535419
0.01, 5506456
0.03, 5426758
0.03, 5400135
0.03, 5395536
0.04, 5308199
0.04, 5259443
0.04, 5195175
0.04, 5183023
0.11, 5168469
0.15, 5118590
0.15, 5115839
0.15, 5078636
0.22, 5052727
0.22, 5003170
0.72, 4957825
1.03, 4900500
1.05, 4894339
1.05, 4838482
1.05, 4831517
1.05, 4730460
1.05, 4727093
1.05, 4722905
1.05, 4711094
1.05, 4590462
1.05, 4551760
1.05, 4539379
1.18, 4519940
1.3, 4438914
1.33, 4432563
1.33, 4430732
1.33, 4366827
1.33, 4333136
1.33, 4327999
1.33, 4314037
1.34, 4311771
1.34, 4265193
1.34, 4261184
1.34, 4241030
1.34, 4155223
1.34, 4139683
1.35, 4130358
1.35, 4098708
1.4, 4058910
1.4, 3983075
1.4, 3975552
1.4, 3939452
1.4, 3816987
1.4, 3806193
1.4, 3797027
1.4, 3732955
1.4, 3728495
1.4, 3712884
1.4, 3682904
1.4, 3638035
1.4, 3606746
1.4, 3601703
1.41, 3557205
1.41, 3555845
1.41, 3533467
1.41, 3493511
1.41, 3472913
1.42, 3466219
1.42, 3442988
1.42, 3433413
1.42, 3383400
1.42, 3361786
1.42, 3358465
1.42, 3312024
1.42, 3271873
1.42, 3261231
1.42, 3219228
1.42, 3183198
1.43, 3178580
1.43, 3149869
1.43, 3132675
1.43, 3091844
1.43, 3091263
1.43, 3069785
1.43, 3047057
1.44, 3045676
1.44, 3036375
1.44, 3003396
1.44, 2980124
1.44, 2979361
1.44, 2938889
1.44, 2859545
1.44, 2857528
1.44, 2852628
1.44, 2832703
1.44, 2812275
1.44, 2810620
1.44, 2787845
1.44, 2767489
1.44, 2758835
1.44, 2754111
1.45, 2749469
1.47, 2747711
1.47, 2686150
1.48, 2678211
1.48, 2660429
1.48, 2605209
1.48, 2596537
1.52, 2590469
1.53, 2589134
1.53, 2548975
1.53, 2546016
1.53, 2516867
1.53, 2482795
1.53, 2482711
1.53, 2407158
1.53, 2367744
1.54, 2344481
1.54, 2316045
1.54, 2300716
1.54, 2280253
1.54, 2280214
1.54, 2277173
1.54, 2268855
1.54, 2265731
1.54, 2261122
1.54, 2257827
1.54, 2213938
1.55, 2205726
1.55, 2204708
1.55, 2202724
1.56, 2153772
1.56, 2142923
1.57, 2127733
1.57, 2100744
1.58, 2099496
1.58, 2098444
1.58, 2095333
1.58, 2089417
1.58, 2088305
1.59, 2081034
1.59, 2078819
1.6, 2070718
1.6, 2042602
1.6, 2022228
1.6, 2015193
1.6, 2008116
1.61, 1974233
1.61, 1974045
1.61, 1959104
1.61, 1948503
1.61, 1911903
1.61, 1907871
1.61, 1886957
1.61, 1886840
1.62, 1886774
1.63, 1885479
1.63, 1866701
1.63, 1847891
1.63, 1846957
1.63, 1846577
1.63, 1844742
1.63, 1833443
1.63, 1807198
1.63, 1802925
1.63, 1778362
1.63, 1757724
1.63, 1738264
1.63, 1720074
1.63, 1719117
1.63, 1716865
1.63, 1691565
1.63, 1688290
1.63, 1677651
1.64, 1668542
1.64, 1664498
1.64, 1658334
1.64, 1655503
1.64, 1652576
1.64, 1649912
1.64, 1644058
1.64, 1634399
1.64, 1633955
1.64, 1633638
1.64, 1615313
1.64, 1607352
1.64, 1588239
1.64, 1585527
1.64, 1583733
1.64, 1583694
1.65, 1575220
1.65, 1571423
1.65, 1536142
1.65, 1530074
1.65, 1495973
1.65, 1486906
1.65, 1481834
1.65, 1478807
1.66, 1477829
1.66, 1476662
1.66, 1476152
1.66, 1456874
1.66, 1453978
1.67, 1437773
1.67, 1437382
1.67, 1435599
1.67, 1426523
1.67, 1398841
1.67, 1397513
1.67, 1363862
1.67, 1363014
1.67, 1343899
1.67, 1324450
1.67, 1310515
1.67, 1297404
1.67, 1296432
1.67, 1294921
1.67, 1289927
1.67, 1289627
1.67, 1283482
1.67, 1280510
1.67, 1276916
1.67, 1261896
1.69, 1255040
1.69, 1252659
1.69, 1247548
1.69, 1238632
1.7, 1235709
1.75, 1221388
1.75, 1218678
1.77, 1202578
1.77, 1202526
1.77, 1191853
1.77, 1162967
1.77, 1158795
1.77, 1151830
1.78, 1151733
1.78, 1144408
1.78, 1143814
1.78, 1138617
1.78, 1137677
1.78, 1136165
1.78, 1134879
1.79, 1130386
1.79, 1127904
1.79, 1117356
1.8, 1106547
1.81, 1098306
1.81, 1088920
1.81, 1078961
1.81, 1068866
1.81, 1056722
1.81, 1056619
1.81, 1036427
1.81, 1033239
1.81, 1032067
1.81, 1028581
1.81, 1021302
1.82, 1017280
1.82, 1012949
1.83, 1006751
1.84, 1003715
1.87, 1001043
1.88, 998597
1.88, 998453
1.89, 987616
1.9, 982972
1.9, 982932
1.94, 982295
1.94, 980558
1.94, 975243
1.94, 957367
1.94, 955159
1.95, 953081
1.95, 952604
1.95, 949900
1.95, 941495
1.96, 940699
1.96, 933391
1.98, 932903
2.0, 927367
2.02, 923095
2.03, 912294
2.04, 911996
2.04, 911957
2.05, 911133
2.07, 910999
2.07, 910062
2.09, 906187
2.1, 905954
2.1, 905946
2.1, 899806
2.2, 899743
2.23, 888477
2.23, 876900
2.24, 866283
2.32, 866066
2.32, 866027
2.35, 865140
2.36, 864835
2.38, 864602
2.38, 864594
2.4, 863719
2.47, 863679
2.48, 862970
