0.01, 5819423
0.01, 5813069
0.01, 5810038
0.01, 5799329
0.01, 5795595
0.01, 5746202
0.01, 5707443
0.01, 5707067
0.01, 5634167
0.01, 5621353
0.01, 5610812
0.01, 5590638
0.02, 5546312
0.02, 5535071
0.02, 5471539
0.02, 5452465
0.03, 5442168
0.03, 5420766
0.03, 5368162
0.03, 5366334
0.03, 5356993
0.03, 5334880
0.03, 5270188
0.03, 5247252
0.03, 5222405
0.08, 5177231
0.08, 5067601
0.08, 5011229
0.08, 4942000
0.08, 4912233
0.57, 4907398
1.04, 4841221
1.04, 4826666
1.13, 4821262
1.13, 4756531
1.13, 4756228
1.13, 4674920
1.27, 4670571
1.27, 4605190
1.28, 4586483
1.28, 4532140
1.28, 4531820
1.28, 4514220
1.28, 4512132
1.28, 4486491
1.28, 4421983
1.28, 4393231
1.29, 4378957
1.29, 4351259
1.29, 4347049
1.29, 4338433
1.29, 4324211
1.29, 4296274
1.29, 4245278
1.29, 4172172
1.29, 4125836
1.29, 4061237
1.29, 4007461
1.3, 4000129
1.3, 3999030
1.3, 3995158
1.3, 3987011
1.3, 3971798
1.3, 3970436
1.3, 3935451
1.3, 3934483
1.3, 3915605
1.3, 3907432
1.3, 3904431
1.3, 3887636
1.3, 3886629
1.39, 3874792
1.4, 3866620
1.4, 3844964
1.4, 3832410
1.4, 3768683
1.4, 3744607
1.4, 3723358
1.4, 3711133
1.4, 3682001
1.4, 3663868
1.4, 3653480
1.41, 3643448
1.41, 3622828
1.41, 3619211
1.41, 3556682
1.43, 3526129
1.43, 3510454
1.43, 3498551
1.43, 3409511
1.44, 3393177
1.44, 3384140
1.44, 3376620
1.44, 3359372
1.44, 3344907
1.45, 3326612
1.45, 3290777
1.45, 3281637
1.45, 3271325
1.45, 3264995
1.45, 3222023
1.45, 3215645
1.45, 3189181
1.49, 3169772
1.49, 3128802
1.49, 3127377
1.49, 3086664
1.49, 3059356
1.49, 3034655
1.49, 3032199
1.49, 2986720
1.53, 2981770
1.53, 2966468
1.53, 2965757
1.53, 2949001
1.53, 2946068
1.53, 2933961
1.53, 2914369
1.53, 2896832
1.53, 2896732
1.53, 2886889
1.53, 2886491
1.54, 2860547
1.54, 2756704
1.54, 2727100
1.54, 2645877
1.54, 2622544
1.54, 2616594
1.55, 2603212
1.55, 2533017
1.55, 2532043
1.55, 2518271
1.55, 2516749
1.55, 2467053
1.55, 2465086
1.55, 2456071
1.55, 2453476
1.55, 2428522
1.55, 2422169
1.55, 2415993
1.55, 2397300
1.56, 2352770
1.56, 2330539
1.56, 2325365
1.56, 2319226
1.56, 2299458
1.56, 2299006
1.56, 2294042
1.56, 2267288
1.56, 2264409
1.56, 2249866
1.56, 2238884
1.56, 2235645
1.56, 2234944
1.56, 2194962
1.56, 2174891
1.56, 2161218
1.56, 2157984
1.56, 2154690
1.56, 2154050
1.57, 2113063
1.57, 2105664
1.57, 2101376
1.58, 2094499
1.58, 2083541
1.58, 2081891
1.58, 2065661
1.58, 2061269
1.58, 2054280
1.58, 2050655
1.59, 2003716
1.59, 2001961
1.59, 2001522
1.6, 1996832
1.6, 1988597
1.6, 1984054
1.6, 1980634
1.6, 1963758
1.6, 1962856
1.6, 1944979
1.61, 1936345
1.62, 1930494
1.62, 1929656
1.62, 1926555
1.62, 1892954
1.62, 1853641
1.63, 1852150
1.63, 1829317
1.63, 1829017
1.63, 1823933
1.64, 1823828
1.64, 1813281
1.64, 1813123
1.65, 1808493
1.65, 1808276
1.65, 1808068
1.65, 1781968
1.65, 1739817
1.65, 1739810
1.65, 1713269
1.65, 1705225
1.66, 1696413
1.66, 1666472
1.66, 1655771
1.66, 1655319
1.66, 1647039
1.66, 1641932
1.66, 1615750
1.66, 1600545
1.66, 1575563
1.66, 1575558
1.66, 1575100
1.66, 1573225
1.66, 1565251
1.66, 1564217
1.66, 1551513
1.66, 1534637
1.66, 1518391
1.66, 1515863
1.66, 1512470
1.66, 1501787
1.66, 1478655
1.66, 1478052
1.67, 1478045
1.67, 1476888
1.67, 1471276
1.67, 1454853
1.67, 1452158
1.67, 1438105
1.67, 1422297
1.67, 1418973
1.67, 1410011
1.68, 1406506
1.68, 1406375
1.68, 1404194
1.68, 1398656
1.68, 1395968
1.68, 1394003
1.68, 1392064
1.68, 1364113
1.69, 1361353
1.69, 1337692
1.69, 1337525
1.69, 1331627
1.69, 1325757
1.69, 1324307
1.69, 1316905
1.69, 1311302
1.7, 1310465
1.71, 1300685
1.71, 1293026
1.73, 1286674
1.74, 1278393
1.74, 1272748
1.74, 1268078
1.74, 1266138
1.75, 1265070
1.76, 1256546
1.77, 1255218
1.78, 1249862
1.79, 1238922
1.79, 1232274
1.79, 1202613
1.79, 1200398
1.79, 1188458
1.8, 1171006
1.8, 1164477
1.8, 1152245
1.8, 1149803
1.8, 1148485
1.8, 1139606
1.8, 1135785
1.8, 1124049
1.8, 1121189
1.8, 1117507
1.81, 1115352
1.81, 1112568
1.81, 1097432
1.81, 1092369
1.81, 1086395
1.81, 1083662
1.81, 1079885
1.82, 1076989
1.82, 1076014
1.82, 1070196
1.82, 1069801
1.82, 1053337
1.82, 1049739
1.82, 1048041
1.82, 1045058
1.82, 1030009
1.82, 1026011
1.82, 1025800
1.82, 1024743
1.83, 1021572
1.83, 1014879
1.83, 1008364
1.83, 997379
1.83, 996170
1.83, 989676
1.83, 984597
1.85, 977183
1.85, 976787
1.88, 973192
1.89, 969117
1.89, 965531
1.89, 963437
1.9, 953524
1.91, 950178
1.92, 949383
1.93, 946310
1.94, 945707
1.95, 943266
1.95, 942876
1.95, 940969
1.95, 940809
1.95, 930969
1.96, 930928
1.96, 925064
1.96, 920876
1.96, 911246
1.96, 909735
1.96, 906611
2.03, 906170
2.04, 905825
2.04, 905785
2.1, 903821
2.1, 903025
2.11, 902438
2.11, 897719
2.23, 896485
2.25, 895687
2.52, 895647
