0.01, 6476932
0.01, 6457946
0.01, 6414924
0.01, 6392773
0.01, 6371765
0.01, 6370394
0.01, 6336185
0.01, 6310467
0.01, 6293699
0.01, 6292320
0.01, 6227394
0.01, 6225434
0.01, 6206756
0.01, 6146441
0.01, 6128625
0.01, 6028751
0.01, 6023140
0.01, 5996351
0.01, 5939658
0.01, 5929143
0.01, 5884119
0.01, 5881540
0.01, 5851297
0.01, 5793444
0.01, 5793224
0.01, 5768655
0.01, 5636765
0.01, 5619010
0.01, 5608532
0.01, 5603506
0.01, 5567154
0.01, 5564083
0.01, 5562103
0.01, 5559914
0.01, 5559596
0.01, 5522976
0.01, 5496105
0.01, 5423767
0.03, 5372005
0.03, 5365094
0.04, 5361087
0.04, 5342429
0.04, 5316954
0.04, 5306201
0.04, 5270402
0.04, 5186126
0.07, 5131174
0.07, 5128971
0.07, 5116072
0.07, 5110349
0.07, 5093370
0.07, 5054235
0.21, 4971892
0.57, 4942798
0.57, 4895661
0.57, 4892315
1.13, 4888812
1.13, 4786519
1.27, 4777090
1.27, 4732618
1.27, 4662000
1.27, 4623069
1.27, 4612303
1.27, 4592796
1.27, 4537573
1.27, 4509089
1.27, 4496304
1.27, 4489211
1.27, 4473575
1.27, 4469617
1.27, 4459205
1.27, 4445416
1.27, 4430011
1.27, 4426702
1.27, 4404801
1.27, 4360911
1.28, 4327704
1.28, 4326370
1.28, 4309723
1.28, 4302282
1.28, 4234434
1.28, 4224069
1.28, 4123823
1.3, 4079047
1.31, 4076746
1.31, 4040881
1.31, 4013535
1.31, 4002569
1.32, 3947638
1.32, 3892260
1.32, 3877063
1.32, 3854156
1.32, 3843926
1.32, 3816937
1.35, 3773543
1.36, 3740260
1.36, 3722800
1.36, 3700800
1.36, 3685486
1.36, 3668882
1.36, 3654274
1.37, 3586756
1.37, 3586237
1.37, 3584828
1.44, 3582587
1.44, 3554082
1.44, 3553398
1.44, 3518409
1.44, 3451943
1.44, 3416042
1.44, 3413508
1.44, 3411727
1.44, 3407524
1.44, 3377089
1.44, 3356062
1.44, 3353738
1.44, 3335512
1.44, 3320274
1.44, 3276183
1.44, 3272862
1.45, 3255783
1.45, 3250406
1.46, 3219780
1.46, 3215250
1.46, 3190354
1.46, 3178773
1.46, 3089493
1.46, 3088262
1.46, 3066867
1.46, 3033701
1.46, 3020529
1.46, 3011011
1.46, 2945840
1.46, 2887932
1.46, 2858248
1.46, 2841882
1.46, 2836034
1.46, 2815733
1.47, 2812344
1.47, 2788869
1.47, 2787881
1.47, 2782979
1.47, 2779993
1.47, 2754770
1.47, 2751351
1.47, 2731042
1.47, 2701195
1.47, 2690995
1.47, 2690516
1.47, 2686034
1.48, 2674899
1.48, 2674099
1.48, 2672360
1.48, 2657534
1.53, 2650842
1.53, 2636406
1.53, 2617233
1.54, 2614116
1.55, 2606605
1.55, 2602752
1.55, 2573879
1.55, 2566705
1.55, 2563094
1.55, 2551821
1.55, 2534132
1.56, 2513668
1.56, 2510912
1.56, 2505719
1.56, 2503094
1.56, 2488230
1.56, 2486085
1.56, 2478956
1.56, 2469260
1.56, 2445753
1.56, 2442645
1.56, 2437107
1.56, 2423604
1.56, 2415210
1.56, 2402232
1.56, 2378616
1.56, 2373789
1.57, 2373313
1.57, 2367455
1.57, 2355148
1.57, 2343450
1.57, 2341847
1.57, 2337719
1.57, 2319917
1.57, 2308056
1.57, 2305062
1.57, 2297810
1.57, 2274398
1.58, 2272279
1.58, 2271264
1.58, 2267400
1.58, 2248148
1.58, 2247815
1.59, 2239436
1.59, 2222044
1.59, 2207205
1.59, 2202204
1.59, 2189323
1.6, 2182135
1.6, 2129446
1.61, 2106132
1.61, 2101410
1.61, 2098550
1.61, 2076547
1.61, 2064700
1.61, 2063993
1.61, 2063026
1.61, 2037331
1.61, 2015583
1.61, 2013443
1.61, 2000667
1.61, 1995534
1.61, 1992212
1.61, 1990359
1.62, 1976000
1.62, 1964267
1.62, 1931370
1.62, 1892595
1.62, 1857378
1.62, 1857344
1.63, 1856511
1.63, 1832057
1.63, 1802772
1.63, 1794123
1.63, 1790245
1.63, 1787826
1.63, 1786939
1.63, 1785027
1.63, 1760771
1.64, 1741962
1.64, 1739933
1.64, 1726078
1.65, 1723917
1.66, 1720477
1.66, 1709362
1.66, 1702733
1.66, 1696442
1.66, 1694698
1.66, 1683023
1.66, 1681939
1.66, 1681836
1.66, 1681587
1.67, 1646229
1.67, 1643510
1.67, 1643169
1.67, 1642403
1.67, 1638404
1.67, 1637826
1.67, 1632208
1.67, 1627709
1.67, 1583138
1.67, 1582220
1.67, 1573883
1.67, 1568858
1.67, 1557949
1.67, 1552051
1.68, 1549475
1.68, 1537163
1.68, 1534131
1.68, 1509366
1.68, 1490952
1.68, 1487477
1.68, 1487146
1.68, 1471330
1.68, 1459355
1.68, 1459179
1.68, 1457467
1.68, 1454666
1.68, 1448616
1.68, 1446068
1.68, 1438360
1.68, 1421736
1.69, 1401476
1.69, 1387194
1.69, 1373931
1.69, 1372134
1.69, 1366629
1.69, 1366258
1.69, 1356323
1.69, 1351157
1.69, 1342611
1.69, 1335462
1.69, 1333762
1.69, 1331401
1.69, 1321569
1.69, 1320512
1.69, 1317589
1.69, 1315876
1.69, 1313262
1.7, 1312936
1.7, 1309453
1.7, 1305435
1.7, 1304058
1.7, 1297073
1.7, 1295626
1.71, 1288921
1.71, 1282082
1.71, 1279555
1.71, 1275008
1.71, 1263561
1.72, 1257540
1.72, 1254858
1.74, 1254594
1.75, 1251735
1.75, 1251404
1.75, 1250411
1.75, 1245242
1.75, 1233924
1.75, 1228900
1.75, 1228098
1.75, 1226419
1.75, 1221329
1.75, 1210467
1.75, 1202597
1.76, 1202388
1.76, 1201841
1.76, 1188317
1.77, 1182926
1.78, 1182873
1.78, 1177067
1.78, 1175038
1.78, 1170323
1.79, 1155180
1.79, 1155122
1.79, 1136931
1.79, 1134076
1.79, 1115550
1.8, 1098570
1.8, 1098493
1.8, 1097832
1.81, 1096947
1.81, 1092962
1.81, 1084695
1.82, 1073995
1.82, 1071891
1.83, 1070499
1.83, 1069588
1.83, 1067965
1.83, 1067260
1.83, 1059263
1.84, 1058864
1.84, 1053412
1.84, 1046017
1.84, 1045761
1.84, 1043648
1.84, 1042705
1.84, 1038374
1.85, 1038234
1.86, 1033428
1.86, 1030318
1.88, 1027453
1.88, 1025485
1.88, 1025252
1.88, 1024790
1.91, 1021877
1.91, 992644
1.91, 970229
1.93, 968425
1.93, 968252
1.93, 963637
1.93, 961265
1.93, 960810
1.93, 957515
1.94, 957298
1.94, 956098
1.94, 950752
1.94, 950437
1.94, 947835
1.95, 938602
1.95, 936671
1.96, 934991
1.97, 933757
1.98, 933586
2.12, 932182
2.12, 931344
2.12, 931310
2.23, 931034
2.27, 930863
2.33, 929611
2.33, 921723
2.35, 921683
2.37, 910081
2.37, 900546
2.38, 900140
2.39, 900101
2.53, 892603
2.67, 892564
2.79, 892269
2.95, 892188
