0.01, 6186876
0.01, 6161949
0.01, 6148247
0.01, 6065750
0.01, 6060756
0.01, 6042911
0.01, 6020906
0.01, 5959861
0.01, 5906591
0.01, 5896208
0.01, 5893874
0.01, 5891347
0.01, 5886574
0.01, 5857501
0.01, 5845198
0.01, 5829423
0.01, 5807773
0.02, 5717143
0.02, 5715552
0.02, 5566298
0.02, 5549644
0.02, 5491637
0.04, 5466440
0.04, 5435059
0.04, 5360987
0.04, 5219470
0.04, 5192620
0.04, 5185041
0.04, 5146933
0.04, 5145198
0.04, 5106144
0.34, 5046027
0.34, 5039241
0.47, 5037419
0.47, 5035500
0.47, 4956862
0.47, 4916753
0.47, 4879769
0.48, 4878500
0.48, 4876282
0.48, 4863333
1.03, 4831944
1.03, 4785810
1.03, 4770463
1.03, 4718879
1.18, 4711474
1.19, 4676772
1.28, 4673296
1.29, 4656486
1.29, 4647942
1.29, 4570794
1.29, 4509464
1.29, 4458013
1.3, 4425237
1.3, 4345580
1.3, 4344215
1.3, 4287344
1.3, 4285127
1.3, 4214782
1.3, 4212888
1.3, 4183942
1.3, 4156460
1.3, 4143672
1.31, 4136828
1.31, 4125591
1.31, 4108641
1.31, 4106477
1.31, 4086586
1.42, 4071792
1.42, 4044700
1.42, 4037581
1.42, 3963657
1.42, 3952957
1.42, 3910767
1.42, 3899343
1.42, 3889699
1.42, 3857278
1.42, 3722662
1.42, 3683864
1.42, 3680951
1.42, 3677047
1.42, 3647473
1.43, 3596235
1.43, 3507933
1.43, 3488229
1.43, 3431271
1.43, 3416180
1.43, 3397634
1.43, 3350002
1.43, 3345177
1.43, 3342253
1.43, 3337096
1.43, 3302175
1.43, 3278099
1.44, 3276257
1.44, 3241648
1.44, 3233559
1.44, 3219431
1.44, 3214108
1.44, 3164122
1.44, 3156727
1.44, 3116195
1.44, 3116059
1.44, 3116054
1.44, 3108259
1.44, 3108005
1.44, 3107626
1.44, 3103604
1.44, 3032456
1.44, 3002750
1.44, 2970506
1.44, 2941393
1.45, 2909775
1.45, 2872745
1.45, 2848935
1.45, 2832200
1.45, 2824186
1.45, 2819177
1.45, 2795271
1.45, 2740385
1.47, 2730605
1.47, 2728245
1.47, 2716928
1.47, 2707846
1.47, 2659428
1.47, 2654860
1.48, 2640384
1.48, 2640129
1.48, 2631752
1.49, 2615185
1.49, 2611530
1.49, 2571993
1.49, 2551025
1.49, 2541659
1.49, 2539448
1.49, 2535987
1.49, 2521090
1.49, 2520686
1.49, 2513659
1.49, 2496599
1.52, 2481765
1.52, 2473925
1.52, 2466010
1.52, 2451667
1.52, 2427455
1.52, 2419280
1.52, 2418771
1.52, 2418752
1.52, 2391165
1.52, 2385632
1.52, 2361744
1.53, 2335225
1.53, 2321308
1.53, 2314767
1.53, 2312671
1.53, 2293266
1.54, 2286870
1.54, 2269143
1.54, 2267811
1.54, 2249715
1.54, 2246369
1.54, 2217454
1.55, 2211342
1.56, 2207840
1.56, 2205030
1.56, 2201422
1.56, 2175081
1.56, 2173648
1.56, 2160351
1.56, 2158956
1.56, 2154715
1.56, 2133185
1.56, 2081885
1.56, 2047588
1.56, 2044520
1.56, 2031088
1.57, 2027740
1.57, 2023236
1.57, 2021665
1.57, 2017566
1.57, 2005583
1.57, 2002936
1.58, 1999299
1.58, 1997983
1.59, 1988900
1.59, 1982430
1.59, 1975701
1.59, 1972783
1.61, 1972710
1.62, 1934026
1.63, 1930264
1.63, 1922737
1.63, 1908484
1.63, 1906446
1.63, 1893938
1.64, 1861575
1.64, 1861439
1.64, 1860207
1.64, 1858134
1.64, 1853402
1.64, 1849539
1.64, 1838305
1.64, 1835455
1.64, 1814762
1.64, 1813225
1.64, 1804537
1.64, 1795783
1.64, 1751524
1.64, 1728591
1.64, 1721774
1.64, 1720375
1.64, 1718876
1.65, 1717516
1.65, 1710718
1.65, 1688612
1.65, 1677093
1.65, 1671967
1.65, 1627576
1.66, 1617195
1.66, 1599844
1.66, 1595140
1.67, 1563790
1.67, 1557292
1.68, 1556601
1.68, 1553639
1.68, 1526367
1.68, 1521694
1.68, 1489219
1.69, 1482106
1.69, 1459949
1.69, 1430601
1.69, 1421259
1.69, 1412816
1.69, 1405996
1.69, 1404958
1.69, 1403551
1.69, 1400473
1.69, 1399396
1.69, 1395511
1.7, 1395341
1.7, 1394844
1.7, 1391911
1.7, 1372150
1.7, 1360401
1.71, 1360251
1.71, 1358533
1.71, 1345207
1.71, 1340300
1.71, 1333031
1.71, 1327385
1.73, 1305103
1.73, 1280810
1.73, 1270567
1.73, 1270474
1.73, 1265620
1.78, 1256843
1.78, 1255980
1.79, 1246540
1.8, 1239236
1.8, 1236033
1.8, 1222447
1.8, 1221540
1.81, 1208646
1.81, 1207151
1.81, 1206131
1.82, 1202727
1.83, 1192040
1.84, 1170519
1.85, 1170358
1.85, 1142571
1.85, 1137785
1.85, 1136149
1.85, 1129604
1.85, 1128739
1.85, 1120999
1.85, 1120684
1.85, 1116499
1.85, 1115219
1.85, 1112060
1.85, 1103878
1.85, 1099687
1.85, 1096483
1.85, 1095809
1.85, 1089769
1.85, 1089450
1.85, 1082048
1.86, 1081127
1.86, 1069148
1.86, 1068744
1.86, 1063791
1.87, 1060357
1.87, 1059844
1.87, 1058662
1.88, 1053849
1.88, 1052989
1.9, 1050628
1.9, 1047025
1.9, 1043019
1.93, 1042219
1.94, 1041243
1.95, 1034436
1.95, 1033995
1.95, 1031854
1.95, 1023933
1.95, 1022555
1.96, 1022509
1.96, 1020877
1.96, 1014179
1.97, 1002818
1.98, 1001391
1.98, 999929
1.98, 999614
1.98, 997983
1.98, 981403
1.98, 976948
1.99, 976109
1.99, 973334
2.0, 970904
2.0, 969369
2.0, 969064
2.0, 958608
2.01, 954591
2.05, 940787
2.05, 940719
2.05, 940229
2.06, 940155
2.06, 939214
2.06, 938237
2.06, 938187
2.09, 937917
2.1, 936626
2.1, 936545
2.11, 936328
2.11, 933866
2.11, 924944
2.11, 924477
2.12, 924115
2.13, 917352
2.14, 916782
2.14, 915955
2.14, 914503
2.14, 913541
2.24, 911930
2.24, 909729
2.25, 908119
2.26, 907253
2.27, 906165
2.27, 904331
2.27, 900184
2.27, 897858
2.29, 897819
2.31, 895115
2.33, 895072
2.35, 894727
2.43, 893842
2.53, 892051
2.57, 892015
2.59, 887595
2.61, 887552
2.86, 884052
