0.01, 5748432
0.01, 5727772
0.01, 5713741
0.01, 5659050
0.01, 5581181
0.01, 5546292
0.01, 5542949
0.01, 5508696
0.01, 5492926
0.01, 5477260
0.01, 5453433
0.01, 5438591
0.01, 5434165
0.05, 5377530
0.07, 5364464
0.09, 5350671
0.09, 5289028
0.09, 5286687
0.09, 5143801
0.19, 5140834
0.19, 5068464
0.19, 5049642
0.19, 5045650
0.64, 5032017
0.64, 5014439
0.64, 5002414
0.77, 4994471
0.82, 4987534
0.82, 4984493
0.82, 4973654
0.82, 4972297
0.82, 4942321
0.85, 4911274
0.85, 4904982
1.03, 4862294
1.03, 4861427
1.14, 4821014
1.14, 4674945
1.16, 4581366
1.28, 4548685
1.28, 4492390
1.28, 4478351
1.28, 4422280
1.28, 4416585
1.28, 4382552
1.28, 4363728
1.28, 4316133
1.28, 4275169
1.28, 4259137
1.32, 4207672
1.33, 4131073
1.34, 4069627
1.34, 4050414
1.34, 4026287
1.34, 3938815
1.38, 3928852
1.38, 3923059
1.38, 3888763
1.38, 3882064
1.38, 3833717
1.38, 3812831
1.38, 3773245
1.38, 3770709
1.42, 3726339
1.42, 3696228
1.43, 3665043
1.43, 3585307
1.43, 3559801
1.44, 3557474
1.44, 3498946
1.44, 3480588
1.44, 3475247
1.44, 3466563
1.44, 3397690
1.44, 3393145
1.44, 3333137
1.44, 3331104
1.44, 3318904
1.45, 3305645
1.45, 3289679
1.46, 3270758
1.46, 3269158
1.46, 3267345
1.46, 3226362
1.47, 3217729
1.47, 3197761
1.47, 3191075
1.47, 3185705
1.47, 3183116
1.47, 3165082
1.47, 3136889
1.47, 3119310
1.47, 3098507
1.47, 3087409
1.47, 3066432
1.47, 3028946
1.47, 3022388
1.48, 2943468
1.48, 2937372
1.48, 2919158
1.48, 2915292
1.48, 2844357
1.48, 2818368
1.48, 2804243
1.49, 2792903
1.49, 2758155
1.49, 2733323
1.49, 2733020
1.49, 2728236
1.49, 2714301
1.5, 2709270
1.51, 2694823
1.51, 2666573
1.51, 2657921
1.51, 2637372
1.51, 2618128
1.53, 2616973
1.53, 2593857
1.53, 2590143
1.53, 2583460
1.53, 2514159
1.53, 2513051
1.54, 2477806
1.54, 2471527
1.54, 2461284
1.54, 2454871
1.54, 2450465
1.55, 2434644
1.55, 2420160
1.56, 2413925
1.56, 2404992
1.56, 2391380
1.56, 2391282
1.56, 2380657
1.56, 2370921
1.56, 2362593
1.56, 2348724
1.56, 2335292
1.56, 2330059
1.56, 2277947
1.56, 2267197
1.56, 2249065
1.56, 2246885
1.56, 2243918
1.56, 2241967
1.56, 2171254
1.56, 2158722
1.56, 2151261
1.56, 2123210
1.56, 2097581
1.56, 2089918
1.57, 2040765
1.57, 1981418
1.57, 1957477
1.57, 1914343
1.57, 1906603
1.57, 1876244
1.57, 1851614
1.57, 1834657
1.57, 1828632
1.57, 1802386
1.57, 1792863
1.57, 1778035
1.57, 1750107
1.57, 1738482
1.57, 1722041
1.58, 1716782
1.58, 1704045
1.58, 1697431
1.58, 1686942
1.58, 1678350
1.58, 1669671
1.58, 1664686
1.58, 1664198
1.58, 1659513
1.58, 1659162
1.58, 1648574
1.59, 1635657
1.59, 1608771
1.59, 1605598
1.59, 1605517
1.59, 1604188
1.59, 1598898
1.59, 1591025
1.6, 1584042
1.6, 1562434
1.6, 1560052
1.6, 1559924
1.6, 1557807
1.6, 1552512
1.61, 1540660
1.62, 1531665
1.62, 1525189
1.62, 1521220
1.62, 1519065
1.62, 1518047
1.62, 1513586
1.62, 1509829
1.62, 1502174
1.62, 1491514
1.63, 1489143
1.64, 1483972
1.64, 1482875
1.64, 1478321
1.64, 1475070
1.64, 1474755
1.64, 1443959
1.64, 1442838
1.65, 1427990
1.65, 1411540
1.67, 1399125
1.67, 1397947
1.67, 1391685
1.67, 1390269
1.67, 1389015
1.67, 1380796
1.67, 1375571
1.67, 1374664
1.67, 1362823
1.67, 1356695
1.67, 1342909
1.67, 1342618
1.67, 1341769
1.67, 1335634
1.68, 1329642
1.68, 1313707
1.68, 1298380
1.68, 1298065
1.68, 1295669
1.68, 1282322
1.68, 1265078
1.68, 1265007
1.69, 1259224
1.69, 1257041
1.69, 1256255
1.69, 1248283
1.69, 1246143
1.69, 1239314
1.69, 1236758
1.69, 1235824
1.69, 1213667
1.69, 1209920
1.7, 1201609
1.7, 1201403
1.7, 1173958
1.7, 1170971
1.71, 1170871
1.71, 1170023
1.71, 1165407
1.71, 1157911
1.71, 1153996
1.71, 1140759
1.8, 1133158
1.8, 1133088
1.8, 1120954
1.81, 1119494
1.81, 1107544
1.81, 1105538
1.81, 1090419
1.83, 1080733
1.83, 1077387
1.84, 1075974
1.84, 1071797
1.84, 1065448
1.84, 1053429
1.85, 1052686
1.85, 1052096
1.85, 1046507
1.85, 1044645
1.85, 1043299
1.85, 1042422
1.86, 1040386
1.86, 1034052
1.86, 1030867
1.87, 1030418
1.88, 1028562
1.88, 1028050
1.91, 1026078
1.91, 1015476
1.91, 1009736
1.91, 1004728
1.92, 1002282
1.92, 996144
1.92, 991698
1.92, 980712
1.93, 958555
1.94, 958515
1.94, 956575
1.95, 955638
1.96, 955219
1.97, 953901
1.98, 950983
1.98, 949512
1.99, 949092
1.99, 946849
1.99, 946013
1.99, 943406
1.99, 940809
2.01, 940619
2.12, 936591
2.12, 926623
2.12, 925443
2.12, 923872
2.13, 923395
2.13, 920627
2.27, 920171
2.28, 919503
2.28, 919469
2.7, 919423
