0.01, 5755273
0.01, 5742094
0.02, 5620239
0.02, 5606637
0.02, 5586520
0.03, 5559347
0.04, 5557666
0.04, 5512218
0.05, 5500044
0.05, 5484453
0.05, 5434485
0.05, 5403035
0.05, 5363028
0.05, 5303649
0.05, 5290964
0.05, 5275416
0.05, 5248871
0.05, 5222743
0.09, 5193357
0.1, 5083851
0.1, 5064323
0.1, 5042437
0.1, 4969330
0.8, 4938909
0.8, 4869141
0.87, 4844289
0.87, 4814036
1.13, 4707653
1.13, 4659939
1.13, 4643333
1.13, 4572061
1.17, 4546678
1.27, 4544833
1.27, 4521443
1.27, 4500614
1.27, 4493778
1.27, 4422697
1.27, 4374687
1.27, 4364772
1.27, 4354848
1.27, 4305724
1.27, 4303766
1.27, 4289125
1.3, 4278084
1.3, 4255986
1.31, 4250019
1.31, 4247163
1.33, 4234229
1.33, 4207704
1.33, 4142423
1.33, 4135629
1.33, 4100396
1.33, 4081886
1.33, 4059089
1.34, 3978476
1.34, 3915739
1.34, 3849222
1.34, 3821697
1.34, 3769391
1.34, 3751299
1.34, 3718923
1.42, 3708632
1.42, 3637988
1.42, 3632869
1.42, 3629202
1.42, 3620971
1.42, 3572067
1.43, 3551829
1.43, 3543239
1.43, 3529821
1.43, 3502189
1.43, 3490817
1.43, 3446629
1.43, 3439979
1.43, 3380096
1.43, 3373776
1.43, 3334131
1.43, 3235098
1.43, 3173363
1.43, 3080548
1.43, 3060272
1.43, 3008051
1.43, 2994965
1.43, 2993030
1.43, 2962768
1.43, 2924671
1.43, 2919652
1.43, 2889060
1.43, 2871525
1.44, 2864281
1.44, 2853542
1.44, 2847765
1.44, 2815134
1.44, 2799220
1.44, 2781186
1.44, 2756922
1.44, 2747051
1.44, 2729514
1.47, 2727483
1.47, 2726216
1.47, 2714235
1.47, 2668827
1.47, 2664256
1.47, 2653264
1.48, 2651496
1.48, 2645126
1.48, 2637045
1.48, 2629513
1.48, 2600305
1.5, 2593724
1.5, 2565383
1.5, 2559567
1.5, 2557818
1.5, 2556339
1.5, 2554109
1.51, 2532468
1.51, 2516712
1.51, 2504442
1.51, 2503907
1.51, 2486100
1.51, 2483442
1.51, 2481402
1.51, 2446188
1.51, 2436663
1.51, 2424382
1.52, 2385848
1.52, 2381376
1.52, 2375453
1.52, 2369779
1.53, 2368539
1.53, 2368323
1.53, 2368270
1.53, 2362684
1.53, 2346495
1.53, 2338119
1.54, 2326342
1.54, 2316824
1.54, 2308126
1.54, 2276388
1.54, 2257645
1.54, 2256992
1.54, 2213380
1.54, 2183915
1.55, 2180893
1.55, 2172865
1.55, 2149225
1.55, 2140012
1.55, 2128151
1.55, 2122664
1.55, 2104363
1.56, 2090149
1.56, 2088482
1.56, 2088268
1.56, 2084023
1.56, 2073948
1.56, 2060333
1.56, 2057076
1.56, 2056763
1.56, 2014131
1.56, 2009951
1.56, 2004553
1.56, 1995042
1.56, 1963192
1.56, 1957685
1.57, 1942386
1.57, 1934430
1.57, 1915617
1.57, 1900879
1.57, 1888017
1.57, 1865347
1.57, 1865130
1.57, 1849096
1.57, 1838570
1.57, 1826500
1.58, 1825771
1.58, 1812361
1.58, 1783659
1.58, 1753729
1.58, 1740175
1.58, 1711697
1.58, 1707436
1.58, 1701967
1.58, 1697545
1.58, 1656753
1.6, 1648227
1.6, 1634308
1.6, 1629523
1.61, 1608516
1.61, 1589757
1.61, 1583291
1.61, 1581091
1.61, 1579559
1.61, 1579069
1.61, 1572468
1.61, 1557421
1.61, 1541689
1.62, 1512104
1.63, 1508114
1.63, 1505893
1.63, 1505841
1.64, 1501742
1.65, 1489382
1.65, 1483043
1.65, 1480542
1.65, 1452810
1.65, 1449829
1.66, 1446935
1.67, 1440651
1.67, 1411584
1.67, 1388756
1.67, 1382006
1.68, 1375718
1.68, 1372703
1.68, 1369995
1.68, 1355107
1.68, 1353623
1.68, 1346368
1.68, 1343673
1.69, 1343180
1.69, 1342781
1.69, 1330739
1.69, 1321078
1.69, 1321064
1.69, 1305117
1.69, 1303184
1.69, 1302421
1.69, 1302236
1.69, 1302021
1.69, 1296490
1.69, 1295825
1.69, 1295280
1.7, 1292876
1.7, 1275881
1.7, 1263443
1.7, 1251601
1.71, 1249476
1.71, 1246262
1.71, 1227320
1.71, 1222876
1.71, 1218864
1.73, 1209230
1.74, 1198529
1.74, 1189571
1.74, 1187714
1.75, 1186060
1.75, 1179545
1.75, 1168237
1.75, 1153881
1.76, 1152971
1.76, 1150889
1.76, 1147920
1.76, 1144557
1.76, 1140514
1.76, 1135489
1.77, 1134371
1.77, 1134211
1.77, 1133978
1.78, 1133785
1.78, 1133489
1.78, 1118104
1.79, 1116138
1.79, 1112211
1.81, 1112126
1.81, 1112103
1.81, 1109567
1.81, 1107178
1.83, 1100066
1.83, 1098033
1.84, 1077979
1.84, 1058862
1.84, 1057169
1.84, 1045500
1.84, 1043136
1.84, 1038549
1.84, 1037664
1.84, 1036187
1.84, 1035408
1.86, 1034483
1.86, 1032954
1.86, 1030438
1.86, 1026828
1.86, 1025998
1.92, 1025324
1.93, 1024423
1.93, 1023725
1.93, 1022006
1.95, 1021728
1.96, 1018923
1.97, 1018661
1.97, 995649
1.97, 988334
1.97, 986801
1.97, 984138
1.97, 979250
1.97, 978887
1.97, 977112
1.98, 976928
1.98, 976117
1.98, 964246
1.98, 963363
1.98, 960742
1.98, 954271
1.98, 951380
1.99, 951078
1.99, 950782
1.99, 950350
2.0, 947311
2.0, 942122
2.0, 942088
2.05, 939920
2.08, 938621
2.09, 937880
2.11, 937842
2.11, 937580
2.12, 936240
2.12, 933533
2.12, 932292
2.12, 931667
2.12, 930165
2.12, 927393
2.14, 923263
2.14, 922383
2.14, 918089
2.15, 911531
2.15, 909729
2.15, 908507
2.15, 907424
2.17, 906586
2.22, 906358
2.26, 906108
2.38, 906058
2.41, 905488
2.41, 904304
2.41, 904008
2.41, 898548
2.41, 892408
