0.01, 5481082
0.01, 5480781
0.01, 5445009
0.01, 5441285
0.01, 5400081
0.01, 5349325
0.01, 5322518
0.01, 5232337
0.02, 5197802
0.05, 5108494
0.05, 5085229
0.16, 5081965
0.16, 5080791
0.16, 5076491
0.16, 5056005
0.16, 4985506
0.16, 4912987
0.16, 4910449
0.16, 4807644
0.98, 4803184
0.98, 4787613
0.98, 4785545
0.98, 4778578
0.98, 4763655
0.99, 4706959
1.17, 4685035
1.17, 4664374
1.17, 4655563
1.17, 4624459
1.17, 4603667
1.26, 4599699
1.26, 4578252
1.26, 4571994
1.26, 4533731
1.26, 4482258
1.27, 4478650
1.27, 4473002
1.27, 4448677
1.27, 4354404
1.27, 4296059
1.27, 4270962
1.27, 4268387
1.27, 4255335
1.29, 4251493
1.29, 4230627
1.29, 4215421
1.29, 4190104
1.33, 4173362
1.33, 4141536
1.35, 4073572
1.35, 4056363
1.35, 3954087
1.4, 3936041
1.4, 3893589
1.42, 3882278
1.42, 3880625
1.42, 3816389
1.43, 3788314
1.43, 3769735
1.43, 3743528
1.43, 3681900
1.43, 3648115
1.43, 3636446
1.43, 3620177
1.43, 3616153
1.43, 3587494
1.43, 3578591
1.43, 3553031
1.43, 3491980
1.43, 3468439
1.43, 3302387
1.43, 3288156
1.43, 3273410
1.43, 3254456
1.43, 3229309
1.43, 3157348
1.43, 3098609
1.44, 3087209
1.44, 3051443
1.44, 3037841
1.44, 3019704
1.44, 2992193
1.44, 2973630
1.44, 2973013
1.44, 2950609
1.45, 2950139
1.45, 2932115
1.45, 2910878
1.45, 2908114
1.45, 2894297
1.45, 2891368
1.45, 2890035
1.45, 2857813
1.46, 2825277
1.46, 2802230
1.46, 2796607
1.46, 2792243
1.46, 2764564
1.46, 2760427
1.46, 2758092
1.46, 2752455
1.47, 2683054
1.47, 2654861
1.52, 2654100
1.52, 2650587
1.52, 2622878
1.52, 2606879
1.52, 2596336
1.52, 2566671
1.52, 2563365
1.52, 2562012
1.52, 2546261
1.54, 2543087
1.54, 2540895
1.54, 2535296
1.54, 2505214
1.54, 2462578
1.55, 2456580
1.55, 2449480
1.55, 2442273
1.55, 2425298
1.55, 2418506
1.55, 2418126
1.55, 2401188
1.55, 2399141
1.55, 2398957
1.55, 2394158
1.55, 2367392
1.55, 2351693
1.55, 2351259
1.55, 2342539
1.56, 2326279
1.56, 2315482
1.56, 2308557
1.56, 2306996
1.56, 2278083
1.56, 2271578
1.56, 2268660
1.56, 2264579
1.56, 2253022
1.56, 2250021
1.56, 2236096
1.56, 2201037
1.56, 2179164
1.56, 2179051
1.56, 2152191
1.56, 2137362
1.56, 2136294
1.57, 2136175
1.57, 2107874
1.57, 2105826
1.57, 2104298
1.57, 2104008
1.57, 2085380
1.57, 2058366
1.57, 2036925
1.57, 2018314
1.57, 2013068
1.58, 2012737
1.58, 1998580
1.58, 1997603
1.58, 1981403
1.58, 1977677
1.58, 1959229
1.58, 1952739
1.58, 1935609
1.58, 1928595
1.59, 1927262
1.59, 1894503
1.59, 1868447
1.59, 1845695
1.59, 1839675
1.59, 1830276
1.59, 1815497
1.59, 1808117
1.61, 1807710
1.61, 1806207
1.61, 1793433
1.61, 1791022
1.62, 1779445
1.62, 1750349
1.62, 1743304
1.62, 1739096
1.62, 1738749
1.62, 1731323
1.62, 1731140
1.62, 1723863
1.62, 1723051
1.62, 1719587
1.63, 1716736
1.63, 1709255
1.63, 1708028
1.64, 1705383
1.64, 1678347
1.64, 1673987
1.64, 1664781
1.65, 1657681
1.65, 1652689
1.65, 1648091
1.65, 1646286
1.65, 1635204
1.66, 1634955
1.66, 1605190
1.66, 1595264
1.66, 1586360
1.67, 1564934
1.67, 1557566
1.67, 1523799
1.67, 1509315
1.67, 1498745
1.67, 1498010
1.68, 1464362
1.68, 1449121
1.68, 1445580
1.68, 1437453
1.68, 1437108
1.68, 1420638
1.68, 1416683
1.68, 1390472
1.68, 1387006
1.68, 1386544
1.68, 1385503
1.68, 1381572
1.68, 1379662
1.68, 1367678
1.68, 1364296
1.68, 1359231
1.68, 1357654
1.69, 1356292
1.69, 1339130
1.69, 1328572
1.69, 1327644
1.69, 1326711
1.69, 1320852
1.69, 1315845
1.69, 1295150
1.69, 1286371
1.69, 1286344
1.69, 1283273
1.69, 1275594
1.69, 1274936
1.69, 1259579
1.69, 1250591
1.7, 1237947
1.7, 1233455
1.73, 1232767
1.74, 1199002
1.75, 1198583
1.76, 1195112
1.76, 1173916
1.77, 1169267
1.77, 1169093
1.77, 1160939
1.77, 1159829
1.77, 1158895
1.77, 1144500
1.78, 1140658
1.78, 1140551
1.79, 1136462
1.79, 1133684
1.79, 1126346
1.79, 1121867
1.79, 1118611
1.8, 1118004
1.8, 1115151
1.8, 1108737
1.8, 1099694
1.81, 1096135
1.81, 1096028
1.81, 1094656
1.81, 1086924
1.81, 1076469
1.81, 1071948
1.81, 1067453
1.81, 1065909
1.82, 1065828
1.82, 1065611
1.82, 1064319
1.82, 1055430
1.82, 1053566
1.82, 1044903
1.83, 1030601
1.83, 1020162
1.83, 1017390
1.83, 1017135
1.83, 1009978
1.83, 1008903
1.83, 1007592
1.83, 1004701
1.83, 1003841
1.83, 998492
1.83, 998238
1.83, 984399
1.84, 984327
1.84, 972624
1.84, 969701
1.85, 957972
1.86, 955269
1.86, 954058
1.87, 944113
1.87, 943324
1.93, 939750
1.97, 939735
1.97, 933184
1.97, 932787
1.97, 931755
1.98, 928137
1.98, 927299
2.06, 926560
2.07, 925258
2.07, 924862
2.1, 924861
2.12, 923514
2.12, 921015
2.14, 914937
2.17, 914898
