0.01, 5670888
0.01, 5638058
0.01, 5634863
0.01, 5602424
0.01, 5591666
0.01, 5588388
0.01, 5586317
0.01, 5538322
0.01, 5534188
0.02, 5456816
0.02, 5455658
0.02, 5447129
0.02, 5445293
0.02, 5444180
0.02, 5419666
0.02, 5407639
0.02, 5379510
0.02, 5304837
0.02, 5232174
0.02, 5222147
0.02, 5213184
0.03, 5132564
0.19, 5132332
0.19, 5058737
0.19, 5037183
0.19, 5007037
0.19, 4883566
0.19, 4812333
0.19, 4776759
0.77, 4772863
0.77, 4763810
0.77, 4763023
0.77, 4723337
0.77, 4703521
1.29, 4604990
1.29, 4602315
1.29, 4575662
1.29, 4546212
1.29, 4544117
1.29, 4542342
1.29, 4534273
1.29, 4501003
1.29, 4482904
1.29, 4439869
1.29, 4417893
1.29, 4382667
1.31, 4381177
1.31, 4376794
1.31, 4317689
1.31, 4299133
1.31, 4222199
1.31, 4210828
1.36, 4204119
1.36, 4180302
1.36, 4069246
1.36, 4067585
1.36, 4067546
1.36, 4036670
1.36, 3999625
1.36, 3987539
1.38, 3973762
1.38, 3949114
1.38, 3892436
1.38, 3873127
1.38, 3815588
1.38, 3764969
1.39, 3753899
1.39, 3739906
1.39, 3733855
1.39, 3714142
1.39, 3699827
1.39, 3669216
1.39, 3640126
1.4, 3638351
1.4, 3622936
1.4, 3601572
1.4, 3534999
1.4, 3511893
1.4, 3503214
1.4, 3477488
1.41, 3441203
1.41, 3400138
1.41, 3335927
1.41, 3326902
1.41, 3325534
1.41, 3306416
1.41, 3305874
1.41, 3291411
1.41, 3225276
1.41, 3194546
1.41, 3169028
1.41, 3141236
1.45, 3102900
1.45, 3084930
1.45, 3076389
1.45, 3072540
1.45, 3060478
1.45, 3056195
1.45, 3053182
1.46, 3043608
1.46, 3038869
1.46, 3018913
1.46, 3008271
1.46, 2978338
1.46, 2903768
1.52, 2863186
1.52, 2846582
1.52, 2844511
1.52, 2825976
1.52, 2749195
1.52, 2735885
1.52, 2698278
1.52, 2674285
1.53, 2641681
1.53, 2627888
1.53, 2619756
1.53, 2586556
1.53, 2567982
1.53, 2560460
1.53, 2519830
1.53, 2487838
1.53, 2477431
1.53, 2447045
1.53, 2444089
1.53, 2432445
1.53, 2406749
1.53, 2393399
1.53, 2378357
1.53, 2359423
1.53, 2359118
1.53, 2346229
1.53, 2320269
1.53, 2315657
1.56, 2296883
1.56, 2291249
1.56, 2258463
1.56, 2249736
1.56, 2229330
1.56, 2229053
1.56, 2226773
1.56, 2197209
1.57, 2186426
1.57, 2174760
1.57, 2172385
1.57, 2164960
1.57, 2163181
1.57, 2155983
1.57, 2136363
1.57, 2129334
1.58, 2123663
1.58, 2117080
1.58, 2104191
1.58, 2060047
1.59, 2027302
1.59, 2027083
1.59, 2011054
1.59, 1999706
1.59, 1995653
1.59, 1994958
1.59, 1991927
1.59, 1991342
1.59, 1974968
1.6, 1958910
1.61, 1956005
1.62, 1939201
1.62, 1894648
1.62, 1893256
1.62, 1893095
1.62, 1887156
1.62, 1874985
1.62, 1810259
1.63, 1808249
1.63, 1794231
1.63, 1788524
1.63, 1778706
1.63, 1774477
1.63, 1771482
1.63, 1744400
1.63, 1738164
1.63, 1704276
1.63, 1685733
1.63, 1684417
1.63, 1679976
1.63, 1644316
1.63, 1637554
1.64, 1635672
1.64, 1624250
1.64, 1623070
1.64, 1617834
1.64, 1604754
1.65, 1600635
1.65, 1593642
1.65, 1589917
1.65, 1584917
1.65, 1583538
1.65, 1578675
1.65, 1575627
1.65, 1575312
1.65, 1565831
1.65, 1565031
1.65, 1562803
1.65, 1553687
1.65, 1546027
1.66, 1530838
1.66, 1508727
1.66, 1494379
1.66, 1492413
1.66, 1472061
1.66, 1468975
1.66, 1464206
1.66, 1462641
1.66, 1460886
1.66, 1460009
1.66, 1455070
1.66, 1448166
1.67, 1415226
1.67, 1404616
1.68, 1404500
1.69, 1394191
1.69, 1381607
1.7, 1381353
1.72, 1367249
1.72, 1367217
1.72, 1364340
1.72, 1350779
1.73, 1346218
1.73, 1344568
1.73, 1344512
1.73, 1343217
1.75, 1342955
1.75, 1342012
1.75, 1329335
1.75, 1328149
1.75, 1325798
1.75, 1325759
1.76, 1316189
1.76, 1311329
1.76, 1309593
1.76, 1293232
1.76, 1291919
1.76, 1289339
1.76, 1288526
1.76, 1287660
1.76, 1262272
1.76, 1258413
1.77, 1247770
1.77, 1231753
1.77, 1229052
1.77, 1224962
1.77, 1223248
1.77, 1207244
1.77, 1206967
1.77, 1205489
1.77, 1182111
1.77, 1179206
1.77, 1175499
1.78, 1162092
1.78, 1160521
1.78, 1160448
1.78, 1149742
1.79, 1149288
1.79, 1144582
1.79, 1128926
1.79, 1127664
1.79, 1125339
1.79, 1111191
1.79, 1100799
1.8, 1100196
1.8, 1081463
1.8, 1077016
1.8, 1076611
1.8, 1071633
1.8, 1058627
1.81, 1054785
1.81, 1053092
1.81, 1051791
1.81, 1045186
1.81, 1044968
1.81, 1039215
1.81, 1038224
1.82, 1037664
1.82, 1033702
1.82, 1032200
1.82, 1004619
1.83, 1002023
1.83, 999722
1.85, 993854
1.85, 993033
1.86, 992857
1.86, 992848
1.86, 987248
1.86, 977744
1.86, 976081
1.86, 975825
1.87, 972701
1.9, 972045
1.92, 966667
1.92, 962426
1.93, 959980
1.93, 956109
1.93, 947081
1.94, 945797
1.94, 942378
1.94, 916444
1.94, 915158
1.94, 914764
1.94, 912839
1.95, 910564
1.95, 910524
2.0, 900076
2.01, 897370
2.04, 897118
2.04, 895993
2.04, 894136
2.05, 891707
2.05, 890993
2.08, 890988
2.08, 890418
2.08, 888305
2.09, 887504
2.09, 883971
2.09, 883391
2.09, 883206
2.09, 882597
2.09, 879161
2.09, 876448
2.12, 872279
2.18, 872159
2.19, 871763
2.19, 871717
2.22, 867012
2.22, 865684
2.22, 864747
2.23, 864707
2.23, 863928
