0.01, 5386579
0.01, 5304302
0.04, 5271818
0.05, 5257803
0.07, 5220516
0.07, 5203704
0.08, 5183989
0.08, 5157793
0.08, 5151488
0.08, 5084231
0.09, 5028637
0.09, 4980332
0.5, 4936694
0.5, 4912197
0.86, 4900896
0.86, 4885742
0.86, 4859115
0.86, 4853827
0.86, 4798418
1.16, 4774689
1.16, 4753571
1.16, 4665259
1.16, 4650263
1.22, 4640091
1.27, 4622069
1.27, 4608129
1.27, 4450943
1.27, 4435320
1.27, 4427157
1.27, 4384442
1.27, 4343031
1.27, 4329883
1.27, 4318959
1.27, 4257294
1.27, 4252139
1.27, 4246403
1.27, 4191913
1.27, 4169952
1.27, 4148402
1.27, 4144114
1.31, 4115732
1.31, 4102498
1.31, 4075312
1.31, 3959123
1.31, 3937208
1.31, 3921614
1.31, 3779940
1.31, 3770701
1.31, 3763015
1.31, 3761031
1.42, 3744735
1.42, 3742574
1.42, 3731270
1.42, 3709281
1.42, 3709019
1.42, 3703321
1.42, 3669110
1.42, 3631930
1.42, 3609702
1.42, 3609293
1.42, 3583350
1.42, 3577795
1.42, 3568955
1.42, 3562220
1.42, 3561515
1.42, 3514231
1.42, 3448840
1.42, 3438057
1.42, 3366084
1.42, 3344937
1.42, 3325522
1.42, 3319292
1.43, 3309621
1.43, 3302075
1.43, 3298634
1.43, 3221218
1.43, 3207234
1.43, 3104501
1.43, 3084665
1.43, 3073989
1.44, 3023162
1.44, 3017683
1.44, 3005166
1.44, 2988090
1.44, 2955474
1.44, 2942434
1.45, 2939127
1.45, 2902325
1.45, 2883393
1.45, 2846534
1.45, 2844057
1.45, 2831834
1.45, 2826226
1.45, 2812389
1.46, 2809395
1.46, 2795735
1.46, 2748528
1.46, 2732444
1.46, 2729319
1.46, 2666102
1.47, 2662299
1.48, 2661594
1.48, 2631740
1.48, 2631134
1.49, 2614696
1.49, 2608373
1.49, 2603863
1.49, 2599172
1.49, 2584991
1.49, 2540947
1.49, 2540712
1.51, 2523936
1.51, 2512102
1.51, 2510925
1.51, 2486870
1.51, 2454878
1.51, 2433806
1.51, 2422210
1.51, 2398697
1.51, 2360209
1.51, 2318891
1.51, 2317003
1.51, 2313537
1.51, 2301231
1.51, 2289508
1.51, 2281411
1.52, 2262366
1.52, 2252007
1.52, 2238927
1.52, 2227326
1.52, 2199655
1.53, 2194527
1.53, 2189690
1.53, 2187454
1.53, 2182050
1.53, 2162262
1.53, 2151524
1.53, 2148306
1.53, 2141982
1.53, 2141049
1.54, 2116325
1.55, 2110227
1.55, 2106881
1.55, 2097590
1.55, 2091387
1.55, 2089678
1.55, 2089622
1.55, 2077564
1.55, 2061622
1.55, 2050582
1.55, 2041865
1.55, 2026391
1.55, 2006506
1.55, 2006480
1.55, 2002983
1.56, 1999678
1.56, 1980239
1.56, 1962023
1.56, 1961372
1.56, 1956819
1.57, 1947738
1.58, 1946783
1.58, 1936829
1.58, 1930945
1.58, 1929764
1.58, 1922581
1.59, 1917811
1.59, 1898044
1.6, 1891883
1.6, 1880712
1.61, 1875893
1.61, 1872802
1.61, 1864292
1.62, 1845990
1.62, 1841111
1.62, 1838961
1.62, 1830210
1.62, 1778512
1.62, 1771749
1.62, 1764984
1.62, 1755538
1.62, 1742285
1.63, 1740823
1.63, 1740183
1.63, 1733040
1.63, 1732348
1.63, 1718450
1.64, 1717847
1.64, 1717767
1.65, 1685496
1.65, 1684783
1.65, 1655660
1.65, 1650015
1.65, 1646138
1.65, 1645531
1.65, 1635054
1.65, 1618907
1.65, 1618076
1.65, 1605199
1.65, 1585837
1.66, 1584706
1.66, 1584560
1.66, 1581224
1.67, 1579336
1.67, 1560971
1.67, 1560408
1.67, 1555956
1.67, 1551793
1.67, 1548105
1.67, 1535412
1.67, 1527442
1.67, 1516449
1.67, 1510913
1.67, 1509858
1.67, 1508547
1.68, 1493961
1.68, 1492762
1.68, 1491951
1.68, 1471612
1.68, 1461188
1.68, 1429359
1.68, 1427628
1.68, 1422485
1.68, 1408021
1.68, 1401068
1.68, 1398659
1.69, 1380545
1.69, 1369753
1.69, 1341012
1.69, 1340715
1.69, 1330836
1.69, 1328219
1.69, 1311087
1.71, 1308401
1.71, 1297310
1.71, 1275412
1.71, 1272786
1.71, 1256628
1.72, 1256601
1.72, 1255952
1.72, 1248201
1.72, 1246800
1.72, 1245943
1.72, 1238806
1.73, 1237933
1.74, 1232546
1.75, 1231469
1.75, 1221261
1.75, 1218778
1.75, 1206817
1.75, 1203001
1.76, 1200378
1.76, 1192675
1.76, 1184924
1.76, 1176961
1.77, 1175807
1.77, 1164943
1.77, 1164144
1.77, 1160602
1.78, 1158558
1.79, 1154181
1.79, 1151954
1.79, 1145669
1.79, 1139913
1.79, 1138246
1.79, 1119629
1.79, 1117822
1.8, 1110656
1.8, 1104596
1.8, 1100893
1.8, 1093224
1.8, 1087272
1.81, 1081637
1.82, 1079087
1.82, 1045373
1.82, 1028252
1.82, 1025087
1.83, 1022092
1.83, 1019155
1.83, 1015037
1.83, 1013954
1.83, 1012848
1.83, 1010407
1.83, 1008573
1.83, 1005406
1.83, 1001163
1.85, 1000095
1.86, 998908
1.87, 997519
1.87, 997170
1.88, 996864
1.88, 994892
1.9, 982337
1.9, 964126
1.91, 962104
1.91, 960478
1.91, 929399
1.91, 929390
1.91, 915035
1.92, 914512
1.92, 913381
1.92, 910740
1.92, 905678
1.93, 902171
1.93, 893932
1.94, 891554
1.94, 886662
1.94, 886167
1.94, 882383
1.94, 881180
1.94, 879545
1.94, 879464
1.95, 877495
1.96, 874640
1.97, 873958
1.97, 871845
1.98, 871313
1.99, 868154
2.03, 865843
2.03, 865785
2.04, 864182
2.08, 862886
2.08, 862805
2.08, 856308
2.11, 855371
2.11, 855331
2.22, 855154
2.22, 855115
2.68, 855075
