0.01, 5875136
0.01, 5780862
0.01, 5739745
0.01, 5730312
0.01, 5717931
0.01, 5642042
0.01, 5634877
0.01, 5610093
0.01, 5595244
0.01, 5494020
0.01, 5493370
0.01, 5473736
0.01, 5465291
0.01, 5453255
0.01, 5438422
0.01, 5423849
0.01, 5384946
0.01, 5365266
0.01, 5338056
0.01, 5334978
0.2, 5294770
0.2, 5237387
0.31, 5220243
0.44, 5215173
0.44, 5138638
0.44, 5136882
0.47, 5015749
0.84, 4991598
1.01, 4931646
1.01, 4897555
1.01, 4868391
1.27, 4846641
1.27, 4834190
1.27, 4820542
1.27, 4776531
1.27, 4684441
1.27, 4677784
1.27, 4674157
1.27, 4625883
1.29, 4594504
1.3, 4574023
1.3, 4559399
1.3, 4531386
1.31, 4526873
1.31, 4508546
1.31, 4428202
1.31, 4414380
1.31, 4356831
1.32, 4300804
1.32, 4297716
1.32, 4277001
1.32, 4264186
1.32, 4239575
1.41, 4160429
1.41, 4144820
1.41, 4137037
1.41, 4121809
1.41, 4108453
1.41, 4075046
1.41, 4059513
1.41, 4035813
1.41, 4002136
1.41, 3904159
1.41, 3859517
1.41, 3834585
1.41, 3821274
1.42, 3800612
1.42, 3680242
1.42, 3631139
1.42, 3616593
1.42, 3518732
1.42, 3493228
1.42, 3474427
1.42, 3416817
1.42, 3358902
1.43, 3346863
1.43, 3346835
1.43, 3330447
1.43, 3280032
1.43, 3279257
1.43, 3252292
1.43, 3233604
1.43, 3214971
1.43, 3187806
1.44, 3167332
1.45, 3160696
1.45, 3156654
1.45, 3150761
1.45, 3090339
1.45, 3053130
1.46, 3025816
1.46, 3019381
1.46, 2995941
1.46, 2994696
1.46, 2980592
1.46, 2977466
1.46, 2957834
1.46, 2945104
1.46, 2922630
1.46, 2911976
1.46, 2905886
1.46, 2904892
1.46, 2903427
1.46, 2902161
1.46, 2898753
1.46, 2892481
1.46, 2866929
1.46, 2862247
1.47, 2859294
1.48, 2840669
1.48, 2821871
1.48, 2799307
1.48, 2783396
1.48, 2762433
1.49, 2756207
1.49, 2736283
1.49, 2628462
1.49, 2619127
1.49, 2582412
1.49, 2556933
1.49, 2551987
1.49, 2550631
1.51, 2525461
1.52, 2499274
1.52, 2486864
1.52, 2481175
1.52, 2463035
1.52, 2462336
1.52, 2413426
1.54, 2396299
1.54, 2392908
1.54, 2385417
1.54, 2359625
1.54, 2339831
1.54, 2338470
1.55, 2334402
1.55, 2327578
1.55, 2326117
1.55, 2313079
1.55, 2299054
1.55, 2293720
1.55, 2274087
1.55, 2272896
1.55, 2269736
1.55, 2246322
1.55, 2243454
1.55, 2241621
1.55, 2210015
1.55, 2201834
1.56, 2182488
1.56, 2128092
1.56, 2120661
1.56, 2103473
1.56, 2098821
1.56, 2071131
1.56, 2069863
1.56, 2069390
1.56, 2063892
1.56, 2046109
1.56, 2024935
1.56, 2024616
1.56, 1990185
1.56, 1987878
1.56, 1981695
1.57, 1943572
1.57, 1933589
1.57, 1920690
1.57, 1920346
1.57, 1910208
1.57, 1905807
1.57, 1901833
1.57, 1896458
1.57, 1893025
1.57, 1889837
1.57, 1880285
1.57, 1868001
1.57, 1857857
1.57, 1837380
1.57, 1826669
1.6, 1821122
1.6, 1814637
1.6, 1811693
1.6, 1806030
1.6, 1801204
1.61, 1790096
1.61, 1765531
1.61, 1760842
1.61, 1760547
1.62, 1760098
1.63, 1755688
1.64, 1754089
1.64, 1751533
1.64, 1704121
1.64, 1698642
1.64, 1687671
1.64, 1677975
1.64, 1656122
1.64, 1649141
1.64, 1599759
1.65, 1597576
1.65, 1597432
1.67, 1593298
1.68, 1568364
1.68, 1562942
1.68, 1549370
1.68, 1548092
1.68, 1520398
1.68, 1508547
1.68, 1500221
1.68, 1492523
1.68, 1478435
1.68, 1464562
1.68, 1459683
1.68, 1455109
1.68, 1441796
1.68, 1420443
1.68, 1416705
1.68, 1408404
1.68, 1408353
1.68, 1399534
1.68, 1395055
1.68, 1394938
1.69, 1388926
1.69, 1380191
1.69, 1363360
1.69, 1362228
1.69, 1359037
1.69, 1348873
1.7, 1345190
1.7, 1345082
1.7, 1343214
1.7, 1326314
1.7, 1317574
1.7, 1316940
1.7, 1312571
1.71, 1312464
1.72, 1312441
1.72, 1290760
1.72, 1287972
1.75, 1283958
1.76, 1283773
1.76, 1281903
1.76, 1280707
1.76, 1278780
1.76, 1276901
1.77, 1271704
1.77, 1270457
1.77, 1269389
1.77, 1262777
1.79, 1259417
1.79, 1256167
1.79, 1255904
1.79, 1252638
1.79, 1246940
1.79, 1245216
1.8, 1242126
1.8, 1238514
1.8, 1235535
1.8, 1230421
1.81, 1224699
1.81, 1202029
1.81, 1186670
1.81, 1185823
1.81, 1183121
1.82, 1177473
1.82, 1175665
1.82, 1173884
1.82, 1149797
1.82, 1145180
1.82, 1136785
1.82, 1117131
1.82, 1113437
1.82, 1108613
1.83, 1107008
1.83, 1100146
1.83, 1096164
1.83, 1088207
1.83, 1080055
1.83, 1061035
1.83, 1054914
1.83, 1051875
1.84, 1049736
1.84, 1049167
1.84, 1038493
1.84, 1036787
1.84, 1036435
1.84, 1035320
1.84, 1031853
1.84, 1031212
1.84, 1026576
1.84, 1025653
1.84, 1006837
1.86, 995608
1.86, 995263
1.9, 995128
1.9, 989401
1.9, 986702
1.92, 980707
1.92, 975932
1.93, 971380
1.94, 971167
1.94, 967917
1.94, 967122
1.95, 966441
1.95, 956323
1.95, 949438
1.96, 946092
1.96, 944442
1.97, 943755
1.97, 942050
1.97, 939346
1.97, 930941
1.97, 930145
1.98, 926054
1.98, 922099
1.98, 921426
1.98, 916089
1.98, 914424
2.09, 913191
2.09, 906543
2.09, 906122
2.09, 904919
2.1, 899896
2.1, 897175
2.12, 895889
2.12, 895849
2.13, 895240
2.23, 895023
2.23, 894984
2.24, 893633
2.27, 893438
2.27, 893205
2.3, 892538
2.56, 892282
