0.01, 9601822
0.01, 9522373
0.01, 9326130
0.01, 9324806
0.01, 9091624
0.01, 9086005
0.01, 8968366
0.03, 8931535
0.03, 8896310
0.04, 8882674
0.04, 8685221
0.04, 8670243
0.04, 8618662
0.71, 8444537
0.72, 8392162
0.72, 8298556
1.14, 8226393
1.26, 8142603
1.26, 8135154
1.26, 8098733
1.26, 8080668
1.26, 8050769
1.26, 8022352
1.26, 7989898
1.27, 7980409
1.27, 7969113
1.27, 7954867
1.27, 7945734
1.27, 7917598
1.27, 7901848
1.27, 7879617
1.28, 7875138
1.28, 7770085
1.29, 7763136
1.3, 7660167
1.3, 7561648
1.3, 7534145
1.3, 7462798
1.3, 7425443
1.3, 7333533
1.32, 7306530
1.34, 7305378
1.34, 7113569
1.34, 7078939
1.34, 7062501
1.35, 6988713
1.35, 6932684
1.35, 6918772
1.35, 6917725
1.35, 6900955
1.36, 6831859
1.36, 6825470
1.36, 6745963
1.36, 6738210
1.36, 6593121
1.36, 6505153
1.36, 6472348
1.37, 6339444
1.37, 6220547
1.39, 6212596
1.39, 6133225
1.39, 6089927
1.39, 6086076
1.39, 6057716
1.39, 6050461
1.39, 6048045
1.39, 6007168
1.4, 5981329
1.4, 5928734
1.4, 5927624
1.4, 5883921
1.43, 5809249
1.43, 5793034
1.43, 5783540
1.43, 5732493
1.43, 5731287
1.43, 5656151
1.43, 5604423
1.43, 5574430
1.44, 5562626
1.44, 5530465
1.44, 5511866
1.44, 5501535
1.44, 5499312
1.44, 5447757
1.44, 5440560
1.44, 5406026
1.44, 5403532
1.44, 5369130
1.44, 5328550
1.45, 5311360
1.45, 5310326
1.45, 5285604
1.45, 5276160
1.46, 5260155
1.47, 5256543
1.47, 5253152
1.47, 5247157
1.47, 5246806
1.47, 5222440
1.47, 5212290
1.47, 5192334
1.47, 5171696
1.48, 5151414
1.48, 4984271
1.48, 4968569
1.48, 4936893
1.48, 4932706
1.48, 4909432
1.49, 4906555
1.49, 4774652
1.49, 4739149
1.49, 4706247
1.49, 4662224
1.49, 4554353
1.49, 4523907
1.49, 4461730
1.5, 4454953
1.5, 4450925
1.5, 4448845
1.5, 4392330
1.51, 4365793
1.51, 4347016
1.51, 4274980
1.51, 4266465
1.51, 4224433
1.51, 4175381
1.52, 4157128
1.52, 4156166
1.52, 4148220
1.52, 4140464
1.52, 4086716
1.52, 4061103
1.52, 4055466
1.52, 4041036
1.52, 4040998
1.52, 3940721
1.52, 3918664
1.53, 3854164
1.53, 3853571
1.53, 3845029
1.54, 3828293
1.54, 3815857
1.54, 3803212
1.54, 3788104
1.55, 3695098
1.56, 3662197
1.56, 3658575
1.56, 3653116
1.56, 3595336
1.56, 3590268
1.56, 3577767
1.56, 3565701
1.56, 3542471
1.56, 3426873
1.56, 3364679
1.56, 3288646
1.56, 3204328
1.56, 3160947
1.57, 3139430
1.57, 3108172
1.57, 3100243
1.57, 3059129
1.57, 3053345
1.57, 3023284
1.57, 2977563
1.57, 2968596
1.57, 2954191
1.57, 2936956
1.57, 2909929
1.57, 2817287
1.57, 2777291
1.57, 2762371
1.57, 2733127
1.57, 2708095
1.57, 2706529
1.58, 2701374
1.58, 2668804
1.58, 2642958
1.58, 2619091
1.58, 2597332
1.59, 2595982
1.59, 2569988
1.6, 2560180
1.6, 2509757
1.6, 2507016
1.61, 2480494
1.61, 2469623
1.61, 2466403
1.61, 2422680
1.62, 2411492
1.62, 2396964
1.62, 2382514
1.62, 2355448
1.62, 2344705
1.62, 2339659
1.62, 2324859
1.62, 2323795
1.62, 2307863
1.62, 2307347
1.62, 2306282
1.62, 2302629
1.62, 2292698
1.62, 2287317
1.62, 2237002
1.62, 2233973
1.62, 2233619
1.62, 2232981
1.62, 2231448
1.62, 2229204
1.62, 2210829
1.62, 2206338
1.62, 2203528
1.62, 2196626
1.62, 2195393
1.64, 2179687
1.64, 2175450
1.64, 2174511
1.64, 2173236
1.64, 2172847
1.64, 2172705
1.64, 2162765
1.64, 2157373
1.64, 2157221
1.65, 2156416
1.65, 2141524
1.65, 2103814
1.65, 2101901
1.65, 2079201
1.66, 2078520
1.66, 2069218
1.66, 2045509
1.66, 2034969
1.66, 2029669
1.66, 2029496
1.66, 2017471
1.66, 2016377
1.66, 2011269
1.68, 2010193
1.68, 2008963
1.69, 1996832
1.69, 1995382
1.7, 1990355
1.71, 1977526
1.71, 1975377
1.71, 1951057
1.71, 1942398
1.71, 1935775
1.71, 1935329
1.71, 1935112
1.71, 1933454
1.72, 1932577
1.72, 1931755
1.72, 1904719
1.72, 1902709
1.72, 1901901
1.75, 1887755
1.75, 1886457
1.76, 1878772
1.76, 1877064
1.76, 1876995
1.76, 1876224
1.79, 1851417
1.79, 1823670
1.8, 1813129
1.8, 1812819
1.8, 1810205
1.8, 1802405
1.8, 1770954
1.81, 1668175
1.82, 1667369
1.83, 1656668
1.84, 1646811
1.84, 1644019
1.84, 1632721
1.85, 1621146
1.85, 1619400
1.85, 1618896
1.85, 1618799
1.85, 1614992
1.85, 1613174
1.85, 1612051
1.85, 1602592
1.85, 1601677
1.85, 1599054
1.85, 1598956
1.85, 1596934
1.85, 1596176
1.85, 1594901
1.85, 1594533
1.87, 1593777
1.88, 1592877
1.88, 1590216
1.88, 1589622
1.88, 1584949
1.89, 1575103
1.89, 1574526
1.89, 1574491
1.9, 1570742
1.9, 1559272
1.9, 1554013
1.91, 1553883
1.91, 1521151
1.91, 1514880
1.92, 1507604
1.92, 1499084
1.92, 1488316
1.92, 1487945
1.92, 1483288
1.92, 1472713
1.92, 1453085
1.92, 1443876
1.92, 1435954
1.92, 1428904
1.92, 1428280
1.92, 1427802
1.92, 1423264
1.93, 1423151
1.93, 1422316
1.96, 1415223
1.96, 1413657
1.97, 1413653
1.97, 1413480
1.97, 1403959
1.97, 1402864
2.01, 1400098
2.02, 1395760
2.02, 1388669
2.02, 1386747
2.02, 1383948
2.02, 1383268
2.03, 1382926
2.03, 1382863
2.03, 1382723
2.03, 1382001
2.03, 1381806
2.03, 1380485
2.03, 1377240
2.03, 1376867
2.03, 1374658
2.04, 1374471
2.04, 1366314
2.05, 1365955
2.05, 1365319
2.05, 1365248
2.05, 1361687
2.05, 1361217
2.06, 1360740
2.06, 1360301
2.06, 1359345
2.07, 1358762
2.07, 1356939
2.07, 1356429
2.08, 1346229
2.08, 1339828
2.1, 1336884
2.1, 1336386
2.1, 1329287
2.1, 1308882
2.1, 1307390
2.1, 1300698
2.11, 1292606
2.11, 1291299
2.11, 1290929
2.12, 1290832
2.12, 1288078
2.12, 1287604
2.24, 1284080
2.24, 1282939
2.24, 1281555
2.24, 1280047
2.24, 1278362
2.24, 1276848
2.25, 1275702
2.25, 1275296
2.27, 1275089
2.27, 1274764
2.28, 1274453
2.3, 1273647
2.3, 1270192
2.3, 1270088
2.3, 1269024
2.31, 1268958
2.31, 1268520
2.43, 1267863
2.43, 1267861
2.5, 1267841
2.5, 1267587
2.62, 1267377
2.65, 1267347
2.66, 1267278
2.66, 1267025
2.67, 1266883
2.7, 1266832
2.81, 1266828
3.4, 1266500
