0.01, 8983676
0.45, 8811102
0.86, 8776434
0.97, 8764875
0.97, 8689670
1.03, 8514626
1.03, 8398366
1.14, 8379508
1.15, 8305067
1.15, 8221012
1.15, 8119968
1.15, 8019615
1.15, 8017996
1.15, 7955695
1.15, 7854290
1.15, 7773286
1.15, 7699045
1.15, 7644328
1.24, 7634085
1.24, 7622569
1.24, 7598732
1.24, 7464388
1.24, 7433111
1.3, 7383334
1.31, 7332395
1.31, 7270195
1.32, 7225112
1.32, 7115692
1.32, 7027469
1.33, 6958824
1.33, 6928119
1.33, 6797658
1.33, 6790358
1.33, 6743766
1.37, 6720300
1.38, 6714158
1.38, 6667125
1.38, 6659821
1.38, 6539349
1.38, 6414950
1.42, 6351295
1.42, 6305335
1.42, 6271029
1.42, 6262048
1.42, 6243247
1.42, 6223102
1.42, 6186602
1.42, 6154512
1.42, 6151521
1.42, 6142817
1.42, 6091117
1.42, 6073316
1.42, 6060649
1.42, 6039149
1.43, 6033037
1.43, 6024935
1.43, 6018836
1.43, 5997583
1.44, 5970557
1.44, 5955201
1.48, 5899735
1.48, 5851848
1.48, 5800732
1.48, 5799821
1.48, 5789161
1.48, 5784746
1.51, 5762189
1.51, 5754862
1.51, 5735441
1.51, 5660915
1.51, 5608273
1.51, 5505945
1.51, 5493374
1.51, 5419109
1.51, 5295235
1.51, 5246100
1.51, 5186402
1.51, 5116613
1.52, 5005842
1.52, 4887110
1.52, 4809550
1.52, 4790661
1.52, 4783039
1.52, 4728485
1.52, 4720657
1.52, 4717158
1.52, 4708487
1.52, 4708471
1.52, 4705127
1.53, 4704780
1.53, 4703493
1.53, 4701358
1.53, 4696267
1.53, 4692709
1.53, 4680610
1.53, 4675311
1.53, 4671265
1.53, 4653507
1.53, 4651186
1.53, 4650605
1.54, 4606704
1.54, 4604932
1.54, 4603304
1.54, 4602522
1.54, 4600871
1.54, 4593311
1.54, 4553789
1.55, 4491460
1.55, 4464786
1.55, 4454234
1.55, 4376241
1.56, 4372190
1.56, 4367154
1.57, 4351388
1.57, 4320419
1.57, 4316654
1.57, 4243855
1.57, 4243372
1.57, 4239846
1.57, 4192744
1.57, 4192497
1.57, 4190931
1.57, 4169491
1.57, 4076349
1.57, 4071122
1.57, 4068569
1.57, 4043959
1.57, 4013685
1.57, 4008373
1.57, 3975769
1.57, 3970175
1.58, 3964485
1.58, 3961209
1.58, 3797444
1.58, 3785735
1.58, 3784484
1.58, 3703382
1.59, 3682960
1.59, 3663129
1.59, 3640851
1.59, 3583930
1.59, 3568523
1.59, 3568204
1.59, 3521884
1.59, 3509742
1.59, 3504933
1.59, 3500470
1.6, 3430670
1.6, 3415420
1.6, 3413001
1.6, 3387993
1.6, 3379554
1.6, 3370539
1.6, 3354484
1.6, 3336212
1.6, 3319283
1.6, 3282314
1.6, 3254266
1.6, 3242325
1.6, 3204911
1.61, 3200049
1.61, 3199537
1.61, 3191400
1.61, 3174823
1.61, 3166070
1.61, 3158149
1.61, 3156495
1.61, 3156171
1.62, 3153553
1.62, 3152202
1.62, 3148327
1.63, 3141617
1.63, 3139974
1.63, 3139856
1.63, 3134875
1.63, 3134657
1.63, 3128274
1.63, 3118218
1.63, 3086976
1.63, 3084745
1.63, 3080548
1.63, 3077095
1.63, 3076906
1.63, 3048574
1.64, 3043731
1.65, 3042106
1.65, 3040128
1.65, 3029892
1.66, 3026012
1.67, 3022302
1.67, 2979748
1.68, 2960517
1.68, 2931545
1.68, 2929369
1.69, 2894219
1.69, 2889124
1.69, 2868211
1.69, 2866211
1.69, 2865672
1.69, 2864335
1.69, 2857507
1.69, 2856471
1.69, 2854593
1.69, 2846062
1.69, 2842906
1.7, 2842076
1.7, 2838556
1.7, 2835383
1.7, 2783912
1.7, 2744012
1.7, 2706635
1.7, 2701394
1.7, 2696490
1.7, 2690375
1.7, 2689979
1.7, 2661905
1.7, 2657482
1.7, 2648923
1.7, 2637656
1.7, 2601369
1.71, 2591203
1.71, 2571179
1.72, 2507016
1.72, 2460470
1.72, 2355906
1.73, 2354352
1.73, 2334507
1.73, 2313789
1.73, 2292179
1.73, 2241321
1.74, 2240901
1.74, 2239900
1.74, 2235309
1.74, 2220535
1.74, 2217086
1.74, 2180485
1.74, 2174478
1.75, 2174261
1.75, 2172970
1.75, 2170333
1.75, 2169756
1.75, 2158690
1.75, 2158128
1.75, 2157794
1.75, 2149435
1.76, 2130458
1.76, 2118325
1.76, 2114950
1.76, 2113322
1.76, 2111764
1.76, 2111197
1.77, 2108470
1.77, 2107084
1.77, 2107077
1.77, 2106467
1.77, 2103617
1.77, 2102354
1.77, 2093053
1.77, 2065794
1.77, 2061922
1.77, 2059763
1.77, 2053863
1.77, 2053148
1.78, 2052053
1.78, 2028415
1.78, 2019002
1.78, 2009748
1.79, 2005831
1.79, 1994989
1.8, 1989507
1.81, 1989284
1.81, 1987530
1.81, 1981917
1.81, 1979735
1.81, 1979244
1.81, 1977018
1.82, 1976743
1.82, 1970517
1.82, 1930715
1.83, 1930116
1.83, 1904847
1.84, 1886200
1.84, 1875472
1.84, 1873732
1.84, 1839388
1.84, 1839246
1.86, 1833163
1.86, 1833061
1.86, 1832904
1.86, 1830900
1.87, 1817625
1.88, 1804848
1.88, 1778278
1.88, 1771078
1.88, 1763145
1.88, 1757587
1.89, 1757190
1.89, 1740272
1.89, 1735208
1.89, 1724440
1.89, 1715483
1.89, 1705878
1.89, 1697826
1.89, 1697202
1.89, 1695911
1.89, 1695721
1.89, 1694452
1.94, 1694333
1.95, 1693293
1.95, 1683244
1.95, 1670868
1.95, 1667566
1.96, 1664153
1.97, 1651196
1.97, 1643175
1.98, 1633025
1.98, 1626982
1.98, 1626369
1.98, 1616661
1.98, 1614870
1.98, 1607395
1.98, 1590799
1.98, 1586508
1.99, 1586470
1.99, 1585640
1.99, 1585416
1.99, 1580925
1.99, 1569111
1.99, 1558441
1.99, 1557927
1.99, 1556391
1.99, 1556235
1.99, 1555510
2.0, 1555333
2.0, 1555079
2.0, 1554952
2.0, 1554789
2.0, 1554228
2.01, 1547013
2.01, 1538168
2.01, 1532888
2.01, 1523524
2.01, 1519336
2.01, 1517326
2.01, 1514437
2.01, 1512886
2.01, 1512838
2.01, 1506962
2.01, 1504985
2.02, 1504656
2.02, 1503205
2.02, 1498710
2.03, 1497231
2.03, 1495607
2.03, 1494104
2.03, 1493814
2.03, 1493686
2.03, 1492811
2.03, 1492173
2.03, 1491924
2.03, 1491114
2.04, 1479839
2.05, 1476632
2.05, 1476512
2.05, 1434048
2.05, 1432467
2.05, 1400008
2.06, 1387346
2.08, 1376473
2.08, 1372855
2.08, 1368693
2.08, 1363145
2.08, 1360800
2.08, 1354046
2.08, 1349077
2.08, 1348192
2.09, 1348141
2.1, 1346029
2.15, 1343242
2.15, 1341094
2.15, 1339911
2.17, 1338032
2.17, 1335602
2.18, 1325014
2.19, 1322929
2.2, 1315739
2.2, 1311171
2.2, 1310739
2.22, 1310674
2.23, 1308356
2.24, 1307674
2.26, 1307532
2.26, 1306726
2.26, 1306127
2.27, 1306052
2.27, 1301278
2.29, 1300913
2.29, 1300078
2.36, 1291235
2.38, 1290612
2.39, 1290103
2.39, 1286915
2.47, 1286864
