0.01, 10905691
0.01, 10767055
0.01, 10745265
0.01, 10717464
0.01, 10592254
0.01, 10563140
0.01, 10546082
0.01, 10527089
0.01, 10281428
0.01, 10237774
0.01, 10224463
0.01, 10164410
0.01, 10017430
0.01, 10005773
0.01, 9929414
0.01, 9917455
0.01, 9673095
0.01, 9478523
0.03, 9472714
0.03, 9461302
0.03, 9452114
0.03, 9369309
0.07, 9323256
0.07, 9220272
0.08, 9140733
0.08, 9063047
0.62, 8983623
0.77, 8976552
0.77, 8954287
0.77, 8825000
0.77, 8795457
0.77, 8687238
0.77, 8669820
0.98, 8642070
0.98, 8639774
0.98, 8595938
1.03, 8575264
1.03, 8283480
1.08, 8243501
1.08, 8234220
1.08, 8140281
1.26, 8076241
1.26, 8058300
1.26, 7993335
1.3, 7853936
1.3, 7806231
1.3, 7804777
1.3, 7775100
1.3, 7687804
1.3, 7651187
1.31, 7463841
1.31, 7348014
1.31, 7347963
1.31, 7338489
1.32, 7197383
1.32, 7190266
1.32, 7144741
1.32, 7107397
1.32, 7101669
1.32, 7066784
1.32, 7056065
1.32, 6971813
1.36, 6913067
1.36, 6761167
1.36, 6751274
1.36, 6609857
1.36, 6579970
1.36, 6578130
1.36, 6574399
1.36, 6573115
1.36, 6534297
1.36, 6527343
1.36, 6506417
1.36, 6489335
1.36, 6387443
1.36, 6361399
1.36, 6299225
1.37, 6276535
1.37, 6252750
1.37, 6246649
1.37, 6185148
1.39, 6152279
1.39, 6026880
1.39, 5949529
1.39, 5897426
1.4, 5853255
1.4, 5836393
1.4, 5835493
1.4, 5830920
1.4, 5822328
1.4, 5805167
1.4, 5773247
1.4, 5770594
1.4, 5709171
1.4, 5696095
1.4, 5692141
1.4, 5686193
1.4, 5684879
1.4, 5682681
1.4, 5673610
1.4, 5672100
1.4, 5630823
1.4, 5629768
1.4, 5628834
1.4, 5623942
1.41, 5573948
1.41, 5563178
1.41, 5484280
1.41, 5440904
1.44, 5440899
1.44, 5352947
1.44, 5313337
1.44, 5306553
1.44, 5266384
1.44, 5181898
1.44, 5176444
1.45, 5161343
1.45, 5148175
1.45, 5146479
1.45, 5127259
1.45, 5107736
1.48, 5093239
1.48, 5032896
1.49, 5017859
1.49, 5015455
1.49, 5001151
1.49, 4998766
1.49, 4994288
1.49, 4902438
1.49, 4896888
1.49, 4888387
1.52, 4831194
1.52, 4809843
1.52, 4761375
1.52, 4742115
1.52, 4683888
1.52, 4682364
1.52, 4579178
1.52, 4513453
1.53, 4509161
1.53, 4496315
1.53, 4490024
1.54, 4452684
1.54, 4446986
1.54, 4446913
1.54, 4400909
1.54, 4400905
1.54, 4397644
1.55, 4392836
1.55, 4367169
1.55, 4348146
1.55, 4334558
1.55, 4295838
1.55, 4265451
1.55, 4231754
1.55, 4227818
1.55, 4162080
1.55, 4131918
1.55, 4097725
1.55, 3966060
1.55, 3946527
1.55, 3895252
1.55, 3889309
1.55, 3817807
1.55, 3803644
1.55, 3795036
1.55, 3783771
1.56, 3738969
1.56, 3703693
1.56, 3699197
1.56, 3693490
1.56, 3675137
1.56, 3669984
1.56, 3656688
1.56, 3653754
1.56, 3634640
1.56, 3611901
1.56, 3608816
1.56, 3608124
1.56, 3594670
1.57, 3580365
1.57, 3544447
1.57, 3517575
1.57, 3485662
1.57, 3469559
1.57, 3458024
1.57, 3453551
1.57, 3419207
1.58, 3406424
1.58, 3383830
1.58, 3338888
1.58, 3318641
1.58, 3290679
1.58, 3255511
1.58, 3172524
1.59, 3104741
1.59, 3094591
1.59, 3044444
1.59, 3027830
1.59, 3025233
1.59, 2981330
1.6, 2956309
1.6, 2937323
1.6, 2935082
1.6, 2906240
1.6, 2900108
1.6, 2879065
1.6, 2812540
1.6, 2780210
1.6, 2766082
1.6, 2746579
1.61, 2707469
1.61, 2687692
1.61, 2680931
1.61, 2662132
1.61, 2646556
1.61, 2622512
1.65, 2593220
1.65, 2592815
1.65, 2592789
1.65, 2592359
1.65, 2590426
1.66, 2569423
1.66, 2565103
1.66, 2554906
1.66, 2511744
1.66, 2497030
1.66, 2494182
1.66, 2488137
1.66, 2481768
1.67, 2476045
1.67, 2448758
1.68, 2376021
1.68, 2367329
1.68, 2324678
1.68, 2301144
1.68, 2301110
1.68, 2284475
1.68, 2266020
1.68, 2255046
1.68, 2224206
1.69, 2223801
1.69, 2222929
1.69, 2214593
1.69, 2212198
1.69, 2201666
1.69, 2201548
1.69, 2200822
1.69, 2200325
1.69, 2191436
1.71, 2114352
1.73, 2105871
1.73, 2092302
1.73, 2087060
1.73, 2049439
1.73, 2039918
1.75, 2026619
1.75, 2015236
1.76, 2010508
1.76, 1983742
1.76, 1983691
1.76, 1962904
1.76, 1962817
1.76, 1953126
1.77, 1952804
1.77, 1948460
1.77, 1924158
1.77, 1918774
1.77, 1915370
1.77, 1902033
1.77, 1896678
1.77, 1893663
1.77, 1889752
1.77, 1889172
1.77, 1888980
1.77, 1888817
1.77, 1881611
1.78, 1873271
1.78, 1807790
1.79, 1804697
1.79, 1802622
1.79, 1789818
1.79, 1789012
1.8, 1788893
1.8, 1778334
1.82, 1767161
1.82, 1742621
1.82, 1728836
1.82, 1712792
1.82, 1710277
1.82, 1708941
1.82, 1707017
1.82, 1704622
1.82, 1701533
1.82, 1697172
1.82, 1694612
1.82, 1690733
1.82, 1679749
1.82, 1678341
1.82, 1678236
1.83, 1677078
1.83, 1674574
1.83, 1672863
1.83, 1672249
1.83, 1664479
1.84, 1663611
1.85, 1659502
1.85, 1658575
1.87, 1657792
1.87, 1655711
1.87, 1655134
1.87, 1645866
1.87, 1644909
1.87, 1639820
1.87, 1603013
1.87, 1593969
1.88, 1574444
1.88, 1558149
1.88, 1552278
1.88, 1551622
1.88, 1544531
1.88, 1544248
1.89, 1544106
1.89, 1544096
1.9, 1538019
1.9, 1531095
1.91, 1530699
1.91, 1522588
1.92, 1518296
1.92, 1496878
1.92, 1495012
1.94, 1490418
1.94, 1443399
1.96, 1440749
1.96, 1437357
1.96, 1416819
1.98, 1413847
1.98, 1401995
1.98, 1400767
1.98, 1399313
1.98, 1398083
1.98, 1393168
1.99, 1392694
1.99, 1392337
1.99, 1389092
1.99, 1388842
1.99, 1384272
1.99, 1383810
1.99, 1383317
1.99, 1378211
1.99, 1376777
2.0, 1376141
2.01, 1372655
2.02, 1372377
2.02, 1369475
2.02, 1369384
2.02, 1367758
2.02, 1366140
2.03, 1363794
2.03, 1363527
2.04, 1349301
2.04, 1335679
2.04, 1318104
2.06, 1317962
2.07, 1316943
2.07, 1316895
2.07, 1314756
2.07, 1314513
2.07, 1314100
2.08, 1313628
2.09, 1304807
2.1, 1283347
2.1, 1264707
2.18, 1264407
2.19, 1262716
2.19, 1262098
2.2, 1262094
2.2, 1261888
2.2, 1261469
2.2, 1261158
2.21, 1259799
2.21, 1259109
2.23, 1258890
2.23, 1258872
2.24, 1258458
2.24, 1257780
2.24, 1256750
2.26, 1256086
2.26, 1250046
2.26, 1249763
2.27, 1249608
2.27, 1249528
2.33, 1249386
2.42, 1240850
2.42, 1233579
2.44, 1232773
2.56, 1229877
2.56, 1229027
2.57, 1228673
2.61, 1228608
2.8, 1226447
2.81, 1224609
2.95, 1221677
2.95, 1210838
