0.01, 10638709
0.01, 10638466
0.01, 10637675
0.01, 10513857
0.01, 10474086
0.01, 10369286
0.01, 10241721
0.01, 10146257
0.01, 10043993
0.01, 10042477
0.01, 9992471
0.01, 9981876
0.02, 9966482
0.02, 9958406
0.02, 9942452
0.02, 9737337
0.04, 9732057
0.07, 9714434
0.07, 9710598
0.07, 9663384
0.07, 9600491
0.07, 9574182
0.07, 9546140
0.13, 9528341
0.13, 9526118
0.13, 9488846
0.13, 9441444
0.17, 9213423
0.17, 9155051
0.24, 9131282
0.24, 9107417
0.27, 9050981
0.27, 9047452
0.28, 9046921
0.28, 8990544
0.28, 8889762
0.28, 8804882
0.28, 8792352
0.28, 8750085
0.77, 8615411
0.77, 8598859
0.77, 8497151
0.77, 8438385
1.19, 8421275
1.19, 8352648
1.21, 8345200
1.22, 8249621
1.22, 8198959
1.22, 8164027
1.22, 8033728
1.22, 7988988
1.22, 7941950
1.22, 7840277
1.22, 7603568
1.22, 7561141
1.22, 7536144
1.27, 7470162
1.28, 7343892
1.28, 7302685
1.28, 7277528
1.28, 7233664
1.28, 7149478
1.32, 7058018
1.32, 6953395
1.32, 6906552
1.32, 6826271
1.33, 6812622
1.33, 6658085
1.34, 6558652
1.34, 6511103
1.4, 6382316
1.4, 6351735
1.42, 6340069
1.42, 6335705
1.42, 6335053
1.42, 6209603
1.42, 6125868
1.42, 6063684
1.42, 5922762
1.42, 5554073
1.43, 5536846
1.43, 5512290
1.43, 5488916
1.43, 5487734
1.43, 5409089
1.43, 5370679
1.43, 5357161
1.43, 5346116
1.43, 5282781
1.43, 5248977
1.43, 5189504
1.43, 5148450
1.43, 5133671
1.43, 5122247
1.43, 5115243
1.43, 5115109
1.43, 5096490
1.43, 5088152
1.43, 5070592
1.44, 4984750
1.44, 4894972
1.44, 4866519
1.44, 4803994
1.44, 4793122
1.44, 4742648
1.46, 4731490
1.46, 4652283
1.46, 4633608
1.46, 4555968
1.46, 4537462
1.47, 4534250
1.47, 4509152
1.47, 4464055
1.47, 4451263
1.47, 4439067
1.47, 4321850
1.47, 4269182
1.47, 4171331
1.47, 4154924
1.47, 4119191
1.47, 4052214
1.47, 4043333
1.47, 4010451
1.47, 4006306
1.47, 3936375
1.47, 3905896
1.47, 3889071
1.47, 3885675
1.48, 3859462
1.48, 3844248
1.48, 3837454
1.49, 3818201
1.49, 3798153
1.49, 3777820
1.49, 3765381
1.49, 3727944
1.49, 3706295
1.49, 3697703
1.49, 3676413
1.49, 3651400
1.5, 3649037
1.5, 3643930
1.5, 3634405
1.5, 3589121
1.5, 3579952
1.5, 3575315
1.5, 3572495
1.5, 3571980
1.5, 3556466
1.5, 3535684
1.5, 3504951
1.5, 3496376
1.5, 3406814
1.5, 3393506
1.5, 3347092
1.5, 3336596
1.5, 3298571
1.51, 3278077
1.51, 3174707
1.51, 3125709
1.51, 3115382
1.51, 3078749
1.51, 3077666
1.51, 3055479
1.51, 3054928
1.52, 3051256
1.52, 3045095
1.52, 3022070
1.54, 3018777
1.54, 3018175
1.54, 3008868
1.56, 2966960
1.56, 2962764
1.56, 2962693
1.56, 2961406
1.6, 2920910
1.6, 2897922
1.6, 2881517
1.6, 2875777
1.6, 2841126
1.6, 2816828
1.6, 2781138
1.61, 2735888
1.61, 2711390
1.61, 2709424
1.61, 2697026
1.62, 2679810
1.62, 2667805
1.62, 2667380
1.62, 2660405
1.62, 2657983
1.62, 2652960
1.62, 2652078
1.63, 2650282
1.63, 2645117
1.63, 2645115
1.63, 2644785
1.64, 2602176
1.64, 2586052
1.64, 2576941
1.64, 2567830
1.64, 2553997
1.65, 2520339
1.65, 2517973
1.65, 2491725
1.65, 2447092
1.65, 2426987
1.66, 2385032
1.66, 2323924
1.67, 2291561
1.67, 2289392
1.68, 2227627
1.68, 2222304
1.69, 2218490
1.69, 2217594
1.69, 2212356
1.69, 2195135
1.69, 2181006
1.69, 2169276
1.69, 2125644
1.69, 2123736
1.69, 2112805
1.69, 2097826
1.7, 2072445
1.7, 2071404
1.7, 2071130
1.7, 2061779
1.7, 2060142
1.7, 2055088
1.7, 2047555
1.7, 2043731
1.7, 2034662
1.7, 2031032
1.7, 2026883
1.7, 2015380
1.7, 2014933
1.7, 2012317
1.7, 2011026
1.71, 2010220
1.71, 2009727
1.71, 2007099
1.71, 2006961
1.71, 2004841
1.71, 2000706
1.73, 1996015
1.74, 1995768
1.74, 1993272
1.76, 1991358
1.77, 1985816
1.77, 1964202
1.77, 1959298
1.77, 1957247
1.77, 1949289
1.77, 1948833
1.77, 1945422
1.78, 1934641
1.78, 1930078
1.78, 1928589
1.78, 1895948
1.79, 1894982
1.79, 1887714
1.79, 1882439
1.79, 1837265
1.79, 1836148
1.79, 1835032
1.79, 1803543
1.8, 1801263
1.8, 1763654
1.8, 1736745
1.8, 1705455
1.8, 1703654
1.81, 1699728
1.81, 1692774
1.81, 1684763
1.81, 1647779
1.81, 1646973
1.81, 1644472
1.81, 1622144
1.81, 1597998
1.81, 1581404
1.82, 1535344
1.82, 1528456
1.82, 1516973
1.82, 1472565
1.82, 1471432
1.82, 1455235
1.82, 1446715
1.82, 1432581
1.82, 1432467
1.82, 1422945
1.82, 1422496
1.82, 1420787
1.82, 1419700
1.84, 1417891
1.85, 1416835
1.9, 1416544
1.9, 1415292
1.93, 1413148
1.94, 1399774
1.95, 1390843
1.95, 1390037
1.96, 1389895
1.99, 1388284
1.99, 1384720
1.99, 1383341
1.99, 1378385
1.99, 1373766
1.99, 1373130
2.0, 1372653
2.0, 1372173
2.0, 1367603
2.0, 1367186
2.0, 1367059
2.0, 1365927
2.0, 1364075
2.0, 1363723
2.0, 1363681
2.01, 1360898
2.01, 1360065
2.01, 1358488
2.01, 1356619
2.01, 1356598
2.01, 1356057
2.01, 1355614
2.02, 1355142
2.02, 1353323
2.02, 1352604
2.02, 1352498
2.02, 1342310
2.02, 1340673
2.02, 1311221
2.02, 1305307
2.02, 1304866
2.02, 1294737
2.02, 1290518
2.02, 1279679
2.03, 1276795
2.03, 1276133
2.04, 1275887
2.04, 1247171
2.12, 1246650
2.12, 1246030
2.12, 1245881
2.13, 1245692
2.13, 1244115
2.14, 1243910
2.15, 1243511
2.16, 1243420
2.16, 1243394
2.16, 1243011
2.16, 1242479
2.17, 1241018
2.22, 1240621
2.22, 1239619
2.22, 1239078
2.22, 1238974
2.22, 1237910
2.23, 1225523
2.23, 1225203
2.29, 1225027
2.39, 1224832
2.39, 1224058
2.39, 1223772
2.39, 1218974
2.41, 1218909
2.41, 1218414
2.41, 1218244
2.41, 1216789
2.43, 1216647
2.43, 1211326
2.45, 1209955
2.55, 1207083
