0.01, 10268612
0.01, 10075176
0.01, 10048892
0.01, 9771933
0.01, 9666459
0.01, 9641403
0.01, 9535467
0.05, 9523699
0.05, 9306853
0.05, 9261301
0.05, 9111227
0.05, 9078944
0.05, 8975520
0.57, 8894328
1.0, 8866858
1.0, 8834756
1.0, 8833852
1.0, 8587744
1.11, 8507497
1.11, 8470847
1.12, 8368747
1.12, 8138261
1.12, 8133158
1.12, 8128319
1.13, 7947773
1.13, 7853360
1.13, 7591121
1.13, 7521249
1.13, 7494833
1.34, 7421216
1.34, 7417637
1.34, 7222333
1.34, 7209868
1.34, 7206519
1.34, 7205773
1.34, 7104067
1.34, 7083904
1.34, 6982579
1.34, 6961471
1.34, 6893487
1.37, 6892782
1.37, 6848220
1.37, 6841617
1.37, 6786216
1.38, 6751187
1.38, 6747553
1.38, 6600119
1.38, 6596908
1.38, 6594480
1.39, 6584339
1.39, 6460102
1.39, 6439000
1.39, 6417984
1.39, 6417187
1.39, 6405243
1.4, 6384950
1.4, 6383974
1.4, 6359275
1.4, 6271480
1.4, 6228415
1.4, 6197986
1.43, 6193341
1.43, 6167466
1.43, 6116984
1.43, 6075294
1.43, 6029383
1.43, 5990462
1.43, 5986299
1.43, 5985210
1.43, 5983760
1.43, 5960039
1.43, 5906626
1.44, 5813889
1.44, 5806798
1.44, 5795340
1.44, 5737545
1.44, 5700470
1.44, 5695634
1.44, 5692389
1.44, 5684155
1.44, 5670901
1.45, 5659117
1.45, 5648604
1.47, 5569082
1.47, 5537596
1.47, 5537303
1.47, 5525605
1.48, 5482632
1.48, 5333672
1.48, 5328596
1.48, 5299009
1.49, 5234386
1.49, 5230831
1.49, 5209644
1.49, 5208054
1.49, 5190643
1.49, 5142557
1.5, 4893307
1.5, 4889698
1.5, 4885961
1.5, 4882365
1.51, 4848954
1.51, 4839066
1.51, 4816808
1.51, 4763138
1.51, 4761468
1.51, 4728614
1.51, 4717633
1.51, 4655148
1.51, 4551867
1.51, 4520293
1.51, 4501787
1.51, 4439808
1.51, 4432555
1.51, 4396477
1.51, 4383468
1.51, 4364012
1.51, 4342757
1.51, 4329686
1.51, 4299510
1.52, 4252098
1.52, 4184288
1.52, 4176708
1.52, 4168054
1.52, 4162650
1.52, 4155668
1.52, 4151436
1.52, 4080296
1.52, 4068158
1.52, 3974665
1.52, 3952691
1.52, 3926589
1.52, 3925005
1.52, 3886294
1.52, 3884439
1.52, 3879452
1.52, 3791606
1.52, 3783792
1.52, 3778423
1.53, 3765998
1.54, 3689356
1.55, 3668172
1.57, 3663141
1.57, 3660749
1.57, 3658235
1.57, 3646602
1.57, 3636609
1.57, 3584228
1.57, 3581798
1.57, 3541763
1.58, 3516911
1.58, 3499170
1.58, 3473307
1.58, 3459163
1.58, 3441707
1.58, 3415573
1.58, 3411551
1.58, 3368730
1.58, 3364632
1.58, 3357845
1.58, 3346574
1.58, 3321757
1.58, 3317690
1.58, 3309317
1.58, 3301407
1.58, 3293495
1.58, 3293178
1.58, 3260119
1.58, 3205542
1.58, 3187758
1.58, 3178949
1.58, 3166500
1.58, 3160444
1.59, 3148179
1.59, 3105659
1.59, 3095313
1.59, 3085982
1.59, 3068874
1.59, 3050156
1.59, 3028198
1.59, 3005229
1.59, 2991099
1.59, 2987444
1.59, 2984705
1.59, 2964334
1.59, 2937688
1.59, 2934448
1.6, 2932929
1.6, 2927251
1.6, 2919627
1.6, 2901029
1.61, 2870467
1.61, 2870355
1.61, 2860274
1.61, 2834564
1.61, 2832961
1.61, 2826901
1.61, 2817719
1.61, 2803787
1.61, 2794286
1.61, 2711536
1.61, 2710165
1.61, 2651992
1.62, 2618726
1.62, 2617076
1.62, 2583398
1.62, 2578997
1.62, 2549912
1.63, 2546115
1.63, 2517784
1.63, 2471849
1.63, 2400738
1.64, 2348084
1.64, 2338781
1.64, 2297956
1.64, 2296627
1.64, 2233838
1.65, 2220391
1.65, 2197806
1.65, 2193957
1.65, 2193315
1.66, 2190225
1.66, 2187766
1.66, 2185614
1.66, 2181962
1.66, 2178690
1.66, 2177694
1.66, 2173329
1.66, 2171149
1.66, 2165510
1.66, 2164959
1.66, 2164272
1.66, 2163858
1.66, 2163636
1.66, 2155034
1.67, 2149915
1.67, 2149374
1.67, 2143538
1.69, 2101061
1.69, 2068001
1.69, 2052619
1.69, 2046591
1.69, 2045305
1.69, 2031672
1.69, 2030944
1.69, 2030517
1.69, 2030355
1.69, 2029861
1.7, 2028339
1.71, 1958268
1.71, 1937669
1.77, 1933684
1.79, 1933517
1.79, 1928560
1.79, 1922841
1.8, 1918753
1.8, 1911108
1.8, 1910144
1.8, 1908022
1.8, 1906124
1.8, 1901245
1.8, 1899110
1.8, 1894372
1.8, 1891708
1.8, 1891444
1.8, 1879184
1.81, 1878619
1.81, 1864883
1.81, 1864300
1.81, 1860832
1.81, 1856615
1.82, 1854096
1.82, 1852800
1.82, 1852756
1.82, 1849260
1.82, 1847873
1.82, 1840498
1.83, 1838232
1.85, 1822101
1.85, 1817561
1.86, 1787231
1.86, 1776528
1.86, 1768609
1.86, 1765203
1.86, 1759996
1.86, 1673704
1.86, 1671560
1.87, 1667437
1.87, 1662066
1.87, 1602169
1.87, 1583600
1.87, 1499238
1.87, 1483612
1.87, 1483375
1.87, 1480396
1.87, 1459368
1.87, 1424820
1.87, 1407035
1.87, 1406619
1.88, 1398335
1.88, 1395711
1.88, 1385380
1.88, 1383552
1.88, 1370255
1.88, 1369593
1.88, 1369314
1.88, 1368586
1.92, 1368512
1.94, 1365966
1.95, 1365874
1.95, 1353977
1.95, 1346777
1.98, 1344707
1.98, 1343969
1.98, 1342375
1.98, 1341269
1.99, 1333838
1.99, 1332928
1.99, 1313083
1.99, 1312933
2.0, 1303623
2.01, 1302074
2.01, 1293283
2.01, 1290730
2.01, 1290712
2.01, 1288218
2.01, 1287691
2.02, 1285444
2.02, 1284696
2.02, 1283282
2.02, 1282788
2.02, 1282382
2.02, 1281551
2.02, 1279903
2.02, 1279695
2.02, 1277568
2.02, 1276778
2.02, 1274828
2.03, 1271963
2.03, 1268138
2.03, 1268070
2.03, 1268058
2.05, 1254949
2.05, 1253421
2.05, 1251662
2.07, 1251205
2.07, 1251053
2.07, 1250571
2.18, 1249816
2.18, 1249068
2.2, 1248794
2.2, 1247945
2.21, 1247212
2.22, 1245263
2.23, 1239814
2.23, 1233581
2.24, 1231155
2.25, 1230349
2.29, 1229830
2.35, 1229381
2.37, 1229206
2.38, 1229078
2.38, 1227965
2.38, 1227679
2.38, 1227273
2.38, 1227156
2.38, 1225712
2.39, 1225507
2.4, 1225300
2.4, 1223113
2.41, 1222615
2.45, 1222391
2.45, 1221657
2.47, 1221183
2.59, 1219665
2.59, 1218718
