0.01, 10672370
0.01, 10667947
0.01, 10523739
0.01, 10455926
0.01, 10359217
0.01, 10224927
0.01, 10214783
0.01, 10158234
0.01, 9895935
0.01, 9722100
0.01, 9581112
0.01, 9446583
0.01, 9442660
0.01, 9432094
0.01, 9400046
0.01, 9359589
0.02, 9357873
0.02, 9098001
0.03, 9075384
0.03, 8999727
0.04, 8857712
0.04, 8784696
0.04, 8641543
0.11, 8613693
0.98, 8581952
1.02, 8576863
1.02, 8556132
1.02, 8542879
1.02, 8541940
1.02, 8521346
1.15, 8488273
1.15, 8468544
1.15, 8433072
1.15, 8412732
1.15, 8327890
1.15, 8306772
1.15, 8297654
1.15, 8269966
1.15, 8191549
1.17, 8130455
1.33, 8057869
1.33, 8045688
1.33, 8035457
1.33, 7998730
1.33, 7837604
1.33, 7826280
1.33, 7756009
1.34, 7735759
1.34, 7723414
1.34, 7697280
1.34, 7693212
1.34, 7689870
1.34, 7663409
1.34, 7660487
1.34, 7611818
1.34, 7583244
1.34, 7560544
1.34, 7537298
1.34, 7410456
1.34, 7359016
1.34, 7357799
1.34, 7354840
1.34, 7352785
1.34, 7320381
1.34, 7274437
1.34, 7258940
1.34, 7249465
1.34, 7206161
1.34, 7125711
1.34, 7019679
1.34, 7014366
1.36, 6892779
1.37, 6850117
1.37, 6845103
1.37, 6803159
1.37, 6798529
1.37, 6753001
1.37, 6693435
1.37, 6657485
1.37, 6652252
1.37, 6621392
1.37, 6621005
1.37, 6424275
1.37, 6396301
1.37, 6306944
1.37, 6140798
1.37, 6135717
1.37, 6094699
1.37, 6080375
1.38, 5980623
1.38, 5967110
1.38, 5923961
1.38, 5922383
1.38, 5871137
1.38, 5850699
1.39, 5837771
1.39, 5831405
1.39, 5789716
1.39, 5770788
1.39, 5759480
1.39, 5757866
1.39, 5720361
1.4, 5703975
1.4, 5642450
1.4, 5606062
1.4, 5527458
1.4, 5472162
1.4, 5449796
1.4, 5447190
1.4, 5353821
1.4, 5343313
1.4, 5337929
1.4, 5264670
1.4, 5243060
1.4, 5185953
1.4, 5095480
1.4, 5068291
1.41, 5056996
1.41, 4987455
1.41, 4953335
1.41, 4948493
1.41, 4925567
1.43, 4898706
1.44, 4893889
1.44, 4880297
1.44, 4865643
1.44, 4859278
1.44, 4857435
1.44, 4855161
1.44, 4843857
1.44, 4822404
1.44, 4821443
1.44, 4819054
1.44, 4817688
1.44, 4813973
1.44, 4738330
1.44, 4737220
1.44, 4729230
1.44, 4729224
1.44, 4727501
1.44, 4721281
1.44, 4719108
1.44, 4605676
1.44, 4588927
1.44, 4574422
1.44, 4514520
1.45, 4503952
1.45, 4503630
1.45, 4483877
1.45, 4474909
1.45, 4464505
1.45, 4431270
1.45, 4420669
1.45, 4390105
1.45, 4371497
1.46, 4344871
1.46, 4344622
1.46, 4322805
1.47, 4238768
1.47, 4196819
1.47, 4141254
1.47, 4116797
1.48, 4111964
1.48, 4109278
1.51, 4103799
1.51, 4091571
1.51, 4067870
1.51, 3977932
1.51, 3957854
1.53, 3955816
1.53, 3942007
1.53, 3922300
1.53, 3914685
1.53, 3905089
1.54, 3904605
1.54, 3807915
1.54, 3807632
1.54, 3800242
1.54, 3791210
1.55, 3774761
1.55, 3758690
1.55, 3749649
1.56, 3718076
1.56, 3686021
1.56, 3655617
1.56, 3654551
1.56, 3653587
1.56, 3648242
1.56, 3647112
1.56, 3630488
1.56, 3623409
1.56, 3573816
1.56, 3561595
1.56, 3542326
1.56, 3539214
1.56, 3499898
1.56, 3469355
1.57, 3453284
1.57, 3437583
1.57, 3425412
1.57, 3393308
1.57, 3391580
1.57, 3371537
1.57, 3368172
1.57, 3290109
1.57, 3271914
1.57, 3224630
1.57, 3151606
1.57, 3084209
1.57, 3054897
1.58, 3054128
1.58, 3048103
1.58, 3046098
1.58, 3026220
1.59, 3020053
1.59, 2987412
1.59, 2941708
1.6, 2940225
1.6, 2906109
1.6, 2901459
1.6, 2875477
1.6, 2861001
1.6, 2825749
1.6, 2815900
1.6, 2814435
1.6, 2813090
1.6, 2812429
1.6, 2802944
1.6, 2787212
1.61, 2762856
1.61, 2753595
1.61, 2714006
1.61, 2710109
1.61, 2698817
1.61, 2697616
1.61, 2693086
1.62, 2671190
1.62, 2669483
1.62, 2662396
1.62, 2644047
1.62, 2632489
1.62, 2632223
1.62, 2629712
1.62, 2603064
1.62, 2602044
1.62, 2574168
1.62, 2561397
1.63, 2547687
1.64, 2545411
1.64, 2544481
1.64, 2539862
1.64, 2538544
1.64, 2529422
1.64, 2525990
1.64, 2522712
1.64, 2519103
1.64, 2509356
1.69, 2501435
1.69, 2487638
1.69, 2474006
1.69, 2459836
1.69, 2448090
1.69, 2446451
1.7, 2430238
1.7, 2406991
1.7, 2345534
1.7, 2336025
1.7, 2330355
1.7, 2308388
1.7, 2302983
1.7, 2271222
1.7, 2241950
1.7, 2212314
1.71, 2201232
1.71, 2187309
1.71, 2180430
1.71, 2172215
1.71, 2169738
1.71, 2152857
1.71, 2135362
1.72, 2119489
1.73, 2118026
1.73, 2100520
1.73, 2098748
1.73, 2081140
1.74, 2076648
1.74, 2058301
1.77, 2041836
1.77, 2013591
1.77, 2013374
1.77, 2004876
1.79, 1996539
1.79, 1982634
1.79, 1972563
1.8, 1959140
1.8, 1945470
1.8, 1943792
1.8, 1940136
1.8, 1938553
1.8, 1936041
1.8, 1926155
1.81, 1917591
1.81, 1899645
1.81, 1855884
1.81, 1809861
1.81, 1808490
1.83, 1744071
1.83, 1724054
1.83, 1723418
1.85, 1714238
1.85, 1709145
1.85, 1704725
1.85, 1699036
1.85, 1680898
1.85, 1678841
1.85, 1666938
1.85, 1666225
1.85, 1663313
1.85, 1659879
1.85, 1653908
1.85, 1653468
1.85, 1650904
1.85, 1650639
1.85, 1650360
1.85, 1647064
1.85, 1645352
1.85, 1645278
1.85, 1643919
1.86, 1640760
1.86, 1640505
1.86, 1638714
1.86, 1637185
1.86, 1631933
1.86, 1628340
1.86, 1628040
1.86, 1616496
1.86, 1607883
1.87, 1607550
1.87, 1607487
1.87, 1605798
1.87, 1602734
1.87, 1599057
1.87, 1598120
1.87, 1597990
1.87, 1596143
1.87, 1596006
1.88, 1595935
1.88, 1593325
1.88, 1592886
1.88, 1592882
1.88, 1591555
1.88, 1586620
1.89, 1581266
1.89, 1580272
1.89, 1575296
1.89, 1564208
1.89, 1562692
1.89, 1562683
1.89, 1555860
1.9, 1555002
1.9, 1554851
1.9, 1554371
1.9, 1548190
1.9, 1546027
1.9, 1521572
1.9, 1504983
1.9, 1503101
1.9, 1497923
1.91, 1485146
1.91, 1476303
1.91, 1471957
1.91, 1467183
1.91, 1465658
1.91, 1465553
1.91, 1464902
1.91, 1464880
1.92, 1463513
1.93, 1460971
1.93, 1454056
1.96, 1440131
1.96, 1437810
1.96, 1436715
1.96, 1435681
1.97, 1435436
1.98, 1435360
1.98, 1419367
1.98, 1415912
2.0, 1414451
2.0, 1377709
2.01, 1374442
2.01, 1357200
2.01, 1350149
2.02, 1348974
2.03, 1347061
2.03, 1346954
2.03, 1344165
2.03, 1343529
2.04, 1340509
2.05, 1338809
2.05, 1338791
2.06, 1336055
2.08, 1324357
2.09, 1308233
2.09, 1305354
2.09, 1305023
2.09, 1304944
2.09, 1304446
2.1, 1300861
2.1, 1300563
2.1, 1299901
2.15, 1299398
2.23, 1298785
2.23, 1298474
2.23, 1297836
2.25, 1297624
2.28, 1296478
2.28, 1296239
2.29, 1291389
2.29, 1290824
2.29, 1290348
2.29, 1289876
2.31, 1289402
2.33, 1280448
2.41, 1278962
2.41, 1278272
2.42, 1278067
2.44, 1278002
2.47, 1277671
2.47, 1277239
