0.01, 11534210
0.01, 11412357
0.01, 11358704
0.01, 11343113
0.01, 11312066
0.01, 11219564
0.01, 11110294
0.01, 11109289
0.01, 11089992
0.01, 10875511
0.01, 10833739
0.01, 10704340
0.01, 10651180
0.01, 10527174
0.01, 10422349
0.01, 10322978
0.01, 10317901
0.01, 10275594
0.01, 10186139
0.01, 10119337
0.01, 10110369
0.01, 9917714
0.02, 9913002
0.02, 9860998
0.02, 9858334
0.02, 9816463
0.02, 9710544
0.03, 9606428
0.03, 9566652
0.03, 9424095
0.03, 9420810
0.03, 9375961
0.04, 9362018
0.04, 9328938
0.05, 9246566
0.05, 9043225
0.06, 8827970
0.06, 8809405
0.06, 8648679
0.06, 8563941
0.96, 8529734
0.96, 8389280
0.96, 8254615
1.18, 8251753
1.18, 8243888
1.18, 8137075
1.22, 8096058
1.31, 7952391
1.31, 7950545
1.31, 7927754
1.31, 7886345
1.31, 7861249
1.32, 7851918
1.32, 7809037
1.32, 7706323
1.32, 7703030
1.33, 7671680
1.33, 7609667
1.33, 7608859
1.33, 7568597
1.33, 7563446
1.33, 7530584
1.33, 7367662
1.33, 7312776
1.33, 7305459
1.33, 7266962
1.34, 7244023
1.34, 7172135
1.34, 7141845
1.34, 6960109
1.34, 6866389
1.34, 6841782
1.34, 6802159
1.34, 6794705
1.34, 6757360
1.34, 6715436
1.34, 6624260
1.35, 6442023
1.35, 6406542
1.35, 6329772
1.35, 6318702
1.35, 6264939
1.35, 6261450
1.35, 6251116
1.35, 6214049
1.35, 6132699
1.35, 6113709
1.36, 6111345
1.36, 6085181
1.4, 6027339
1.41, 5992414
1.41, 5991235
1.41, 5987984
1.41, 5949933
1.41, 5923093
1.41, 5837172
1.42, 5829069
1.42, 5827294
1.42, 5753191
1.42, 5735669
1.42, 5706340
1.42, 5696555
1.42, 5583709
1.42, 5583279
1.42, 5564115
1.42, 5551399
1.42, 5542678
1.42, 5535859
1.42, 5509802
1.42, 5505124
1.43, 5486031
1.43, 5483012
1.43, 5456722
1.43, 5438417
1.43, 5386635
1.43, 5344546
1.43, 5298345
1.44, 5294536
1.44, 5254313
1.45, 5206443
1.45, 5201665
1.48, 5183075
1.48, 5181122
1.48, 5177251
1.48, 5160538
1.49, 5131708
1.49, 5085824
1.49, 5053849
1.49, 4902329
1.49, 4743068
1.49, 4742958
1.49, 4676482
1.49, 4659496
1.49, 4652986
1.49, 4624633
1.49, 4622446
1.49, 4564710
1.49, 4543851
1.49, 4501563
1.49, 4489880
1.5, 4478360
1.5, 4424367
1.5, 4382442
1.5, 4307727
1.5, 4282034
1.5, 4267328
1.5, 4237069
1.5, 4144012
1.5, 4116996
1.5, 4104467
1.5, 4100986
1.5, 4075309
1.5, 4073255
1.5, 4057972
1.5, 4048660
1.5, 4043874
1.5, 4035779
1.51, 4034527
1.51, 4032627
1.51, 4014160
1.51, 3939784
1.51, 3939730
1.51, 3891709
1.51, 3888569
1.51, 3814955
1.51, 3811674
1.52, 3784745
1.52, 3778100
1.52, 3702764
1.52, 3701913
1.52, 3688708
1.52, 3679582
1.52, 3675978
1.52, 3673691
1.52, 3645273
1.52, 3580407
1.52, 3529208
1.52, 3496682
1.52, 3491250
1.53, 3486828
1.53, 3482458
1.53, 3481436
1.53, 3478469
1.53, 3453324
1.53, 3446470
1.53, 3445806
1.53, 3438657
1.53, 3436972
1.53, 3418157
1.53, 3418103
1.53, 3416679
1.54, 3400852
1.54, 3399581
1.54, 3399486
1.54, 3397369
1.54, 3394815
1.54, 3394594
1.54, 3382043
1.54, 3366054
1.54, 3346455
1.54, 3301592
1.54, 3284210
1.54, 3282810
1.54, 3220920
1.54, 3147500
1.55, 3138145
1.55, 3092770
1.55, 3061379
1.55, 3058519
1.55, 3049837
1.55, 3031904
1.55, 3016724
1.55, 2969719
1.56, 2956599
1.56, 2893915
1.56, 2852372
1.57, 2831472
1.57, 2831374
1.57, 2821930
1.57, 2812164
1.57, 2806922
1.57, 2806447
1.57, 2802202
1.58, 2799088
1.58, 2798431
1.58, 2798094
1.59, 2788729
1.59, 2785244
1.59, 2783711
1.59, 2774808
1.59, 2770496
1.59, 2759588
1.59, 2721719
1.59, 2715007
1.59, 2712066
1.59, 2705948
1.59, 2704577
1.59, 2698569
1.59, 2690335
1.59, 2685743
1.6, 2684165
1.62, 2677436
1.63, 2675347
1.63, 2671843
1.63, 2643047
1.63, 2633779
1.64, 2624408
1.64, 2600431
1.66, 2592442
1.66, 2585119
1.66, 2583899
1.66, 2545419
1.66, 2518368
1.66, 2345075
1.66, 2338523
1.66, 2337924
1.67, 2337392
1.67, 2336951
1.67, 2332626
1.67, 2330482
1.67, 2316303
1.68, 2311967
1.68, 2295706
1.68, 2294207
1.68, 2254033
1.68, 2209075
1.68, 2188522
1.68, 2153860
1.68, 2139514
1.68, 2138402
1.68, 2115041
1.68, 2111900
1.69, 2093275
1.69, 2085404
1.69, 2078054
1.69, 2060092
1.69, 2054324
1.69, 2053890
1.69, 2043373
1.69, 2038266
1.69, 2024456
1.69, 2022738
1.69, 2018174
1.69, 2017729
1.71, 1992977
1.71, 1991388
1.71, 1983127
1.71, 1956553
1.73, 1943884
1.73, 1918774
1.74, 1918655
1.74, 1917245
1.74, 1911083
1.75, 1893919
1.75, 1892548
1.75, 1883180
1.76, 1876372
1.76, 1875429
1.76, 1863307
1.77, 1850455
1.77, 1848969
1.77, 1828852
1.77, 1828354
1.78, 1825100
1.78, 1821129
1.78, 1820955
1.78, 1818058
1.78, 1816291
1.78, 1815973
1.78, 1813113
1.78, 1812138
1.78, 1809419
1.78, 1792523
1.78, 1792352
1.78, 1786531
1.78, 1785180
1.78, 1783798
1.78, 1782616
1.78, 1775523
1.78, 1768458
1.78, 1756299
1.78, 1752130
1.78, 1750563
1.78, 1750526
1.78, 1746627
1.79, 1746624
1.79, 1742034
1.79, 1738532
1.79, 1732556
1.79, 1732472
1.8, 1727445
1.8, 1727409
1.8, 1727133
1.8, 1725895
1.8, 1725793
1.8, 1725322
1.8, 1722125
1.8, 1719307
1.81, 1716805
1.81, 1716020
1.81, 1715973
1.81, 1709188
1.84, 1698786
1.85, 1693306
1.85, 1667924
1.85, 1661546
1.86, 1648980
1.86, 1648581
1.86, 1626364
1.87, 1590881
1.87, 1584116
1.87, 1581497
1.87, 1580444
1.87, 1578715
1.87, 1572610
1.87, 1568814
1.88, 1564766
1.88, 1561311
1.88, 1560817
1.88, 1558959
1.88, 1558092
1.88, 1556438
1.88, 1555436
1.89, 1555279
1.9, 1553044
1.9, 1551078
1.91, 1520542
1.92, 1511228
1.93, 1494023
1.94, 1490730
1.95, 1467892
1.95, 1401499
1.96, 1393351
1.96, 1390914
1.96, 1385359
1.96, 1365909
1.97, 1365477
1.97, 1349704
1.98, 1332887
1.98, 1331994
1.98, 1318923
1.98, 1317607
1.98, 1315511
1.98, 1314187
1.98, 1312969
1.99, 1312522
1.99, 1312368
1.99, 1311720
1.99, 1310365
1.99, 1308726
1.99, 1307221
2.0, 1302711
2.0, 1302620
2.0, 1302607
2.01, 1300494
2.02, 1300291
2.05, 1293630
2.06, 1290950
2.06, 1277504
2.07, 1277476
2.07, 1273252
2.07, 1236155
2.07, 1236051
2.07, 1234987
2.07, 1234549
2.08, 1234115
2.13, 1233976
2.21, 1223388
2.21, 1222981
2.21, 1222780
2.21, 1222665
2.22, 1219973
2.22, 1219908
2.22, 1219757
2.23, 1212477
2.23, 1212272
2.24, 1212195
2.24, 1211852
2.24, 1211074
2.24, 1197015
2.26, 1196939
2.27, 1196059
2.41, 1195864
2.42, 1194777
2.42, 1194114
2.43, 1193978
2.44, 1193449
2.45, 1193307
2.56, 1193162
2.57, 1192957
2.58, 1192722
2.65, 1192468
2.77, 1192312
3.03, 1192261
