0.01, 10509885
0.01, 10264425
0.01, 10217417
0.01, 10163191
0.01, 9985971
0.01, 9945748
0.01, 9913619
0.01, 9668619
0.01, 9569053
0.02, 9559446
0.02, 9463575
0.02, 9458700
0.02, 9393960
0.02, 9305682
0.02, 9251389
0.02, 9037134
0.02, 9022526
0.02, 8742522
0.04, 8716668
0.04, 8595422
1.04, 8558808
1.04, 8533407
1.04, 8457808
1.18, 8357888
1.21, 8277081
1.21, 8272198
1.21, 8264302
1.22, 8207253
1.23, 8120499
1.29, 8091668
1.29, 8071424
1.29, 8046852
1.29, 8017068
1.29, 8007376
1.29, 7934378
1.33, 7904459
1.33, 7904440
1.33, 7793484
1.34, 7635817
1.34, 7579929
1.34, 7560801
1.34, 7433334
1.34, 7412881
1.34, 7401452
1.34, 7305388
1.34, 7182989
1.34, 7124969
1.35, 7046446
1.35, 6980030
1.35, 6913003
1.35, 6878892
1.35, 6861564
1.35, 6851615
1.35, 6810841
1.35, 6770765
1.35, 6712580
1.35, 6709847
1.35, 6634438
1.35, 6574221
1.36, 6464790
1.36, 6413191
1.36, 6401595
1.36, 6363143
1.4, 6331336
1.4, 6329758
1.4, 6317711
1.4, 6165878
1.4, 6078906
1.4, 6030507
1.4, 5994145
1.4, 5986692
1.41, 5967382
1.41, 5935434
1.41, 5916525
1.41, 5872476
1.41, 5872465
1.41, 5831545
1.41, 5830685
1.41, 5768160
1.41, 5725065
1.41, 5607859
1.41, 5592141
1.41, 5587943
1.41, 5520996
1.42, 5515382
1.42, 5500389
1.42, 5497756
1.42, 5493619
1.42, 5469141
1.42, 5445943
1.43, 5388731
1.43, 5373369
1.43, 5287642
1.43, 5283685
1.43, 5091998
1.43, 5070303
1.43, 5052143
1.43, 5040959
1.43, 5036556
1.43, 5021475
1.44, 4906267
1.44, 4881048
1.44, 4840145
1.44, 4820689
1.44, 4804327
1.52, 4756988
1.52, 4755395
1.52, 4754915
1.52, 4742457
1.52, 4735778
1.52, 4732352
1.52, 4716472
1.52, 4712038
1.53, 4685026
1.53, 4676653
1.53, 4586377
1.53, 4545492
1.53, 4439124
1.53, 4339301
1.53, 4330333
1.53, 4288576
1.53, 4257551
1.53, 4210642
1.53, 4150120
1.53, 4122533
1.53, 4111195
1.54, 4088027
1.54, 4015650
1.54, 4015127
1.54, 4008521
1.54, 3969455
1.54, 3957673
1.54, 3953608
1.54, 3901539
1.54, 3894372
1.54, 3792889
1.54, 3774645
1.54, 3768490
1.54, 3768203
1.54, 3763460
1.54, 3663976
1.55, 3643204
1.55, 3634291
1.55, 3632719
1.55, 3631978
1.55, 3578995
1.55, 3578109
1.56, 3529434
1.56, 3518661
1.57, 3514865
1.57, 3514829
1.57, 3514815
1.57, 3513499
1.57, 3505753
1.57, 3505485
1.57, 3500060
1.57, 3499774
1.57, 3497165
1.58, 3496358
1.58, 3469583
1.58, 3457254
1.58, 3454069
1.58, 3442216
1.58, 3434059
1.58, 3431623
1.58, 3429390
1.58, 3429339
1.58, 3429154
1.58, 3417999
1.58, 3414690
1.6, 3413790
1.6, 3410411
1.61, 3407809
1.61, 3407774
1.61, 3376184
1.61, 3340340
1.61, 3336617
1.61, 3308235
1.61, 3296086
1.61, 3285990
1.61, 3245777
1.61, 3231638
1.61, 3230987
1.61, 3228831
1.62, 3228482
1.62, 3226489
1.62, 3224755
1.62, 3221330
1.62, 3199468
1.62, 3183382
1.62, 3094011
1.62, 3087672
1.62, 3065125
1.63, 3064534
1.63, 2986629
1.63, 2984724
1.63, 2972453
1.63, 2967296
1.63, 2963855
1.63, 2960079
1.63, 2948092
1.63, 2931692
1.63, 2926282
1.63, 2923434
1.63, 2866469
1.63, 2827768
1.64, 2811220
1.64, 2799132
1.65, 2783887
1.65, 2777706
1.65, 2695046
1.65, 2685075
1.65, 2634294
1.65, 2615573
1.65, 2530971
1.65, 2528413
1.65, 2518463
1.66, 2503337
1.66, 2496972
1.66, 2469806
1.66, 2469040
1.66, 2465789
1.67, 2462286
1.67, 2461037
1.67, 2460882
1.67, 2460208
1.67, 2456578
1.67, 2456459
1.67, 2453149
1.67, 2430082
1.68, 2427647
1.68, 2399760
1.68, 2307299
1.69, 2299289
1.7, 2270965
1.7, 2268332
1.71, 2267292
1.71, 2249671
1.71, 2229796
1.71, 2221617
1.71, 2220999
1.71, 2156859
1.71, 2148509
1.71, 2070743
1.71, 2062702
1.71, 2055778
1.71, 2036077
1.71, 2032759
1.71, 2031703
1.71, 2027835
1.71, 2013816
1.71, 2012642
1.71, 1992340
1.71, 1984901
1.72, 1977294
1.73, 1973103
1.73, 1972961
1.75, 1915582
1.76, 1906360
1.76, 1900253
1.77, 1892763
1.78, 1887777
1.78, 1883202
1.78, 1881997
1.78, 1881205
1.78, 1878149
1.78, 1874226
1.78, 1874026
1.79, 1841221
1.79, 1839714
1.79, 1838476
1.79, 1834008
1.79, 1832780
1.79, 1828871
1.8, 1828489
1.8, 1827811
1.8, 1826009
1.8, 1821578
1.8, 1814507
1.8, 1791409
1.8, 1782691
1.81, 1781172
1.81, 1745640
1.81, 1745202
1.81, 1716675
1.81, 1713216
1.81, 1690940
1.82, 1690586
1.82, 1690368
1.82, 1689750
1.84, 1689183
1.84, 1681744
1.84, 1675739
1.85, 1669244
1.85, 1652158
1.85, 1649368
1.86, 1648154
1.86, 1635162
1.86, 1633873
1.86, 1632633
1.86, 1624703
1.86, 1623101
1.86, 1621360
1.87, 1617609
1.87, 1616940
1.87, 1616643
1.87, 1615463
1.88, 1596911
1.89, 1590359
1.89, 1589052
1.9, 1579662
1.9, 1576890
1.9, 1574895
1.9, 1573717
1.91, 1572063
1.91, 1571667
1.91, 1567625
1.91, 1567603
1.99, 1565190
1.99, 1550527
2.0, 1524597
2.03, 1523710
2.03, 1522133
2.03, 1519069
2.04, 1515079
2.04, 1512671
2.04, 1509252
2.04, 1509151
2.04, 1502177
2.05, 1501624
2.06, 1493201
2.07, 1472891
2.07, 1467333
2.08, 1467142
2.08, 1466400
2.08, 1461992
2.09, 1461834
2.09, 1461721
2.09, 1460541
2.1, 1444290
2.1, 1443808
2.1, 1443370
2.1, 1442603
2.1, 1441538
2.12, 1419064
2.13, 1418922
2.15, 1416010
2.18, 1415039
2.24, 1413222
2.24, 1412586
2.24, 1410410
2.28, 1408273
2.28, 1406619
2.28, 1406180
2.29, 1406076
2.29, 1405012
2.36, 1377026
2.36, 1375396
2.4, 1374915
2.46, 1374680
2.47, 1374655
2.48, 1374556
2.48, 1374275
2.48, 1373951
2.5, 1370472
2.51, 1370330
2.57, 1370148
2.67, 1368182
2.85, 1368157
