0.01, 10188000
0.01, 10172527
0.01, 10157548
0.02, 10100755
0.02, 10003365
0.02, 9987234
0.02, 9977060
0.02, 9861837
0.02, 9835151
0.02, 9581722
0.02, 9561951
0.02, 9354903
0.02, 9298830
0.02, 9236129
0.02, 9206208
0.29, 9190662
0.29, 9061979
0.29, 8934925
0.29, 8849197
0.29, 8678703
1.04, 8648459
1.04, 8635947
1.04, 8591977
1.04, 8574305
1.05, 8508076
1.09, 8488321
1.09, 8400891
1.09, 8367541
1.09, 8367405
1.09, 8332075
1.09, 8232916
1.09, 8228125
1.11, 8176780
1.11, 8084511
1.14, 8066703
1.14, 8050707
1.14, 8042452
1.14, 7742885
1.27, 7683819
1.27, 7674608
1.27, 7643683
1.36, 7539641
1.36, 7520596
1.36, 7520545
1.36, 7477592
1.36, 7361857
1.36, 7304704
1.36, 7301749
1.36, 7272990
1.36, 7227897
1.36, 7224002
1.36, 7215156
1.36, 7210950
1.36, 7051639
1.36, 7041269
1.36, 6943523
1.36, 6942851
1.36, 6885436
1.37, 6791581
1.37, 6765968
1.37, 6695147
1.37, 6673317
1.37, 6667541
1.37, 6665501
1.37, 6655541
1.37, 6644741
1.37, 6612769
1.37, 6564866
1.37, 6536213
1.37, 6483544
1.37, 6394421
1.37, 6349690
1.37, 6323262
1.38, 6321597
1.38, 6315940
1.38, 6273442
1.38, 6272039
1.38, 6109800
1.38, 5876635
1.38, 5871629
1.38, 5803963
1.38, 5798955
1.38, 5798858
1.38, 5798279
1.38, 5796282
1.38, 5795708
1.38, 5754221
1.38, 5751472
1.4, 5718666
1.4, 5614100
1.41, 5556030
1.41, 5535541
1.41, 5446470
1.41, 5428296
1.41, 5426677
1.41, 5407893
1.42, 5405349
1.42, 5379957
1.42, 5376770
1.42, 5368979
1.43, 5350288
1.43, 5340473
1.43, 5333701
1.43, 5293545
1.43, 5211969
1.43, 5149530
1.43, 5135623
1.43, 5120396
1.43, 5118239
1.43, 5116344
1.43, 5071491
1.43, 5064751
1.43, 5004193
1.43, 4912359
1.43, 4832588
1.45, 4810837
1.45, 4802370
1.45, 4777112
1.45, 4683628
1.45, 4652308
1.45, 4650230
1.45, 4641171
1.45, 4635931
1.45, 4623718
1.45, 4580812
1.46, 4573715
1.46, 4569569
1.46, 4567490
1.46, 4563426
1.46, 4464292
1.46, 4425983
1.46, 4396318
1.46, 4384347
1.46, 4373460
1.47, 4363383
1.47, 4344674
1.47, 4335480
1.47, 4307176
1.47, 4305526
1.47, 4305150
1.47, 4289133
1.47, 4278402
1.47, 4275977
1.47, 4197536
1.47, 4184816
1.47, 4166942
1.47, 4162745
1.47, 4159146
1.48, 4131257
1.48, 4100316
1.58, 4060848
1.58, 4036579
1.58, 4036561
1.58, 4010550
1.58, 3930247
1.58, 3834032
1.58, 3824912
1.58, 3806034
1.58, 3798216
1.58, 3782234
1.58, 3750849
1.58, 3740430
1.58, 3729874
1.58, 3729145
1.58, 3697229
1.58, 3691762
1.58, 3630217
1.58, 3614673
1.58, 3564435
1.58, 3540102
1.58, 3505504
1.59, 3501168
1.59, 3466382
1.6, 3421254
1.6, 3411792
1.61, 3403363
1.61, 3388298
1.61, 3381615
1.61, 3369991
1.61, 3368231
1.61, 3367572
1.61, 3359826
1.61, 3354846
1.61, 3354650
1.61, 3353544
1.61, 3353524
1.61, 3350751
1.61, 3347284
1.61, 3347276
1.61, 3342862
1.62, 3337243
1.62, 3336453
1.62, 3330664
1.62, 3327016
1.63, 3326123
1.63, 3322076
1.63, 3322032
1.63, 3316861
1.63, 3301085
1.63, 3298806
1.63, 3295749
1.63, 3287301
1.64, 3276526
1.64, 3276185
1.64, 3274936
1.64, 3268624
1.64, 3266799
1.64, 3264559
1.64, 3264413
1.64, 3262831
1.64, 3262640
1.64, 3252432
1.64, 3251398
1.64, 3249547
1.66, 3242506
1.66, 3219947
1.66, 3211948
1.66, 3205379
1.66, 3204753
1.66, 3204425
1.66, 3200865
1.66, 3177427
1.68, 3168276
1.68, 3111520
1.68, 3106196
1.68, 3094256
1.69, 3088248
1.69, 3087110
1.69, 3083185
1.69, 3075055
1.69, 3061951
1.69, 3004730
1.69, 2977093
1.69, 2972623
1.69, 2965249
1.7, 2946639
1.7, 2946577
1.7, 2941354
1.7, 2940543
1.7, 2936299
1.7, 2931698
1.7, 2915436
1.71, 2894582
1.71, 2882682
1.71, 2878067
1.72, 2874533
1.72, 2860159
1.72, 2855356
1.72, 2808484
1.72, 2808192
1.72, 2781265
1.72, 2779265
1.72, 2774698
1.72, 2767744
1.72, 2734659
1.72, 2713481
1.72, 2713068
1.72, 2712032
1.72, 2709349
1.72, 2704218
1.73, 2663497
1.73, 2641660
1.73, 2636752
1.73, 2634615
1.73, 2632564
1.73, 2625653
1.73, 2625212
1.73, 2577650
1.73, 2510182
1.73, 2488052
1.73, 2480081
1.73, 2471960
1.74, 2456121
1.74, 2436780
1.74, 2434453
1.74, 2425344
1.74, 2425020
1.74, 2424706
1.74, 2419848
1.74, 2419284
1.74, 2402302
1.74, 2372318
1.74, 2371144
1.74, 2370444
1.74, 2301955
1.74, 2283311
1.74, 2278493
1.75, 2267965
1.75, 2264187
1.75, 2254522
1.75, 2252005
1.75, 2251917
1.75, 2242152
1.75, 2241295
1.75, 2241077
1.75, 2239689
1.75, 2238684
1.76, 2238464
1.76, 2235321
1.76, 2233253
1.76, 2226578
1.77, 2195776
1.77, 2194242
1.77, 2176420
1.77, 2171631
1.77, 2157608
1.77, 2157151
1.78, 2154846
1.78, 2152454
1.78, 2130399
1.79, 2097024
1.79, 2094725
1.79, 2089629
1.79, 2067153
1.79, 2063968
1.79, 2063211
1.79, 2061652
1.79, 2059996
1.79, 2052299
1.79, 2050856
1.79, 2044070
1.79, 2043853
1.79, 2043750
1.79, 2041726
1.79, 2035631
1.79, 2033024
1.8, 2032933
1.8, 2032214
1.8, 2031840
1.8, 2026492
1.8, 2024982
1.8, 2022855
1.8, 2018800
1.81, 2001591
1.81, 1992455
1.82, 1989775
1.82, 1988663
1.83, 1982397
1.85, 1974167
1.85, 1972805
1.85, 1972114
1.85, 1971149
1.85, 1961618
1.85, 1954844
1.85, 1954722
1.86, 1952917
1.86, 1947153
1.86, 1946938
1.86, 1946171
1.86, 1946140
1.86, 1942875
1.87, 1942275
1.87, 1938970
1.87, 1937884
1.87, 1937044
1.87, 1934361
1.87, 1932955
1.87, 1925510
1.87, 1924271
1.87, 1922959
1.89, 1919171
1.89, 1914361
1.89, 1912594
1.91, 1882770
1.91, 1882496
1.91, 1868749
1.92, 1868117
1.92, 1862316
1.92, 1851975
1.92, 1846475
1.92, 1827333
1.92, 1798702
1.92, 1798473
1.92, 1777380
1.92, 1775970
1.92, 1756690
1.93, 1738637
1.93, 1662600
1.93, 1654468
1.94, 1644363
1.94, 1644225
1.94, 1636191
1.94, 1631967
1.94, 1628713
1.94, 1628687
1.94, 1628652
1.94, 1626786
1.95, 1619848
1.95, 1619224
1.95, 1619040
1.95, 1615288
2.02, 1597736
2.02, 1592931
2.04, 1592656
2.05, 1562278
2.05, 1558813
2.05, 1547993
2.06, 1547919
2.06, 1545785
2.06, 1543922
2.06, 1541449
2.06, 1527387
2.06, 1512209
2.07, 1509894
2.08, 1504757
2.08, 1504037
2.09, 1503936
2.09, 1502897
2.09, 1497763
2.09, 1497553
2.09, 1485344
2.09, 1483823
2.09, 1477796
2.09, 1476963
2.09, 1476620
2.09, 1472125
2.1, 1471329
2.1, 1471292
2.1, 1465747
2.1, 1464216
2.11, 1461210
2.11, 1460144
2.11, 1460118
2.12, 1458183
2.13, 1454565
2.14, 1445998
2.14, 1444627
2.14, 1444469
2.14, 1444149
2.18, 1443883
2.2, 1434731
2.22, 1434420
2.22, 1434417
2.22, 1433673
2.22, 1433588
2.22, 1433430
2.23, 1433238
2.23, 1433081
2.23, 1432954
2.23, 1432759
2.24, 1432136
2.24, 1431913
2.25, 1429001
2.26, 1428796
2.26, 1428666
2.26, 1427641
2.3, 1423691
2.33, 1423425
2.33, 1423249
2.34, 1422038
2.34, 1421414
2.45, 1403501
2.46, 1395318
2.48, 1395299
2.48, 1395019
2.48, 1394928
2.49, 1394893
2.49, 1394867
2.49, 1393579
2.52, 1393367
2.54, 1393345
2.54, 1392867
2.57, 1376921
2.61, 1375264
2.62, 1373953
2.63, 1373546
2.64, 1373538
2.72, 1371713
2.73, 1369747
2.84, 1356008
2.84, 1353706
2.84, 1344696
2.85, 1344693
2.85, 1343653
2.85, 1343135
2.89, 1343070
3.03, 1318393
3.03, 1317899
3.04, 1317763
3.04, 1316776
3.07, 1316669
3.07, 1315508
3.32, 1314979
