0.01, 10701523
0.01, 10679836
0.01, 10671674
0.01, 10655644
0.01, 10419686
0.01, 10413041
0.01, 10222338
0.01, 10192442
0.01, 10168129
0.01, 10167452
0.01, 9972329
0.01, 9942565
0.01, 9915373
0.01, 9818061
0.01, 9807276
0.01, 9707746
0.01, 9698187
0.01, 9588228
0.01, 9521646
0.01, 9465264
0.01, 9220120
0.02, 9097073
0.06, 9078950
0.06, 9004925
0.07, 8963723
0.07, 8916961
0.07, 8911315
0.16, 8837031
0.16, 8830582
0.16, 8826095
0.16, 8822293
0.67, 8794488
0.84, 8624205
0.84, 8565148
1.02, 8499547
1.06, 8406655
1.06, 8340792
1.08, 8260643
1.08, 8163849
1.17, 8140725
1.19, 8120794
1.19, 8098254
1.24, 8094817
1.25, 7963662
1.25, 7905812
1.25, 7902146
1.25, 7812838
1.25, 7756401
1.25, 7740692
1.25, 7663308
1.29, 7590456
1.29, 7589798
1.29, 7569858
1.29, 7393239
1.35, 7377016
1.35, 7367731
1.35, 7323788
1.35, 7253982
1.35, 7223420
1.35, 7178973
1.35, 7093768
1.35, 7030968
1.35, 6983503
1.35, 6846188
1.36, 6666329
1.36, 6611344
1.36, 6554249
1.36, 6525156
1.36, 6413412
1.36, 6334548
1.36, 6333241
1.36, 6315827
1.36, 6287537
1.36, 6164429
1.36, 6118079
1.36, 6116465
1.37, 6108693
1.37, 6015481
1.39, 6001730
1.42, 5936307
1.42, 5828799
1.42, 5793160
1.42, 5792959
1.42, 5751287
1.42, 5739259
1.42, 5706830
1.43, 5698104
1.43, 5635716
1.43, 5490545
1.43, 5482504
1.43, 5457147
1.43, 5445659
1.43, 5427443
1.43, 5319096
1.43, 5267670
1.43, 5263802
1.43, 5261708
1.44, 5196755
1.44, 5128232
1.45, 5109322
1.45, 5027779
1.45, 4994140
1.45, 4994136
1.45, 4993426
1.45, 4923324
1.45, 4882904
1.45, 4881219
1.47, 4872139
1.49, 4846245
1.49, 4778044
1.49, 4777330
1.49, 4726882
1.49, 4699243
1.49, 4674636
1.49, 4671035
1.49, 4668104
1.49, 4660036
1.49, 4651003
1.49, 4650982
1.49, 4646336
1.49, 4644071
1.49, 4636339
1.49, 4635113
1.49, 4634897
1.49, 4629811
1.49, 4617980
1.51, 4567460
1.51, 4565536
1.51, 4516125
1.51, 4492945
1.51, 4489613
1.51, 4486696
1.52, 4442242
1.52, 4388936
1.52, 4385310
1.53, 4325675
1.53, 4318904
1.53, 4295038
1.53, 4258428
1.54, 4254349
1.54, 4201560
1.54, 4187610
1.54, 4171578
1.55, 4131520
1.55, 4131253
1.55, 4123161
1.55, 4101877
1.55, 4024123
1.57, 3972117
1.57, 3969517
1.58, 3954516
1.58, 3903643
1.59, 3813382
1.59, 3798973
1.59, 3794116
1.59, 3785266
1.59, 3764143
1.59, 3755113
1.59, 3746603
1.59, 3736154
1.6, 3658523
1.6, 3638095
1.6, 3476132
1.6, 3469699
1.6, 3445974
1.6, 3399496
1.6, 3357734
1.6, 3356843
1.6, 3353016
1.6, 3267591
1.6, 3264311
1.6, 3261429
1.6, 3260079
1.6, 3254780
1.6, 3252244
1.6, 3249115
1.6, 3241059
1.6, 3234583
1.6, 3182150
1.6, 3181952
1.6, 3172624
1.6, 3170891
1.61, 3130910
1.61, 3111183
1.61, 3084988
1.61, 3070874
1.61, 3044348
1.61, 3040263
1.61, 3016200
1.61, 3015403
1.61, 2962614
1.61, 2951064
1.61, 2947465
1.61, 2931904
1.61, 2930638
1.61, 2922551
1.61, 2911263
1.61, 2906195
1.61, 2896466
1.61, 2871345
1.61, 2867454
1.61, 2863390
1.61, 2857366
1.61, 2843144
1.62, 2821529
1.62, 2820999
1.62, 2765220
1.62, 2762144
1.62, 2757743
1.63, 2746639
1.63, 2721905
1.63, 2721763
1.64, 2717179
1.64, 2683506
1.65, 2682889
1.65, 2678283
1.65, 2672350
1.65, 2671769
1.65, 2660305
1.65, 2644170
1.66, 2637058
1.66, 2632059
1.66, 2628448
1.66, 2626691
1.66, 2622621
1.66, 2619776
1.66, 2617135
1.66, 2609993
1.66, 2609812
1.67, 2608325
1.67, 2608027
1.67, 2607652
1.67, 2605588
1.67, 2600245
1.67, 2600073
1.68, 2595273
1.68, 2591247
1.68, 2591012
1.68, 2590940
1.68, 2587026
1.68, 2586607
1.68, 2586205
1.68, 2586097
1.68, 2582274
1.7, 2574238
1.7, 2550801
1.7, 2525824
1.71, 2525652
1.71, 2523594
1.71, 2521314
1.71, 2512727
1.71, 2511429
1.72, 2505877
1.72, 2504345
1.72, 2504269
1.72, 2502765
1.73, 2457526
1.73, 2445186
1.73, 2380943
1.73, 2375111
1.73, 2374969
1.73, 2367902
1.74, 2348712
1.74, 2337575
1.74, 2279838
1.74, 2279001
1.74, 2264330
1.74, 2239407
1.74, 2218927
1.74, 2204964
1.74, 2201505
1.74, 2173850
1.74, 2153903
1.74, 2079771
1.74, 2070467
1.74, 2067821
1.74, 2067400
1.74, 2051189
1.74, 2051158
1.74, 2038814
1.74, 2013035
1.74, 2011527
1.74, 2001813
1.75, 2001324
1.75, 1985846
1.75, 1978341
1.76, 1974336
1.76, 1966853
1.76, 1939613
1.76, 1910923
1.76, 1905210
1.76, 1904771
1.78, 1901719
1.78, 1900467
1.78, 1895741
1.79, 1892733
1.79, 1878770
1.8, 1862174
1.81, 1860726
1.81, 1838857
1.81, 1831922
1.81, 1827137
1.81, 1818080
1.81, 1815352
1.82, 1813101
1.82, 1808783
1.82, 1808475
1.82, 1806543
1.82, 1802179
1.82, 1801533
1.82, 1798680
1.82, 1795911
1.82, 1784128
1.82, 1782513
1.82, 1780296
1.82, 1779353
1.82, 1777955
1.82, 1776578
1.82, 1775368
1.83, 1769851
1.83, 1769625
1.83, 1758135
1.83, 1717866
1.83, 1701634
1.85, 1698291
1.85, 1692205
1.86, 1677258
1.86, 1671747
1.86, 1671505
1.87, 1669539
1.88, 1665857
1.88, 1662902
1.88, 1659800
1.88, 1653992
1.88, 1646936
1.88, 1642513
1.88, 1638214
1.89, 1616368
1.89, 1613686
1.89, 1613048
1.89, 1612146
1.89, 1610313
1.89, 1609921
1.89, 1608925
1.89, 1605528
1.89, 1605432
1.89, 1604679
1.89, 1603013
1.89, 1602920
1.9, 1600659
1.9, 1600367
1.9, 1599508
1.9, 1599166
1.9, 1598982
1.9, 1597299
1.9, 1596972
1.9, 1592977
1.9, 1590552
1.9, 1590398
1.9, 1589535
1.91, 1588943
1.91, 1588942
1.91, 1588587
1.91, 1586860
1.92, 1583506
1.92, 1582454
1.92, 1579357
1.92, 1578009
1.93, 1575231
1.93, 1570938
1.93, 1570863
1.93, 1569218
1.93, 1532660
1.94, 1530516
1.94, 1525858
1.94, 1521035
1.94, 1504740
1.94, 1498869
1.94, 1498091
1.94, 1497891
1.94, 1497131
1.95, 1496549
1.96, 1465462
1.96, 1462620
1.97, 1457009
1.98, 1456676
1.98, 1445298
2.0, 1443432
2.02, 1440498
2.02, 1414088
2.02, 1413373
2.02, 1409350
2.02, 1402714
2.03, 1402502
2.03, 1401005
2.03, 1400027
2.03, 1399254
2.03, 1386755
2.04, 1386389
2.05, 1383826
2.05, 1370771
2.05, 1368428
2.05, 1367953
2.05, 1367440
2.06, 1366528
2.06, 1357174
2.06, 1352586
2.07, 1350051
2.07, 1347186
2.07, 1342475
2.07, 1342244
2.08, 1340909
2.08, 1340819
2.09, 1340234
2.09, 1330343
2.09, 1329601
2.09, 1325591
2.09, 1310515
2.1, 1304575
2.1, 1296392
2.11, 1296250
2.13, 1294560
2.13, 1290398
2.14, 1289909
2.14, 1289677
2.15, 1289548
2.27, 1257245
2.29, 1255280
2.29, 1252991
2.29, 1250648
2.31, 1250443
2.32, 1250342
2.32, 1249861
2.33, 1249795
2.49, 1248857
2.5, 1248804
2.53, 1248434
2.62, 1245838
2.63, 1245603
2.63, 1245396
2.72, 1244922
