0.01, 709299
0.01, 689123
0.02, 677427
0.02, 668995
0.02, 665182
0.02, 664989
0.02, 664502
0.06, 662540
0.06, 658333
0.06, 655870
0.06, 653181
0.06, 651016
0.06, 634560
1.09, 629675
1.09, 626908
1.09, 623081
1.27, 622706
1.3, 617262
1.3, 603350
1.32, 603018
1.32, 602846
1.32, 601977
1.32, 601878
1.33, 596723
1.34, 595865
1.34, 593783
1.34, 590335
1.34, 589382
1.34, 589199
1.34, 585626
1.34, 582449
1.37, 568821
1.37, 567067
1.37, 561881
1.37, 558328
1.37, 550207
1.37, 549603
1.39, 538180
1.39, 537321
1.39, 537118
1.39, 535112
1.39, 534896
1.39, 533366
1.39, 532932
1.39, 530170
1.4, 530094
1.4, 519942
1.4, 518139
1.4, 517276
1.4, 517109
1.4, 513406
1.4, 511724
1.4, 510585
1.4, 503628
1.4, 502644
1.4, 502286
1.4, 501329
1.4, 493579
1.4, 492328
1.4, 485710
1.4, 484703
1.4, 484086
1.4, 483452
1.4, 482145
1.4, 481259
1.4, 481063
1.4, 479322
1.43, 477903
1.43, 476755
1.43, 473480
1.43, 471528
1.44, 470649
1.44, 469583
1.44, 465780
1.44, 463566
1.44, 462547
1.44, 462491
1.44, 459286
1.44, 458104
1.44, 457941
1.45, 456992
1.45, 456855
1.45, 449888
1.45, 448514
1.45, 443882
1.45, 443239
1.46, 440916
1.46, 440515
1.48, 439291
1.48, 437184
1.48, 435155
1.49, 432206
1.49, 429407
1.49, 429405
1.49, 426774
1.49, 422647
1.49, 420162
1.49, 419384
1.5, 418934
1.5, 418297
1.5, 414664
1.51, 412078
1.51, 411037
1.51, 410642
1.51, 410189
1.52, 409857
1.52, 408858
1.52, 406874
1.52, 404469
1.52, 404443
1.52, 404185
1.52, 404161
1.54, 403566
1.54, 400898
1.54, 394357
1.54, 388352
1.54, 384367
1.54, 383920
1.54, 380813
1.54, 379794
1.54, 378671
1.54, 376072
1.54, 375005
1.54, 371972
1.54, 367149
1.54, 365998
1.54, 364084
1.54, 359864
1.54, 356308
1.54, 353112
1.55, 352190
1.55, 350070
1.55, 350058
1.55, 339925
1.55, 339350
1.55, 338579
1.55, 338519
1.55, 337764
1.55, 336655
1.55, 335109
1.55, 334479
1.55, 333324
1.55, 332593
1.55, 330498
1.55, 329703
1.55, 327972
1.55, 326426
1.55, 326138
1.55, 324080
1.55, 324001
1.55, 323827
1.57, 323629
1.57, 322724
1.57, 321660
1.57, 320907
1.57, 315718
1.57, 313951
1.57, 313672
1.57, 313351
1.57, 311492
1.58, 309957
1.58, 309571
1.58, 309442
1.58, 308560
1.58, 307549
1.58, 307066
1.58, 305706
1.6, 304984
1.6, 303304
1.6, 299866
1.6, 297741
1.6, 296851
1.6, 294203
1.6, 291783
1.6, 291051
1.6, 288664
1.6, 286046
1.61, 285353
1.61, 283758
1.62, 282344
1.62, 281414
1.62, 277747
1.62, 276858
1.62, 271207
1.62, 271049
1.63, 267995
1.63, 266965
1.63, 266856
1.64, 266668
1.65, 266282
1.65, 265692
1.65, 264756
1.65, 264418
1.65, 264269
1.65, 263745
1.65, 263065
1.66, 260730
1.66, 260620
1.66, 259830
1.66, 259107
1.66, 258310
1.66, 257075
1.66, 256058
1.66, 256045
1.66, 256022
1.66, 255693
1.66, 255550
1.67, 255517
1.68, 255487
1.68, 255161
1.68, 255154
1.68, 255108
1.68, 254638
1.69, 254472
1.69, 254343
1.69, 253276
1.7, 252279
1.7, 251035
1.7, 250616
1.7, 250495
1.7, 249976
1.7, 249874
1.7, 249412
1.71, 246443
1.71, 246254
1.71, 246184
1.71, 245738
1.71, 244148
1.71, 241949
1.71, 241477
1.71, 238791
1.71, 238157
1.71, 237196
1.71, 235888
1.71, 234635
1.71, 234480
1.71, 234195
1.71, 233942
1.71, 232933
1.71, 232364
1.72, 230930
1.72, 230882
1.72, 228428
1.73, 228208
1.74, 226962
1.75, 226835
1.75, 226511
1.75, 226434
1.75, 222743
1.75, 220822
1.75, 220245
1.76, 219979
1.76, 218389
1.76, 218358
1.78, 218088
1.78, 217233
1.78, 215279
1.79, 214937
1.79, 214933
1.79, 213881
1.8, 213163
1.8, 212562
1.8, 211056
1.8, 209980
1.8, 209281
1.82, 209191
1.82, 205230
1.82, 204992
1.83, 204678
1.83, 204259
1.83, 203342
1.84, 202959
1.84, 202400
1.84, 202229
1.84, 200928
1.84, 199562
1.84, 199343
1.84, 199138
1.84, 198681
1.84, 194532
1.84, 193663
1.84, 189626
1.84, 189158
1.84, 188234
1.85, 187655
1.85, 185929
1.85, 185849
1.85, 183945
1.86, 183280
1.86, 183206
1.86, 183066
1.86, 182156
1.86, 181046
1.86, 180795
1.86, 179712
1.86, 179709
1.86, 179369
1.86, 178440
1.87, 178409
1.87, 178300
1.87, 176562
1.87, 176004
1.87, 175200
1.87, 174763
1.87, 174435
1.87, 173181
1.87, 172434
1.88, 172335
1.88, 172127
1.88, 172091
1.89, 171283
1.89, 171259
1.89, 169783
1.89, 169397
1.89, 168178
1.89, 168154
1.89, 168129
1.89, 165872
1.89, 163944
1.89, 163806
1.9, 163462
1.91, 163243
1.91, 162985
1.91, 162523
1.93, 161779
1.93, 161467
1.93, 160071
1.94, 159604
1.96, 158851
1.97, 158720
2.0, 158533
2.01, 158494
2.01, 158080
2.01, 157837
2.02, 157682
2.03, 157464
2.03, 157405
2.04, 155827
2.04, 153842
2.05, 153344
2.05, 153160
2.05, 152337
2.05, 152119
2.05, 151848
2.06, 151558
2.06, 151269
2.06, 149935
2.06, 149515
2.06, 149127
2.06, 148433
2.06, 147757
2.06, 145841
2.09, 145791
2.13, 144399
2.18, 143974
2.19, 143604
2.2, 143364
2.22, 142148
2.22, 141868
2.22, 140458
2.28, 140288
2.35, 140044
