0.01, 719709
0.02, 715819
0.02, 711341
0.02, 709222
0.02, 703246
0.02, 701698
0.02, 700684
0.02, 690751
0.06, 687700
0.06, 686185
0.06, 677963
0.06, 677910
0.06, 677778
0.06, 673585
0.07, 667938
0.2, 666498
0.2, 665557
0.2, 649706
0.2, 647387
0.2, 646962
0.31, 643952
1.18, 643378
1.18, 642508
1.18, 642190
1.19, 639743
1.19, 633275
1.23, 630916
1.23, 630073
1.24, 628889
1.24, 623370
1.24, 613767
1.24, 611552
1.24, 610088
1.24, 609566
1.25, 605625
1.25, 604931
1.25, 602795
1.25, 600190
1.25, 598852
1.25, 596452
1.25, 594151
1.25, 579690
1.27, 576595
1.27, 575192
1.27, 570983
1.27, 568784
1.27, 568147
1.27, 565508
1.27, 565386
1.27, 564972
1.28, 564218
1.28, 564013
1.28, 557936
1.28, 555228
1.28, 553953
1.32, 552529
1.32, 551997
1.32, 547808
1.32, 547018
1.32, 540658
1.41, 537622
1.41, 534224
1.41, 533101
1.42, 530839
1.42, 529957
1.42, 528511
1.42, 528177
1.42, 527931
1.42, 526327
1.42, 518975
1.42, 517606
1.43, 514781
1.43, 514280
1.43, 514032
1.43, 511352
1.43, 509406
1.43, 507756
1.43, 507024
1.43, 504742
1.43, 504273
1.43, 502393
1.43, 498642
1.43, 497539
1.43, 497284
1.43, 496124
1.43, 491263
1.43, 491139
1.43, 486115
1.43, 485528
1.43, 483529
1.44, 482667
1.44, 479402
1.44, 478770
1.45, 469714
1.45, 469375
1.45, 468371
1.45, 467513
1.45, 464886
1.45, 464183
1.45, 458744
1.45, 454100
1.46, 453391
1.46, 453284
1.46, 453265
1.46, 452907
1.46, 452819
1.46, 451356
1.46, 451343
1.46, 450606
1.46, 448586
1.46, 442978
1.46, 442955
1.47, 438189
1.47, 436791
1.47, 431943
1.47, 430708
1.47, 428353
1.47, 426732
1.47, 426647
1.47, 419382
1.47, 418410
1.47, 415999
1.47, 411440
1.47, 408994
1.47, 406197
1.47, 405150
1.47, 404038
1.47, 402147
1.48, 402062
1.48, 401477
1.48, 400934
1.48, 397875
1.48, 397716
1.49, 397430
1.49, 395752
1.49, 395675
1.49, 392547
1.49, 391902
1.51, 390714
1.51, 390571
1.51, 388570
1.51, 385518
1.52, 384463
1.52, 383979
1.52, 383182
1.52, 382336
1.52, 380198
1.52, 378871
1.52, 377874
1.52, 374168
1.52, 367057
1.52, 366998
1.54, 364867
1.54, 364068
1.54, 362659
1.54, 361716
1.54, 361476
1.54, 360039
1.55, 358382
1.55, 356597
1.55, 353759
1.55, 353364
1.55, 352429
1.55, 352146
1.55, 349244
1.57, 346285
1.57, 345228
1.57, 343367
1.57, 342491
1.57, 342366
1.57, 336815
1.57, 335085
1.57, 334859
1.58, 332763
1.58, 324176
1.58, 323903
1.58, 323228
1.58, 319284
1.58, 319137
1.58, 317594
1.58, 316658
1.58, 315761
1.58, 314909
1.58, 314808
1.58, 312954
1.59, 308659
1.59, 308079
1.59, 307656
1.59, 301792
1.59, 300776
1.59, 299853
1.59, 297989
1.59, 292384
1.59, 285110
1.6, 282111
1.6, 282009
1.6, 281626
1.6, 281102
1.6, 279833
1.6, 278226
1.6, 277888
1.6, 277572
1.6, 277141
1.6, 276711
1.6, 276334
1.6, 273751
1.61, 273468
1.61, 270812
1.61, 268388
1.61, 267693
1.61, 267239
1.62, 262881
1.62, 262541
1.62, 260303
1.62, 260181
1.62, 259221
1.62, 257391
1.62, 256707
1.62, 256092
1.62, 254494
1.62, 253980
1.62, 253910
1.62, 251212
1.62, 250887
1.62, 250359
1.62, 249112
1.62, 248826
1.62, 248789
1.63, 248718
1.64, 247856
1.64, 247111
1.64, 246484
1.64, 244544
1.64, 243388
1.64, 236862
1.64, 236731
1.64, 234352
1.64, 233155
1.64, 228478
1.64, 227833
1.65, 227705
1.65, 227697
1.65, 224129
1.67, 222270
1.67, 222088
1.68, 221681
1.68, 219790
1.68, 217664
1.68, 217598
1.68, 213436
1.68, 212568
1.68, 211602
1.68, 211187
1.68, 208928
1.68, 208760
1.68, 206866
1.69, 205130
1.69, 203419
1.69, 202756
1.69, 202361
1.7, 202285
1.7, 201334
1.7, 200292
1.7, 200180
1.7, 199247
1.7, 198063
1.7, 196351
1.7, 195095
1.7, 194929
1.7, 193720
1.7, 193009
1.71, 192436
1.71, 191565
1.71, 190859
1.71, 189200
1.71, 188631
1.71, 188601
1.73, 187951
1.74, 187778
1.74, 187173
1.74, 185766
1.74, 185451
1.75, 182076
1.75, 181341
1.75, 180019
1.75, 179295
1.75, 178141
1.78, 178017
1.79, 177749
1.81, 176662
1.82, 176492
1.83, 175551
1.83, 175405
1.83, 174980
1.83, 174337
1.84, 172299
1.84, 171781
1.84, 171139
1.85, 170820
1.85, 170452
1.86, 169585
1.86, 169220
1.86, 169153
1.86, 168987
1.86, 167558
1.87, 167520
1.87, 167426
1.87, 167423
1.87, 167294
1.87, 166975
1.87, 166073
1.88, 165664
1.88, 164238
1.88, 163677
1.88, 163331
1.88, 161825
1.88, 161538
1.88, 161469
1.89, 160939
1.89, 159811
1.9, 159678
1.9, 158829
1.9, 158405
1.91, 158088
1.91, 158009
1.91, 157726
1.91, 157715
1.91, 157434
1.92, 156909
1.92, 154993
1.94, 151239
1.95, 151082
1.95, 150738
1.96, 150380
1.96, 150332
1.96, 150055
1.96, 149992
1.97, 149964
1.97, 149216
1.97, 148540
1.99, 148296
1.99, 147937
1.99, 147649
1.99, 146219
2.0, 146116
2.0, 145255
2.01, 145104
2.01, 145004
2.01, 144650
2.01, 143471
2.02, 142457
2.02, 141309
2.07, 141078
2.07, 140903
2.07, 140236
2.07, 140064
2.1, 139637
2.21, 139615
2.23, 139241
2.24, 139057
2.27, 139002
