0.01, 686197
0.01, 680879
0.01, 676692
0.01, 660105
0.09, 659292
0.09, 653233
0.09, 651699
0.09, 650740
0.09, 650599
0.09, 649157
0.09, 641341
0.74, 638570
0.74, 635954
1.13, 619712
1.17, 616176
1.24, 602588
1.25, 599612
1.25, 597842
1.25, 597142
1.25, 592970
1.25, 589542
1.25, 584190
1.25, 578667
1.25, 573091
1.3, 568963
1.3, 568661
1.3, 568616
1.32, 566969
1.32, 563076
1.32, 561664
1.32, 559546
1.32, 558327
1.32, 557576
1.32, 553921
1.32, 553113
1.32, 547551
1.32, 547446
1.32, 546399
1.32, 542652
1.32, 538702
1.32, 531110
1.32, 526285
1.32, 519573
1.42, 516331
1.42, 515787
1.42, 514844
1.42, 512663
1.42, 511002
1.42, 509698
1.42, 506953
1.42, 506365
1.42, 502563
1.42, 501988
1.42, 501015
1.42, 499638
1.42, 493223
1.42, 492180
1.42, 488599
1.43, 484152
1.43, 473330
1.43, 469097
1.43, 467964
1.43, 467013
1.43, 463227
1.43, 463213
1.43, 460552
1.43, 459872
1.43, 458058
1.43, 457676
1.43, 454840
1.43, 452903
1.43, 452267
1.43, 451834
1.43, 450169
1.43, 449304
1.43, 448994
1.43, 444172
1.43, 442957
1.43, 441145
1.43, 440106
1.44, 438014
1.44, 437968
1.44, 436272
1.44, 435467
1.44, 431418
1.44, 427501
1.44, 426578
1.44, 421780
1.44, 421285
1.44, 420809
1.44, 417262
1.44, 412669
1.44, 412094
1.44, 410713
1.44, 405271
1.44, 405270
1.44, 403860
1.44, 403138
1.44, 402468
1.44, 402252
1.44, 401681
1.44, 398551
1.44, 396147
1.45, 394308
1.45, 392553
1.46, 389748
1.46, 388552
1.46, 386254
1.46, 384829
1.46, 383458
1.46, 381699
1.46, 380755
1.46, 374704
1.46, 374060
1.47, 369786
1.47, 366848
1.47, 362715
1.47, 362022
1.48, 353524
1.52, 352585
1.52, 352407
1.52, 351141
1.53, 348533
1.53, 348104
1.53, 343803
1.53, 343277
1.53, 343152
1.53, 343084
1.53, 339829
1.53, 339641
1.53, 336275
1.53, 334560
1.55, 334384
1.55, 334026
1.56, 332288
1.57, 330174
1.57, 329564
1.57, 329045
1.63, 328746
1.63, 327119
1.63, 325354
1.63, 322670
1.63, 320170
1.63, 319362
1.63, 315526
1.63, 315436
1.63, 314122
1.63, 311973
1.63, 310612
1.64, 306926
1.64, 305517
1.64, 296578
1.64, 294973
1.64, 294863
1.64, 293642
1.64, 290898
1.64, 289874
1.64, 289122
1.64, 288128
1.64, 287521
1.64, 287481
1.64, 287362
1.64, 284213
1.64, 281847
1.64, 281541
1.64, 281505
1.64, 279011
1.64, 277018
1.64, 276991
1.65, 275918
1.66, 275794
1.66, 275183
1.67, 272826
1.67, 272492
1.67, 271634
1.67, 270098
1.67, 270087
1.67, 269180
1.68, 269057
1.68, 268641
1.68, 268374
1.69, 268114
1.69, 267697
1.69, 266068
1.69, 266027
1.69, 265826
1.7, 265285
1.7, 264953
1.7, 264886
1.7, 264608
1.7, 260423
1.7, 259627
1.7, 259372
1.7, 258770
1.7, 258092
1.7, 257443
1.7, 256625
1.71, 256179
1.71, 255570
1.71, 254719
1.71, 254628
1.71, 253923
1.71, 252297
1.71, 249547
1.72, 249442
1.72, 246488
1.72, 244616
1.72, 241490
1.72, 235393
1.72, 233730
1.72, 233632
1.72, 233409
1.72, 232158
1.73, 231105
1.73, 230802
1.73, 230057
1.73, 227753
1.73, 226735
1.73, 225799
1.73, 223654
1.73, 223311
1.73, 222763
1.73, 222619
1.73, 222210
1.73, 219197
1.73, 219027
1.73, 218757
1.73, 217322
1.73, 217288
1.73, 216777
1.75, 214982
1.76, 214855
1.76, 214813
1.76, 214070
1.76, 214001
1.77, 213681
1.77, 212504
1.77, 211681
1.77, 211111
1.77, 210892
1.78, 209636
1.78, 208704
1.78, 208250
1.78, 206009
1.78, 205757
1.78, 203960
1.79, 203788
1.79, 201037
1.79, 198779
1.79, 197648
1.79, 194176
1.79, 193938
1.8, 192351
1.8, 191965
1.8, 189710
1.81, 189104
1.81, 188680
1.81, 188589
1.81, 188550
1.83, 187967
1.83, 187224
1.84, 186493
1.84, 185946
1.84, 184886
1.84, 184519
1.84, 184309
1.84, 184090
1.84, 183714
1.84, 183364
1.84, 182463
1.84, 182364
1.85, 182151
1.85, 180964
1.85, 179508
1.85, 178746
1.87, 178439
1.88, 177943
1.88, 177276
1.89, 176841
1.89, 176748
1.89, 175981
1.9, 175272
1.9, 174957
1.92, 173826
1.92, 173067
1.93, 172328
1.93, 171994
1.93, 171836
1.93, 171505
1.94, 171500
1.94, 170165
1.94, 169820
1.94, 169336
1.95, 169202
1.95, 169119
1.96, 169059
1.96, 168767
1.96, 168385
1.96, 168069
1.96, 167776
1.96, 166989
1.96, 166969
1.96, 165600
1.96, 165381
1.96, 164291
1.96, 163736
1.96, 163724
1.96, 163003
1.96, 161412
1.96, 159584
2.03, 159334
2.03, 159033
2.03, 158963
2.04, 158295
2.06, 157415
2.07, 157152
2.08, 156900
2.09, 156860
2.11, 156625
2.12, 155540
2.13, 155223
2.14, 154861
2.14, 152736
2.14, 151898
2.14, 151839
2.14, 150504
2.14, 150116
2.16, 148074
2.2, 146900
2.23, 146842
2.29, 145987
2.29, 145917
2.29, 145828
2.29, 145826
2.29, 145709
2.3, 145601
2.3, 144974
2.32, 144691
2.49, 143510
2.5, 142634
2.64, 142624
2.75, 142383
2.84, 142378
3.01, 141568
3.16, 141101
