0.01, 754297
0.01, 747342
0.01, 742583
0.01, 741899
0.01, 741445
0.01, 726572
0.02, 717263
0.02, 713758
0.02, 705898
0.02, 704288
0.02, 701443
0.02, 697842
0.02, 682077
0.29, 675114
0.29, 670761
0.29, 670233
0.29, 669936
0.31, 667568
0.31, 661578
0.31, 657933
0.43, 651103
0.66, 646968
0.68, 645601
1.04, 644080
1.06, 643216
1.06, 642468
1.07, 642231
1.07, 630542
1.07, 627830
1.07, 625571
1.07, 618739
1.11, 614641
1.11, 608590
1.21, 607623
1.25, 607167
1.26, 605236
1.27, 605161
1.27, 602163
1.27, 601800
1.27, 601514
1.27, 600575
1.27, 595117
1.27, 592335
1.29, 592054
1.29, 589158
1.29, 588629
1.29, 586625
1.29, 583435
1.29, 575174
1.29, 574819
1.29, 569293
1.29, 568206
1.29, 567881
1.29, 567854
1.29, 567586
1.29, 565586
1.29, 561667
1.29, 559427
1.29, 558370
1.3, 557344
1.3, 549566
1.33, 548794
1.33, 548342
1.33, 548322
1.33, 545040
1.34, 540436
1.36, 537065
1.36, 532376
1.38, 529812
1.39, 528601
1.39, 526677
1.39, 522968
1.39, 520643
1.39, 517470
1.39, 515283
1.39, 511307
1.4, 509773
1.4, 506871
1.4, 505692
1.4, 504202
1.4, 503844
1.4, 503374
1.41, 502998
1.41, 502183
1.41, 498895
1.41, 498780
1.41, 497670
1.41, 494259
1.41, 494093
1.41, 492150
1.41, 490270
1.41, 488236
1.41, 485360
1.41, 483921
1.41, 482769
1.41, 480806
1.41, 477375
1.41, 475805
1.41, 475097
1.41, 470411
1.42, 468551
1.42, 467768
1.42, 464661
1.42, 461096
1.42, 457634
1.42, 456485
1.42, 454394
1.42, 446114
1.42, 443300
1.42, 442551
1.42, 439066
1.42, 438235
1.42, 435999
1.42, 434723
1.42, 429115
1.43, 423782
1.43, 423145
1.43, 419969
1.43, 418380
1.43, 418013
1.43, 413941
1.44, 412116
1.44, 409839
1.44, 409625
1.44, 408606
1.46, 402405
1.46, 398070
1.46, 396198
1.46, 392382
1.57, 390005
1.57, 388250
1.57, 385598
1.57, 383824
1.57, 383051
1.57, 382509
1.57, 375895
1.57, 373796
1.57, 373075
1.57, 371452
1.58, 371350
1.58, 369621
1.58, 368614
1.58, 365610
1.58, 364254
1.58, 363893
1.58, 361892
1.58, 361192
1.58, 359509
1.58, 352435
1.58, 345757
1.58, 343999
1.58, 343019
1.58, 341471
1.58, 340855
1.58, 339562
1.58, 339024
1.58, 338977
1.58, 338585
1.58, 334269
1.58, 333631
1.58, 328988
1.58, 324099
1.59, 321744
1.59, 321163
1.59, 316144
1.59, 315984
1.59, 315043
1.59, 314027
1.59, 313546
1.59, 311380
1.59, 309967
1.59, 309592
1.59, 305463
1.59, 302133
1.59, 298330
1.59, 298214
1.59, 297175
1.59, 296967
1.59, 296280
1.59, 295907
1.59, 295359
1.59, 293954
1.59, 291423
1.59, 288614
1.59, 288407
1.6, 287823
1.6, 286509
1.6, 281429
1.6, 281210
1.6, 281056
1.6, 280815
1.6, 277279
1.61, 273250
1.61, 271612
1.62, 268782
1.62, 268132
1.62, 268021
1.62, 267567
1.62, 267360
1.62, 265626
1.64, 263510
1.64, 261906
1.64, 261742
1.64, 259164
1.64, 258584
1.64, 257384
1.64, 254639
1.64, 250884
1.64, 248502
1.64, 247074
1.64, 244195
1.64, 243784
1.64, 240810
1.64, 240649
1.64, 239561
1.64, 239009
1.64, 238634
1.64, 236355
1.64, 235886
1.65, 233267
1.65, 233263
1.65, 232968
1.65, 231296
1.65, 227990
1.65, 227638
1.65, 227572
1.65, 227498
1.65, 227038
1.65, 226516
1.65, 221398
1.65, 220498
1.65, 218639
1.65, 218424
1.66, 218225
1.66, 210201
1.66, 209481
1.66, 207900
1.67, 207830
1.67, 207090
1.67, 206208
1.67, 205494
1.68, 204891
1.68, 202788
1.68, 202272
1.68, 202158
1.68, 201691
1.69, 201355
1.69, 200835
1.69, 200634
1.71, 200581
1.71, 200428
1.71, 200422
1.71, 196203
1.71, 195635
1.71, 195627
1.71, 194435
1.71, 193929
1.72, 193529
1.72, 193034
1.72, 192322
1.72, 192031
1.72, 191468
1.72, 190715
1.72, 188963
1.72, 188919
1.72, 188443
1.72, 186698
1.72, 186330
1.72, 184948
1.72, 183983
1.72, 182902
1.73, 179955
1.73, 178288
1.74, 178191
1.75, 177774
1.75, 176479
1.76, 176219
1.76, 176113
1.76, 175678
1.76, 175646
1.76, 175198
1.76, 174960
1.76, 174711
1.77, 173525
1.77, 173149
1.78, 172884
1.78, 172353
1.78, 171953
1.78, 170964
1.78, 170889
1.78, 170883
1.79, 170357
1.8, 170170
1.8, 169398
1.81, 168979
1.81, 168928
1.81, 168426
1.83, 168006
1.83, 167997
1.84, 164662
1.84, 164205
1.84, 163175
1.85, 163029
1.85, 162672
1.85, 161985
1.85, 160943
1.85, 160704
1.86, 160035
1.86, 159790
1.86, 159752
1.87, 158953
1.87, 158094
1.88, 155759
1.88, 155458
1.88, 154403
1.88, 154296
1.88, 153930
1.89, 153133
1.89, 152888
1.89, 152830
1.89, 152482
1.89, 152017
1.89, 150939
1.9, 150366
1.9, 146715
1.9, 146489
1.94, 146472
1.95, 145574
2.01, 145470
2.04, 145298
2.04, 144939
2.05, 144897
2.05, 144343
2.05, 144239
2.05, 143840
2.06, 143783
2.06, 143680
2.07, 143413
2.07, 143371
2.07, 143343
2.07, 143030
2.08, 142713
2.08, 141274
2.09, 141133
2.21, 140998
2.23, 140919
2.23, 140912
2.23, 140786
2.23, 140248
2.25, 140193
2.26, 138618
2.28, 138568
2.39, 138018
