0.01, 749491
0.01, 739158
0.01, 737611
0.02, 733348
0.02, 732605
0.02, 722713
0.02, 721796
0.02, 714187
0.02, 713711
0.02, 710236
0.04, 703528
0.04, 701586
0.05, 698306
0.05, 696329
0.05, 693044
0.05, 690304
0.05, 689689
0.05, 686131
0.07, 682758
0.07, 679498
0.39, 670903
0.39, 667774
0.39, 664649
0.44, 661894
0.44, 659477
0.44, 653472
0.93, 644065
0.93, 642818
0.93, 640517
0.93, 634069
0.93, 630155
0.93, 625066
0.93, 621023
0.93, 619409
0.93, 617991
0.93, 617553
0.93, 612621
0.93, 610220
0.93, 602706
0.94, 599327
0.94, 596234
1.2, 596217
1.2, 593166
1.26, 586787
1.26, 582090
1.26, 562507
1.26, 562131
1.26, 558207
1.29, 555501
1.29, 555266
1.29, 553365
1.29, 549998
1.29, 546635
1.34, 545540
1.39, 544614
1.39, 543098
1.41, 539434
1.41, 538127
1.41, 536325
1.41, 535062
1.41, 530522
1.41, 529541
1.41, 528624
1.41, 528186
1.41, 524695
1.41, 521325
1.41, 517961
1.41, 515235
1.41, 512470
1.41, 510059
1.41, 507665
1.41, 495890
1.41, 495754
1.41, 494642
1.41, 494200
1.41, 492095
1.41, 490400
1.44, 484887
1.46, 484065
1.46, 481735
1.46, 480973
1.46, 479433
1.46, 478673
1.46, 467273
1.46, 465848
1.46, 463672
1.46, 463078
1.46, 460333
1.46, 460251
1.46, 459779
1.46, 459607
1.46, 455368
1.46, 449632
1.46, 447636
1.46, 445840
1.46, 441504
1.46, 441234
1.46, 435505
1.46, 433430
1.47, 423957
1.47, 421027
1.47, 418504
1.47, 417882
1.47, 413992
1.47, 413853
1.47, 413785
1.47, 412542
1.47, 411884
1.47, 411776
1.48, 410326
1.48, 409785
1.48, 409648
1.48, 405843
1.48, 404756
1.48, 400752
1.49, 400639
1.49, 400341
1.49, 399124
1.49, 397259
1.49, 396120
1.49, 392079
1.49, 388444
1.49, 386161
1.49, 385958
1.49, 385125
1.49, 384110
1.49, 377229
1.49, 377216
1.49, 374406
1.49, 372713
1.49, 370582
1.49, 369396
1.49, 366578
1.5, 364634
1.52, 364193
1.52, 361376
1.52, 360030
1.53, 358152
1.53, 354785
1.62, 354431
1.62, 353354
1.62, 352994
1.62, 351742
1.62, 350707
1.62, 347832
1.63, 345556
1.64, 345194
1.64, 335806
1.64, 335467
1.64, 333526
1.65, 333227
1.65, 328340
1.65, 322965
1.65, 320938
1.65, 320689
1.66, 320464
1.66, 319573
1.66, 317571
1.66, 317157
1.66, 316508
1.66, 309830
1.66, 307384
1.66, 306579
1.66, 305571
1.66, 305502
1.66, 302904
1.66, 302098
1.66, 300119
1.66, 299405
1.66, 299166
1.66, 294750
1.66, 294470
1.67, 290114
1.67, 290009
1.67, 284429
1.67, 284399
1.67, 283481
1.68, 281437
1.68, 280433
1.68, 279612
1.68, 279463
1.69, 279097
1.7, 277479
1.7, 276717
1.7, 272652
1.7, 270273
1.7, 269778
1.7, 268084
1.7, 266992
1.7, 264879
1.7, 259909
1.7, 256864
1.7, 256174
1.7, 255705
1.7, 255419
1.7, 255021
1.7, 253312
1.7, 250864
1.7, 250470
1.7, 248793
1.7, 248634
1.7, 244390
1.7, 243106
1.71, 242774
1.71, 241544
1.71, 241009
1.71, 240110
1.71, 236805
1.72, 236745
1.72, 235195
1.72, 234304
1.72, 233220
1.72, 232498
1.72, 225709
1.72, 225371
1.72, 223116
1.72, 222395
1.72, 219170
1.74, 219000
1.74, 217656
1.74, 217564
1.74, 217345
1.74, 217004
1.74, 216997
1.74, 216252
1.75, 216169
1.75, 215922
1.75, 215449
1.75, 214818
1.75, 214185
1.75, 213783
1.75, 213685
1.75, 213571
1.75, 212604
1.76, 212478
1.76, 212370
1.76, 210089
1.76, 209038
1.76, 208439
1.76, 207877
1.76, 207132
1.77, 203325
1.77, 202901
1.77, 200972
1.77, 199969
1.77, 198564
1.77, 197724
1.77, 197119
1.77, 196770
1.77, 196627
1.77, 194519
1.77, 193656
1.77, 193111
1.77, 191305
1.78, 191178
1.78, 190767
1.78, 189965
1.78, 189839
1.78, 189640
1.78, 189212
1.78, 188450
1.79, 188315
1.79, 188278
1.79, 184659
1.79, 184619
1.79, 182996
1.79, 182720
1.79, 182437
1.79, 182089
1.79, 181866
1.8, 181246
1.8, 181194
1.8, 181159
1.8, 180612
1.8, 180509
1.8, 180219
1.81, 179792
1.81, 179557
1.81, 177253
1.81, 176326
1.81, 175660
1.82, 175476
1.84, 174960
1.84, 174120
1.85, 174074
1.85, 174049
1.85, 172458
1.86, 172019
1.87, 172011
1.87, 170811
1.87, 169639
1.88, 169497
1.88, 168516
1.88, 168168
1.88, 168063
1.89, 167800
1.9, 166389
1.9, 165908
1.9, 164446
1.9, 163603
1.9, 163452
1.91, 163221
1.92, 162864
1.93, 162382
1.93, 161996
1.94, 161493
1.94, 159774
1.95, 159494
1.95, 159396
1.95, 159132
1.95, 159128
1.96, 158784
1.96, 158426
1.96, 157991
1.96, 157574
1.97, 157342
1.97, 157204
1.97, 157119
1.98, 154338
1.98, 154112
2.02, 153887
2.05, 153364
2.06, 153262
2.06, 153125
2.07, 152570
2.07, 151599
2.07, 151034
2.08, 151028
2.14, 150627
2.14, 150536
2.15, 149789
2.16, 149499
2.18, 149278
2.22, 149004
2.22, 148934
2.26, 148757
2.27, 148748
2.27, 148690
2.27, 148676
2.27, 148257
2.27, 148112
2.27, 147570
2.29, 146257
2.33, 145994
2.33, 145925
2.33, 145740
2.38, 144432
2.38, 143948
2.39, 143495
2.46, 142891
2.51, 142568
2.51, 142465
2.51, 141715
2.69, 141202
