0.01, 790030
0.01, 789168
0.01, 783434
0.01, 775180
0.01, 767044
0.01, 750320
0.01, 739876
0.01, 738473
0.01, 732532
0.01, 728541
0.01, 715752
0.01, 713071
0.01, 710570
0.01, 704908
0.04, 701934
0.04, 700853
0.04, 699280
0.04, 698871
0.05, 698754
0.05, 688721
0.05, 681437
0.05, 677607
0.05, 674618
0.08, 671206
0.09, 668381
0.24, 666981
0.24, 662028
0.24, 657493
0.24, 653894
0.24, 649261
0.24, 646104
0.55, 642662
0.55, 639994
0.55, 638060
1.1, 631064
1.1, 627986
1.1, 621323
1.22, 619050
1.22, 611374
1.22, 610643
1.22, 610475
1.22, 609981
1.26, 598161
1.26, 597364
1.26, 587130
1.26, 586072
1.26, 584129
1.26, 584095
1.32, 573665
1.32, 568967
1.32, 567517
1.32, 567079
1.37, 562722
1.37, 561857
1.37, 557882
1.37, 555358
1.37, 549285
1.37, 549067
1.37, 543147
1.37, 542097
1.37, 541114
1.37, 540979
1.37, 540506
1.37, 537017
1.37, 534497
1.38, 532327
1.38, 529830
1.38, 529143
1.38, 527788
1.39, 523416
1.4, 521210
1.4, 520585
1.4, 519845
1.4, 515451
1.41, 515030
1.41, 512130
1.41, 509470
1.41, 508442
1.41, 504940
1.41, 503538
1.42, 498316
1.42, 497612
1.42, 494074
1.42, 493330
1.42, 493317
1.42, 492504
1.42, 484272
1.42, 480552
1.42, 474245
1.43, 472271
1.43, 468713
1.43, 465486
1.43, 463278
1.43, 462749
1.43, 462576
1.43, 458217
1.43, 456721
1.43, 456078
1.43, 449898
1.43, 449693
1.44, 443103
1.44, 442568
1.44, 435784
1.44, 433148
1.44, 433137
1.44, 430980
1.44, 427491
1.44, 425778
1.44, 423759
1.44, 421355
1.44, 419649
1.44, 418581
1.46, 416592
1.46, 412691
1.46, 410100
1.46, 409535
1.46, 409117
1.46, 408498
1.47, 405315
1.49, 401847
1.49, 399633
1.49, 399516
1.49, 399435
1.49, 396908
1.49, 395786
1.49, 395369
1.49, 394615
1.49, 394218
1.49, 393021
1.49, 392173
1.49, 391486
1.5, 390603
1.52, 390127
1.52, 389823
1.52, 387484
1.52, 385798
1.52, 385032
1.52, 384803
1.54, 383920
1.54, 379703
1.54, 379183
1.54, 379131
1.54, 376466
1.54, 372666
1.54, 372375
1.54, 371354
1.54, 371353
1.54, 370306
1.54, 363490
1.54, 362959
1.54, 361475
1.54, 360835
1.54, 360169
1.54, 359676
1.54, 359662
1.54, 358901
1.55, 358747
1.55, 357342
1.55, 356416
1.55, 354734
1.55, 353519
1.55, 351707
1.55, 351365
1.55, 351121
1.56, 350880
1.56, 348958
1.56, 348336
1.56, 347226
1.56, 346726
1.56, 345523
1.56, 342993
1.56, 342868
1.56, 342314
1.56, 338187
1.56, 338088
1.56, 337496
1.57, 337469
1.57, 337157
1.57, 336010
1.57, 332901
1.57, 331894
1.58, 331180
1.58, 330760
1.58, 330525
1.58, 329550
1.58, 328753
1.58, 328616
1.58, 327371
1.58, 326943
1.58, 325224
1.59, 322308
1.59, 320354
1.59, 320076
1.59, 313956
1.59, 313215
1.59, 311575
1.59, 307178
1.59, 307176
1.59, 307150
1.6, 305053
1.6, 304886
1.6, 304614
1.6, 302922
1.6, 302658
1.6, 301781
1.61, 298074
1.61, 297481
1.62, 292314
1.63, 292193
1.63, 289934
1.63, 289842
1.63, 286260
1.63, 284085
1.63, 283624
1.64, 277974
1.64, 277136
1.64, 276797
1.64, 274694
1.64, 274584
1.64, 274439
1.65, 273297
1.65, 272605
1.65, 271447
1.65, 270573
1.66, 270284
1.66, 270172
1.66, 270134
1.66, 268967
1.66, 267531
1.67, 267525
1.67, 263613
1.67, 263367
1.67, 262558
1.67, 262358
1.67, 262351
1.67, 261883
1.67, 261269
1.68, 260243
1.68, 259073
1.69, 257780
1.69, 256963
1.69, 256247
1.69, 254820
1.69, 253287
1.69, 252941
1.69, 252527
1.69, 250275
1.69, 249199
1.69, 248524
1.69, 246218
1.69, 245531
1.69, 243704
1.69, 242912
1.69, 242477
1.69, 239753
1.69, 239255
1.7, 239109
1.7, 234529
1.7, 233840
1.7, 233584
1.7, 233105
1.7, 232151
1.71, 232142
1.71, 231786
1.71, 231628
1.71, 229929
1.71, 229133
1.71, 225493
1.71, 223186
1.71, 220658
1.71, 217870
1.71, 215912
1.71, 211186
1.71, 209722
1.75, 208463
1.75, 208222
1.75, 207360
1.75, 205909
1.76, 205848
1.76, 205815
1.76, 205092
1.76, 205019
1.76, 202920
1.76, 202633
1.76, 202627
1.76, 202011
1.76, 199840
1.76, 198554
1.76, 197932
1.76, 197070
1.76, 197015
1.76, 196473
1.78, 193492
1.78, 193402
1.78, 193196
1.79, 193175
1.79, 192953
1.79, 192464
1.79, 192039
1.79, 191205
1.79, 190902
1.79, 190790
1.79, 190320
1.79, 190050
1.79, 188799
1.8, 188652
1.8, 188410
1.8, 188374
1.8, 188092
1.81, 187709
1.81, 186872
1.81, 185706
1.81, 185357
1.81, 185251
1.81, 184034
1.81, 182414
1.82, 181931
1.83, 181848
1.83, 180989
1.83, 178786
1.84, 178179
1.84, 175929
1.84, 175268
1.84, 174988
1.85, 174783
1.85, 174653
1.85, 174311
1.86, 174157
1.86, 173096
1.86, 172163
1.87, 171933
1.87, 171657
1.87, 171298
1.87, 171288
1.87, 171106
1.87, 170611
1.87, 169755
1.88, 169550
1.88, 169482
1.88, 168343
1.88, 167286
1.88, 166652
1.88, 165202
1.88, 164974
1.94, 164971
1.94, 164613
1.94, 163952
1.95, 163948
1.96, 163884
1.96, 163759
1.96, 162330
1.96, 162300
1.96, 162293
1.96, 162047
1.96, 161242
1.96, 160977
1.97, 160801
1.97, 159914
1.97, 159731
1.99, 159252
1.99, 158704
2.0, 157435
2.0, 157410
2.02, 157318
2.02, 157182
2.02, 156531
2.02, 155401
2.02, 153822
2.03, 153529
2.03, 152345
2.03, 151054
2.04, 151026
2.04, 150257
2.05, 150019
2.05, 149777
2.05, 147718
2.05, 146992
2.05, 146937
2.06, 144644
2.08, 144436
2.15, 144322
2.17, 142621
2.18, 141912
2.2, 141438
2.21, 140969
2.22, 140703
2.37, 140598
2.38, 140260
