0.01, 737744
0.01, 730726
0.01, 727962
0.02, 726026
0.02, 723428
0.02, 721187
0.02, 719763
0.02, 718682
0.02, 711446
0.02, 711409
0.02, 709650
0.04, 706632
0.04, 702208
0.04, 697929
0.04, 692190
0.04, 691637
0.1, 681479
0.1, 680815
0.1, 679376
0.14, 674209
0.14, 671859
0.14, 670094
0.14, 653073
0.93, 642240
0.93, 641974
0.93, 639591
0.93, 638412
0.93, 633861
1.23, 631469
1.24, 631179
1.24, 619832
1.24, 618316
1.24, 618291
1.24, 610049
1.3, 609226
1.3, 605820
1.3, 600939
1.31, 594720
1.31, 593656
1.31, 592906
1.32, 585609
1.32, 584332
1.32, 579580
1.32, 579403
1.32, 575682
1.32, 572589
1.32, 569588
1.37, 569172
1.4, 563644
1.4, 556688
1.4, 556143
1.41, 555035
1.41, 551967
1.41, 545870
1.41, 545675
1.41, 539749
1.41, 536854
1.41, 536585
1.41, 532940
1.41, 531549
1.41, 529893
1.41, 528693
1.41, 527573
1.41, 523352
1.41, 518852
1.41, 517788
1.42, 515191
1.42, 513878
1.42, 513345
1.43, 510541
1.43, 502149
1.43, 497778
1.43, 494913
1.43, 485670
1.43, 483814
1.45, 481183
1.45, 480300
1.45, 478672
1.45, 478484
1.45, 478120
1.45, 476451
1.45, 473374
1.46, 472340
1.46, 470208
1.46, 464959
1.46, 460897
1.47, 460090
1.47, 459713
1.47, 457347
1.47, 456853
1.47, 456453
1.47, 456245
1.47, 454737
1.47, 454006
1.47, 452695
1.47, 451255
1.47, 449986
1.47, 447923
1.47, 445928
1.47, 442123
1.48, 438411
1.48, 434775
1.48, 433008
1.48, 431378
1.48, 430485
1.48, 429335
1.48, 424995
1.48, 423657
1.48, 422165
1.48, 421127
1.49, 408056
1.49, 406620
1.49, 399081
1.49, 398243
1.49, 396894
1.49, 394404
1.49, 380449
1.52, 379226
1.52, 379190
1.52, 378536
1.52, 378440
1.52, 378234
1.52, 377596
1.52, 377156
1.53, 376785
1.53, 370783
1.53, 370287
1.53, 369085
1.53, 368971
1.53, 368707
1.53, 366846
1.56, 364438
1.56, 363650
1.57, 358096
1.57, 357706
1.57, 357347
1.57, 353964
1.57, 352369
1.57, 348459
1.57, 345900
1.57, 344119
1.57, 342963
1.58, 336886
1.58, 334801
1.58, 329929
1.58, 328997
1.58, 327657
1.58, 326922
1.58, 326009
1.58, 321018
1.58, 319891
1.58, 317982
1.58, 317598
1.58, 316885
1.58, 315146
1.58, 314190
1.59, 312068
1.6, 311120
1.6, 309997
1.6, 307417
1.6, 306617
1.6, 305025
1.6, 303455
1.6, 302609
1.6, 300741
1.6, 299345
1.6, 298775
1.6, 298643
1.61, 298410
1.61, 297325
1.61, 297001
1.62, 295192
1.62, 294817
1.62, 292254
1.62, 290220
1.62, 289226
1.62, 288752
1.62, 288666
1.62, 288040
1.63, 287669
1.63, 287309
1.63, 286873
1.63, 285807
1.63, 285392
1.63, 284903
1.64, 284081
1.64, 284029
1.64, 283865
1.64, 282841
1.64, 282772
1.65, 281601
1.66, 281380
1.66, 279583
1.66, 279082
1.66, 276949
1.66, 276915
1.66, 276662
1.66, 276654
1.66, 276541
1.66, 276048
1.66, 273612
1.66, 271985
1.67, 271129
1.69, 269109
1.69, 265062
1.69, 265028
1.69, 259290
1.7, 256808
1.7, 256662
1.7, 253804
1.7, 253797
1.7, 253550
1.7, 251815
1.7, 243369
1.71, 243311
1.71, 241643
1.71, 240768
1.71, 239208
1.71, 239194
1.71, 237918
1.71, 237770
1.71, 236807
1.71, 235784
1.71, 233521
1.72, 233124
1.72, 230431
1.72, 230243
1.72, 228750
1.72, 228246
1.72, 227274
1.72, 226738
1.72, 226013
1.72, 224981
1.73, 224214
1.73, 222048
1.73, 221829
1.73, 219474
1.74, 216197
1.74, 215825
1.74, 211154
1.74, 210452
1.74, 210297
1.74, 208367
1.74, 206012
1.77, 204668
1.77, 204634
1.77, 204241
1.78, 201112
1.79, 200670
1.8, 200608
1.8, 199823
1.81, 199605
1.82, 199446
1.82, 198722
1.82, 197804
1.82, 197699
1.83, 197432
1.83, 196867
1.83, 195802
1.83, 195671
1.83, 194662
1.84, 193803
1.84, 193712
1.84, 190683
1.84, 189445
1.84, 189325
1.85, 188470
1.85, 188408
1.85, 187776
1.85, 187240
1.85, 186574
1.85, 186453
1.85, 185922
1.85, 185002
1.85, 184902
1.85, 184866
1.85, 184130
1.85, 183941
1.85, 182997
1.85, 182807
1.85, 182728
1.86, 181955
1.86, 181925
1.86, 179091
1.87, 178860
1.87, 176541
1.87, 176453
1.87, 175680
1.87, 174554
1.87, 174328
1.87, 173134
1.88, 172409
1.88, 172040
1.88, 170625
1.88, 170571
1.88, 169778
1.88, 168124
1.88, 167678
1.88, 167381
1.89, 166747
1.9, 165997
1.9, 165439
1.9, 164566
1.9, 164132
1.91, 163982
1.91, 161841
1.91, 161686
1.91, 160345
1.91, 159846
1.91, 159229
1.91, 158750
1.91, 156820
1.91, 154310
1.93, 154119
1.94, 153343
1.95, 152703
1.99, 152630
1.99, 151977
2.0, 150869
2.0, 150810
2.04, 150539
2.04, 150440
2.05, 150175
2.05, 149971
2.06, 149411
2.06, 149213
2.09, 149067
2.09, 147717
2.09, 146275
2.09, 145828
2.09, 145778
2.09, 145623
2.1, 144906
2.12, 144164
2.13, 143580
2.13, 143415
2.13, 143367
2.13, 143148
2.14, 142425
2.17, 142104
2.17, 141880
2.18, 141715
2.19, 141647
2.2, 141484
2.2, 141345
2.23, 140817
2.23, 140438
2.24, 140213
2.24, 139822
2.24, 138972
2.25, 138727
2.25, 138689
2.43, 138578
