0.01, 777117
0.01, 775334
0.01, 773027
0.01, 772145
0.01, 767426
0.01, 767333
0.01, 752398
0.01, 750459
0.01, 750348
0.01, 739404
0.01, 734752
0.01, 730553
0.01, 728372
0.01, 727678
0.01, 718599
0.02, 717512
0.02, 716799
0.02, 708616
0.03, 705917
0.04, 702336
0.04, 701663
0.04, 699301
0.04, 698212
0.04, 695479
0.04, 694797
0.04, 689118
0.11, 688129
0.11, 682675
0.21, 679747
0.21, 678402
0.21, 674643
0.25, 668472
0.25, 667077
0.25, 661928
0.25, 661095
0.36, 658804
0.36, 657251
0.36, 641380
0.37, 635903
0.37, 635652
1.24, 633425
1.24, 627091
1.24, 623548
1.24, 620538
1.24, 616303
1.26, 610980
1.26, 605048
1.33, 601990
1.33, 596649
1.33, 592858
1.33, 592300
1.33, 590640
1.33, 589044
1.33, 588389
1.33, 580450
1.33, 579011
1.33, 578146
1.33, 574091
1.33, 564430
1.33, 563245
1.33, 562894
1.33, 561972
1.38, 560855
1.38, 554673
1.38, 553156
1.38, 548740
1.38, 545995
1.38, 544097
1.4, 543942
1.4, 542811
1.4, 537826
1.4, 535578
1.4, 526922
1.4, 525443
1.4, 524214
1.4, 520437
1.41, 518343
1.42, 517205
1.42, 512509
1.42, 511208
1.42, 509498
1.42, 502769
1.42, 500827
1.42, 496175
1.42, 488102
1.42, 487073
1.43, 485023
1.43, 483470
1.43, 483183
1.43, 478394
1.43, 478229
1.43, 469711
1.43, 469465
1.43, 468988
1.43, 467626
1.43, 464339
1.43, 464186
1.43, 457323
1.43, 456200
1.43, 455533
1.43, 455454
1.44, 455374
1.47, 452927
1.47, 449374
1.47, 449065
1.47, 448998
1.47, 448466
1.47, 446021
1.47, 445913
1.47, 445432
1.47, 443307
1.47, 442167
1.47, 441214
1.47, 436664
1.47, 435660
1.47, 433675
1.47, 426902
1.47, 418267
1.5, 417859
1.5, 413228
1.5, 411935
1.5, 411360
1.5, 408330
1.5, 407632
1.5, 407338
1.5, 407167
1.5, 403772
1.52, 402767
1.52, 402427
1.52, 396829
1.52, 393413
1.52, 392409
1.52, 392253
1.52, 387118
1.52, 386177
1.52, 384443
1.52, 383714
1.52, 383600
1.55, 379485
1.55, 376299
1.55, 376217
1.55, 373343
1.55, 372375
1.55, 371689
1.55, 370942
1.55, 364534
1.56, 363626
1.56, 358241
1.56, 355349
1.56, 355200
1.56, 350425
1.58, 349727
1.58, 348630
1.58, 347401
1.58, 344900
1.58, 341986
1.59, 338914
1.59, 335900
1.59, 331058
1.59, 330461
1.59, 328533
1.59, 328048
1.59, 327481
1.59, 327133
1.59, 327086
1.59, 326893
1.59, 325231
1.59, 324019
1.59, 323702
1.6, 323101
1.6, 322963
1.6, 322795
1.6, 322748
1.6, 321742
1.6, 321314
1.6, 321015
1.6, 320966
1.6, 320757
1.6, 320730
1.6, 318154
1.6, 318058
1.6, 316445
1.6, 314878
1.6, 313518
1.6, 311049
1.6, 309656
1.6, 308138
1.6, 307739
1.6, 307578
1.6, 304857
1.6, 303842
1.6, 303782
1.6, 302402
1.61, 301305
1.61, 300047
1.61, 292895
1.61, 290952
1.61, 290051
1.61, 286210
1.61, 282914
1.61, 280088
1.61, 279254
1.61, 277555
1.61, 277416
1.61, 277363
1.61, 276980
1.61, 275297
1.64, 275059
1.64, 273705
1.64, 270501
1.65, 269329
1.65, 269262
1.65, 268571
1.65, 268147
1.65, 266639
1.65, 264099
1.65, 261339
1.65, 261195
1.65, 260099
1.66, 259964
1.66, 259736
1.66, 258677
1.66, 257104
1.66, 253423
1.66, 251507
1.66, 249978
1.66, 248334
1.66, 247904
1.66, 246401
1.66, 246215
1.66, 245691
1.66, 244639
1.66, 244266
1.66, 243127
1.67, 242080
1.67, 241389
1.67, 240602
1.67, 239569
1.67, 238170
1.67, 236425
1.67, 236365
1.68, 235861
1.68, 235249
1.68, 234964
1.68, 234272
1.68, 233602
1.68, 232699
1.68, 232026
1.69, 231074
1.69, 230636
1.69, 227116
1.7, 227068
1.71, 226252
1.71, 225034
1.71, 223775
1.71, 223743
1.71, 223333
1.71, 222751
1.71, 222668
1.71, 222456
1.71, 217949
1.71, 216193
1.71, 214968
1.72, 214098
1.72, 213813
1.72, 213589
1.72, 213580
1.72, 212550
1.72, 212337
1.72, 212248
1.72, 210800
1.72, 210232
1.72, 209495
1.72, 209488
1.72, 209419
1.72, 209310
1.72, 209069
1.73, 207040
1.73, 205886
1.73, 205790
1.74, 205307
1.74, 204730
1.74, 203940
1.77, 203839
1.77, 203596
1.77, 202389
1.77, 201787
1.77, 201747
1.77, 201400
1.77, 201171
1.77, 200947
1.77, 199974
1.78, 199856
1.78, 199567
1.78, 199186
1.78, 198762
1.78, 197763
1.78, 197403
1.78, 196481
1.78, 196076
1.78, 195885
1.78, 195390
1.79, 195191
1.8, 194770
1.8, 194630
1.8, 194166
1.8, 194047
1.8, 193986
1.81, 192742
1.81, 191981
1.81, 191777
1.81, 191752
1.81, 191664
1.81, 191503
1.81, 190693
1.81, 189609
1.81, 189380
1.81, 188846
1.81, 188816
1.82, 187363
1.82, 186401
1.82, 186227
1.82, 185443
1.82, 185278
1.84, 183857
1.84, 182213
1.85, 182176
1.85, 180854
1.85, 180795
1.85, 180253
1.85, 179891
1.86, 179213
1.86, 178040
1.86, 176045
1.86, 175741
1.86, 174989
1.86, 174904
1.86, 174246
1.87, 173894
1.87, 173264
1.87, 173032
1.88, 173020
1.88, 172614
1.88, 172132
1.88, 171798
1.88, 171654
1.88, 171070
1.89, 168764
1.89, 167889
1.89, 167706
1.9, 166844
1.9, 165904
1.9, 165218
1.9, 164204
1.9, 163461
1.91, 161997
1.91, 160161
1.91, 160020
2.0, 159627
2.0, 159275
2.01, 158402
2.03, 158387
2.03, 158370
2.04, 155440
2.04, 155301
2.04, 155282
2.04, 152598
2.04, 151740
2.06, 151542
2.06, 150993
2.07, 150696
2.07, 150437
2.07, 149934
2.07, 149911
2.07, 149867
2.07, 149550
2.07, 149359
2.07, 147759
2.08, 145333
2.08, 143758
2.1, 143708
2.19, 143242
2.2, 143131
2.2, 143020
2.22, 142936
2.22, 142660
2.22, 142161
2.23, 141878
2.36, 141732
2.4, 140933
2.4, 140634
2.41, 140210
2.41, 139959
2.52, 139901
2.56, 139886
