0.01, 735935
0.01, 717072
0.01, 714032
0.01, 713652
0.01, 710918
0.01, 708069
0.01, 705475
0.02, 704442
0.02, 703349
0.02, 697674
0.21, 697356
0.22, 687582
0.22, 681876
0.22, 680190
0.29, 663330
0.29, 655253
0.68, 653923
0.7, 648841
0.7, 647053
0.7, 644959
1.12, 644499
1.12, 641645
1.12, 637251
1.12, 634750
1.12, 632258
1.12, 625842
1.12, 625807
1.12, 621988
1.12, 620885
1.12, 619209
1.12, 616867
1.12, 615105
1.12, 614881
1.12, 614875
1.12, 613019
1.12, 607918
1.12, 603943
1.12, 603126
1.15, 602886
1.16, 601695
1.33, 599751
1.33, 596268
1.33, 594019
1.33, 591943
1.33, 591701
1.33, 586505
1.33, 582277
1.33, 575612
1.33, 575315
1.35, 568178
1.35, 567112
1.35, 557706
1.35, 549261
1.35, 547077
1.35, 531326
1.35, 529597
1.36, 526964
1.36, 524767
1.36, 523464
1.36, 523098
1.41, 523087
1.41, 515712
1.41, 511628
1.41, 511431
1.41, 511399
1.41, 504138
1.41, 501572
1.46, 500771
1.46, 493844
1.48, 487012
1.48, 485792
1.48, 469557
1.48, 460190
1.48, 455803
1.48, 454352
1.48, 454297
1.48, 449797
1.5, 442359
1.5, 439860
1.5, 439730
1.5, 437076
1.5, 430757
1.5, 430719
1.5, 424846
1.5, 424477
1.5, 424444
1.5, 423323
1.5, 418791
1.5, 412736
1.5, 412715
1.51, 405521
1.51, 404374
1.51, 402404
1.51, 398784
1.51, 395074
1.51, 393991
1.51, 392566
1.51, 389896
1.51, 388358
1.51, 387186
1.51, 384939
1.51, 384027
1.51, 383449
1.51, 379229
1.51, 379223
1.51, 376960
1.51, 372776
1.52, 371259
1.52, 369939
1.52, 364415
1.52, 364399
1.52, 364143
1.52, 363730
1.52, 360828
1.52, 351451
1.53, 347860
1.53, 341536
1.53, 340355
1.54, 336756
1.54, 333898
1.54, 333009
1.54, 332853
1.54, 331874
1.54, 331135
1.54, 328079
1.55, 327241
1.55, 326746
1.55, 325325
1.55, 325287
1.55, 323154
1.55, 322677
1.55, 321903
1.55, 321724
1.55, 321206
1.55, 317099
1.56, 316715
1.56, 315053
1.56, 313351
1.56, 311409
1.56, 308397
1.56, 308240
1.56, 307964
1.56, 306484
1.56, 304876
1.56, 304525
1.56, 304473
1.57, 303368
1.57, 301678
1.58, 300599
1.59, 300239
1.59, 299665
1.59, 299320
1.59, 298521
1.59, 297204
1.59, 296159
1.59, 292063
1.6, 290380
1.6, 290063
1.6, 288645
1.6, 286937
1.6, 286864
1.6, 286741
1.6, 282196
1.6, 279757
1.6, 279241
1.6, 278810
1.6, 277407
1.6, 277282
1.61, 277155
1.62, 274476
1.63, 272819
1.63, 272596
1.64, 271613
1.64, 268978
1.64, 267652
1.64, 266679
1.65, 266288
1.65, 266098
1.65, 266077
1.65, 265502
1.65, 264755
1.65, 263953
1.65, 263911
1.66, 263031
1.66, 258873
1.66, 256446
1.66, 255779
1.66, 254772
1.67, 254546
1.68, 254053
1.69, 253292
1.69, 252256
1.69, 251669
1.69, 251613
1.69, 250901
1.69, 250069
1.69, 249714
1.69, 246386
1.69, 245952
1.69, 245838
1.7, 244230
1.7, 243739
1.7, 243555
1.7, 241346
1.7, 238166
1.7, 238023
1.7, 236310
1.7, 234666
1.7, 232756
1.7, 231348
1.7, 229566
1.7, 227560
1.71, 225397
1.71, 225217
1.71, 225013
1.72, 224211
1.72, 222960
1.72, 221825
1.72, 219722
1.73, 219135
1.74, 218017
1.74, 216099
1.74, 214036
1.74, 212687
1.74, 209649
1.75, 207744
1.75, 206889
1.76, 206546
1.77, 205506
1.77, 205159
1.77, 204760
1.77, 204478
1.77, 203250
1.77, 203208
1.77, 202946
1.77, 202870
1.77, 202859
1.77, 201843
1.77, 201026
1.78, 200137
1.78, 198693
1.78, 198617
1.78, 196449
1.78, 196334
1.78, 195646
1.78, 195183
1.78, 194081
1.79, 193815
1.79, 193444
1.79, 193434
1.79, 192687
1.79, 191886
1.8, 191558
1.8, 190221
1.8, 190015
1.8, 189253
1.8, 188619
1.8, 187746
1.81, 187536
1.82, 186860
1.83, 186540
1.83, 184612
1.83, 184550
1.84, 184500
1.84, 184313
1.84, 184299
1.84, 183621
1.84, 182192
1.84, 182157
1.84, 181877
1.84, 181447
1.85, 180916
1.85, 180240
1.88, 179964
1.9, 179908
1.9, 178617
1.9, 178165
1.91, 177782
1.92, 177717
1.92, 176567
1.92, 176556
1.92, 175186
1.92, 174333
1.93, 173638
1.93, 170687
1.93, 168800
1.93, 168621
1.94, 168525
1.94, 168350
1.95, 168246
1.96, 167870
1.97, 167766
1.97, 167502
1.98, 167284
1.98, 167233
1.98, 166690
1.99, 166122
1.99, 166018
1.99, 165993
1.99, 165668
1.99, 164653
1.99, 164089
1.99, 161907
2.0, 161796
2.02, 161332
2.02, 160953
2.02, 159962
2.02, 159811
2.03, 159564
2.03, 159333
2.03, 158225
2.03, 157286
2.03, 156895
2.03, 156894
2.04, 156370
2.05, 155924
2.05, 155578
2.05, 155025
2.06, 154836
2.06, 154738
2.06, 154059
2.07, 153438
2.07, 153421
2.09, 152918
2.11, 152545
2.17, 152330
2.19, 152228
2.19, 152115
2.21, 151931
2.22, 151848
2.26, 151420
2.26, 150225
2.26, 149750
2.26, 149721
2.3, 149543
2.3, 149292
2.3, 149219
2.3, 148429
2.38, 147981
2.4, 146758
2.4, 146229
2.41, 145647
2.46, 145571
2.47, 145535
2.47, 145396
2.58, 145341
2.59, 144241
2.61, 144191
2.62, 143723
2.62, 143267
2.63, 141917
2.63, 139876
2.65, 139539
2.68, 139165
2.96, 138827
