0.01, 733668
0.01, 729864
0.01, 727882
0.01, 712035
0.01, 706768
0.01, 684055
0.01, 677981
0.04, 675298
0.04, 674448
0.07, 673348
0.07, 672505
0.08, 669874
0.08, 668147
0.08, 659761
0.08, 652072
0.08, 646865
0.08, 646465
0.08, 644673
0.08, 643480
0.08, 639576
1.12, 639340
1.12, 639090
1.13, 638768
1.13, 635615
1.13, 633147
1.13, 630847
1.13, 624384
1.13, 624007
1.13, 621482
1.13, 619305
1.13, 618501
1.13, 613169
1.13, 608776
1.13, 592855
1.26, 588026
1.27, 586672
1.3, 586506
1.3, 580889
1.3, 579862
1.3, 577269
1.3, 576051
1.3, 573644
1.3, 573448
1.3, 571487
1.3, 570857
1.3, 565671
1.31, 564886
1.31, 562765
1.31, 560811
1.31, 559983
1.31, 556809
1.31, 555736
1.31, 555380
1.32, 555202
1.32, 545810
1.32, 542635
1.35, 542615
1.35, 541622
1.35, 534288
1.35, 532217
1.37, 530857
1.4, 529480
1.4, 529144
1.4, 521994
1.41, 521866
1.42, 517932
1.42, 515592
1.42, 510856
1.46, 508570
1.46, 506300
1.46, 504557
1.46, 504327
1.46, 500858
1.46, 498951
1.46, 496488
1.46, 493642
1.46, 489909
1.46, 488684
1.46, 487572
1.46, 484047
1.46, 480529
1.46, 477484
1.46, 474509
1.46, 473181
1.47, 470581
1.47, 469959
1.47, 469911
1.47, 467715
1.47, 464368
1.47, 464206
1.47, 461368
1.48, 459762
1.48, 455033
1.48, 454300
1.48, 446503
1.48, 444765
1.48, 442763
1.48, 439953
1.48, 431984
1.49, 430289
1.49, 428282
1.49, 426052
1.49, 425133
1.49, 424248
1.49, 424196
1.49, 423531
1.49, 420424
1.49, 418878
1.49, 412430
1.49, 411715
1.49, 410791
1.5, 410673
1.5, 407451
1.5, 403234
1.5, 400985
1.5, 398616
1.51, 397530
1.51, 394773
1.51, 391067
1.51, 389854
1.51, 387643
1.52, 385906
1.52, 385865
1.52, 385489
1.52, 383918
1.52, 382722
1.52, 381973
1.52, 381936
1.52, 381281
1.52, 381248
1.52, 379530
1.52, 379511
1.52, 379197
1.52, 378314
1.52, 375594
1.52, 374237
1.52, 373275
1.52, 372068
1.52, 371605
1.52, 371253
1.52, 364434
1.52, 363603
1.52, 360613
1.53, 359296
1.53, 357901
1.53, 356610
1.53, 355230
1.53, 354889
1.53, 353432
1.54, 352724
1.54, 352541
1.54, 352526
1.54, 351593
1.55, 349937
1.56, 347392
1.56, 346613
1.56, 343673
1.56, 341843
1.57, 340671
1.57, 340498
1.57, 339004
1.57, 338924
1.57, 338649
1.58, 329717
1.58, 328806
1.58, 327966
1.58, 326830
1.58, 324850
1.58, 322873
1.58, 320748
1.58, 317742
1.59, 317370
1.59, 315197
1.59, 312567
1.59, 312417
1.59, 312072
1.59, 311568
1.59, 305154
1.6, 301952
1.6, 300001
1.6, 299312
1.61, 299299
1.61, 297090
1.61, 293452
1.61, 293131
1.61, 292691
1.61, 291124
1.61, 290739
1.61, 285532
1.61, 284195
1.61, 281973
1.62, 281700
1.62, 281509
1.63, 279493
1.63, 278629
1.63, 278314
1.63, 276349
1.63, 275653
1.63, 273427
1.63, 255120
1.63, 254836
1.64, 249893
1.64, 244905
1.64, 244672
1.65, 242554
1.66, 242083
1.66, 240257
1.67, 239701
1.67, 235180
1.68, 235084
1.68, 234935
1.68, 234436
1.69, 233596
1.69, 233132
1.69, 231225
1.69, 231215
1.69, 228220
1.69, 226476
1.69, 225718
1.69, 225182
1.69, 222534
1.69, 222078
1.7, 221565
1.7, 220359
1.7, 218285
1.7, 217899
1.7, 217756
1.7, 217644
1.7, 214374
1.7, 213880
1.7, 213487
1.7, 213260
1.71, 213019
1.71, 210934
1.73, 208373
1.74, 207572
1.74, 207276
1.74, 207026
1.74, 206235
1.74, 206221
1.74, 206013
1.74, 205866
1.74, 205573
1.74, 204416
1.74, 203689
1.75, 203638
1.75, 203397
1.75, 203318
1.75, 202256
1.75, 202032
1.76, 201202
1.77, 198509
1.77, 198430
1.77, 197938
1.77, 197816
1.77, 196169
1.77, 195579
1.77, 195079
1.77, 194265
1.78, 193569
1.78, 193170
1.78, 193072
1.78, 192254
1.79, 192237
1.79, 192129
1.79, 191931
1.8, 191442
1.8, 191259
1.8, 191031
1.81, 190916
1.81, 189980
1.81, 189743
1.81, 189431
1.81, 188736
1.81, 188703
1.81, 188540
1.81, 188016
1.81, 185769
1.81, 185709
1.81, 184707
1.81, 184314
1.81, 183183
1.82, 182875
1.83, 181748
1.87, 180831
1.87, 180406
1.87, 179221
1.88, 178105
1.88, 178009
1.9, 177577
1.91, 177047
1.91, 175884
1.91, 175725
1.91, 174821
1.91, 174679
1.91, 174618
1.92, 174205
1.92, 172988
1.92, 172912
1.92, 171618
1.92, 171100
1.92, 170859
1.92, 170446
1.93, 169588
1.93, 169381
1.94, 169339
1.95, 169245
1.95, 168662
1.98, 168597
1.98, 167966
1.98, 167751
1.98, 167665
1.98, 167413
1.99, 166976
1.99, 166936
2.0, 166108
2.0, 165922
2.04, 165476
2.04, 164922
2.04, 164733
2.07, 164459
2.07, 164458
2.07, 164261
2.07, 163718
2.07, 163532
2.07, 163432
2.07, 163034
2.08, 162023
2.09, 162014
2.09, 161558
2.11, 160426
2.11, 160248
2.11, 158812
2.11, 158542
2.13, 158329
2.13, 158034
2.14, 157540
2.15, 157356
2.15, 157179
2.15, 157011
2.16, 156963
2.16, 156740
2.16, 156734
2.16, 156717
2.17, 156318
2.17, 156303
2.24, 156179
2.26, 156154
2.32, 155687
2.33, 155458
2.33, 155168
2.33, 154967
2.34, 154960
2.34, 154705
2.34, 152775
2.34, 152014
2.35, 151989
2.35, 151565
2.35, 151505
2.36, 149079
2.44, 148980
2.44, 148950
2.44, 147669
2.53, 147009
2.53, 146994
