0.03, 5427271
0.04, 5389187
0.04, 5337742
0.04, 5288712
0.04, 5281434
0.04, 5192581
0.04, 5174864
0.04, 5111192
0.04, 5065498
0.04, 4951006
0.04, 4938744
0.05, 4933422
0.05, 4933417
0.05, 4890595
0.05, 4872648
0.05, 4766348
0.05, 4759292
0.05, 4738038
0.05, 4732303
0.05, 4700707
0.06, 4689050
0.06, 4617822
0.06, 4616211
0.06, 4555534
0.06, 4543810
0.06, 4499188
0.06, 4484917
0.06, 4455499
0.06, 4363426
0.06, 4329064
0.07, 4297045
0.07, 4286430
0.07, 4158701
0.07, 4146493
0.07, 4128353
0.07, 4122947
0.07, 4035520
0.07, 4000680
0.08, 3992870
0.08, 3941799
0.08, 3848409
0.09, 3846104
0.09, 3840915
0.09, 3801767
0.09, 3748568
0.09, 3737914
0.09, 3692466
0.09, 3651577
0.09, 3540781
0.09, 3535474
0.1, 3512664
0.1, 3511446
0.1, 3510447
0.1, 3471967
0.1, 3444110
0.1, 3404397
0.1, 3371928
0.1, 3370397
0.11, 3351387
0.11, 3346467
0.11, 3339144
0.11, 3325870
0.11, 3314165
0.11, 3292753
0.11, 3286423
0.11, 3285496
0.12, 3283402
0.12, 3277273
0.12, 3253423
0.12, 3126504
0.12, 3104166
0.12, 3085711
0.12, 3064841
0.13, 3059181
0.13, 3055656
0.13, 3046756
0.13, 3019816
0.13, 3015301
0.13, 3005524
0.14, 2994161
0.14, 2984311
0.14, 2950116
0.14, 2933761
0.14, 2886166
0.14, 2851140
0.14, 2803832
0.14, 2789921
0.15, 2785468
0.15, 2784527
0.15, 2784121
0.15, 2766941
0.15, 2759632
0.15, 2759624
0.16, 2759617
0.16, 2753370
0.16, 2739601
0.16, 2731961
0.17, 2725091
0.17, 2724076
0.17, 2699944
0.17, 2653457
0.17, 2639524
0.17, 2637338
0.18, 2630416
0.19, 2596692
0.22, 2589551
0.22, 2589033
0.22, 2583977
0.23, 2580694
0.23, 2574934
0.24, 2574648
0.25, 2573208
0.25, 2536558
0.25, 2527778
0.26, 2503796
0.26, 2480290
0.26, 2467905
0.26, 2451770
0.26, 2441041
0.26, 2437769
0.26, 2390636
0.26, 2389871
0.26, 2382273
0.27, 2375427
0.27, 2367553
0.27, 2361730
0.27, 2359012
0.27, 2353937
0.27, 2348306
0.27, 2341354
0.27, 2336301
0.27, 2335206
0.27, 2293217
0.27, 2279647
0.28, 2278406
0.28, 2278027
0.28, 2248952
0.28, 2236653
0.28, 2233402
0.28, 2228573
0.28, 2228033
0.28, 2222821
0.28, 2222025
0.28, 2209727
0.29, 2180627
0.29, 2172726
0.29, 2163194
0.3, 2161926
0.3, 2157637
0.3, 2145095
0.3, 2139538
0.3, 2139077
0.3, 2112878
0.3, 2109132
0.31, 2109029
0.31, 2052394
0.31, 2052313
0.32, 2040483
0.32, 2006427
0.32, 1993904
0.32, 1931758
0.32, 1891333
0.33, 1862928
0.33, 1862234
0.33, 1852767
0.33, 1847017
0.33, 1776445
0.33, 1769682
0.34, 1751675
0.34, 1735766
0.34, 1735424
0.35, 1636739
0.35, 1624610
0.35, 1613626
0.36, 1605978
0.36, 1594370
0.36, 1568281
0.36, 1558931
0.36, 1535046
0.36, 1530086
0.36, 1517451
0.36, 1507173
0.36, 1481981
0.37, 1479315
0.37, 1458833
0.37, 1452461
0.37, 1441791
0.37, 1420030
0.37, 1419029
0.37, 1414808
0.38, 1413577
0.38, 1408223
0.38, 1408217
0.38, 1407904
0.38, 1402245
0.38, 1402160
0.38, 1399080
0.38, 1396959
0.38, 1381880
0.39, 1381525
0.39, 1372576
0.39, 1371807
0.39, 1358582
0.39, 1333845
0.39, 1319777
0.39, 1312053
0.39, 1305189
0.39, 1305142
0.4, 1294847
0.4, 1281142
0.4, 1280681
0.4, 1271978
0.4, 1269307
0.4, 1255229
0.41, 1251411
0.41, 1248580
0.41, 1248100
0.41, 1234182
0.41, 1228493
0.41, 1214237
0.41, 1212893
0.42, 1212632
0.42, 1209641
0.42, 1209229
0.42, 1206538
0.42, 1198684
0.42, 1191784
0.43, 1177665
0.43, 1172471
0.44, 1167825
0.44, 1133723
0.45, 1103842
0.45, 1101609
0.46, 1086812
0.46, 1086592
0.46, 1086540
0.47, 1086452
0.47, 1085166
0.48, 1083685
0.49, 1082509
0.53, 1079326
0.54, 1067089
0.55, 1058340
0.55, 1054380
0.55, 1035088
0.57, 1034323
0.58, 1019728
0.58, 1018932
0.59, 1018483
0.6, 1018189
0.6, 1016491
0.61, 1015733
0.61, 1012607
0.62, 989212
0.63, 980549
0.64, 977972
0.64, 977644
0.65, 965094
0.65, 962591
0.65, 961716
0.65, 960999
0.65, 959431
0.65, 955185
0.66, 953615
0.66, 953045
0.66, 947436
0.66, 940959
0.66, 940132
0.66, 938680
0.66, 937718
0.67, 937109
0.69, 930653
0.69, 908109
0.7, 907721
0.7, 907132
0.73, 899809
0.74, 898041
0.84, 894624
0.85, 893786
0.87, 892568
0.88, 891986
0.88, 883832
0.89, 883764
0.89, 877291
0.92, 872693
0.93, 856860
1.24, 855048
1.25, 843966
