0.0, 4917068
0.0, 4902442
0.0, 4868473
0.0, 4840815
0.0, 4800103
0.0, 4541162
0.0, 4506778
0.0, 4432879
0.0, 4290233
0.0, 3956467
0.0, 3907612
0.0, 3835302
0.0, 3669627
0.0, 3662417
0.0, 3314207
0.0, 3290245
0.0, 3280159
0.0, 3179845
0.0, 3171470
0.0, 3114285
0.0, 3057176
0.0, 3050147
0.0, 2985145
0.0, 2918107
0.0, 2868817
0.0, 2722311
0.0, 2717188
0.0, 2690988
0.0, 2627565
0.0, 2598323
0.0, 2541430
0.0, 2539106
0.0, 2518411
0.0, 2517526
0.0, 2465605
0.0, 2426336
0.0, 2394365
0.0, 2355627
0.0, 2335702
0.0, 2294990
0.0, 2252191
0.0, 2062854
0.0, 2053399
0.0, 2030052
0.0, 2003763
