0.0, 5153226
0.0, 5126206
0.0, 4985336
0.0, 4982877
0.0, 4791160
0.0, 4784109
0.0, 4256222
0.0, 4224318
0.0, 4129861
0.0, 4105010
0.0, 4095349
0.0, 3989956
0.0, 3804206
0.0, 3759886
0.0, 3549422
0.0, 3410984
0.0, 3352169
0.0, 3334530
0.0, 3233887
0.0, 3182926
0.0, 3070304
0.0, 2940498
0.0, 2930931
0.0, 2920724
0.0, 2753175
0.0, 2750717
0.0, 2721373
0.0, 2643919
0.0, 2512258
0.0, 2486837
0.0, 2474581
0.0, 2447527
0.0, 2407640
0.0, 2375580
0.0, 2352093
0.0, 2339510
0.0, 2287108
0.0, 2263319
0.0, 2149428
0.0, 2056380
0.0, 2054590
0.0, 2003763
