0.0, 5159086
0.0, 4885127
0.0, 4881800
0.0, 4708628
0.0, 4682114
0.0, 4499523
0.0, 4489943
0.0, 4481807
0.0, 4453250
0.0, 4425592
0.0, 4407957
0.0, 3891428
0.0, 3834129
0.0, 3537414
0.0, 3511060
0.0, 3326823
0.0, 3326601
0.0, 3294318
0.0, 3293463
0.0, 3288367
0.0, 3201727
0.0, 3060925
0.0, 3055567
0.0, 3010026
0.0, 3009068
0.0, 2718485
0.0, 2683067
0.0, 2620743
0.0, 2569495
0.0, 2518996
0.0, 2500047
0.0, 2475011
0.0, 2461868
0.0, 2448776
0.0, 2418543
0.0, 2360212
0.0, 2342861
0.0, 2231229
0.0, 2073806
0.0, 2045745
0.0, 2034414
0.0, 2020002
0.0, 2003763
