0.0, 27969
0.0, 27631
0.0, 27607
0.0, 27121
0.0, 27074
0.0, 26973
0.0, 26829
0.0, 26650
0.0, 26087
0.0, 25833
0.0, 25741
0.0, 25647
0.0, 25406
0.0, 25263
0.0, 24703
0.0, 24417
0.0, 24035
0.0, 24011
0.01, 23651
0.01, 23597
0.01, 23516
0.01, 23417
0.01, 23287
0.01, 23213
0.01, 23014
0.01, 23001
0.01, 22954
0.01, 22595
0.01, 22513
0.01, 22245
0.01, 21951
0.01, 21874
0.01, 21742
0.01, 21683
0.01, 19939
0.01, 19752
0.01, 19703
0.01, 19555
0.01, 19397
0.01, 19385
0.01, 18927
0.01, 18498
0.01, 18467
0.01, 18425
0.01, 18235
0.01, 18220
0.01, 18137
0.01, 17859
0.01, 17737
0.01, 17710
0.01, 17533
0.01, 17411
0.01, 16514
0.01, 16397
0.01, 16177
0.01, 15508
0.01, 15149
0.01, 15045
0.01, 14907
0.01, 14890
0.01, 14735
0.01, 14690
0.01, 14672
0.01, 14502
0.01, 14494
0.01, 14448
0.01, 14323
0.01, 13926
0.01, 13922
0.01, 13828
0.01, 13790
0.01, 13786
0.01, 13699
0.01, 13642
0.01, 13556
0.01, 13167
0.01, 13004
0.01, 12923
0.01, 12762
0.01, 12264
0.01, 12261
0.01, 12108
0.01, 11997
0.01, 11795
0.01, 11663
0.01, 11621
0.01, 11333
0.01, 11317
0.01, 11168
0.01, 11124
0.01, 11055
0.01, 10996
0.01, 10976
0.01, 10887
0.01, 10853
0.01, 10817
0.01, 10730
0.01, 10724
0.01, 10610
0.01, 10597
0.01, 10566
0.01, 10423
0.01, 10383
0.01, 10347
0.01, 10332
0.01, 10318
0.01, 10291
0.01, 10242
0.01, 10165
0.01, 10157
0.01, 10108
0.01, 10052
0.01, 9834
0.01, 9821
0.01, 9766
0.01, 9670
0.01, 9445
0.01, 9338
0.01, 9319
0.01, 9314
0.01, 9302
0.01, 9229
0.01, 9079
0.01, 9067
0.01, 8771
0.01, 8713
0.01, 8710
0.01, 8687
0.01, 8628
0.01, 8612
0.01, 8554
0.01, 8487
0.02, 8431
0.02, 8412
0.02, 8406
0.02, 8121
0.02, 8099
0.02, 8062
0.02, 8033
0.02, 8021
0.02, 7971
0.02, 7954
0.02, 7935
0.02, 7930
0.12, 7904
0.12, 7875
0.24, 7867
0.35, 7846
0.43, 7670
2.2, 7663
3.45, 7542
