0.0, 32553
0.0, 32178
0.0, 32050
0.0, 31556
0.0, 30976
0.0, 30781
0.0, 30448
0.0, 30350
0.0, 30224
0.0, 30223
0.0, 30082
0.0, 30068
0.0, 29889
0.0, 29740
0.0, 29678
0.0, 29558
0.0, 29322
0.0, 29207
0.0, 28880
0.0, 28425
0.0, 27905
0.0, 27849
0.0, 27366
0.0, 26794
0.0, 26553
0.0, 26340
0.0, 26282
0.0, 25402
0.0, 25115
0.0, 24905
0.0, 24721
0.0, 24581
0.0, 24528
0.0, 24279
0.0, 23973
0.0, 23486
0.0, 23093
0.0, 22612
0.0, 22584
0.0, 22338
0.0, 22295
0.0, 22213
0.0, 21965
0.0, 21892
0.0, 21841
0.0, 21270
0.0, 21179
0.0, 20583
0.0, 20436
0.0, 19824
0.0, 19630
0.0, 18703
0.0, 18100
0.0, 17847
0.0, 17286
0.0, 16179
0.0, 16011
0.0, 15239
0.0, 14954
0.0, 14752
0.0, 14744
0.0, 14558
0.0, 14077
0.0, 14059
0.0, 13427
0.0, 13313
0.0, 13309
0.0, 13025
0.0, 13023
0.0, 12567
0.0, 12557
0.0, 12523
0.0, 12485
0.0, 12481
0.0, 12371
0.0, 12369
0.0, 12316
0.0, 12282
0.0, 12250
0.0, 12225
0.0, 12194
0.0, 12151
0.0, 11935
0.0, 11843
0.0, 11790
0.0, 11680
0.0, 11652
0.0, 11579
0.0, 11496
0.0, 11319
0.0, 11311
0.0, 11180
0.0, 11164
0.0, 11151
0.0, 10686
0.0, 10604
0.0, 10601
0.0, 10544
0.0, 10332
0.0, 10054
0.0, 10014
0.0, 9845
0.0, 9829
0.0, 9822
0.0, 9507
0.0, 9505
0.0, 9430
0.0, 9377
0.0, 9351
0.0, 9327
0.0, 9123
0.0, 8877
0.0, 8851
0.0, 8616
0.0, 8565
0.0, 8555
0.01, 8553
0.01, 8547
0.01, 8491
0.01, 8472
0.01, 8401
0.01, 8318
0.01, 8222
0.01, 8186
0.01, 8179
0.01, 8115
0.01, 8089
0.01, 8033
0.03, 7979
0.03, 7966
0.05, 7935
0.05, 7888
0.05, 7874
0.05, 7848
0.07, 7618
2.12, 7542
