0.0, 31490
0.0, 30492
0.0, 29785
0.0, 29725
0.0, 29683
0.0, 29646
0.0, 29179
0.0, 28782
0.0, 28432
0.0, 28072
0.0, 27896
0.0, 27650
0.0, 27174
0.0, 27058
0.01, 26987
0.01, 26691
0.01, 26465
0.01, 26194
0.01, 26122
0.01, 25553
0.01, 25504
0.01, 23927
0.01, 23620
0.01, 23139
0.01, 22829
0.01, 22446
0.01, 22354
0.01, 22125
0.01, 21940
0.01, 21938
0.01, 21607
0.01, 21225
0.01, 21196
0.01, 21132
0.01, 20798
0.01, 20547
0.01, 20517
0.01, 20491
0.01, 20361
0.01, 19966
0.01, 19811
0.01, 19777
0.01, 19624
0.01, 19522
0.01, 19351
0.01, 19336
0.01, 19308
0.01, 18848
0.01, 18802
0.01, 18790
0.01, 18639
0.01, 17988
0.01, 17726
0.01, 17073
0.01, 16880
0.01, 16837
0.01, 16432
0.01, 15845
0.01, 15346
0.01, 14994
0.01, 14943
0.01, 14633
0.01, 14563
0.01, 14531
0.01, 13559
0.01, 13503
0.01, 13467
0.01, 12968
0.01, 12773
0.01, 12705
0.01, 12604
0.01, 12580
0.01, 12476
0.01, 12467
0.01, 12274
0.01, 12263
0.01, 12212
0.01, 12191
0.01, 12165
0.01, 12157
0.01, 12069
0.01, 12061
0.01, 12006
0.01, 11138
0.01, 10934
0.01, 10894
0.01, 10750
0.01, 10557
0.01, 10276
0.01, 10268
0.01, 10248
0.01, 10060
0.01, 10048
0.01, 9976
0.01, 9965
0.01, 9911
0.01, 9502
0.01, 9345
0.01, 9334
0.01, 9251
0.01, 9197
0.01, 9188
0.01, 9090
0.01, 9072
0.01, 9047
0.01, 9046
0.01, 9042
0.01, 9007
0.01, 9001
0.01, 8995
0.01, 8979
0.01, 8913
0.01, 8912
0.01, 8830
0.01, 8811
0.01, 8801
0.01, 8791
0.01, 8665
0.01, 8526
0.01, 8365
0.01, 8307
0.01, 8304
0.01, 8265
0.01, 8230
0.01, 8228
0.01, 8219
0.01, 8182
0.01, 8171
0.01, 8165
0.05, 8066
0.06, 8049
0.06, 8026
0.06, 7976
0.06, 7972
0.06, 7965
0.18, 7959
0.18, 7924
0.18, 7918
0.18, 7787
0.18, 7782
0.5, 7754
0.5, 7743
0.5, 7738
0.5, 7681
1.26, 7657
2.21, 7596
3.54, 7558
3.54, 7547
3.54, 7542
