0.0, 29597
0.0, 28962
0.0, 28949
0.0, 28643
0.0, 28416
0.0, 28301
0.0, 28042
0.0, 27815
0.0, 27533
0.0, 27351
0.0, 27172
0.0, 26758
0.0, 26681
0.0, 26162
0.0, 26141
0.0, 25693
0.01, 25566
0.01, 25449
0.01, 25295
0.01, 25023
0.01, 24956
0.01, 24290
0.01, 24069
0.01, 23325
0.01, 23135
0.01, 22530
0.01, 22303
0.01, 21288
0.01, 21012
0.01, 19342
0.01, 19321
0.01, 19098
0.01, 18989
0.01, 18982
0.01, 18356
0.01, 18086
0.01, 17410
0.01, 17300
0.01, 16892
0.01, 16835
0.01, 16500
0.01, 16456
0.01, 16161
0.01, 16113
0.01, 16073
0.01, 16001
0.01, 15750
0.01, 15703
0.01, 15208
0.01, 15079
0.01, 15044
0.01, 14888
0.01, 14872
0.01, 14867
0.01, 14810
0.01, 14804
0.01, 14763
0.01, 14649
0.01, 14577
0.01, 14497
0.01, 14417
0.01, 14374
0.01, 14340
0.01, 14338
0.01, 14257
0.01, 14113
0.01, 13934
0.01, 13933
0.01, 13703
0.01, 13654
0.01, 13553
0.01, 13506
0.01, 13455
0.01, 13447
0.01, 13429
0.01, 12652
0.01, 12557
0.01, 11959
0.01, 11432
0.01, 11373
0.01, 11347
0.01, 11110
0.01, 11021
0.01, 10743
0.01, 10559
0.01, 10512
0.01, 10368
0.01, 10346
0.01, 9859
0.01, 9739
0.01, 9681
0.01, 9642
0.01, 9577
0.01, 9465
0.01, 9460
0.01, 9450
0.01, 9404
0.01, 9064
0.01, 8927
0.01, 8899
0.01, 8860
0.01, 8846
0.01, 8844
0.01, 8818
0.01, 8814
0.01, 8743
0.01, 8737
0.01, 8718
0.01, 8695
0.01, 8668
0.01, 8606
0.01, 8549
0.01, 8440
0.01, 8376
0.01, 8319
0.01, 8314
0.03, 8311
0.03, 8301
0.03, 8278
0.03, 8258
0.05, 8226
0.05, 8111
0.05, 8106
0.05, 8091
0.05, 8041
0.06, 8035
0.09, 7958
0.09, 7910
0.18, 7876
0.18, 7871
0.28, 7828
0.28, 7732
0.46, 7731
0.85, 7681
0.98, 7641
0.98, 7618
2.15, 7583
2.15, 7582
2.15, 7577
2.15, 7542
