0.0, 30703
0.0, 30668
0.0, 30612
0.0, 30276
0.0, 29911
0.0, 29910
0.0, 29629
0.0, 29550
0.0, 29030
0.0, 28920
0.0, 28819
0.0, 28611
0.0, 28596
0.0, 27663
0.0, 27580
0.0, 27350
0.0, 27207
0.01, 26708
0.01, 26639
0.01, 25790
0.01, 25680
0.01, 24953
0.01, 24491
0.01, 24349
0.01, 24292
0.01, 24082
0.01, 24014
0.01, 23119
0.01, 22970
0.01, 22954
0.01, 22909
0.01, 22902
0.01, 22891
0.01, 22840
0.01, 22588
0.01, 22471
0.01, 22270
0.01, 22144
0.01, 22114
0.01, 22028
0.01, 21937
0.01, 21807
0.01, 20758
0.01, 20716
0.01, 20562
0.01, 20478
0.01, 20381
0.01, 20351
0.01, 20251
0.01, 20213
0.01, 20208
0.01, 20207
0.01, 19596
0.01, 19554
0.01, 19206
0.01, 18805
0.01, 18566
0.01, 18000
0.01, 17886
0.01, 17868
0.01, 17762
0.01, 17757
0.01, 17643
0.01, 17589
0.01, 17408
0.01, 17329
0.01, 17216
0.01, 17142
0.01, 17047
0.01, 17045
0.01, 16987
0.01, 16494
0.01, 16295
0.01, 16259
0.01, 16258
0.01, 15699
0.01, 15541
0.01, 15437
0.01, 15325
0.01, 15224
0.01, 14952
0.01, 14949
0.01, 14809
0.01, 14533
0.01, 14420
0.01, 13765
0.01, 13417
0.01, 12880
0.01, 12808
0.01, 12791
0.01, 12564
0.01, 12206
0.01, 12100
0.01, 12095
0.01, 11887
0.01, 11837
0.01, 11665
0.01, 11522
0.01, 11378
0.01, 11374
0.01, 11369
0.01, 11223
0.01, 11215
0.01, 11170
0.01, 11167
0.01, 11090
0.01, 11019
0.01, 10971
0.01, 10942
0.01, 10927
0.01, 10916
0.01, 10845
0.01, 10806
0.01, 10761
0.01, 10542
0.01, 10475
0.01, 10332
0.01, 10201
0.01, 10189
0.01, 10092
0.01, 10076
0.01, 10074
0.01, 10010
0.01, 10006
0.01, 9909
0.01, 9749
0.01, 9722
0.01, 9548
0.01, 9406
0.01, 9399
0.01, 9317
0.01, 9315
0.01, 9278
0.01, 9222
0.01, 9162
0.01, 9119
0.01, 9082
0.01, 8775
0.01, 8580
0.01, 8524
0.01, 8472
0.01, 8452
0.01, 8439
0.01, 8289
0.01, 8159
0.01, 8141
0.01, 8112
0.01, 8097
0.01, 8094
0.01, 8088
0.01, 8038
0.01, 7963
0.01, 7943
0.01, 7864
0.01, 7847
0.01, 7836
0.07, 7826
0.07, 7815
0.07, 7810
0.1, 7627
0.1, 7596
1.54, 7547
1.54, 7542
