0.0, 31273
0.0, 31268
0.0, 31010
0.0, 30964
0.0, 30109
0.0, 29973
0.0, 29687
0.0, 29483
0.0, 29171
0.0, 28877
0.0, 28669
0.0, 27463
0.0, 27356
0.0, 26949
0.0, 26936
0.0, 26447
0.0, 25885
0.0, 25846
0.01, 25750
0.01, 25264
0.01, 24062
0.01, 23844
0.01, 23298
0.01, 23282
0.01, 23159
0.01, 23050
0.01, 22906
0.01, 22422
0.01, 21958
0.01, 21623
0.01, 21536
0.01, 21418
0.01, 21400
0.01, 21260
0.01, 21123
0.01, 20861
0.01, 20815
0.01, 20783
0.01, 20511
0.01, 19487
0.01, 19319
0.01, 19271
0.01, 19101
0.01, 18825
0.01, 18714
0.01, 18511
0.01, 18495
0.01, 18466
0.01, 18330
0.01, 18294
0.01, 17454
0.01, 17314
0.01, 17283
0.01, 17099
0.01, 17093
0.01, 16979
0.01, 16822
0.01, 16695
0.01, 16553
0.01, 16049
0.01, 15926
0.01, 15671
0.01, 15547
0.01, 15126
0.01, 14842
0.01, 14188
0.01, 13911
0.01, 13682
0.01, 13381
0.01, 13253
0.01, 13188
0.01, 13186
0.01, 12838
0.01, 12795
0.01, 12713
0.01, 12621
0.01, 12598
0.01, 12559
0.01, 12486
0.01, 12460
0.01, 12432
0.01, 12369
0.01, 12342
0.01, 12190
0.01, 12162
0.01, 11813
0.01, 11732
0.01, 11403
0.01, 11285
0.01, 11263
0.01, 10998
0.01, 10962
0.01, 10830
0.01, 10804
0.01, 10554
0.01, 10516
0.01, 10388
0.01, 10323
0.01, 10301
0.01, 10233
0.01, 10218
0.01, 10154
0.01, 9982
0.01, 9969
0.01, 9867
0.01, 9825
0.01, 9764
0.01, 9712
0.01, 9660
0.01, 9561
0.01, 9541
0.01, 9477
0.01, 9462
0.01, 9205
0.01, 9099
0.01, 8887
0.01, 8695
0.01, 8690
0.01, 8540
0.01, 8497
0.01, 8430
0.01, 8419
0.01, 8414
0.01, 8379
0.01, 8085
0.01, 8069
0.02, 7902
0.02, 7891
0.02, 7890
0.06, 7873
0.06, 7797
0.31, 7761
0.31, 7705
0.31, 7694
0.31, 7671
0.31, 7663
0.8, 7659
0.8, 7624
0.8, 7622
0.8, 7613
0.8, 7576
0.8, 7565
0.8, 7542
