0.0, 32564
0.0, 32470
0.0, 32334
0.0, 32245
0.0, 31880
0.0, 31662
0.0, 31338
0.0, 31253
0.0, 30907
0.0, 30831
0.0, 30610
0.0, 30418
0.0, 30198
0.0, 30190
0.0, 29477
0.0, 28374
0.0, 27325
0.0, 27320
0.0, 27003
0.0, 26808
0.0, 26138
0.0, 25745
0.0, 25195
0.0, 25071
0.0, 24595
0.0, 24003
0.0, 22234
0.0, 22163
0.0, 21035
0.0, 20911
0.0, 20894
0.0, 20830
0.0, 20752
0.0, 20662
0.0, 20540
0.0, 20402
0.0, 20088
0.0, 20062
0.0, 19538
0.0, 19453
0.0, 19433
0.0, 19278
0.0, 18923
0.0, 18750
0.0, 18323
0.0, 18192
0.0, 18107
0.0, 18009
0.0, 17985
0.0, 17730
0.0, 17672
0.0, 17623
0.0, 17518
0.0, 17353
0.0, 17276
0.0, 17196
0.0, 17110
0.0, 17109
0.0, 17008
0.0, 16757
0.0, 16732
0.0, 16495
0.0, 16349
0.0, 16104
0.0, 16016
0.0, 15777
0.0, 15768
0.0, 15720
0.0, 15714
0.0, 15608
0.0, 15036
0.0, 15031
0.0, 14874
0.0, 14587
0.0, 14294
0.0, 14053
0.0, 12994
0.0, 12801
0.0, 12622
0.0, 12447
0.0, 12352
0.0, 12324
0.0, 12303
0.0, 12219
0.0, 12077
0.0, 11870
0.0, 10950
0.0, 10837
0.0, 10332
0.0, 10313
0.0, 10307
0.0, 10255
0.0, 10179
0.0, 10160
0.0, 10152
0.0, 10108
0.0, 9982
0.0, 9907
0.0, 9770
0.0, 9668
0.0, 9667
0.0, 9625
0.0, 9407
0.0, 9376
0.0, 9344
0.0, 9267
0.0, 9183
0.0, 9040
0.0, 9010
0.0, 8716
0.0, 8663
0.01, 8658
0.01, 8656
0.01, 8652
0.01, 8632
0.01, 8607
0.01, 8395
0.01, 8372
0.01, 8362
0.01, 8309
0.01, 8303
0.01, 8291
0.01, 8262
0.01, 8242
0.01, 8231
0.01, 8216
0.01, 8211
0.01, 8053
0.04, 8007
0.04, 7958
0.04, 7810
0.15, 7801
0.15, 7792
0.15, 7720
0.15, 7711
1.84, 7709
1.86, 7680
1.86, 7623
1.86, 7618
3.1, 7542
