0.0, 29611
0.0, 29553
0.0, 29297
0.0, 28975
0.0, 28834
0.0, 28769
0.0, 28142
0.0, 28040
0.0, 26457
0.0, 26415
0.0, 26008
0.0, 26006
0.0, 25703
0.0, 25681
0.0, 25558
0.0, 25477
0.0, 25407
0.0, 25224
0.0, 25157
0.0, 24827
0.0, 24633
0.0, 24108
0.0, 24090
0.0, 23798
0.0, 23791
0.0, 22835
0.0, 22833
0.0, 22736
0.0, 22695
0.0, 21983
0.0, 21852
0.0, 21654
0.0, 21268
0.0, 20855
0.0, 20742
0.0, 20627
0.0, 20602
0.0, 20570
0.0, 20554
0.0, 19590
0.0, 19287
0.0, 18804
0.0, 18715
0.0, 18654
0.0, 18482
0.0, 18103
0.0, 17789
0.0, 17643
0.0, 17504
0.0, 17322
0.0, 17317
0.0, 17271
0.0, 16788
0.0, 16725
0.0, 16568
0.0, 16567
0.0, 16347
0.0, 16098
0.0, 16024
0.0, 15153
0.0, 14881
0.0, 14323
0.0, 13918
0.0, 13733
0.0, 13523
0.0, 13443
0.0, 13087
0.0, 12657
0.0, 12547
0.0, 12359
0.0, 12191
0.0, 12157
0.0, 12125
0.0, 12071
0.0, 11948
0.0, 11869
0.0, 11852
0.0, 11763
0.0, 11401
0.0, 11144
0.0, 11017
0.0, 11014
0.0, 10826
0.0, 10709
0.0, 10543
0.0, 10128
0.0, 10108
0.0, 10080
0.0, 10051
0.0, 9903
0.0, 9843
0.0, 9786
0.0, 9738
0.0, 9699
0.0, 9693
0.0, 9662
0.0, 9624
0.0, 9619
0.0, 9570
0.0, 9517
0.0, 9286
0.0, 9231
0.0, 9179
0.0, 9090
0.0, 8951
0.0, 8872
0.0, 8654
0.0, 8652
0.0, 8623
0.01, 8620
0.01, 8467
0.01, 8466
0.01, 8387
0.01, 8363
0.01, 8346
0.01, 8283
0.01, 8270
0.01, 8237
0.01, 8231
0.01, 8227
0.01, 8123
0.01, 8072
0.01, 7997
0.09, 7963
0.09, 7952
0.09, 7909
0.09, 7904
0.09, 7881
0.09, 7873
0.11, 7618
0.36, 7587
0.36, 7577
0.36, 7542
