0.0, 30222
0.0, 29642
0.0, 28970
0.0, 28919
0.0, 28564
0.0, 28486
0.0, 28254
0.0, 28026
0.0, 27935
0.0, 27826
0.0, 27650
0.01, 26768
0.01, 26734
0.01, 26590
0.01, 26496
0.01, 26396
0.01, 25920
0.01, 24831
0.01, 24320
0.01, 23605
0.01, 23556
0.01, 23240
0.01, 23082
0.01, 22802
0.01, 22761
0.01, 21782
0.01, 21658
0.01, 21644
0.01, 21441
0.01, 21395
0.01, 21372
0.01, 21262
0.01, 21260
0.01, 21219
0.01, 20684
0.01, 20677
0.01, 20595
0.01, 20507
0.01, 20497
0.01, 19991
0.01, 19967
0.01, 19674
0.01, 19433
0.01, 19346
0.01, 18982
0.01, 18668
0.01, 18557
0.01, 18412
0.01, 18304
0.01, 18235
0.01, 17285
0.01, 17262
0.01, 17089
0.01, 17072
0.01, 16910
0.01, 16692
0.01, 16254
0.01, 15586
0.01, 15424
0.01, 15135
0.01, 14663
0.01, 14163
0.01, 14056
0.01, 13683
0.01, 13484
0.01, 13300
0.01, 13159
0.01, 13060
0.01, 12990
0.01, 12675
0.01, 12593
0.01, 12309
0.01, 12241
0.01, 11685
0.01, 11405
0.01, 11315
0.01, 11243
0.01, 11192
0.01, 11173
0.01, 11135
0.01, 11111
0.01, 11052
0.01, 10993
0.01, 10988
0.01, 10925
0.01, 10916
0.01, 10905
0.01, 10879
0.01, 10410
0.01, 10385
0.01, 10274
0.01, 10023
0.01, 9913
0.01, 9878
0.01, 9876
0.01, 9645
0.01, 9642
0.01, 9550
0.01, 9543
0.01, 9504
0.01, 9449
0.01, 9318
0.01, 9265
0.01, 9247
0.01, 9198
0.01, 9080
0.01, 9074
0.01, 9068
0.01, 9048
0.01, 9009
0.01, 8998
0.01, 8935
0.01, 8914
0.01, 8893
0.01, 8843
0.01, 8803
0.01, 8634
0.01, 8629
0.01, 8624
0.01, 8611
0.01, 8601
0.01, 8557
0.01, 8531
0.01, 8494
0.01, 8480
0.01, 8411
0.01, 8371
0.01, 8366
0.01, 8346
0.01, 8344
0.01, 8339
0.01, 8322
0.01, 8309
0.01, 8252
0.02, 8157
0.02, 8091
0.02, 8081
0.02, 8030
0.02, 7986
0.02, 7981
0.1, 7972
0.1, 7958
0.1, 7944
0.14, 7883
0.14, 7749
0.82, 7681
1.49, 7678
2.47, 7677
2.47, 7675
2.47, 7670
3.76, 7542
