0.0, 29137
0.0, 28891
0.0, 28804
0.0, 28499
0.0, 28201
0.0, 27693
0.0, 27467
0.0, 27415
0.0, 27024
0.0, 26995
0.0, 26871
0.0, 26783
0.0, 26491
0.0, 26345
0.0, 26131
0.0, 26047
0.0, 25841
0.01, 25665
0.01, 25627
0.01, 25249
0.01, 25110
0.01, 24867
0.01, 24814
0.01, 24629
0.01, 24490
0.01, 23508
0.01, 23205
0.01, 23082
0.01, 22795
0.01, 22436
0.01, 22430
0.01, 22071
0.01, 21987
0.01, 21872
0.01, 21650
0.01, 21212
0.01, 20721
0.01, 20561
0.01, 20475
0.01, 20425
0.01, 20424
0.01, 20343
0.01, 20223
0.01, 20005
0.01, 19918
0.01, 19819
0.01, 19762
0.01, 19604
0.01, 19592
0.01, 19501
0.01, 19432
0.01, 19112
0.01, 19073
0.01, 17830
0.01, 17677
0.01, 17276
0.01, 17240
0.01, 16605
0.01, 16541
0.01, 16527
0.01, 15757
0.01, 15608
0.01, 15298
0.01, 15041
0.01, 15034
0.01, 14503
0.01, 14424
0.01, 14283
0.01, 14206
0.01, 13663
0.01, 13648
0.01, 13436
0.01, 13168
0.01, 12772
0.01, 12715
0.01, 12592
0.01, 12326
0.01, 12256
0.01, 11898
0.01, 11864
0.01, 11529
0.01, 11374
0.01, 11365
0.01, 11283
0.01, 11241
0.01, 10763
0.01, 10731
0.01, 10726
0.01, 10529
0.01, 10455
0.01, 10422
0.01, 10411
0.01, 10353
0.01, 10250
0.01, 10152
0.01, 10150
0.01, 10121
0.01, 10111
0.01, 10091
0.01, 10043
0.01, 9875
0.01, 9800
0.01, 9720
0.01, 9657
0.01, 9564
0.01, 9300
0.01, 9191
0.01, 8901
0.01, 8727
0.01, 8664
0.01, 8645
0.01, 8633
0.01, 8575
0.01, 8436
0.01, 8425
0.01, 8374
0.01, 8373
0.01, 8366
0.01, 8286
0.01, 8149
0.01, 8126
0.01, 8031
0.04, 7961
0.04, 7950
0.04, 7882
0.05, 7797
0.05, 7757
0.05, 7703
0.05, 7680
0.23, 7623
0.23, 7619
0.23, 7613
0.23, 7591
0.23, 7547
0.23, 7542
