0.0, 2513332
0.0, 2507199
0.0, 2507103
0.0, 2471948
0.0, 2452354
0.0, 2380978
0.0, 2293873
0.0, 2215874
0.0, 2161530
0.0, 2156418
0.0, 2156382
0.0, 2135499
0.0, 2129304
0.0, 2127876
0.0, 2100462
0.0, 2099313
0.0, 2061829
0.0, 2054240
0.0, 2013065
0.0, 1983515
0.0, 1959996
0.0, 1899930
0.0, 1857476
0.0, 1829609
0.0, 1719870
0.0, 1711401
0.0, 1633744
0.0, 1633448
0.0, 1614945
0.0, 1612554
0.0, 1587841
0.0, 1547383
0.0, 1537383
0.0, 1535654
0.0, 1429992
0.0, 1427312
0.0, 1387277
0.0, 1335518
0.0, 1271909
0.0, 1192105
0.0, 1164922
0.0, 1161696
0.0, 1160938
0.0, 1156627
0.0, 1153156
0.0, 1148385
0.0, 1146241
0.0, 1145520
0.0, 1118064
0.0, 1099881
0.0, 1094043
0.0, 1087669
0.0, 1077817
0.0, 1074659
0.0, 1032543
0.0, 1029803
0.0, 999350
0.0, 992542
0.0, 989262
0.0, 983306
0.0, 981841
0.01, 980393
0.01, 975365
0.01, 969942
0.01, 968031
0.01, 962123
0.01, 960227
0.01, 958027
0.01, 957817
0.01, 950656
0.01, 934431
0.01, 913976
0.01, 909109
0.01, 908896
0.01, 908850
0.08, 907233
0.08, 898094
0.12, 894606
0.55, 893959
0.55, 893746
0.55, 893536
