0.0, 2949651
0.0, 2910495
0.0, 2856682
0.0, 2807345
0.0, 2802268
0.0, 2710925
0.0, 2584949
0.0, 2564515
0.0, 2543961
0.0, 2527781
0.0, 2520247
0.0, 2485907
0.0, 2445877
0.0, 2445119
0.0, 2385213
0.0, 2375731
0.0, 2266034
0.0, 2256173
0.0, 2220888
0.0, 2213721
0.0, 2201162
0.0, 2191217
0.0, 2108008
0.0, 2092930
0.0, 2031161
0.0, 1995355
0.0, 1923093
0.0, 1908621
0.0, 1886269
0.0, 1864390
0.0, 1856010
0.0, 1803895
0.0, 1793531
0.0, 1775363
0.0, 1755894
0.0, 1747234
0.0, 1746533
0.0, 1741509
0.0, 1733585
0.0, 1730179
0.0, 1688063
0.0, 1684003
0.0, 1650563
0.0, 1603872
0.0, 1584173
0.0, 1512696
0.0, 1478314
0.0, 1396140
0.0, 1370329
0.0, 1358797
0.0, 1347903
0.0, 1334502
0.0, 1331195
0.0, 1324787
0.0, 1324717
0.0, 1291877
0.0, 1286600
0.0, 1250522
0.0, 1246275
0.0, 1244318
0.0, 1236224
0.0, 1229437
0.0, 1209387
0.0, 1180277
0.0, 1141085
0.0, 1140363
0.0, 1135668
0.0, 1121030
0.0, 1119732
0.0, 1102810
0.0, 1095646
0.0, 1065187
0.0, 1047597
0.0, 1039895
0.01, 1038198
0.01, 1021276
0.01, 1007738
0.01, 1004255
0.01, 994973
0.01, 980596
0.01, 962987
0.01, 962465
0.01, 960066
0.01, 948416
0.01, 942692
0.01, 941807
0.01, 935510
0.01, 930288
0.01, 927896
0.02, 920709
0.03, 917771
0.03, 917764
0.03, 913819
0.03, 913297
0.03, 912628
0.03, 911335
0.03, 905186
0.03, 893536
