0.0, 3051894
0.0, 3042540
0.0, 3004246
0.0, 2986959
0.0, 2918099
0.0, 2829320
0.0, 2741089
0.0, 2721283
0.0, 2686696
0.0, 2683873
0.0, 2606209
0.0, 2567089
0.0, 2519968
0.0, 2501052
0.0, 2488613
0.0, 2450707
0.0, 2450586
0.0, 2348234
0.0, 2345037
0.0, 2334220
0.0, 2313628
0.0, 2259092
0.0, 2258965
0.0, 2253553
0.0, 2224645
0.0, 2166399
0.0, 2159491
0.0, 2114874
0.0, 2104874
0.0, 2104620
0.0, 2100418
0.0, 2008048
0.0, 1991423
0.0, 1858700
0.0, 1852545
0.0, 1772544
0.0, 1764734
0.0, 1677549
0.0, 1651866
0.0, 1651553
0.0, 1649796
0.0, 1641233
0.0, 1602223
0.0, 1592666
0.0, 1564073
0.0, 1559313
0.0, 1534403
0.0, 1530915
0.0, 1523479
0.0, 1515652
0.0, 1513248
0.0, 1494576
0.0, 1485994
0.0, 1480662
0.0, 1442391
0.0, 1438322
0.0, 1419083
0.0, 1415338
0.0, 1374078
0.0, 1343993
0.0, 1333686
0.0, 1305086
0.0, 1302286
0.0, 1274299
0.0, 1273812
0.0, 1255461
0.0, 1252060
0.0, 1251938
0.0, 1162222
0.0, 1099063
0.0, 1082453
0.01, 1077973
0.01, 1066662
0.01, 1058693
0.01, 1022227
0.01, 1009309
0.01, 1003364
0.01, 1002067
0.01, 1000451
0.01, 995876
0.01, 995595
0.01, 972290
0.01, 970091
0.01, 967833
0.01, 948887
0.01, 948412
0.01, 944987
0.01, 944436
0.01, 940817
0.01, 940107
0.01, 935423
0.01, 934872
0.01, 931253
0.01, 930543
0.01, 924394
0.02, 922276
0.02, 920222
0.02, 919122
0.03, 911536
0.03, 910739
0.03, 910421
0.03, 910211
0.06, 904859
0.06, 902573
0.06, 902392
0.06, 901246
0.08, 900802
0.08, 898074
0.2, 895935
0.53, 894606
2.19, 894087
2.19, 893536
