0.0, 2934938
0.0, 2822952
0.0, 2731703
0.0, 2714505
0.0, 2494858
0.0, 2464278
0.0, 2437143
0.0, 2414363
0.0, 2403423
0.0, 2368532
0.0, 2364386
0.0, 2348772
0.0, 2348524
0.0, 2338912
0.0, 2335382
0.0, 2232291
0.0, 2178718
0.0, 2172001
0.0, 2085022
0.0, 2084231
0.0, 2070911
0.0, 2038323
0.0, 2025143
0.0, 1989016
0.0, 1986994
0.0, 1834674
0.0, 1813152
0.0, 1802438
0.0, 1788413
0.0, 1766857
0.0, 1764036
0.0, 1708453
0.0, 1659780
0.0, 1603428
0.0, 1566431
0.0, 1507143
0.0, 1440806
0.0, 1438988
0.0, 1428247
0.0, 1422235
0.0, 1405253
0.0, 1369067
0.0, 1327903
0.0, 1326203
0.0, 1315619
0.0, 1302998
0.0, 1297580
0.0, 1294434
0.0, 1284537
0.0, 1280409
0.0, 1275824
0.0, 1227525
0.0, 1218386
0.0, 1188301
0.0, 1187201
0.0, 1178411
0.0, 1177979
0.0, 1164850
0.0, 1116983
0.0, 1096815
0.0, 1087742
0.0, 1082784
0.0, 1079425
0.0, 1075390
0.0, 1047267
0.0, 1045974
0.0, 1042243
0.0, 1026018
0.01, 1007586
0.01, 982712
0.01, 982146
0.01, 981715
0.01, 974858
0.01, 959676
0.01, 959630
0.01, 947980
0.01, 923095
0.01, 920132
0.01, 917404
0.02, 917055
0.02, 914916
0.02, 913494
0.02, 912943
0.02, 912897
0.03, 911968
0.03, 911258
0.04, 908708
0.1, 908612
0.13, 907780
0.14, 899355
0.14, 899145
0.14, 898594
0.19, 897669
0.19, 897005
0.25, 896799
0.25, 896586
0.32, 895292
0.32, 895082
0.37, 894197
1.38, 893536
