0.0, 2751280
0.0, 2742962
0.0, 2726866
0.0, 2675515
0.0, 2667323
0.0, 2554317
0.0, 2474547
0.0, 2467504
0.0, 2467350
0.0, 2446256
0.0, 2425302
0.0, 2419914
0.0, 2414555
0.0, 2408324
0.0, 2406500
0.0, 2405209
0.0, 2396578
0.0, 2226247
0.0, 2163088
0.0, 2072827
0.0, 2069544
0.0, 2046237
0.0, 2031389
0.0, 2023193
0.0, 2010922
0.0, 2010775
0.0, 1962672
0.0, 1934546
0.0, 1921815
0.0, 1920820
0.0, 1811748
0.0, 1799562
0.0, 1794217
0.0, 1774888
0.0, 1774275
0.0, 1713174
0.0, 1700030
0.0, 1633080
0.0, 1622735
0.0, 1562504
0.0, 1510496
0.0, 1506013
0.0, 1484258
0.0, 1480248
0.0, 1477560
0.0, 1477240
0.0, 1461894
0.0, 1455300
0.0, 1398847
0.0, 1386391
0.0, 1384395
0.0, 1378487
0.0, 1317838
0.0, 1286217
0.0, 1281733
0.0, 1271717
0.0, 1259419
0.0, 1247404
0.0, 1221475
0.0, 1211475
0.0, 1195639
0.0, 1166798
0.0, 1160309
0.0, 1160001
0.0, 1150021
0.0, 1147357
0.0, 1147027
0.0, 1133930
0.0, 1129373
0.0, 1121565
0.0, 1118615
0.0, 1116403
0.0, 1112345
0.0, 1107015
0.0, 1106404
0.0, 1090835
0.01, 1084779
0.01, 1083115
0.01, 1071011
0.01, 1060198
0.01, 1052382
0.01, 1045218
0.01, 1041036
0.01, 1031754
0.01, 1031608
0.01, 1028821
0.01, 1023770
0.01, 1004293
0.01, 1003548
0.01, 981183
0.01, 978275
0.01, 972198
0.01, 962845
0.01, 962632
0.01, 952956
0.01, 950756
0.01, 940689
0.01, 937948
0.01, 937906
0.01, 936290
0.01, 934619
0.01, 927639
0.01, 927630
0.01, 923573
0.01, 912890
0.01, 912680
0.01, 907569
0.02, 899689
0.02, 899479
0.05, 899033
0.05, 898369
0.14, 895935
0.35, 894159
0.93, 893536
