0.0, 2929857
0.0, 2786619
0.0, 2724632
0.0, 2599353
0.0, 2559037
0.0, 2483776
0.0, 2470748
0.0, 2468096
0.0, 2452373
0.0, 2452338
0.0, 2371927
0.0, 2354806
0.0, 2330757
0.0, 2262494
0.0, 2247027
0.0, 2171340
0.0, 2157878
0.0, 2142034
0.0, 2110379
0.0, 2089522
0.0, 2088440
0.0, 2034849
0.0, 1986707
0.0, 1973767
0.0, 1924478
0.0, 1918621
0.0, 1893904
0.0, 1877063
0.0, 1831424
0.0, 1828403
0.0, 1803087
0.0, 1779356
0.0, 1774763
0.0, 1766693
0.0, 1680052
0.0, 1672513
0.0, 1671357
0.0, 1670112
0.0, 1647960
0.0, 1602468
0.0, 1589559
0.0, 1577339
0.0, 1569299
0.0, 1553729
0.0, 1509901
0.0, 1507322
0.0, 1489732
0.0, 1482485
0.0, 1459501
0.0, 1455057
0.0, 1442269
0.0, 1437105
0.0, 1403164
0.0, 1388079
0.0, 1372177
0.0, 1263001
0.0, 1217133
0.0, 1153974
0.0, 1076438
0.0, 1055795
0.0, 1049424
0.0, 1035133
0.0, 1030308
0.0, 1026268
0.0, 1024906
0.0, 1020435
0.0, 1007991
0.01, 1007009
0.01, 992682
0.01, 986084
0.01, 985228
0.01, 973619
0.01, 971419
0.01, 953829
0.01, 948612
0.01, 936715
0.01, 921120
0.01, 920569
0.01, 920105
0.01, 920059
0.03, 912490
0.03, 909156
0.05, 904212
0.15, 900234
0.15, 895367
0.15, 894816
0.16, 894606
0.5, 893536
