0.0, 2699396
0.0, 2676500
0.0, 2671267
0.0, 2664185
0.0, 2659260
0.0, 2632695
0.0, 2610281
0.0, 2536650
0.0, 2520450
0.0, 2458326
0.0, 2445423
0.0, 2414866
0.0, 2259512
0.0, 2250408
0.0, 2234752
0.0, 2158523
0.0, 2151379
0.0, 2088262
0.0, 1975869
0.0, 1961473
0.0, 1932674
0.0, 1911287
0.0, 1899618
0.0, 1886298
0.0, 1825667
0.0, 1824103
0.0, 1817908
0.0, 1813848
0.0, 1813780
0.0, 1799502
0.0, 1715503
0.0, 1675786
0.0, 1659935
0.0, 1613075
0.0, 1607073
0.0, 1588891
0.0, 1550665
0.0, 1541824
0.0, 1439536
0.0, 1433871
0.0, 1429930
0.0, 1414863
0.0, 1409105
0.0, 1399466
0.0, 1380821
0.0, 1361079
0.0, 1335682
0.0, 1321821
0.0, 1300768
0.0, 1288504
0.0, 1287779
0.0, 1257889
0.0, 1254270
0.0, 1252520
0.0, 1247725
0.0, 1202747
0.0, 1197465
0.0, 1195575
0.0, 1194140
0.0, 1189455
0.0, 1173781
0.0, 1166994
0.0, 1146246
0.0, 1112008
0.0, 1091261
0.0, 1085217
0.0, 1068295
0.0, 1054757
0.0, 1052644
0.0, 1052340
0.0, 1045532
0.01, 1042252
0.01, 1036311
0.01, 1035211
0.01, 1034900
0.01, 1034378
0.01, 1025636
0.01, 1015704
0.01, 1009865
0.01, 989410
0.01, 984543
0.01, 983869
0.01, 983443
0.01, 983409
0.01, 979790
0.01, 976644
0.01, 967505
0.01, 944746
0.01, 926328
0.01, 924128
0.01, 919001
0.01, 918291
0.01, 918078
0.01, 917242
0.01, 917032
0.01, 912588
0.01, 910812
0.01, 903464
0.05, 901231
0.05, 895082
0.31, 895044
0.31, 894606
0.93, 893536
