0.0, 2933287
0.0, 2841810
0.0, 2818726
0.0, 2645389
0.0, 2543654
0.0, 2465297
0.0, 2409075
0.0, 2364966
0.0, 2248989
0.0, 2234139
0.0, 2228988
0.0, 2227956
0.0, 2141874
0.0, 2132166
0.0, 2115968
0.0, 2071967
0.0, 2065921
0.0, 2062686
0.0, 2043530
0.0, 1987088
0.0, 1957538
0.0, 1882924
0.0, 1859591
0.0, 1851537
0.0, 1843860
0.0, 1842950
0.0, 1788527
0.0, 1780059
0.0, 1724873
0.0, 1663139
0.0, 1662913
0.0, 1644495
0.0, 1643203
0.0, 1630511
0.0, 1629060
0.0, 1553713
0.0, 1548598
0.0, 1519963
0.0, 1507325
0.0, 1489441
0.0, 1479936
0.0, 1471618
0.0, 1432964
0.0, 1380504
0.0, 1370970
0.0, 1308956
0.0, 1278981
0.0, 1276915
0.0, 1241427
0.0, 1211337
0.0, 1197936
0.0, 1195344
0.0, 1161938
0.0, 1144535
0.0, 1144325
0.0, 1139719
0.0, 1139254
0.0, 1124209
0.0, 1092641
0.0, 1092154
0.0, 1080171
0.0, 1076392
0.0, 1066716
0.0, 1059096
0.01, 1051716
0.01, 1028282
0.01, 1023053
0.01, 996278
0.01, 968554
0.01, 965169
0.01, 958099
0.01, 955899
0.01, 955689
0.01, 955174
0.01, 936228
0.01, 935576
0.01, 928910
0.01, 926282
0.01, 919212
0.01, 916216
0.01, 914016
0.01, 908490
0.01, 908280
0.01, 903674
0.01, 903464
0.1, 903154
0.1, 897005
0.17, 896152
0.17, 896114
0.59, 894858
1.47, 894606
2.94, 893536
