0.0, 2997753
0.0, 2984759
0.0, 2968275
0.0, 2950517
0.0, 2944035
0.0, 2907043
0.0, 2876082
0.0, 2843827
0.0, 2753728
0.0, 2695347
0.0, 2613913
0.0, 2564106
0.0, 2547482
0.0, 2416200
0.0, 2283477
0.0, 2276748
0.0, 2223923
0.0, 2131214
0.0, 2107473
0.0, 2091248
0.0, 2080457
0.0, 2072746
0.0, 2071886
0.0, 2069207
0.0, 2051918
0.0, 2043797
0.0, 2012717
0.0, 1983718
0.0, 1981434
0.0, 1970883
0.0, 1947223
0.0, 1936831
0.0, 1922729
0.0, 1909103
0.0, 1891917
0.0, 1889950
0.0, 1855796
0.0, 1833833
0.0, 1773344
0.0, 1741281
0.0, 1740697
0.0, 1728638
0.0, 1716083
0.0, 1696022
0.0, 1693371
0.0, 1601501
0.0, 1582249
0.0, 1564615
0.0, 1498822
0.0, 1470365
0.0, 1462476
0.0, 1453735
0.0, 1451705
0.0, 1430576
0.0, 1389892
0.0, 1373594
0.0, 1344768
0.0, 1344713
0.0, 1266842
0.0, 1262661
0.0, 1255720
0.0, 1237794
0.0, 1229735
0.0, 1212071
0.0, 1206015
0.0, 1196809
0.0, 1184751
0.0, 1173320
0.0, 1170110
0.0, 1167565
0.0, 1166419
0.0, 1162676
0.0, 1158445
0.0, 1101292
0.0, 1098564
0.0, 1092508
0.0, 1085531
0.0, 1082350
0.0, 1077906
0.0, 1071411
0.0, 1067580
0.0, 1066422
0.0, 1047985
0.0, 1041775
0.0, 1040936
0.0, 1035331
0.0, 1034808
0.0, 1028866
0.0, 1019190
0.0, 1004908
0.0, 1003486
0.0, 1002935
0.0, 1002506
0.0, 998887
0.0, 998177
0.0, 996266
0.0, 996120
0.0, 996074
0.01, 993308
0.01, 977795
0.01, 974887
0.01, 963541
0.01, 960732
0.01, 960686
0.01, 959240
0.01, 959059
0.01, 950891
0.01, 950227
0.01, 950081
0.01, 950035
0.01, 933763
0.01, 932462
0.01, 929489
0.01, 929203
0.01, 926158
0.01, 924396
0.01, 923296
0.03, 917954
0.03, 916953
0.03, 913740
0.03, 913076
0.03, 910738
0.03, 907742
0.09, 903580
0.14, 903555
0.14, 900346
0.14, 894197
0.38, 893536
