0.0, 3057558
0.0, 3039667
0.0, 3037267
0.0, 2932203
0.0, 2923569
0.0, 2914579
0.0, 2914045
0.0, 2874756
0.0, 2867268
0.0, 2744986
0.0, 2701610
0.0, 2684315
0.0, 2666191
0.0, 2650568
0.0, 2574071
0.0, 2552775
0.0, 2510992
0.0, 2502110
0.0, 2406026
0.0, 2324110
0.0, 2262766
0.0, 2247195
0.0, 2123403
0.0, 2100931
0.0, 2075184
0.0, 2051018
0.0, 2040602
0.0, 2035493
0.0, 2027553
0.0, 1969020
0.0, 1968013
0.0, 1959657
0.0, 1946765
0.0, 1945571
0.0, 1939700
0.0, 1889947
0.0, 1861857
0.0, 1824397
0.0, 1824040
0.0, 1797050
0.0, 1766971
0.0, 1765875
0.0, 1750391
0.0, 1706786
0.0, 1695963
0.0, 1687948
0.0, 1681534
0.0, 1656192
0.0, 1654360
0.0, 1639340
0.0, 1572092
0.0, 1570223
0.0, 1526407
0.0, 1514429
0.0, 1514059
0.0, 1483135
0.0, 1471393
0.0, 1458560
0.0, 1450391
0.0, 1416998
0.0, 1400391
0.0, 1365382
0.0, 1343642
0.0, 1336876
0.0, 1297237
0.0, 1292489
0.0, 1291223
0.0, 1288889
0.0, 1278057
0.0, 1271144
0.0, 1239887
0.0, 1232072
0.0, 1212001
0.0, 1205912
0.01, 1182932
0.01, 1168137
0.01, 1162430
0.01, 1145508
0.01, 1131970
0.01, 1129716
0.01, 1128530
0.01, 1123151
0.01, 1099846
0.01, 1089649
0.01, 1071231
0.01, 1066289
0.01, 1039514
0.01, 1038288
0.01, 992852
0.01, 991155
0.01, 989733
0.01, 987533
0.01, 981788
0.01, 961616
0.01, 959669
0.01, 956198
0.01, 946964
0.01, 942212
0.01, 936860
0.01, 933666
0.01, 931997
0.01, 925536
0.01, 925390
0.01, 925344
0.01, 920769
0.03, 920189
0.04, 919449
0.04, 919239
0.04, 919026
0.05, 917084
0.05, 913426
0.05, 913216
0.05, 910184
0.05, 907792
0.05, 906499
0.05, 906286
0.05, 905186
0.05, 893536
