0.01, 210129
0.01, 209729
0.01, 207643
0.01, 206781
0.01, 204511
0.01, 204443
0.01, 202028
0.01, 193652
0.01, 193325
0.01, 191762
0.01, 190939
0.01, 190382
0.01, 188031
0.01, 187842
0.01, 179566
0.01, 179061
0.01, 177697
0.01, 177395
0.01, 177227
0.01, 164109
0.01, 163219
0.01, 162916
0.01, 162403
0.01, 162364
0.01, 159860
0.01, 159710
0.01, 156708
0.01, 156207
0.01, 153385
0.01, 151624
0.01, 151463
0.01, 150838
0.01, 149343
0.01, 148473
0.01, 148306
0.01, 144873
0.01, 143898
0.01, 139816
0.01, 139207
0.01, 133762
0.01, 133645
0.01, 133561
0.01, 133304
0.01, 132793
0.01, 132238
0.01, 131973
0.01, 131602
0.01, 130689
0.01, 130309
0.01, 130122
0.01, 128761
0.01, 128568
0.01, 122501
0.01, 122497
0.01, 116278
0.01, 115446
0.01, 113793
0.01, 111488
0.01, 110540
0.01, 106288
0.01, 106079
0.01, 103186
0.01, 102703
0.01, 101607
0.01, 100635
0.01, 98721
0.01, 98546
0.01, 97655
0.01, 97323
0.01, 95273
0.01, 94681
0.01, 93728
0.01, 91998
0.01, 89194
0.01, 87845
0.01, 87255
0.01, 86454
0.01, 85728
0.01, 83219
0.01, 82411
0.01, 80496
0.01, 80019
0.01, 78664
0.01, 78562
0.01, 78518
0.01, 78172
0.01, 76964
0.01, 76348
0.01, 76148
0.01, 75888
0.01, 75682
0.01, 74656
0.01, 74528
0.01, 74001
0.01, 73652
0.01, 73604
0.01, 73367
0.01, 72184
0.01, 71810
0.01, 69496
0.01, 68778
0.01, 68068
0.01, 67821
0.01, 67755
0.01, 67301
0.01, 67202
0.01, 66933
0.01, 65369
0.01, 65252
0.01, 64942
0.01, 64752
0.01, 63261
0.01, 63054
0.01, 62658
0.01, 62611
0.01, 62043
0.01, 61263
0.01, 60825
0.01, 60463
0.01, 60326
0.01, 59487
0.01, 59008
0.01, 58221
0.01, 58133
0.01, 57051
0.01, 56995
0.01, 56837
0.01, 56754
0.01, 56669
0.01, 56418
0.01, 56149
0.01, 56063
0.01, 55447
0.01, 55065
0.02, 54955
0.02, 54558
0.02, 54093
0.12, 54033
0.12, 53511
0.13, 53374
0.16, 53092
0.25, 52875
0.38, 52658
2.52, 52643
