0.01, 235629
0.01, 235212
0.01, 230689
0.01, 229792
0.01, 221918
0.01, 221386
0.01, 203946
0.01, 203374
0.01, 203040
0.01, 202582
0.01, 200911
0.01, 200133
0.01, 199845
0.01, 194250
0.01, 187754
0.01, 186286
0.01, 185843
0.01, 185156
0.01, 185152
0.01, 185151
0.01, 181089
0.01, 180223
0.01, 179922
0.01, 175913
0.01, 175297
0.01, 174267
0.01, 173594
0.01, 172091
0.01, 168815
0.01, 164686
0.01, 164471
0.01, 163182
0.01, 162420
0.01, 160744
0.01, 155132
0.01, 154201
0.01, 149222
0.01, 148433
0.01, 145424
0.01, 144745
0.01, 142305
0.01, 138579
0.01, 135070
0.01, 133402
0.01, 132406
0.01, 130764
0.01, 125718
0.01, 124226
0.01, 120854
0.01, 117640
0.01, 117225
0.01, 113025
0.01, 111037
0.01, 108528
0.01, 106367
0.01, 104420
0.01, 103318
0.01, 102334
0.01, 101889
0.01, 99781
0.01, 99585
0.01, 99428
0.01, 97613
0.01, 97473
0.01, 96444
0.01, 96159
0.01, 95836
0.01, 94944
0.01, 94272
0.01, 94243
0.01, 93629
0.01, 93547
0.01, 92920
0.01, 91305
0.01, 90030
0.01, 88411
0.01, 86024
0.01, 85983
0.01, 83503
0.01, 83266
0.01, 83161
0.01, 82921
0.01, 82367
0.01, 81063
0.01, 80833
0.01, 79819
0.01, 79559
0.01, 78963
0.01, 77217
0.01, 76984
0.01, 76692
0.01, 76436
0.01, 76238
0.01, 76007
0.01, 75563
0.01, 75517
0.01, 75434
0.01, 74981
0.01, 74598
0.01, 72915
0.01, 72492
0.01, 72239
0.01, 72084
0.01, 71760
0.01, 70959
0.01, 70948
0.01, 70429
0.01, 70023
0.01, 69939
0.01, 69649
0.01, 69640
0.01, 69305
0.01, 67787
0.01, 67458
0.01, 67190
0.01, 67147
0.01, 66529
0.01, 66484
0.01, 66369
0.01, 66137
0.01, 64929
0.01, 64828
0.01, 64492
0.01, 64425
0.01, 63929
0.01, 61903
0.01, 61814
0.01, 61584
0.01, 61319
0.01, 61248
0.01, 60510
0.01, 60442
0.01, 60433
0.01, 59126
0.01, 58889
0.01, 57924
0.01, 57703
0.01, 56716
0.01, 56201
0.01, 55545
0.01, 55470
0.01, 55259
0.01, 55125
0.01, 54464
0.01, 53850
0.01, 53774
0.01, 53686
0.01, 53651
0.01, 53587
0.01, 53578
0.01, 53182
0.07, 52750
0.07, 52643
