0.01, 222480
0.01, 222288
0.01, 221058
0.01, 221046
0.01, 215550
0.01, 215340
0.01, 204979
0.01, 204899
0.01, 191304
0.01, 191020
0.01, 189610
0.01, 184854
0.01, 184747
0.01, 183868
0.01, 182573
0.01, 182176
0.01, 176671
0.01, 175977
0.01, 175754
0.01, 173831
0.01, 171484
0.01, 168490
0.01, 166763
0.01, 165665
0.01, 164229
0.01, 160617
0.01, 154700
0.01, 154678
0.01, 152104
0.01, 151671
0.01, 150091
0.01, 145392
0.01, 145230
0.01, 142754
0.01, 142067
0.01, 138254
0.01, 135757
0.01, 131640
0.01, 130615
0.01, 130302
0.01, 130192
0.01, 128329
0.01, 127061
0.01, 126561
0.01, 126194
0.01, 125334
0.01, 124944
0.01, 124231
0.01, 121774
0.01, 120029
0.01, 115864
0.01, 114745
0.01, 111196
0.01, 111021
0.01, 109344
0.01, 109249
0.01, 108433
0.01, 107222
0.01, 106990
0.01, 106053
0.01, 103878
0.01, 102988
0.01, 101218
0.01, 98981
0.01, 97607
0.01, 96116
0.01, 95409
0.01, 95408
0.01, 93637
0.01, 91514
0.01, 91310
0.01, 90740
0.01, 90385
0.01, 90281
0.01, 90123
0.01, 89749
0.01, 89698
0.01, 88006
0.01, 87764
0.01, 86944
0.01, 84976
0.01, 84611
0.01, 83982
0.01, 82254
0.01, 81654
0.01, 81589
0.01, 80720
0.01, 80693
0.01, 79445
0.01, 79048
0.01, 77992
0.01, 77697
0.01, 77193
0.01, 77109
0.01, 76966
0.01, 76221
0.01, 75459
0.01, 73865
0.01, 73424
0.01, 72949
0.01, 72211
0.01, 71414
0.01, 70621
0.01, 69684
0.01, 68361
0.01, 67153
0.01, 66910
0.01, 66322
0.01, 65768
0.01, 65587
0.01, 65353
0.01, 65075
0.01, 64423
0.01, 64332
0.01, 64266
0.01, 64146
0.01, 63822
0.01, 62945
0.01, 62515
0.01, 61808
0.01, 61778
0.01, 61557
0.01, 60997
0.01, 59630
0.01, 59542
0.01, 58665
0.01, 58110
0.01, 58077
0.01, 58058
0.01, 57857
0.01, 57836
0.01, 57568
0.02, 57516
0.02, 57225
0.02, 56562
0.02, 56533
0.02, 55503
0.02, 54723
0.02, 54459
0.02, 54321
0.03, 54028
0.03, 53476
0.07, 52657
