0.01, 211050
0.01, 208097
0.01, 199945
0.01, 199909
0.01, 187561
0.01, 186081
0.01, 185170
0.01, 184663
0.01, 183517
0.01, 179763
0.01, 178954
0.01, 175936
0.01, 169622
0.01, 168680
0.01, 168230
0.01, 166913
0.01, 166819
0.01, 165613
0.01, 164265
0.01, 164136
0.01, 160001
0.01, 159439
0.01, 159298
0.01, 158222
0.01, 158076
0.01, 157530
0.01, 154015
0.01, 151341
0.01, 150728
0.01, 150641
0.01, 147039
0.01, 147009
0.01, 146948
0.01, 144873
0.01, 144772
0.01, 142406
0.01, 141488
0.01, 141288
0.01, 139882
0.01, 138309
0.01, 137536
0.01, 137461
0.01, 137091
0.01, 136802
0.01, 136734
0.01, 130637
0.01, 129722
0.01, 129571
0.01, 129001
0.01, 128629
0.01, 125703
0.01, 123917
0.01, 123807
0.01, 122065
0.01, 119656
0.01, 116595
0.01, 116377
0.01, 112770
0.01, 112540
0.01, 112436
0.01, 110690
0.01, 109079
0.01, 109063
0.01, 108431
0.01, 105837
0.01, 105653
0.01, 104832
0.01, 103033
0.01, 103024
0.01, 101540
0.01, 101188
0.01, 98232
0.01, 98042
0.01, 97301
0.01, 95940
0.01, 95207
0.01, 94195
0.01, 93981
0.01, 90309
0.01, 90300
0.01, 88200
0.01, 88145
0.01, 87102
0.01, 85958
0.01, 85065
0.01, 84285
0.01, 83921
0.01, 83159
0.01, 81856
0.01, 81509
0.01, 80714
0.01, 79659
0.01, 78007
0.01, 77987
0.01, 75714
0.01, 75619
0.01, 74198
0.01, 74116
0.01, 73506
0.01, 73061
0.01, 72760
0.01, 72723
0.01, 71943
0.01, 70804
0.01, 70708
0.01, 69045
0.01, 68189
0.01, 67435
0.01, 66444
0.01, 66356
0.01, 66241
0.01, 66113
0.01, 65802
0.01, 65492
0.01, 65108
0.01, 64994
0.01, 64720
0.01, 64198
0.01, 64111
0.01, 63839
0.01, 63479
0.01, 63097
0.01, 63054
0.01, 62947
0.01, 62717
0.01, 62684
0.01, 62314
0.01, 61277
0.01, 60409
0.01, 60298
0.01, 59518
0.01, 58679
0.01, 58249
0.01, 58039
0.01, 57949
0.01, 57870
0.01, 57207
0.01, 57119
0.01, 57055
0.01, 56977
0.01, 56556
0.01, 56527
0.01, 56501
0.01, 56356
0.01, 56262
0.01, 55389
0.01, 55294
0.01, 55239
0.01, 54636
0.01, 54350
0.01, 53881
0.01, 53565
0.04, 53216
0.09, 53070
0.13, 52991
0.19, 52922
0.42, 52672
3.16, 52657
