0.0, 203920
0.0, 199794
0.0, 198010
0.0, 190961
0.0, 188064
0.0, 180586
0.0, 180537
0.0, 180308
0.0, 179151
0.0, 179121
0.0, 171992
0.0, 170664
0.0, 170021
0.0, 169811
0.0, 167083
0.0, 166961
0.0, 166911
0.0, 164105
0.0, 163446
0.0, 159980
0.0, 159464
0.0, 158513
0.0, 156561
0.0, 156372
0.0, 156258
0.0, 155779
0.0, 153537
0.0, 151949
0.0, 151862
0.0, 151765
0.0, 151744
0.0, 150795
0.0, 148684
0.0, 148259
0.0, 147618
0.0, 146350
0.0, 145050
0.0, 144785
0.0, 144326
0.0, 142816
0.0, 142621
0.0, 140550
0.0, 140265
0.0, 139730
0.0, 138981
0.0, 130747
0.0, 130596
0.0, 130499
0.0, 130164
0.0, 130112
0.0, 129977
0.0, 128938
0.0, 123917
0.0, 122841
0.0, 122551
0.0, 122537
0.0, 122348
0.0, 121459
0.0, 121286
0.0, 120388
0.0, 116633
0.0, 114838
0.0, 114468
0.0, 113907
0.0, 112311
0.0, 112202
0.0, 104378
0.0, 103883
0.0, 103848
0.0, 103777
0.0, 102474
0.0, 101258
0.0, 101108
0.0, 98231
0.0, 97008
0.0, 96450
0.0, 95607
0.0, 94302
0.0, 93764
0.0, 93590
0.0, 93125
0.0, 89381
0.0, 89266
0.0, 85908
0.0, 85034
0.0, 82078
0.0, 81600
0.0, 80587
0.0, 79264
0.0, 78887
0.0, 77601
0.0, 76933
0.0, 76174
0.0, 76167
0.0, 75435
0.0, 75305
0.0, 75231
0.0, 75082
0.0, 74987
0.0, 74946
0.0, 74879
0.0, 73986
0.0, 71825
0.0, 70590
0.0, 69960
0.0, 69774
0.0, 69686
0.0, 69276
0.0, 68906
0.0, 68551
0.0, 67567
0.0, 66638
0.0, 66298
0.0, 66000
0.0, 64341
0.01, 63896
0.01, 63586
0.01, 63473
0.01, 62824
0.01, 62725
0.01, 62140
0.01, 61596
0.01, 61579
0.01, 61333
0.01, 60717
0.01, 60704
0.01, 59569
0.01, 59427
0.01, 59137
0.01, 58612
0.01, 58385
0.01, 58178
0.01, 58062
0.01, 57497
0.01, 57229
0.01, 56922
0.01, 56840
0.01, 56670
0.01, 56273
0.01, 56181
0.01, 55627
0.01, 55162
0.01, 54640
0.01, 54127
0.01, 53162
0.03, 52979
0.18, 52911
0.18, 52643
