0.01, 226648
0.01, 225802
0.01, 204522
0.01, 204087
0.01, 202396
0.01, 201777
0.01, 199881
0.01, 199734
0.01, 199518
0.01, 192001
0.01, 191937
0.01, 191023
0.01, 189829
0.01, 189687
0.01, 188595
0.01, 188573
0.01, 187660
0.01, 187490
0.01, 186333
0.01, 184321
0.01, 182432
0.01, 180872
0.01, 180669
0.01, 176088
0.01, 175976
0.01, 175131
0.01, 175099
0.01, 174959
0.01, 173829
0.01, 173505
0.01, 165653
0.01, 165247
0.01, 164525
0.01, 164480
0.01, 160697
0.01, 160355
0.01, 155008
0.01, 154925
0.01, 154524
0.01, 143752
0.01, 143661
0.01, 134754
0.01, 134559
0.01, 127156
0.01, 125952
0.01, 125605
0.01, 125432
0.01, 123771
0.01, 123519
0.01, 123517
0.01, 123015
0.01, 120707
0.01, 120526
0.01, 120388
0.01, 116717
0.01, 116267
0.01, 115863
0.01, 114461
0.01, 113772
0.01, 111959
0.01, 111631
0.01, 110442
0.01, 109902
0.01, 104575
0.01, 104262
0.01, 103782
0.01, 102853
0.01, 96791
0.01, 96437
0.01, 92456
0.01, 90675
0.01, 90617
0.01, 87125
0.01, 86863
0.01, 86357
0.01, 85810
0.01, 85422
0.01, 83768
0.01, 83689
0.01, 83065
0.01, 82973
0.01, 82760
0.01, 80784
0.01, 80590
0.01, 79641
0.01, 79180
0.01, 77407
0.01, 76571
0.01, 75538
0.01, 74862
0.01, 74751
0.01, 74671
0.01, 74211
0.01, 73142
0.01, 71851
0.01, 71568
0.01, 70516
0.01, 68039
0.01, 67484
0.01, 66441
0.01, 66070
0.01, 66036
0.01, 65329
0.01, 65257
0.01, 65042
0.01, 64921
0.01, 64399
0.01, 63713
0.01, 63283
0.01, 63195
0.01, 63044
0.01, 62895
0.01, 62627
0.01, 62611
0.01, 62318
0.01, 61862
0.01, 61150
0.01, 61029
0.01, 60961
0.01, 60847
0.01, 60820
0.01, 60725
0.01, 60344
0.01, 59701
0.01, 59117
0.01, 58359
0.01, 58091
0.01, 57537
0.01, 57406
0.01, 56518
0.01, 56419
0.01, 56383
0.01, 55986
0.02, 55708
0.02, 55596
0.02, 55253
0.02, 54873
0.02, 54837
0.02, 54458
0.02, 54384
0.02, 53691
0.02, 53500
0.03, 53465
0.03, 53387
0.03, 52991
0.25, 52848
1.28, 52789
2.24, 52672
3.9, 52643
