0.01, 225372
0.01, 217902
0.01, 217173
0.01, 216401
0.01, 214138
0.01, 213742
0.01, 201241
0.01, 200950
0.01, 200368
0.01, 198806
0.01, 196713
0.01, 193920
0.01, 190155
0.01, 187976
0.01, 186329
0.01, 184035
0.01, 183693
0.01, 180466
0.01, 178204
0.01, 178099
0.01, 177980
0.01, 174021
0.01, 173795
0.01, 170100
0.01, 165576
0.01, 162635
0.01, 162483
0.01, 160977
0.01, 159699
0.01, 159365
0.01, 156901
0.01, 155821
0.01, 151235
0.01, 150985
0.01, 148300
0.01, 146310
0.01, 141686
0.01, 140791
0.01, 137251
0.01, 136543
0.01, 132667
0.01, 131792
0.01, 125491
0.01, 125297
0.01, 121958
0.01, 121944
0.01, 120748
0.01, 120197
0.01, 119417
0.01, 119214
0.01, 119110
0.01, 118605
0.01, 118487
0.01, 117647
0.01, 115770
0.01, 115203
0.01, 112447
0.01, 112117
0.01, 105892
0.01, 104856
0.01, 104730
0.01, 103743
0.01, 97873
0.01, 97795
0.01, 95829
0.01, 95429
0.01, 95289
0.01, 92999
0.01, 92993
0.01, 92984
0.01, 92748
0.01, 92521
0.01, 92092
0.01, 89303
0.01, 89292
0.01, 89285
0.01, 88864
0.01, 87892
0.01, 86949
0.01, 84648
0.01, 84303
0.01, 84291
0.01, 82783
0.01, 82603
0.01, 81150
0.01, 79607
0.01, 78641
0.01, 77218
0.01, 77068
0.01, 76373
0.01, 76034
0.01, 75728
0.01, 75212
0.01, 74147
0.01, 73700
0.01, 73609
0.01, 73546
0.01, 72973
0.01, 72615
0.01, 72319
0.01, 70371
0.01, 70075
0.01, 69751
0.01, 69068
0.01, 68466
0.01, 67739
0.01, 66978
0.01, 65545
0.01, 64988
0.01, 63960
0.01, 63513
0.01, 63274
0.01, 63111
0.01, 62796
0.01, 61049
0.01, 60663
0.01, 60557
0.01, 58804
0.01, 57586
0.01, 57550
0.01, 57529
0.01, 57458
0.01, 57184
0.01, 57034
0.01, 56609
0.01, 56570
0.01, 56277
0.01, 56090
0.01, 55855
0.01, 55748
0.02, 55651
0.02, 55419
0.02, 54759
0.02, 54748
0.02, 54707
0.02, 54624
0.02, 54532
0.02, 54519
0.04, 53789
0.06, 53724
0.06, 53374
0.07, 53348
0.09, 53134
0.18, 53113
0.18, 53006
0.21, 52910
0.21, 52848
0.93, 52822
1.44, 52719
1.45, 52657
