0.0, 212454
0.01, 211580
0.01, 202636
0.01, 199635
0.01, 199543
0.01, 194865
0.01, 194356
0.01, 193505
0.01, 190706
0.01, 189742
0.01, 189732
0.01, 189318
0.01, 189284
0.01, 189243
0.01, 186195
0.01, 186187
0.01, 185730
0.01, 185673
0.01, 181542
0.01, 180566
0.01, 178194
0.01, 178112
0.01, 177666
0.01, 174029
0.01, 173696
0.01, 173507
0.01, 172919
0.01, 167921
0.01, 163689
0.01, 161223
0.01, 160184
0.01, 159443
0.01, 156762
0.01, 154878
0.01, 154621
0.01, 152787
0.01, 150669
0.01, 146261
0.01, 143164
0.01, 141409
0.01, 139806
0.01, 136183
0.01, 134179
0.01, 130179
0.01, 128597
0.01, 128517
0.01, 127271
0.01, 124345
0.01, 122604
0.01, 120852
0.01, 119593
0.01, 115563
0.01, 115382
0.01, 114634
0.01, 110213
0.01, 109523
0.01, 108608
0.01, 107378
0.01, 106453
0.01, 105980
0.01, 105119
0.01, 104294
0.01, 104060
0.01, 103611
0.01, 102839
0.01, 101438
0.01, 99930
0.01, 98148
0.01, 97028
0.01, 93943
0.01, 93514
0.01, 93416
0.01, 92804
0.01, 92632
0.01, 92264
0.01, 91600
0.01, 90547
0.01, 90467
0.01, 89920
0.01, 89442
0.01, 88693
0.01, 88452
0.01, 88255
0.01, 87007
0.01, 86905
0.01, 85954
0.01, 84822
0.01, 84743
0.01, 83943
0.01, 83539
0.01, 83353
0.01, 82413
0.01, 82365
0.01, 81280
0.01, 79973
0.01, 79827
0.01, 78204
0.01, 77673
0.01, 76805
0.01, 75221
0.01, 74857
0.01, 73959
0.01, 73677
0.01, 72672
0.01, 72310
0.01, 72173
0.01, 71964
0.01, 70091
0.01, 68884
0.01, 67882
0.01, 66511
0.01, 65650
0.01, 65516
0.01, 65135
0.01, 64374
0.01, 64314
0.01, 63366
0.01, 62738
0.01, 62732
0.01, 62279
0.01, 62083
0.01, 61773
0.01, 61227
0.01, 61151
0.01, 61063
0.01, 61010
0.01, 60626
0.01, 59530
0.01, 59360
0.01, 59185
0.01, 59182
0.01, 58784
0.01, 58331
0.01, 58039
0.01, 57741
0.01, 57720
0.01, 57613
0.01, 57024
0.01, 56522
0.01, 56429
0.01, 54140
0.01, 53872
0.05, 53611
0.06, 53184
0.06, 52788
3.22, 52643
