0.01, 204467
0.01, 189989
0.01, 185891
0.01, 185611
0.01, 183713
0.01, 183491
0.01, 175434
0.01, 175053
0.01, 165480
0.01, 165342
0.01, 164469
0.01, 164119
0.01, 162993
0.01, 160202
0.01, 160153
0.01, 159490
0.01, 159456
0.01, 158770
0.01, 158039
0.01, 157693
0.01, 156977
0.01, 156869
0.01, 154981
0.01, 154390
0.01, 150789
0.01, 150378
0.01, 149905
0.01, 149736
0.01, 142872
0.01, 141954
0.01, 139055
0.01, 138083
0.01, 137401
0.01, 136094
0.01, 133965
0.01, 132961
0.01, 132240
0.01, 132001
0.01, 131837
0.01, 130643
0.01, 130130
0.01, 127475
0.01, 126924
0.01, 126821
0.01, 126536
0.01, 126449
0.01, 122716
0.01, 121349
0.01, 115255
0.01, 113873
0.01, 109854
0.01, 109571
0.01, 108194
0.01, 107435
0.01, 106742
0.01, 106272
0.01, 102256
0.01, 101807
0.01, 99841
0.01, 99505
0.01, 99085
0.01, 97256
0.01, 96623
0.01, 94239
0.01, 93636
0.01, 91935
0.01, 91615
0.01, 90963
0.01, 90348
0.01, 90000
0.01, 89593
0.01, 89314
0.01, 88955
0.01, 88943
0.01, 88837
0.01, 88409
0.01, 83971
0.01, 83655
0.01, 83597
0.01, 81637
0.01, 81566
0.01, 80796
0.01, 80016
0.01, 79304
0.01, 79294
0.01, 78925
0.01, 78920
0.01, 78589
0.01, 78588
0.01, 77454
0.01, 76821
0.01, 76755
0.01, 75813
0.01, 75199
0.01, 74942
0.01, 74878
0.01, 74442
0.01, 73868
0.01, 73467
0.01, 72956
0.01, 72357
0.01, 71350
0.01, 70942
0.01, 70684
0.01, 70095
0.01, 69458
0.01, 68664
0.01, 68257
0.01, 67545
0.01, 67174
0.01, 66756
0.01, 66625
0.01, 66490
0.01, 65969
0.01, 65793
0.01, 65723
0.01, 65634
0.01, 65381
0.01, 65203
0.01, 64090
0.01, 63306
0.01, 61689
0.01, 61365
0.01, 61350
0.01, 60690
0.01, 60205
0.01, 60143
0.01, 60096
0.01, 59852
0.01, 58580
0.01, 58468
0.01, 57853
0.01, 57014
0.01, 56674
0.01, 56406
0.01, 55921
0.01, 55566
0.01, 55550
0.01, 55502
0.01, 55295
0.01, 55155
0.01, 54718
0.02, 54519
0.02, 54415
0.02, 54143
0.02, 53864
0.02, 53739
0.02, 53472
0.02, 53437
0.07, 53222
0.18, 53002
0.18, 52940
0.18, 52672
0.37, 52657
