0.01, 207753
0.01, 207416
0.01, 196253
0.01, 190428
0.01, 190396
0.01, 179292
0.01, 179239
0.01, 178831
0.01, 178635
0.01, 177928
0.01, 174828
0.01, 173073
0.01, 172774
0.01, 167241
0.01, 167155
0.01, 166784
0.01, 165617
0.01, 164912
0.01, 163987
0.01, 162578
0.01, 161502
0.01, 160692
0.01, 160295
0.01, 157939
0.01, 157148
0.01, 156398
0.01, 154992
0.01, 154173
0.01, 154137
0.01, 152629
0.01, 151605
0.01, 144007
0.01, 142946
0.01, 142711
0.01, 142311
0.01, 141501
0.01, 139842
0.01, 138997
0.01, 138479
0.01, 138277
0.01, 136191
0.01, 135952
0.01, 128664
0.01, 127952
0.01, 127697
0.01, 127400
0.01, 126995
0.01, 126784
0.01, 122785
0.01, 122701
0.01, 122215
0.01, 122185
0.01, 120407
0.01, 120143
0.01, 110241
0.01, 109454
0.01, 109377
0.01, 108381
0.01, 107469
0.01, 100518
0.01, 99327
0.01, 92967
0.01, 91957
0.01, 91196
0.01, 90627
0.01, 90560
0.01, 90469
0.01, 90046
0.01, 89633
0.01, 88844
0.01, 87362
0.01, 82350
0.01, 82315
0.01, 81607
0.01, 79994
0.01, 79817
0.01, 77766
0.01, 77084
0.01, 76798
0.01, 75919
0.01, 75640
0.01, 74745
0.01, 73407
0.01, 73217
0.01, 72064
0.01, 71869
0.01, 70877
0.01, 70372
0.01, 70253
0.01, 69414
0.01, 69037
0.01, 68975
0.01, 68898
0.01, 68739
0.01, 68711
0.01, 68392
0.01, 67863
0.01, 66641
0.01, 66595
0.01, 65761
0.01, 65690
0.01, 65524
0.01, 65481
0.01, 65460
0.01, 65353
0.01, 65338
0.01, 65309
0.01, 65292
0.01, 64757
0.01, 64709
0.01, 64631
0.01, 64201
0.01, 64184
0.01, 63572
0.01, 63422
0.01, 63405
0.01, 63159
0.01, 62816
0.01, 62697
0.01, 62627
0.01, 62197
0.01, 61960
0.01, 60715
0.01, 60627
0.01, 60336
0.01, 59673
0.01, 59405
0.01, 59383
0.01, 59166
0.01, 58997
0.01, 57899
0.01, 56189
0.01, 55586
0.01, 55300
0.01, 54831
0.01, 54694
0.01, 54472
0.01, 54262
0.01, 53482
0.11, 53458
0.17, 53406
0.2, 53268
0.36, 53041
0.47, 52943
0.5, 52860
1.05, 52848
2.11, 52658
3.73, 52643
