0.01, 534472
0.01, 534311
0.01, 533735
0.01, 532860
0.01, 516848
0.01, 516407
0.01, 499111
0.01, 498405
0.01, 476702
0.01, 475365
0.01, 474567
0.01, 468586
0.01, 454242
0.01, 454180
0.01, 452042
0.01, 451412
0.01, 450510
0.01, 449873
0.01, 447346
0.01, 446007
0.01, 444128
0.01, 443564
0.01, 440896
0.01, 439622
0.01, 431536
0.01, 431469
0.01, 429836
0.01, 428574
0.01, 426168
0.01, 425787
0.01, 424728
0.01, 423974
0.01, 423953
0.01, 423952
0.01, 423279
0.01, 420772
0.01, 420639
0.01, 405104
0.01, 403442
0.01, 403137
0.01, 402373
0.01, 401022
0.01, 400674
0.01, 399608
0.01, 389384
0.01, 388864
0.01, 388679
0.01, 374650
0.01, 368704
0.01, 367032
0.01, 364207
0.01, 358165
0.01, 357416
0.01, 356962
0.01, 356778
0.01, 351621
0.01, 350014
0.01, 348643
0.01, 340670
0.01, 338590
0.01, 337976
0.01, 335282
0.01, 333914
0.01, 326774
0.01, 325770
0.01, 322422
0.01, 320271
0.01, 318270
0.01, 317619
0.01, 317261
0.01, 316150
0.01, 314616
0.01, 310601
0.01, 307445
0.01, 306648
0.01, 304010
0.01, 304000
0.01, 303184
0.01, 303031
0.01, 302216
0.01, 301534
0.01, 297153
0.01, 296330
0.01, 295478
0.01, 294824
0.01, 293061
0.01, 292682
0.01, 291950
0.01, 290651
0.01, 290107
0.01, 288031
0.01, 286927
0.01, 286330
0.01, 285678
0.01, 284279
0.01, 283896
0.01, 278727
0.01, 278490
0.01, 278462
0.01, 273595
0.01, 270154
0.01, 267431
0.01, 261103
0.01, 259676
0.01, 256917
0.01, 252447
0.01, 252027
0.01, 246518
0.01, 246343
0.01, 245314
0.01, 244631
0.01, 243394
0.01, 242075
0.01, 241838
0.01, 241426
0.01, 240807
0.01, 239987
0.01, 239794
0.01, 238276
0.01, 235742
0.01, 234773
0.01, 234724
0.01, 233670
0.01, 232594
0.01, 229181
0.01, 224431
0.01, 224222
0.01, 223447
0.01, 221662
0.01, 221533
0.01, 219732
0.01, 216214
0.01, 215957
0.01, 215942
0.01, 214764
0.01, 214204
0.01, 213193
0.01, 213074
0.01, 212616
0.01, 211973
0.01, 211636
0.01, 211526
0.01, 210771
0.01, 206375
0.01, 206230
0.01, 201886
0.01, 199788
0.01, 197981
0.01, 196764
0.01, 196731
0.01, 193783
0.01, 193269
0.01, 186033
0.01, 185777
0.01, 184997
0.01, 184828
0.01, 184468
0.01, 184300
0.01, 181756
0.01, 181663
0.01, 180007
0.01, 179464
0.01, 179047
0.01, 178217
0.01, 178143
0.01, 176305
0.01, 176280
0.01, 175561
0.01, 175037
0.01, 174337
0.01, 174005
0.01, 173990
0.01, 173432
0.01, 172994
0.01, 172737
0.01, 172581
0.01, 171866
0.01, 170605
0.01, 170026
0.01, 169202
0.01, 169164
0.01, 166597
0.01, 166530
0.01, 165704
0.01, 162615
0.01, 161243
0.01, 160007
0.01, 156496
0.01, 156492
0.01, 156139
0.01, 155493
0.01, 150632
0.01, 149456
0.01, 148645
0.01, 147880
0.01, 144160
0.01, 141780
0.01, 141114
0.01, 139427
0.01, 139102
0.01, 138444
0.01, 136820
0.01, 134039
0.01, 132607
0.01, 132147
0.01, 131611
0.01, 131522
0.01, 129041
0.01, 128153
0.01, 128012
0.01, 127737
0.01, 127063
0.01, 126416
0.01, 126239
0.01, 125898
0.01, 123441
0.01, 123249
0.01, 123177
0.01, 121667
0.02, 119897
0.02, 119864
0.02, 119522
0.02, 118909
0.02, 118689
0.02, 117380
0.02, 117028
0.02, 116253
0.02, 116216
0.02, 115644
0.02, 114677
0.02, 114347
0.02, 112589
0.02, 112230
0.02, 111371
0.02, 109142
0.02, 108942
0.02, 108907
0.02, 108300
0.03, 106261
0.03, 106040
0.03, 105643
0.09, 105459
0.1, 105238
0.1, 104813
0.1, 104755
0.1, 104247
0.13, 103886
0.13, 103737
0.13, 103701
0.66, 103157
0.66, 103094
0.66, 102903
1.25, 102559
3.99, 102440
3.99, 102018
4.13, 101779
