0.01, 523605
0.01, 512515
0.01, 511519
0.01, 488724
0.01, 488069
0.01, 480305
0.01, 478403
0.01, 477090
0.01, 476436
0.01, 469500
0.01, 468930
0.01, 468387
0.01, 456123
0.01, 454676
0.01, 452150
0.01, 451884
0.01, 450432
0.01, 427770
0.01, 427682
0.01, 423326
0.01, 421896
0.01, 421579
0.01, 421199
0.01, 419901
0.01, 416337
0.01, 416180
0.01, 414634
0.01, 414425
0.01, 406589
0.01, 406487
0.01, 403304
0.01, 403266
0.01, 399711
0.01, 392063
0.01, 386106
0.01, 379444
0.01, 374410
0.01, 367262
0.01, 357048
0.01, 349598
0.01, 347732
0.01, 345096
0.01, 343800
0.01, 342004
0.01, 341300
0.01, 340270
0.01, 339500
0.01, 339226
0.01, 337848
0.01, 337381
0.01, 336005
0.01, 334900
0.01, 331141
0.01, 329946
0.01, 326307
0.01, 323144
0.01, 319042
0.01, 317042
0.01, 315911
0.01, 313884
0.01, 311301
0.01, 310762
0.01, 305954
0.01, 304758
0.01, 303619
0.01, 300771
0.01, 298599
0.01, 298157
0.01, 295304
0.01, 295189
0.01, 289535
0.01, 288716
0.01, 288706
0.01, 287875
0.01, 283331
0.01, 276814
0.01, 275035
0.01, 274901
0.01, 269860
0.01, 268576
0.01, 267940
0.01, 267413
0.01, 265412
0.01, 262764
0.01, 262739
0.01, 261440
0.01, 261011
0.01, 260455
0.01, 259141
0.01, 259058
0.01, 258676
0.01, 257392
0.01, 256431
0.01, 249286
0.02, 245109
0.02, 244332
0.02, 243184
0.02, 242184
0.02, 239783
0.02, 239237
0.02, 235188
0.02, 232017
0.02, 226272
0.02, 219340
0.02, 215474
0.02, 213935
0.02, 213851
0.02, 213443
0.02, 213129
0.02, 211601
0.02, 211199
0.02, 208622
0.02, 208204
0.02, 207261
0.02, 206160
0.02, 205870
0.02, 205304
0.02, 201865
0.02, 201621
0.02, 201263
0.02, 198148
0.02, 197689
0.02, 197627
0.02, 196798
0.02, 196227
0.02, 193927
0.02, 193744
0.02, 193398
0.02, 193151
0.02, 191068
0.02, 189229
0.02, 188111
0.02, 183044
0.02, 181918
0.02, 180583
0.02, 180272
0.02, 179031
0.02, 177934
0.02, 175487
0.02, 172769
0.02, 170460
0.02, 170185
0.02, 168131
0.02, 165471
0.02, 164589
0.02, 163969
0.02, 162276
0.02, 160883
0.02, 157831
0.02, 157690
0.02, 157011
0.02, 156716
0.02, 156313
0.02, 155366
0.02, 154149
0.02, 152936
0.02, 152514
0.02, 152467
0.02, 151566
0.02, 150725
0.02, 149313
0.02, 147142
0.02, 145197
0.02, 142925
0.02, 142472
0.02, 141835
0.02, 141510
0.02, 137191
0.02, 134646
0.02, 132731
0.02, 131034
0.02, 130900
0.02, 130403
0.02, 129887
0.02, 127943
0.02, 126520
0.02, 126495
0.02, 126441
0.02, 124718
0.02, 124570
0.02, 124430
0.02, 124373
0.02, 124051
0.02, 123891
0.02, 123171
0.02, 123077
0.02, 122770
0.02, 122734
0.02, 121100
0.02, 120473
0.02, 118026
0.02, 116798
0.02, 115493
0.02, 114939
0.02, 114162
0.02, 113347
0.02, 112350
0.02, 112105
0.02, 111931
0.02, 111412
0.02, 111386
0.02, 111314
0.02, 110621
0.02, 110303
0.02, 110297
0.02, 109659
0.02, 109556
0.03, 109439
0.03, 109195
0.03, 109054
0.03, 108546
0.03, 108060
0.03, 107985
0.06, 107370
0.06, 107015
0.07, 106970
0.07, 106821
0.07, 106222
0.08, 106153
0.08, 105797
0.08, 105701
0.09, 105354
0.11, 105322
0.11, 105292
0.11, 105199
0.11, 105161
0.11, 104549
0.42, 104348
0.42, 103801
0.42, 102610
1.91, 102513
1.91, 102264
1.91, 102121
