0.01, 535483
0.01, 534069
0.01, 528083
0.01, 524658
0.01, 522837
0.01, 507670
0.01, 507348
0.01, 505753
0.01, 497070
0.01, 493102
0.01, 490171
0.01, 483414
0.01, 482684
0.01, 481214
0.01, 467443
0.01, 462416
0.01, 459051
0.01, 457242
0.01, 456705
0.01, 454678
0.01, 433534
0.01, 433353
0.01, 430482
0.01, 430324
0.01, 429147
0.01, 419540
0.01, 419464
0.01, 414947
0.01, 413378
0.01, 408245
0.01, 407230
0.01, 407011
0.01, 402726
0.01, 400029
0.01, 394396
0.01, 394015
0.01, 388585
0.01, 388500
0.01, 380345
0.01, 380155
0.01, 377291
0.01, 376074
0.01, 375601
0.01, 374974
0.01, 374055
0.01, 371615
0.01, 371475
0.01, 358206
0.01, 357782
0.01, 357739
0.01, 357726
0.01, 357547
0.01, 356417
0.01, 349073
0.01, 348043
0.01, 346442
0.01, 345957
0.01, 342342
0.01, 342262
0.01, 335955
0.01, 335000
0.01, 332221
0.01, 331439
0.01, 324299
0.01, 322367
0.01, 319423
0.01, 319075
0.01, 318763
0.01, 318723
0.01, 318361
0.01, 318349
0.01, 317942
0.01, 315823
0.01, 314405
0.01, 313250
0.01, 310989
0.01, 307897
0.01, 306270
0.01, 301852
0.01, 300718
0.01, 295431
0.01, 294890
0.01, 294555
0.01, 294435
0.01, 292512
0.01, 292204
0.01, 291184
0.01, 290806
0.01, 285662
0.01, 284678
0.01, 283891
0.01, 283482
0.01, 270543
0.01, 269842
0.01, 268924
0.01, 268241
0.01, 268048
0.01, 267611
0.01, 267199
0.01, 266295
0.01, 262972
0.01, 262944
0.01, 262314
0.01, 261824
0.01, 261717
0.01, 260911
0.02, 258526
0.02, 254501
0.02, 252736
0.02, 252619
0.02, 248251
0.02, 247327
0.02, 245554
0.02, 242758
0.02, 242074
0.02, 241615
0.02, 228931
0.02, 227198
0.02, 218121
0.02, 215447
0.02, 213712
0.02, 213157
0.02, 211891
0.02, 211641
0.02, 208779
0.02, 207820
0.02, 207730
0.02, 207658
0.02, 207622
0.02, 205806
0.02, 204371
0.02, 204086
0.02, 202616
0.02, 202093
0.02, 201513
0.02, 201500
0.02, 199685
0.02, 193983
0.02, 193042
0.02, 189948
0.02, 189858
0.02, 187794
0.02, 187358
0.02, 184311
0.02, 182620
0.02, 181184
0.02, 178193
0.02, 175578
0.02, 171264
0.02, 170783
0.02, 169957
0.02, 169576
0.02, 169294
0.02, 169018
0.02, 168136
0.02, 167467
0.02, 167032
0.02, 164255
0.02, 163960
0.02, 163062
0.02, 161468
0.02, 161251
0.02, 161057
0.02, 161047
0.02, 160470
0.02, 160088
0.02, 159510
0.02, 159487
0.02, 158075
0.02, 157779
0.02, 156283
0.02, 155692
0.02, 155289
0.02, 155262
0.02, 153662
0.02, 153355
0.02, 152928
0.02, 152625
0.02, 152185
0.02, 149485
0.02, 148858
0.02, 145409
0.02, 144194
0.02, 143335
0.02, 143319
0.02, 142470
0.02, 141763
0.02, 140528
0.02, 138848
0.02, 138437
0.02, 137802
0.02, 137455
0.02, 136848
0.02, 136828
0.02, 136753
0.02, 136567
0.02, 136186
0.02, 135986
0.02, 135783
0.02, 135642
0.02, 135134
0.02, 134951
0.02, 134582
0.02, 134509
0.02, 133888
0.02, 129194
0.02, 128857
0.02, 126254
0.02, 125138
0.02, 123918
0.02, 123357
0.02, 123245
0.02, 122667
0.02, 121731
0.02, 119278
0.02, 118569
0.02, 118004
0.02, 117862
0.02, 117651
0.02, 117616
0.02, 117030
0.02, 116921
0.02, 116895
0.02, 116894
0.02, 116570
0.02, 116217
0.02, 115795
0.02, 114909
0.02, 113859
0.02, 111770
0.02, 110413
0.02, 109637
0.02, 109221
0.02, 108756
0.02, 108653
0.02, 108177
0.03, 107814
0.03, 106795
0.03, 106170
0.03, 106095
0.03, 105710
0.05, 105648
0.07, 105496
0.11, 105433
0.11, 105268
0.11, 104802
0.11, 104454
0.11, 103741
0.11, 102545
0.11, 102316
4.05, 102231
4.05, 102138
