0.01, 539399
0.01, 527740
0.01, 527375
0.01, 507480
0.01, 506731
0.01, 484720
0.01, 484244
0.01, 477513
0.01, 475824
0.01, 473157
0.01, 472998
0.01, 468727
0.01, 468201
0.01, 455347
0.01, 451782
0.01, 440001
0.01, 433908
0.01, 431799
0.01, 430354
0.01, 421116
0.01, 419643
0.01, 419349
0.01, 414369
0.01, 401253
0.01, 396732
0.01, 396725
0.01, 393461
0.01, 392396
0.01, 389426
0.01, 385682
0.01, 383322
0.01, 382234
0.01, 380173
0.01, 378025
0.01, 377895
0.01, 376250
0.01, 375756
0.01, 374458
0.01, 373795
0.01, 373368
0.01, 372668
0.01, 371653
0.01, 370674
0.01, 370661
0.01, 370534
0.01, 370415
0.01, 368152
0.01, 367826
0.01, 361710
0.01, 361558
0.01, 361344
0.01, 358927
0.01, 356842
0.01, 356101
0.01, 351826
0.01, 350318
0.01, 349011
0.01, 348324
0.01, 342056
0.01, 340575
0.01, 339944
0.01, 338232
0.01, 337958
0.01, 335903
0.01, 335169
0.01, 331334
0.01, 331044
0.01, 330515
0.01, 327882
0.01, 327529
0.01, 317057
0.01, 316275
0.01, 315280
0.01, 314678
0.01, 314019
0.01, 313545
0.01, 311573
0.01, 310520
0.01, 306709
0.01, 306479
0.01, 302611
0.01, 302121
0.01, 297983
0.01, 294943
0.01, 294403
0.01, 293291
0.01, 291187
0.01, 289407
0.01, 288991
0.01, 287451
0.01, 283762
0.01, 283420
0.02, 283235
0.02, 282558
0.02, 282481
0.02, 282163
0.02, 280195
0.02, 278289
0.02, 275959
0.02, 275283
0.02, 274263
0.02, 273433
0.02, 272812
0.02, 272111
0.02, 270271
0.02, 269871
0.02, 269641
0.02, 269595
0.02, 267204
0.02, 266619
0.02, 266019
0.02, 264527
0.02, 264280
0.02, 262392
0.02, 262391
0.02, 259266
0.02, 259250
0.02, 258102
0.02, 257979
0.02, 256755
0.02, 256706
0.02, 254785
0.02, 254477
0.02, 248465
0.02, 240482
0.02, 239397
0.02, 239276
0.02, 238449
0.02, 238432
0.02, 238329
0.02, 237162
0.02, 235494
0.02, 235026
0.02, 232364
0.02, 227523
0.02, 224387
0.02, 217559
0.02, 216554
0.02, 216529
0.02, 214221
0.02, 213167
0.02, 213082
0.02, 211439
0.02, 211254
0.02, 210812
0.02, 210454
0.02, 208653
0.02, 208001
0.02, 196881
0.02, 195295
0.02, 195197
0.02, 194607
0.02, 192820
0.02, 192284
0.02, 192133
0.02, 189144
0.02, 189064
0.02, 184678
0.02, 184293
0.02, 181174
0.02, 180821
0.02, 180350
0.02, 180115
0.02, 179297
0.02, 175691
0.02, 174979
0.02, 174879
0.02, 169579
0.02, 168345
0.02, 165566
0.02, 164976
0.02, 160372
0.02, 160014
0.02, 156178
0.02, 152416
0.02, 152245
0.02, 151596
0.02, 148282
0.02, 147101
0.02, 146321
0.02, 145973
0.02, 145465
0.02, 143045
0.02, 141605
0.02, 140836
0.02, 140230
0.02, 139949
0.02, 139209
0.02, 138406
0.02, 136220
0.02, 136207
0.02, 135710
0.02, 134389
0.02, 134158
0.02, 133821
0.02, 133325
0.02, 132854
0.02, 127505
0.02, 127499
0.02, 127393
0.02, 126594
0.02, 126356
0.02, 123246
0.02, 123025
0.02, 122821
0.02, 122813
0.02, 122326
0.02, 122079
0.02, 120969
0.02, 120527
0.02, 118371
0.02, 116916
0.02, 116213
0.02, 116194
0.02, 115905
0.02, 115063
0.02, 114850
0.02, 114092
0.02, 113728
0.02, 113112
0.02, 112025
0.02, 111588
0.02, 110756
0.02, 110564
0.02, 110556
0.02, 110459
0.02, 109984
0.02, 109579
0.02, 109499
0.02, 107584
0.04, 106950
0.04, 106920
0.04, 106906
0.04, 106876
0.04, 106783
0.09, 106742
0.13, 106601
0.13, 106458
0.13, 105452
0.13, 105289
0.13, 104140
0.13, 103862
0.13, 103788
0.13, 103559
0.13, 103479
0.13, 103452
0.71, 103269
0.89, 103022
0.89, 102666
0.89, 102475
0.89, 102375
0.89, 102262
0.89, 102248
0.99, 102200
0.99, 101768
4.07, 101683
4.07, 101638
4.07, 101489
