0.01, 563277
0.01, 560635
0.01, 558951
0.01, 537315
0.01, 536288
0.01, 516079
0.01, 514506
0.01, 514442
0.01, 513600
0.01, 511930
0.01, 509181
0.01, 508855
0.01, 491879
0.01, 489763
0.01, 479358
0.01, 477592
0.01, 474958
0.01, 474405
0.01, 464014
0.01, 461337
0.01, 459034
0.01, 458620
0.01, 445727
0.01, 440985
0.01, 430035
0.01, 430022
0.01, 429551
0.01, 429001
0.01, 428925
0.01, 426927
0.01, 423822
0.01, 423431
0.01, 417928
0.01, 415708
0.01, 414621
0.01, 412882
0.01, 411584
0.01, 401662
0.01, 401351
0.01, 392590
0.01, 392018
0.02, 386985
0.02, 386981
0.02, 373915
0.02, 372148
0.02, 371845
0.02, 367980
0.02, 365656
0.02, 352156
0.02, 350194
0.02, 350148
0.02, 340500
0.02, 340364
0.02, 332264
0.02, 327081
0.02, 325291
0.02, 318292
0.02, 315301
0.02, 314606
0.02, 312500
0.02, 311252
0.02, 309515
0.02, 307548
0.02, 300104
0.02, 294097
0.02, 292022
0.02, 287049
0.02, 280461
0.02, 279820
0.02, 276174
0.02, 270441
0.02, 269759
0.02, 268883
0.02, 264846
0.02, 264228
0.02, 263659
0.02, 260671
0.02, 260595
0.02, 258299
0.02, 257863
0.02, 257558
0.02, 254534
0.02, 254501
0.02, 254129
0.02, 252786
0.02, 250823
0.02, 250015
0.02, 246651
0.02, 244619
0.02, 242480
0.02, 241777
0.02, 237200
0.02, 237068
0.02, 236500
0.02, 231621
0.02, 231151
0.02, 226811
0.02, 226454
0.02, 225360
0.02, 224893
0.02, 224806
0.02, 223948
0.02, 223784
0.02, 223254
0.02, 222995
0.02, 222809
0.02, 222448
0.02, 217394
0.02, 217242
0.02, 215438
0.02, 211958
0.02, 211576
0.02, 208781
0.02, 204904
0.02, 203910
0.02, 202691
0.02, 198669
0.02, 197834
0.02, 196277
0.02, 194092
0.02, 193251
0.02, 192612
0.02, 189852
0.02, 188985
0.02, 188761
0.02, 188307
0.02, 187493
0.02, 185722
0.02, 181433
0.02, 180181
0.02, 176289
0.02, 175589
0.02, 175361
0.02, 175129
0.02, 173507
0.02, 172098
0.02, 169847
0.02, 169824
0.02, 165164
0.02, 163761
0.02, 161338
0.02, 159442
0.02, 158203
0.02, 156552
0.02, 156050
0.02, 156017
0.02, 155018
0.02, 154908
0.02, 154283
0.02, 153875
0.02, 153503
0.02, 153470
0.02, 153011
0.02, 149307
0.02, 149165
0.02, 147953
0.02, 147907
0.02, 147251
0.02, 147036
0.02, 146897
0.02, 145829
0.02, 145238
0.02, 144084
0.02, 141874
0.02, 140970
0.02, 140180
0.02, 140117
0.02, 138305
0.02, 138188
0.02, 138014
0.02, 137703
0.02, 137045
0.02, 134760
0.02, 130586
0.02, 130465
0.02, 128912
0.02, 128413
0.02, 127792
0.02, 127606
0.02, 126503
0.02, 126397
0.02, 125378
0.02, 124941
0.02, 124391
0.02, 123700
0.02, 123443
0.02, 122666
0.02, 122655
0.02, 122000
0.02, 121062
0.02, 120607
0.02, 120327
0.02, 120319
0.02, 120220
0.02, 119894
0.02, 119771
0.02, 119436
0.02, 118341
0.02, 117051
0.02, 115416
0.02, 115242
0.02, 114051
0.02, 114017
0.02, 112228
0.03, 112193
0.03, 112018
0.03, 111827
0.03, 111570
0.03, 111148
0.03, 110979
0.03, 110514
0.03, 110019
0.03, 109881
0.03, 109735
0.03, 109583
0.03, 109507
0.03, 109355
0.03, 108720
0.03, 108658
0.03, 108595
0.03, 108461
0.03, 108181
0.03, 108122
0.03, 107761
0.03, 107340
0.03, 106927
0.03, 106882
0.03, 106733
0.03, 106558
0.03, 106367
0.04, 106331
0.04, 105907
0.04, 105859
0.04, 105692
0.04, 105472
0.04, 105189
0.11, 104883
0.11, 104689
0.11, 104517
0.11, 104479
0.11, 104441
0.11, 104085
0.11, 103556
0.21, 103177
1.02, 103098
1.02, 102676
1.02, 102668
4.04, 101926
