0.01, 561625
0.01, 560167
0.01, 558477
0.01, 558200
0.01, 549321
0.01, 545976
0.01, 541973
0.01, 540313
0.01, 536915
0.01, 532506
0.01, 529514
0.01, 528303
0.01, 512030
0.01, 510269
0.01, 493951
0.01, 492953
0.01, 480046
0.01, 479248
0.01, 476437
0.01, 473445
0.01, 470044
0.01, 468231
0.01, 465696
0.01, 465491
0.01, 457954
0.01, 456235
0.01, 454091
0.01, 443979
0.01, 443636
0.01, 436087
0.01, 434749
0.01, 426305
0.01, 426126
0.01, 423498
0.01, 422326
0.01, 411834
0.01, 409913
0.01, 401117
0.01, 400827
0.01, 398870
0.01, 398628
0.01, 397331
0.01, 397046
0.01, 395165
0.01, 380629
0.01, 380612
0.01, 380029
0.01, 371911
0.01, 371642
0.01, 364258
0.01, 361710
0.01, 358104
0.01, 356827
0.01, 355098
0.01, 352477
0.01, 351583
0.01, 347982
0.01, 347309
0.01, 340977
0.01, 340710
0.01, 338276
0.01, 337047
0.01, 336907
0.01, 334435
0.01, 334384
0.01, 332396
0.01, 326086
0.01, 326066
0.01, 321599
0.01, 320751
0.01, 319968
0.01, 317231
0.01, 314207
0.01, 309715
0.01, 309682
0.01, 306382
0.01, 304402
0.01, 296543
0.01, 294569
0.01, 286829
0.01, 286085
0.01, 285677
0.01, 281777
0.01, 275482
0.01, 271775
0.01, 271204
0.01, 269915
0.01, 268688
0.01, 265625
0.01, 263180
0.01, 259902
0.01, 258561
0.01, 256249
0.01, 255346
0.01, 254822
0.01, 253761
0.01, 252523
0.01, 250655
0.01, 249673
0.01, 249323
0.01, 246753
0.01, 243973
0.02, 242535
0.02, 241569
0.02, 240287
0.02, 240004
0.02, 239187
0.02, 238270
0.02, 237992
0.02, 237948
0.02, 237680
0.02, 234957
0.02, 232301
0.02, 229185
0.02, 222032
0.02, 220052
0.02, 217575
0.02, 216825
0.02, 216677
0.02, 215822
0.02, 213932
0.02, 208450
0.02, 208069
0.02, 204765
0.02, 204270
0.02, 203567
0.02, 202029
0.02, 200443
0.02, 198057
0.02, 195806
0.02, 195564
0.02, 195405
0.02, 191708
0.02, 191161
0.02, 190545
0.02, 188891
0.02, 186370
0.02, 185337
0.02, 185147
0.02, 180802
0.02, 180707
0.02, 180153
0.02, 174093
0.02, 174090
0.02, 173164
0.02, 172558
0.02, 171488
0.02, 170980
0.02, 170190
0.02, 169408
0.02, 169345
0.02, 168996
0.02, 167666
0.02, 167029
0.02, 166987
0.02, 166375
0.02, 165217
0.02, 164371
0.02, 161823
0.02, 161491
0.02, 161054
0.02, 160168
0.02, 159728
0.02, 159566
0.02, 158855
0.02, 156926
0.02, 156166
0.02, 155896
0.02, 155176
0.02, 153752
0.02, 152507
0.02, 152456
0.02, 152409
0.02, 150956
0.02, 150879
0.02, 150269
0.02, 150226
0.02, 148017
0.02, 147390
0.02, 143377
0.02, 142881
0.02, 141385
0.02, 141124
0.02, 141018
0.02, 135823
0.02, 134316
0.02, 134252
0.02, 133941
0.02, 133843
0.02, 132480
0.02, 130936
0.02, 129539
0.02, 129462
0.02, 129139
0.02, 128678
0.02, 128584
0.02, 127093
0.02, 126906
0.02, 126566
0.02, 124782
0.02, 123906
0.02, 123693
0.02, 123148
0.02, 122826
0.02, 121024
0.02, 120978
0.02, 120747
0.02, 120555
0.02, 120126
0.02, 119799
0.02, 119304
0.02, 117273
0.02, 116910
0.02, 114580
0.02, 114523
0.02, 114368
0.02, 114315
0.02, 112271
0.02, 111920
0.02, 110803
0.02, 109436
0.02, 109245
0.02, 109240
0.02, 108627
0.03, 108406
0.04, 107077
0.04, 106788
0.04, 106516
0.04, 106033
0.04, 105890
0.04, 105529
0.04, 105354
0.04, 105163
0.04, 105127
0.07, 104948
0.07, 104754
0.07, 104275
0.08, 104127
0.08, 104015
0.08, 103533
0.46, 103521
0.46, 103491
0.46, 103085
0.94, 102827
0.94, 102405
1.27, 102321
2.33, 102270
