0.01, 528717
0.01, 527932
0.01, 526068
0.01, 507648
0.01, 503727
0.01, 503603
0.01, 500076
0.01, 499991
0.01, 499740
0.01, 496982
0.01, 494722
0.01, 494449
0.01, 493564
0.01, 493489
0.01, 492314
0.01, 488352
0.01, 486674
0.01, 483013
0.01, 482817
0.01, 482783
0.01, 474693
0.01, 474656
0.01, 468732
0.01, 468687
0.01, 460498
0.01, 460460
0.01, 458617
0.01, 452785
0.01, 452766
0.01, 445941
0.01, 445747
0.01, 441884
0.01, 441058
0.01, 440399
0.01, 433119
0.01, 430268
0.01, 425732
0.01, 421379
0.01, 419380
0.01, 412374
0.01, 409746
0.01, 404293
0.01, 403770
0.01, 399515
0.01, 396943
0.01, 394020
0.01, 389779
0.01, 386527
0.01, 385979
0.01, 380597
0.01, 379188
0.01, 378480
0.01, 374850
0.01, 374210
0.01, 368471
0.01, 365677
0.01, 365295
0.01, 363473
0.01, 359166
0.01, 356224
0.01, 355277
0.01, 345665
0.01, 340145
0.01, 339895
0.01, 338878
0.01, 332383
0.01, 329300
0.01, 328399
0.01, 326082
0.01, 325823
0.01, 325045
0.01, 324960
0.01, 324912
0.01, 321932
0.01, 320481
0.01, 319682
0.01, 318430
0.01, 317244
0.01, 317129
0.01, 316057
0.01, 314974
0.01, 313646
0.01, 313413
0.01, 313100
0.01, 309305
0.01, 308595
0.01, 308425
0.01, 300766
0.01, 300395
0.01, 297079
0.01, 296989
0.01, 292378
0.01, 292140
0.01, 289628
0.01, 288552
0.01, 277820
0.01, 275651
0.01, 272988
0.01, 272127
0.01, 270246
0.01, 270192
0.01, 269739
0.01, 267993
0.01, 267805
0.01, 266058
0.01, 264345
0.01, 264168
0.01, 263759
0.01, 254314
0.01, 253115
0.01, 250620
0.01, 250095
0.01, 249173
0.01, 248703
0.01, 248430
0.01, 247006
0.01, 246688
0.01, 246153
0.01, 245623
0.01, 243368
0.01, 243174
0.01, 243148
0.01, 241788
0.01, 237611
0.01, 237127
0.01, 236764
0.01, 236136
0.01, 234742
0.01, 225367
0.01, 224081
0.01, 223682
0.01, 220146
0.01, 218272
0.01, 217299
0.01, 216606
0.01, 215553
0.01, 204392
0.01, 203635
0.01, 203186
0.01, 193318
0.01, 189091
0.01, 184497
0.01, 179270
0.01, 171670
0.01, 168934
0.01, 162572
0.01, 161766
0.01, 156946
0.01, 156471
0.01, 156290
0.01, 156043
0.01, 154944
0.01, 154331
0.01, 152949
0.01, 152484
0.01, 152154
0.01, 152140
0.01, 151039
0.01, 150662
0.01, 149136
0.01, 148633
0.01, 148476
0.01, 146775
0.01, 143269
0.01, 143013
0.01, 142576
0.01, 142254
0.01, 139858
0.01, 139754
0.01, 139217
0.01, 138362
0.01, 138026
0.01, 138008
0.01, 132704
0.01, 128305
0.01, 125992
0.02, 125685
0.02, 123297
0.02, 122043
0.02, 121306
0.02, 120679
0.02, 117903
0.02, 114431
0.02, 114172
0.02, 113665
0.02, 112926
0.02, 112786
0.02, 112750
0.02, 112337
0.02, 112304
0.02, 112273
0.02, 111146
0.02, 110913
0.02, 110504
0.02, 110423
0.02, 109652
0.02, 108829
0.02, 108821
0.02, 108783
0.02, 108397
0.02, 108051
0.02, 107986
0.02, 107283
0.02, 107131
0.02, 107055
0.02, 107026
0.03, 106746
0.03, 106710
0.06, 106551
0.06, 106360
0.06, 106324
0.06, 105835
0.06, 105735
0.06, 105688
0.06, 105650
0.06, 105481
0.06, 105387
0.07, 104886
0.07, 104867
0.07, 104578
0.07, 104412
0.07, 104376
0.07, 104362
0.34, 104161
0.35, 104136
0.35, 103909
0.35, 103821
0.35, 103544
0.35, 103486
0.35, 102978
1.58, 102800
1.58, 102256
2.09, 102245
2.09, 102237
2.41, 101739
2.41, 101573
2.41, 101398
2.41, 101384
