0.01, 526214
0.01, 525983
0.01, 522303
0.01, 521082
0.01, 516856
0.01, 516261
0.01, 509843
0.01, 507874
0.01, 494795
0.01, 493260
0.01, 482565
0.01, 482017
0.01, 478782
0.01, 476324
0.01, 476126
0.01, 474137
0.01, 473445
0.01, 467391
0.01, 467369
0.01, 454887
0.01, 450904
0.01, 449509
0.01, 446189
0.01, 445755
0.01, 445127
0.01, 445001
0.01, 440582
0.01, 440548
0.01, 423249
0.01, 418880
0.01, 417473
0.01, 417033
0.01, 414707
0.01, 414410
0.01, 413018
0.01, 404753
0.01, 404475
0.01, 390946
0.01, 388337
0.01, 387933
0.01, 387915
0.01, 382095
0.01, 381914
0.01, 375381
0.01, 374657
0.01, 372226
0.01, 371887
0.01, 363869
0.01, 361178
0.01, 349158
0.01, 348693
0.01, 348010
0.01, 341379
0.01, 337736
0.01, 337640
0.01, 335719
0.01, 335710
0.01, 332338
0.01, 331204
0.01, 329393
0.01, 329299
0.01, 329094
0.01, 327874
0.01, 327330
0.01, 326468
0.01, 325285
0.01, 323643
0.01, 313372
0.01, 312085
0.01, 311346
0.01, 311222
0.01, 305708
0.01, 305489
0.01, 303907
0.01, 303149
0.01, 300546
0.01, 299848
0.01, 292629
0.01, 292324
0.01, 289120
0.01, 283927
0.01, 280412
0.01, 277472
0.01, 276030
0.01, 275870
0.01, 275612
0.01, 275451
0.01, 275408
0.01, 275317
0.01, 275111
0.01, 271225
0.01, 270582
0.01, 269627
0.01, 266370
0.01, 265662
0.01, 261640
0.01, 259912
0.01, 259128
0.01, 255337
0.01, 254886
0.01, 252185
0.01, 248562
0.01, 248242
0.01, 247347
0.01, 245233
0.01, 243616
0.01, 241404
0.01, 240515
0.01, 240483
0.01, 239633
0.01, 239588
0.01, 239368
0.01, 237894
0.01, 237535
0.01, 232296
0.01, 231753
0.01, 229328
0.01, 229183
0.01, 229034
0.01, 228607
0.01, 225910
0.01, 225859
0.01, 223583
0.01, 223237
0.01, 222202
0.01, 221293
0.01, 219316
0.01, 218157
0.01, 217312
0.01, 215722
0.01, 214189
0.01, 213850
0.01, 210378
0.01, 209786
0.01, 205495
0.01, 204807
0.01, 203413
0.01, 202803
0.01, 202333
0.01, 198312
0.01, 196507
0.01, 192343
0.01, 191798
0.01, 191242
0.01, 190914
0.01, 187075
0.01, 186870
0.01, 185014
0.01, 184932
0.01, 180721
0.01, 178987
0.01, 176007
0.01, 174441
0.01, 171890
0.01, 171871
0.01, 169070
0.01, 168581
0.01, 168352
0.01, 167567
0.02, 167227
0.02, 166529
0.02, 165967
0.02, 165419
0.02, 160142
0.02, 158325
0.02, 156381
0.02, 154363
0.02, 153957
0.02, 151853
0.02, 149444
0.02, 149282
0.02, 147783
0.02, 146241
0.02, 145413
0.02, 144072
0.02, 143250
0.02, 141712
0.02, 140133
0.02, 139712
0.02, 139671
0.02, 137843
0.02, 136256
0.02, 135724
0.02, 135484
0.02, 133901
0.02, 132974
0.02, 132137
0.02, 129700
0.02, 129458
0.02, 128599
0.02, 128162
0.02, 126346
0.02, 126311
0.02, 124838
0.02, 122172
0.02, 119000
0.02, 118851
0.02, 118357
0.02, 118070
0.02, 118044
0.02, 117852
0.02, 117191
0.02, 117153
0.02, 117109
0.02, 116311
0.02, 114944
0.02, 113527
0.02, 111179
0.02, 111012
0.02, 111002
0.02, 110549
0.02, 110329
0.02, 109916
0.02, 109887
0.02, 109540
0.02, 109352
0.02, 108376
0.05, 107810
0.05, 107218
0.05, 106912
0.05, 106874
0.05, 106712
0.05, 106667
0.05, 106518
0.06, 105537
0.06, 105134
0.06, 104565
0.06, 104276
0.15, 104202
0.15, 104030
0.15, 103917
0.15, 102959
0.15, 102923
1.57, 102597
1.57, 102376
2.22, 102363
2.63, 102293
2.63, 102150
2.63, 102142
2.63, 101824
2.64, 101718
