0.01, 540245
0.01, 536393
0.01, 520029
0.01, 519865
0.01, 499013
0.01, 498573
0.01, 491734
0.01, 489208
0.01, 485727
0.01, 485090
0.01, 474022
0.01, 473714
0.01, 457859
0.01, 457272
0.01, 455438
0.01, 439181
0.01, 436972
0.01, 428663
0.01, 425453
0.01, 414667
0.01, 413712
0.01, 407150
0.01, 406696
0.01, 399185
0.01, 396682
0.01, 395935
0.01, 394959
0.01, 393965
0.01, 383726
0.01, 382568
0.01, 376553
0.01, 373079
0.01, 371419
0.01, 367916
0.01, 366264
0.01, 357143
0.01, 354777
0.01, 353848
0.01, 353022
0.01, 342189
0.01, 342029
0.01, 340033
0.01, 328501
0.01, 326313
0.01, 325219
0.01, 321691
0.01, 315292
0.01, 315130
0.01, 308341
0.01, 308338
0.01, 308319
0.01, 308276
0.01, 305387
0.01, 304853
0.01, 303003
0.01, 302624
0.01, 302342
0.01, 295730
0.01, 292543
0.01, 292446
0.01, 286272
0.01, 283552
0.01, 282255
0.01, 282037
0.01, 275214
0.01, 275187
0.01, 275026
0.01, 270381
0.01, 270038
0.01, 269314
0.01, 265518
0.01, 260945
0.01, 260501
0.01, 260287
0.01, 256474
0.01, 256435
0.01, 250717
0.01, 248617
0.01, 248590
0.01, 248469
0.01, 247642
0.01, 246246
0.01, 242899
0.01, 239529
0.01, 238318
0.01, 232647
0.01, 232243
0.01, 232009
0.01, 231434
0.01, 226532
0.01, 226455
0.01, 226020
0.01, 221811
0.01, 216196
0.01, 215702
0.02, 212698
0.02, 210190
0.02, 208630
0.02, 208617
0.02, 207765
0.02, 204819
0.02, 203394
0.02, 203381
0.02, 202984
0.02, 202745
0.02, 198798
0.02, 198333
0.02, 196761
0.02, 196557
0.02, 196346
0.02, 196007
0.02, 195638
0.02, 194023
0.02, 193887
0.02, 190858
0.02, 185852
0.02, 184871
0.02, 178415
0.02, 177007
0.02, 176023
0.02, 174994
0.02, 173179
0.02, 172758
0.02, 169918
0.02, 167943
0.02, 166154
0.02, 165190
0.02, 162458
0.02, 162007
0.02, 161047
0.02, 159820
0.02, 159499
0.02, 158832
0.02, 158769
0.02, 158377
0.02, 158183
0.02, 157836
0.02, 157246
0.02, 157182
0.02, 156869
0.02, 156087
0.02, 155929
0.02, 155923
0.02, 155272
0.02, 155135
0.02, 153663
0.02, 153469
0.02, 153030
0.02, 152546
0.02, 152476
0.02, 151800
0.02, 151546
0.02, 151234
0.02, 150416
0.02, 147958
0.02, 147255
0.02, 147222
0.02, 146892
0.02, 146022
0.02, 145618
0.02, 145147
0.02, 144597
0.02, 144015
0.02, 143307
0.02, 141948
0.02, 138333
0.02, 135924
0.02, 135337
0.02, 135328
0.02, 135043
0.02, 134719
0.02, 134613
0.02, 133005
0.02, 131531
0.02, 131290
0.02, 131255
0.02, 131053
0.02, 130558
0.02, 129976
0.02, 128599
0.02, 128500
0.02, 128166
0.02, 127030
0.02, 124704
0.02, 123126
0.02, 121454
0.02, 121427
0.02, 121135
0.02, 120807
0.02, 118481
0.02, 118439
0.02, 117804
0.02, 117759
0.02, 117757
0.02, 117708
0.02, 116361
0.02, 115586
0.02, 115463
0.02, 115425
0.02, 115356
0.02, 114652
0.02, 114560
0.02, 113922
0.02, 113851
0.02, 113230
0.02, 112838
0.02, 112772
0.02, 112289
0.02, 110745
0.02, 110529
0.02, 110435
0.02, 109973
0.02, 109679
0.02, 109487
0.02, 108392
0.02, 108052
0.03, 107228
0.03, 106508
0.03, 105961
0.03, 105801
0.03, 105724
0.03, 105689
0.03, 105596
0.09, 105590
0.09, 105560
0.09, 105546
0.13, 104387
0.17, 103633
0.17, 103338
0.18, 103011
0.51, 102951
0.51, 102845
0.51, 102113
0.51, 102105
1.4, 102057
