0.01, 542452
0.01, 539691
0.01, 537722
0.01, 519575
0.01, 516261
0.01, 508548
0.01, 508301
0.01, 499933
0.01, 496025
0.01, 494286
0.01, 490800
0.01, 485497
0.01, 485285
0.01, 479586
0.01, 473113
0.01, 459760
0.01, 459611
0.01, 447205
0.01, 445618
0.01, 441540
0.01, 437650
0.01, 436509
0.01, 432324
0.01, 432015
0.01, 431838
0.01, 429889
0.01, 409795
0.01, 409763
0.01, 406327
0.01, 406267
0.01, 402833
0.01, 402804
0.01, 398169
0.01, 397389
0.01, 397147
0.01, 394849
0.01, 394509
0.01, 393796
0.01, 389705
0.01, 388683
0.01, 386807
0.01, 383779
0.01, 383742
0.01, 371964
0.01, 370314
0.01, 370097
0.01, 370068
0.01, 369877
0.01, 365170
0.01, 361616
0.01, 359802
0.01, 359114
0.01, 355784
0.01, 345643
0.01, 344322
0.01, 341784
0.01, 341599
0.01, 340004
0.01, 335628
0.01, 329942
0.01, 325870
0.01, 320572
0.01, 317003
0.01, 316948
0.01, 305888
0.01, 304544
0.01, 303743
0.01, 298896
0.01, 298566
0.01, 291958
0.01, 287673
0.01, 285578
0.01, 285236
0.01, 282330
0.01, 281692
0.01, 278587
0.01, 277386
0.01, 277046
0.01, 276652
0.01, 270524
0.01, 267745
0.01, 266948
0.01, 266897
0.01, 265057
0.01, 264506
0.01, 261755
0.01, 261621
0.01, 260683
0.01, 258838
0.01, 257396
0.01, 256685
0.01, 256254
0.01, 238686
0.01, 237631
0.01, 237455
0.01, 234827
0.01, 233783
0.01, 231929
0.01, 230720
0.01, 229297
0.01, 229227
0.02, 228634
0.02, 227928
0.02, 227613
0.02, 227320
0.02, 221666
0.02, 220562
0.02, 219643
0.02, 219236
0.02, 218539
0.02, 217902
0.02, 214559
0.02, 214370
0.02, 212770
0.02, 212652
0.02, 211955
0.02, 211063
0.02, 210342
0.02, 210228
0.02, 209635
0.02, 208422
0.02, 205371
0.02, 204544
0.02, 199800
0.02, 199302
0.02, 198132
0.02, 197839
0.02, 196191
0.02, 194825
0.02, 192688
0.02, 190206
0.02, 189324
0.02, 188247
0.02, 186833
0.02, 185741
0.02, 185492
0.02, 183653
0.02, 182125
0.02, 181616
0.02, 181478
0.02, 180383
0.02, 179732
0.02, 178814
0.02, 178313
0.02, 178190
0.02, 176972
0.02, 176895
0.02, 176615
0.02, 176136
0.02, 175163
0.02, 174666
0.02, 174339
0.02, 172910
0.02, 171191
0.02, 171056
0.02, 170729
0.02, 170614
0.02, 166976
0.02, 166474
0.02, 166250
0.02, 166150
0.02, 165429
0.02, 164151
0.02, 164001
0.02, 163777
0.02, 161382
0.02, 159133
0.02, 157643
0.02, 157252
0.02, 156488
0.02, 155511
0.02, 153774
0.02, 151461
0.02, 149376
0.02, 149101
0.02, 147421
0.02, 143523
0.02, 141610
0.02, 141260
0.02, 140207
0.02, 139833
0.02, 139790
0.02, 137467
0.02, 137112
0.02, 136808
0.02, 135743
0.02, 135628
0.02, 133351
0.02, 131429
0.02, 129164
0.02, 128908
0.02, 128666
0.02, 128254
0.02, 128150
0.02, 127605
0.02, 126878
0.02, 126764
0.02, 123671
0.02, 123660
0.02, 122727
0.02, 122721
0.02, 121690
0.02, 120629
0.02, 119821
0.02, 119491
0.02, 119354
0.02, 119308
0.02, 119008
0.02, 118281
0.02, 118109
0.02, 117332
0.02, 116740
0.02, 116309
0.02, 116096
0.02, 115024
0.02, 113675
0.02, 113351
0.02, 112679
0.02, 112479
0.02, 112008
0.02, 110098
0.02, 109787
0.02, 109738
0.02, 109703
0.02, 109351
0.02, 109325
0.02, 109150
0.02, 109001
0.02, 108507
0.02, 107640
0.02, 107611
0.02, 107285
0.03, 106863
0.03, 106642
0.03, 106247
0.03, 106202
0.03, 106053
0.03, 105860
0.03, 105435
0.08, 104473
0.08, 104252
0.08, 103868
0.08, 102944
0.08, 102650
0.08, 102605
0.08, 102413
0.08, 102350
0.08, 102159
2.93, 101489
3.43, 101379
3.43, 101326
3.43, 101290
3.43, 101260
3.43, 101246
