0.01, 7525365
0.01, 7411452
0.01, 7386449
0.01, 7323034
0.01, 7304615
0.01, 7170403
0.01, 7157512
0.01, 7144765
0.01, 7099726
0.01, 7037616
0.01, 7025107
0.01, 6976214
0.01, 6900170
0.01, 6892356
0.01, 6872604
0.01, 6761908
0.01, 6724581
0.01, 6646111
0.01, 6599297
0.01, 6564871
0.01, 6516025
0.01, 6515215
0.01, 6476256
0.01, 6449298
0.01, 6387097
0.01, 6293590
0.01, 6279789
0.01, 6166291
0.01, 5997598
0.01, 5957357
0.01, 5955460
0.01, 5909775
0.01, 5907600
0.01, 5776271
0.01, 5739241
0.01, 5691650
0.01, 5691017
0.01, 5648429
0.01, 5640115
0.01, 5599090
0.01, 5596498
0.01, 5518909
0.01, 5485699
0.01, 5451276
0.01, 5446414
0.01, 5423358
0.01, 5407145
0.01, 5315629
0.01, 5293893
0.01, 5210924
0.01, 5172330
0.01, 5113497
0.01, 5108933
0.01, 5054079
0.01, 5052484
0.01, 5042435
0.01, 5012014
0.01, 5011039
0.01, 4857234
0.01, 4837890
0.01, 4516563
0.01, 4478642
0.01, 4476234
0.01, 4384063
0.01, 4381015
0.01, 4375858
0.01, 4368505
0.01, 4266554
0.01, 4256587
0.01, 4249727
0.01, 4238539
0.01, 4182054
0.01, 4181962
0.01, 4141612
0.01, 4087944
0.01, 3855118
0.01, 3841898
0.01, 3826002
0.01, 3820649
0.01, 3775836
0.01, 3775566
0.01, 3697731
0.01, 3645740
0.01, 3606901
0.01, 3591908
0.01, 3584054
0.01, 3567722
0.01, 3567034
0.01, 3555435
0.01, 3527338
0.01, 3515454
0.01, 3514036
0.01, 3502099
0.01, 3497724
0.01, 3482417
0.01, 3476000
0.01, 3455636
0.01, 3440050
0.01, 3366532
0.01, 3355198
0.01, 3289844
0.01, 3260396
0.01, 3210120
0.01, 3176813
0.01, 3109548
0.01, 2932110
0.01, 2842159
0.01, 2832168
0.01, 2774924
0.01, 2770902
0.01, 2748087
0.01, 2745100
0.01, 2716157
0.01, 2696406
0.01, 2668350
0.01, 2615719
0.01, 2587080
0.01, 2576088
0.01, 2544176
0.01, 2474659
0.01, 2474573
0.01, 2465035
0.01, 2459581
0.01, 2442918
0.01, 2410459
0.01, 2351933
0.01, 2300466
0.01, 2293264
0.01, 2283799
0.01, 2259176
0.01, 2242366
0.01, 2187802
0.01, 2176172
0.01, 2153570
0.01, 2150123
0.01, 2106189
0.01, 2105319
0.01, 2098585
0.01, 2087048
0.01, 2086975
0.01, 2075095
0.01, 2070626
0.01, 2051468
0.01, 2048642
0.01, 2035401
0.01, 2030295
0.01, 2028601
0.01, 2024737
0.01, 1991877
0.01, 1991866
0.01, 1975724
0.01, 1960673
0.01, 1950009
0.01, 1938457
0.01, 1933102
0.01, 1903991
0.01, 1902744
0.01, 1895696
0.01, 1892540
0.01, 1888649
0.01, 1871369
0.01, 1865190
0.01, 1858238
0.01, 1858062
0.01, 1848787
0.01, 1847924
0.01, 1767557
0.01, 1734848
0.02, 1734456
0.02, 1727301
0.02, 1726878
0.02, 1651134
0.02, 1647700
0.02, 1646557
0.03, 1630361
0.03, 1629577
0.03, 1625991
0.03, 1624980
0.03, 1616982
0.03, 1599795
0.03, 1597070
0.03, 1583817
0.03, 1581435
0.25, 1567172
1.11, 1565830
1.11, 1561122
