0.01, 7039622
0.01, 7017376
0.01, 6967315
0.01, 6944914
0.01, 6869684
0.01, 6815678
0.01, 6744823
0.01, 6716931
0.01, 6697930
0.01, 6680197
0.01, 6659427
0.01, 6553607
0.01, 6551614
0.01, 6504711
0.01, 6439795
0.01, 6370079
0.01, 6313680
0.01, 6269387
0.01, 6142691
0.01, 6130897
0.01, 6112451
0.01, 6075798
0.01, 6035572
0.01, 5908908
0.01, 5879969
0.01, 5604713
0.01, 5547561
0.01, 5544774
0.01, 5470400
0.01, 5419834
0.01, 5375118
0.01, 5347920
0.01, 5331838
0.01, 5329474
0.01, 5319482
0.01, 5304024
0.01, 5293157
0.01, 5230249
0.01, 5227438
0.01, 5175752
0.01, 5085433
0.01, 4994950
0.01, 4994074
0.01, 4952465
0.01, 4951864
0.01, 4937267
0.01, 4899533
0.01, 4845935
0.01, 4814705
0.01, 4755118
0.01, 4754942
0.01, 4745667
0.01, 4744804
0.01, 4678905
0.01, 4633499
0.01, 4576241
0.01, 4399389
0.01, 4378475
0.01, 4254841
0.01, 4187966
0.01, 4024880
0.01, 3980806
0.01, 3956775
0.01, 3895162
0.01, 3827205
0.01, 3618320
0.01, 3601813
0.01, 3557523
0.01, 3494310
0.01, 3472329
0.01, 3433519
0.01, 3401946
0.01, 3395332
0.01, 3390254
0.01, 3379150
0.01, 3378500
0.01, 3376175
0.01, 3362756
0.01, 3342057
0.01, 3341670
0.01, 3317441
0.01, 3316309
0.01, 3310120
0.01, 3308911
0.01, 3291364
0.01, 3288441
0.01, 3270527
0.01, 3242683
0.01, 3237091
0.01, 3228240
0.01, 3212837
0.01, 3212510
0.01, 3162073
0.01, 3132309
0.01, 3125234
0.01, 3117122
0.01, 3106865
0.01, 3095150
0.01, 3092191
0.01, 3086611
0.01, 3081912
0.01, 3063518
0.01, 3057388
0.01, 3055685
0.01, 2957412
0.01, 2947063
0.01, 2759599
0.01, 2742253
0.01, 2735712
0.01, 2734139
0.01, 2673686
0.01, 2622765
0.01, 2568565
0.01, 2504839
0.01, 2489608
0.01, 2476930
0.01, 2414775
0.01, 2412134
0.01, 2404764
0.01, 2390744
0.01, 2358141
0.01, 2335777
0.01, 2322766
0.01, 2281924
0.01, 2219938
0.01, 2194032
0.01, 2174048
0.01, 2108788
0.01, 2095791
0.01, 2090003
0.01, 2064822
0.01, 2064569
0.01, 2045976
0.01, 2029724
0.01, 2029394
0.01, 2012479
0.01, 2003462
0.01, 2003460
0.01, 1999597
0.01, 1992212
0.01, 1980741
0.01, 1973710
0.01, 1965917
0.01, 1957710
0.01, 1957068
0.01, 1945522
0.01, 1944356
0.01, 1934047
0.01, 1923357
0.01, 1921740
0.01, 1917039
0.01, 1911514
0.01, 1889778
0.01, 1882307
0.01, 1859206
0.01, 1854988
0.01, 1794724
0.01, 1791999
0.01, 1790556
0.01, 1765867
0.01, 1729877
0.01, 1728464
0.01, 1719448
0.01, 1708649
0.02, 1695810
0.02, 1687939
0.02, 1686664
0.02, 1686496
0.02, 1686151
0.02, 1673324
0.02, 1673243
0.02, 1670861
0.02, 1668527
0.02, 1662570
0.02, 1643195
0.02, 1642849
0.03, 1639371
0.03, 1636835
0.03, 1633943
0.03, 1631385
0.03, 1628700
0.08, 1622248
0.08, 1620648
0.08, 1619785
0.11, 1616873
0.11, 1612008
0.11, 1610595
0.11, 1602631
0.11, 1595476
0.18, 1594799
0.18, 1567959
0.18, 1560804
1.48, 1555060
