0.01, 7122772
0.01, 7073255
0.01, 7061755
0.01, 7042205
0.01, 7033681
0.01, 7022438
0.01, 7018477
0.01, 6988747
0.01, 6867188
0.01, 6701490
0.01, 6622937
0.01, 6571214
0.01, 6497084
0.01, 6431377
0.01, 6376810
0.01, 6348105
0.01, 6303690
0.01, 6273204
0.01, 6220721
0.01, 6173383
0.01, 6087067
0.01, 6051893
0.01, 6017833
0.01, 5993843
0.01, 5906186
0.01, 5890252
0.01, 5879977
0.01, 5819098
0.01, 5722777
0.01, 5722342
0.01, 5668306
0.01, 5649903
0.01, 5623036
0.01, 5620343
0.01, 5583867
0.01, 5583769
0.01, 5497847
0.01, 5377585
0.01, 5350442
0.01, 5336566
0.01, 5295861
0.01, 5274647
0.01, 5232522
0.01, 5133448
0.01, 4967260
0.01, 4916449
0.01, 4705052
0.01, 4669036
0.01, 4452342
0.01, 4448347
0.01, 4188542
0.01, 4143532
0.01, 4127641
0.01, 3955240
0.01, 3907120
0.01, 3905624
0.01, 3885231
0.01, 3857825
0.01, 3844269
0.01, 3807400
0.01, 3669359
0.01, 3624654
0.01, 3607640
0.01, 3527640
0.01, 3374285
0.01, 3325250
0.01, 3247186
0.01, 3240483
0.01, 3231418
0.01, 3205889
0.01, 3133030
0.01, 3108773
0.01, 3028425
0.01, 3019150
0.01, 3014537
0.01, 2999846
0.01, 2963796
0.01, 2947049
0.01, 2946341
0.01, 2924952
0.01, 2901622
0.01, 2888569
0.01, 2885691
0.01, 2871195
0.01, 2847181
0.01, 2829584
0.01, 2825888
0.01, 2822753
0.01, 2822597
0.01, 2813068
0.01, 2809155
0.01, 2795673
0.01, 2787528
0.01, 2768068
0.01, 2759519
0.01, 2758244
0.01, 2758076
0.01, 2741910
0.01, 2739645
0.01, 2668922
0.01, 2665188
0.01, 2664721
0.01, 2659856
0.01, 2657160
0.01, 2645047
0.01, 2640823
0.01, 2638834
0.01, 2615161
0.01, 2609075
0.01, 2579707
0.01, 2553525
0.01, 2551132
0.01, 2548284
0.01, 2544675
0.01, 2534163
0.01, 2527521
0.01, 2526928
0.01, 2520210
0.01, 2501936
0.01, 2428864
0.01, 2422977
0.01, 2414352
0.01, 2412195
0.01, 2404408
0.01, 2401983
0.01, 2399054
0.01, 2396995
0.01, 2390379
0.01, 2376098
0.01, 2370597
0.01, 2356866
0.01, 2355907
0.01, 2352167
0.01, 2351472
0.01, 2351259
0.01, 2282993
0.01, 2245059
0.01, 2239113
0.01, 2227364
0.01, 2204381
0.01, 2146724
0.01, 2109029
0.01, 2107021
0.01, 2097158
0.01, 2095514
0.01, 2092765
0.01, 2091924
0.01, 2089107
0.01, 2082138
0.01, 2080637
0.01, 2080129
0.01, 2079564
0.01, 2073183
0.01, 2071210
0.01, 2055670
0.01, 2051067
0.01, 2049541
0.01, 2033505
0.01, 2009528
0.01, 2001028
0.01, 1998971
0.01, 1967997
0.01, 1952671
0.01, 1939741
0.01, 1934942
0.01, 1916589
0.01, 1916453
0.01, 1915195
0.01, 1910245
0.01, 1905537
0.01, 1903285
0.01, 1893062
0.01, 1893010
0.02, 1889366
0.02, 1881611
0.02, 1866204
0.02, 1848076
0.02, 1845959
0.02, 1821682
0.02, 1814527
0.02, 1813352
0.02, 1813277
0.02, 1812458
0.02, 1795070
0.02, 1794428
0.02, 1788927
0.02, 1785063
0.02, 1777120
0.02, 1770629
0.02, 1770612
0.02, 1769439
0.02, 1757173
0.02, 1752895
0.02, 1752032
0.02, 1719840
0.02, 1714493
0.02, 1709149
0.02, 1708663
0.02, 1688422
0.02, 1671235
0.02, 1646018
0.02, 1582304
0.02, 1567837
0.36, 1562702
0.69, 1562562
1.91, 1560804
