0.01, 6801383
0.01, 6729012
0.01, 6708522
0.01, 6632230
0.01, 6620860
0.01, 6541981
0.01, 6516751
0.01, 6412113
0.01, 6379736
0.01, 6370365
0.01, 6350174
0.01, 6339309
0.01, 6338666
0.01, 6333968
0.01, 6310818
0.01, 6299341
0.01, 6276046
0.01, 6215721
0.01, 6027691
0.01, 5990355
0.01, 5930584
0.01, 5919426
0.01, 5878493
0.01, 5876502
0.01, 5875295
0.01, 5865365
0.01, 5847630
0.01, 5798778
0.01, 5752103
0.01, 5726249
0.01, 5675558
0.01, 5656064
0.01, 5653935
0.01, 5638655
0.01, 5637993
0.01, 5625503
0.01, 5613961
0.01, 5581624
0.01, 5549710
0.01, 5548645
0.01, 5467452
0.01, 5437896
0.01, 5342798
0.01, 5326966
0.01, 5316465
0.01, 5311233
0.01, 5305187
0.01, 5280057
0.01, 5278282
0.01, 5260609
0.01, 5250127
0.01, 5217685
0.01, 5207854
0.01, 5203695
0.01, 5019494
0.01, 4985297
0.01, 4928055
0.01, 4908052
0.01, 4560528
0.01, 4505151
0.01, 4478402
0.01, 4311104
0.01, 4240637
0.01, 4235378
0.01, 4222220
0.01, 4208685
0.01, 4079036
0.01, 4015286
0.01, 3951747
0.01, 3868942
0.01, 3809432
0.01, 3762315
0.01, 3731494
0.01, 3726909
0.01, 3716959
0.01, 3645815
0.01, 3584943
0.01, 3584342
0.01, 3566740
0.01, 3523500
0.01, 3523324
0.01, 3497577
0.01, 3473455
0.01, 3399127
0.01, 3395160
0.01, 3324690
0.01, 3294195
0.01, 3290636
0.01, 3276762
0.01, 3267255
0.01, 3206466
0.01, 3187844
0.01, 3186925
0.01, 3181400
0.01, 3161355
0.01, 3143297
0.01, 3134584
0.01, 3129028
0.01, 3102988
0.01, 3072295
0.01, 3068453
0.01, 3059004
0.01, 3055065
0.01, 3011698
0.01, 2993996
0.01, 2971473
0.01, 2969953
0.01, 2954377
0.01, 2907809
0.01, 2880078
0.01, 2859938
0.01, 2855765
0.01, 2844821
0.01, 2815333
0.01, 2812809
0.01, 2790881
0.01, 2789960
0.01, 2761818
0.01, 2760124
0.01, 2756379
0.01, 2741036
0.01, 2723793
0.01, 2614458
0.01, 2612838
0.01, 2434148
0.01, 2433405
0.01, 2426293
0.01, 2418500
0.01, 2392851
0.01, 2376677
0.01, 2339489
0.01, 2315951
0.01, 2243698
0.01, 2243531
0.01, 2178409
0.01, 2161915
0.01, 2146731
0.01, 2120544
0.01, 2093966
0.01, 2091393
0.01, 2084012
0.01, 2053681
0.01, 2052867
0.01, 2045028
0.01, 2041402
0.01, 2031301
0.01, 2027694
0.01, 2011690
0.01, 2000081
0.01, 1998906
0.01, 1989043
0.01, 1985018
0.01, 1962652
0.01, 1940771
0.01, 1934006
0.01, 1923283
0.01, 1896205
0.01, 1835664
0.01, 1830541
0.01, 1810922
0.01, 1808933
0.01, 1795966
0.01, 1793528
0.01, 1783360
0.01, 1777055
0.01, 1773122
0.01, 1724409
0.01, 1723572
0.02, 1721656
0.02, 1717380
0.02, 1717163
0.02, 1710604
0.02, 1700107
0.02, 1698932
0.02, 1692864
0.02, 1664178
0.02, 1651351
0.02, 1649914
0.02, 1644790
0.02, 1642782
0.02, 1641182
0.02, 1640319
0.02, 1639308
0.03, 1636442
0.03, 1636161
0.04, 1635741
0.04, 1632228
0.04, 1629310
0.04, 1617358
0.07, 1614829
0.07, 1584242
0.08, 1575663
0.08, 1575021
0.3, 1561357
0.3, 1555060
