0.01, 7282229
0.01, 7270986
0.01, 7053151
0.01, 7021335
0.01, 7000513
0.01, 6933210
0.01, 6931407
0.01, 6914455
0.01, 6852469
0.01, 6800351
0.01, 6759038
0.01, 6740691
0.01, 6690461
0.01, 6668104
0.01, 6650409
0.01, 6640416
0.01, 6624377
0.01, 6582566
0.01, 6502834
0.01, 6474421
0.01, 6368925
0.01, 6216209
0.01, 6090986
0.01, 6077244
0.01, 6048467
0.01, 6019344
0.01, 5906295
0.01, 5903007
0.01, 5870899
0.01, 5862454
0.01, 5828435
0.01, 5820269
0.01, 5815438
0.01, 5811977
0.01, 5808170
0.01, 5772457
0.01, 5731113
0.01, 5644707
0.01, 5620631
0.01, 5610773
0.01, 5408876
0.01, 5383588
0.01, 5317701
0.01, 5309356
0.01, 5290538
0.01, 5247461
0.01, 5209123
0.01, 5130127
0.01, 5091463
0.01, 5051710
0.01, 5041350
0.01, 4963544
0.01, 4874082
0.01, 4873855
0.01, 4659253
0.01, 4633186
0.01, 4563110
0.01, 4401834
0.01, 4322726
0.01, 4129554
0.01, 3993256
0.01, 3942980
0.01, 3904242
0.01, 3894550
0.01, 3882677
0.01, 3878102
0.01, 3854661
0.01, 3835742
0.01, 3702933
0.01, 3700779
0.01, 3700268
0.01, 3676138
0.01, 3654023
0.01, 3604284
0.01, 3456021
0.01, 3424859
0.01, 3390435
0.01, 3382965
0.01, 3379433
0.01, 3378502
0.01, 3334250
0.01, 3273368
0.01, 3207148
0.01, 3135350
0.01, 3112905
0.01, 3083831
0.01, 3062597
0.01, 3024042
0.01, 3024013
0.01, 3005697
0.01, 2997140
0.01, 2970019
0.01, 2937131
0.01, 2927246
0.01, 2890157
0.01, 2889434
0.01, 2884903
0.01, 2883860
0.01, 2874280
0.01, 2869439
0.01, 2864191
0.01, 2856881
0.01, 2849933
0.01, 2837181
0.01, 2836356
0.01, 2834569
0.01, 2825552
0.01, 2823105
0.01, 2783093
0.01, 2772393
0.01, 2747903
0.01, 2736494
0.01, 2694947
0.01, 2684618
0.01, 2666869
0.01, 2664418
0.01, 2644665
0.01, 2641062
0.01, 2596053
0.01, 2569130
0.01, 2562529
0.01, 2550528
0.01, 2539312
0.01, 2525237
0.01, 2503301
0.01, 2498306
0.01, 2491715
0.01, 2480421
0.01, 2472017
0.01, 2471421
0.01, 2434501
0.01, 2433527
0.01, 2424585
0.01, 2410465
0.01, 2405868
0.01, 2402177
0.01, 2392902
0.01, 2392039
0.01, 2377348
0.01, 2350408
0.01, 2327432
0.01, 2286659
0.01, 2247282
0.01, 2244826
0.01, 2211496
0.01, 2205866
0.01, 2199886
0.01, 2198210
0.01, 2182333
0.01, 2167526
0.01, 2166862
0.01, 2165276
0.01, 2156755
0.01, 2155790
0.01, 2149900
0.01, 2140024
0.01, 2117090
0.01, 2110073
0.01, 2106476
0.01, 2090034
0.01, 2027026
0.01, 2001643
0.01, 1992912
0.01, 1956175
0.01, 1937293
0.01, 1928080
0.01, 1906198
0.01, 1870321
0.01, 1855854
0.01, 1848554
0.01, 1825210
0.01, 1824486
0.02, 1806766
0.02, 1803106
0.02, 1801134
0.02, 1800019
0.02, 1785836
0.02, 1779940
0.02, 1767975
0.02, 1764986
0.02, 1764980
0.02, 1763271
0.02, 1756663
0.02, 1756619
0.02, 1754124
0.02, 1753991
0.02, 1743896
0.02, 1741493
0.02, 1740261
0.02, 1738443
0.02, 1721784
0.02, 1711061
0.02, 1705937
0.02, 1704485
0.02, 1701601
0.02, 1679988
0.02, 1679125
0.02, 1670629
0.02, 1659257
0.02, 1658977
0.02, 1656725
0.03, 1646074
0.03, 1645155
0.03, 1644366
0.03, 1639118
0.03, 1636736
0.03, 1635537
0.03, 1630969
0.03, 1629782
0.03, 1627653
0.03, 1623142
0.03, 1621719
0.04, 1620684
0.04, 1617096
0.04, 1594730
0.04, 1587575
0.05, 1580159
0.1, 1574057
0.3, 1573805
0.3, 1572573
0.3, 1568709
2.13, 1568404
2.13, 1567172
2.54, 1564963
2.9, 1564570
2.9, 1562562
2.92, 1560804
3.9, 1557617
