0.01, 6561923
0.01, 6533948
0.01, 6486350
0.01, 6449837
0.01, 6421526
0.01, 6404516
0.01, 6380224
0.01, 6331631
0.01, 6229229
0.01, 6202291
0.01, 6184626
0.01, 6087414
0.01, 5935612
0.01, 5801651
0.01, 5797967
0.01, 5766729
0.01, 5765956
0.01, 5704587
0.01, 5693615
0.01, 5649366
0.01, 5638537
0.01, 5638380
0.01, 5625906
0.01, 5620926
0.01, 5615379
0.01, 5585674
0.01, 5395890
0.01, 5390873
0.01, 5384734
0.01, 5372205
0.01, 5357646
0.01, 5333193
0.01, 5331714
0.01, 5263307
0.01, 5147464
0.01, 5136716
0.01, 5052618
0.01, 5049626
0.01, 4970342
0.01, 4970017
0.01, 4959728
0.01, 4940042
0.01, 4927301
0.01, 4896225
0.01, 4808868
0.01, 4806926
0.01, 4780388
0.01, 4777480
0.01, 4772929
0.01, 4757878
0.01, 4753761
0.01, 4731321
0.01, 4714455
0.01, 4714325
0.01, 4711268
0.01, 4708831
0.01, 4697312
0.01, 4696621
0.01, 4695965
0.01, 4694338
0.01, 4686872
0.01, 4679308
0.01, 4677615
0.01, 4554346
0.01, 4506120
0.01, 4436111
0.01, 4422820
0.01, 4382811
0.01, 4322755
0.01, 4287388
0.01, 4257171
0.01, 4187276
0.01, 4148236
0.01, 4105442
0.01, 4062463
0.01, 4027775
0.01, 3969020
0.01, 3933063
0.01, 3896634
0.01, 3829813
0.01, 3757124
0.01, 3744983
0.01, 3697998
0.01, 3681979
0.01, 3676646
0.01, 3617754
0.01, 3612861
0.01, 3612017
0.01, 3595089
0.01, 3594214
0.01, 3591739
0.01, 3567303
0.01, 3563300
0.01, 3556642
0.01, 3540370
0.01, 3524359
0.01, 3454634
0.01, 3453508
0.01, 3445461
0.01, 3425866
0.01, 3420171
0.01, 3414093
0.01, 3413762
0.01, 3409122
0.01, 3403239
0.01, 3400178
0.01, 3394392
0.01, 3382746
0.01, 3379225
0.01, 3374723
0.01, 3372403
0.01, 3368539
0.01, 3366506
0.01, 3324523
0.01, 3320897
0.01, 3284420
0.01, 3227981
0.01, 3222187
0.01, 3190971
0.01, 3189293
0.01, 3186931
0.01, 3184959
0.01, 3180709
0.01, 3158769
0.01, 3154787
0.01, 3151147
0.01, 3104369
0.01, 3096540
0.01, 3085255
0.01, 3015483
0.01, 3011980
0.01, 2987895
0.01, 2838580
0.01, 2821140
0.01, 2813461
0.01, 2806293
0.01, 2791521
0.01, 2538782
0.01, 2502905
0.01, 2468739
0.01, 2391739
0.01, 2377070
0.01, 2358611
0.01, 2243540
0.01, 2223148
0.01, 2168213
0.01, 2112089
0.01, 2111902
0.01, 2108490
0.01, 2102969
0.01, 2088808
0.01, 2086005
0.01, 2080164
0.01, 2050509
0.01, 2037771
0.01, 2035754
0.01, 2030849
0.01, 2020581
0.01, 1983944
0.01, 1982072
0.01, 1961557
0.01, 1949311
0.01, 1935140
0.01, 1923302
0.01, 1908906
0.01, 1904287
0.01, 1895584
0.01, 1865129
0.01, 1858780
0.01, 1850253
0.01, 1842030
0.02, 1808284
0.02, 1782258
0.02, 1781083
0.02, 1779851
0.02, 1767105
0.02, 1757460
0.02, 1755338
0.02, 1754992
0.02, 1740679
0.02, 1740235
0.02, 1706267
0.02, 1700665
0.03, 1665617
0.03, 1654894
0.03, 1645619
0.03, 1644756
0.03, 1619463
0.03, 1617576
0.03, 1608965
0.03, 1608326
0.03, 1607635
0.03, 1595670
0.03, 1592096
0.14, 1576003
0.49, 1571821
0.96, 1563861
3.18, 1560629
3.18, 1558247
