0.01, 6824455
0.01, 6805610
0.01, 6796969
0.01, 6778423
0.01, 6686638
0.01, 6668332
0.01, 6556976
0.01, 6508734
0.01, 6400703
0.01, 6385286
0.01, 6369749
0.01, 6327761
0.01, 6198816
0.01, 6147372
0.01, 6105626
0.01, 6099844
0.01, 6069248
0.01, 5950293
0.01, 5904764
0.01, 5709928
0.01, 5706604
0.01, 5681111
0.01, 5610978
0.01, 5514964
0.01, 5499149
0.01, 5408360
0.01, 5404774
0.01, 5366312
0.01, 5346627
0.01, 5343479
0.01, 5271293
0.01, 5270280
0.01, 5237327
0.01, 5224156
0.01, 5216173
0.01, 5192213
0.01, 5097363
0.01, 5016290
0.01, 4958151
0.01, 4922831
0.01, 4917993
0.01, 4894034
0.01, 4849989
0.01, 4832188
0.01, 4803276
0.01, 4791063
0.01, 4706370
0.01, 4582367
0.01, 4573175
0.01, 4318408
0.01, 4258114
0.01, 4212247
0.01, 4085052
0.01, 4021693
0.01, 3926871
0.01, 3910383
0.01, 3892751
0.01, 3806519
0.01, 3774161
0.01, 3618924
0.01, 3590863
0.01, 3514602
0.01, 3472736
0.01, 3453586
0.01, 3451751
0.01, 3424522
0.01, 3395585
0.01, 3384410
0.01, 3368646
0.01, 3344307
0.01, 3279329
0.01, 3264890
0.01, 3257464
0.01, 3240463
0.01, 3163042
0.01, 3150013
0.01, 3146080
0.01, 3128478
0.01, 3084571
0.01, 3079159
0.01, 3073041
0.01, 3071453
0.01, 3004227
0.01, 3000974
0.01, 2994130
0.01, 2989191
0.01, 2979094
0.01, 2978877
0.01, 2972386
0.01, 2942528
0.01, 2932225
0.01, 2927133
0.01, 2925707
0.01, 2925354
0.01, 2902767
0.01, 2895404
0.01, 2876570
0.01, 2867082
0.01, 2863411
0.01, 2857128
0.01, 2855241
0.01, 2852098
0.01, 2848056
0.01, 2834529
0.01, 2818296
0.01, 2785883
0.01, 2755596
0.01, 2735702
0.01, 2733773
0.01, 2728330
0.01, 2693900
0.01, 2691453
0.01, 2676678
0.01, 2663081
0.01, 2631709
0.01, 2625058
0.01, 2609568
0.01, 2608542
0.01, 2608286
0.01, 2589792
0.01, 2582130
0.01, 2569963
0.01, 2558949
0.01, 2546563
0.01, 2545045
0.01, 2541970
0.01, 2533734
0.01, 2522836
0.01, 2512772
0.01, 2415790
0.01, 2376485
0.01, 2370300
0.01, 2321048
0.01, 2317339
0.01, 2230009
0.01, 2212084
0.01, 2202168
0.01, 2195186
0.01, 2162787
0.01, 2160423
0.01, 2086650
0.01, 2078259
0.01, 2077040
0.01, 2064823
0.01, 2060240
0.01, 2058918
0.01, 2050857
0.01, 2041334
0.01, 2039243
0.01, 2030613
0.01, 2024105
0.01, 2016009
0.01, 2008658
0.01, 2007426
0.01, 1996564
0.01, 1989409
0.01, 1970617
0.01, 1968169
0.01, 1967433
0.01, 1907053
0.01, 1887590
0.01, 1814866
0.01, 1789958
0.02, 1789514
0.02, 1781918
0.02, 1775845
0.02, 1747985
0.02, 1744937
0.02, 1733987
0.02, 1725141
0.02, 1724566
0.02, 1723924
0.02, 1723142
0.02, 1710633
0.02, 1706006
0.02, 1705779
0.02, 1704861
0.02, 1698870
0.02, 1698561
0.02, 1695350
0.02, 1666143
0.02, 1664743
0.03, 1664439
0.03, 1659300
0.03, 1657814
0.03, 1656582
0.03, 1642115
0.03, 1624613
0.04, 1623941
0.05, 1623010
0.05, 1621275
0.05, 1616100
0.06, 1615458
0.06, 1612398
0.06, 1611223
0.06, 1609686
0.07, 1607144
0.07, 1594317
0.07, 1594236
0.07, 1591854
0.07, 1580094
0.07, 1576827
0.12, 1568574
0.12, 1566566
0.12, 1562702
1.82, 1562087
4.06, 1558565
