0.01, 7757037
0.01, 7682655
0.01, 7576431
0.01, 7533069
0.01, 7532716
0.01, 7530652
0.01, 7454799
0.01, 7449146
0.01, 7406834
0.01, 7250294
0.01, 7226986
0.01, 6833116
0.01, 6826895
0.01, 6686584
0.01, 6455601
0.01, 6432704
0.01, 6314800
0.01, 6280945
0.01, 6257484
0.01, 6252647
0.01, 6243368
0.01, 6160663
0.01, 6131078
0.01, 6062977
0.01, 6043869
0.01, 6010503
0.01, 6008716
0.01, 5943165
0.01, 5918366
0.01, 5891881
0.01, 5867432
0.01, 5863346
0.01, 5799735
0.01, 5791815
0.01, 5730968
0.01, 5603160
0.01, 5598630
0.01, 5521987
0.01, 5514236
0.01, 5510754
0.01, 5185553
0.01, 5147657
0.01, 5106334
0.01, 5097503
0.01, 5094913
0.01, 5058057
0.01, 5010308
0.01, 4959383
0.01, 4916586
0.01, 4882761
0.01, 4875651
0.01, 4874172
0.01, 4861830
0.01, 4858353
0.01, 4848625
0.01, 4837706
0.01, 4790233
0.01, 4766855
0.01, 4736423
0.01, 4668981
0.01, 4665841
0.01, 4657222
0.01, 4644341
0.01, 4613292
0.01, 4582686
0.01, 4564770
0.01, 4479768
0.01, 4470501
0.01, 4465307
0.01, 4352956
0.01, 4352761
0.01, 4294489
0.01, 4291600
0.01, 4286095
0.01, 4262768
0.01, 4166017
0.01, 4157367
0.01, 3951971
0.01, 3948250
0.01, 3877883
0.01, 3874975
0.01, 3872571
0.01, 3857431
0.01, 3844385
0.01, 3837635
0.01, 3826525
0.01, 3811782
0.01, 3753282
0.01, 3552516
0.01, 3506887
0.01, 3481779
0.01, 3416951
0.01, 3341050
0.01, 3340212
0.01, 3323705
0.01, 3318689
0.01, 3286481
0.01, 3285523
0.01, 3253373
0.01, 3250815
0.01, 3221196
0.01, 3205889
0.01, 3107279
0.01, 3006069
0.01, 2971792
0.01, 2924778
0.01, 2907186
0.01, 2902616
0.01, 2898120
0.01, 2879257
0.01, 2872463
0.01, 2863873
0.01, 2863027
0.01, 2855356
0.01, 2727128
0.01, 2722717
0.01, 2680407
0.01, 2598294
0.01, 2572857
0.01, 2563245
0.01, 2514349
0.01, 2497849
0.01, 2477165
0.01, 2471690
0.01, 2354270
0.01, 2353426
0.01, 2238712
0.01, 2235106
0.01, 2232942
0.01, 2226340
0.01, 2225430
0.01, 2202923
0.01, 2200276
0.01, 2185287
0.01, 2182719
0.01, 2169594
0.01, 2166486
0.01, 2151566
0.01, 2141426
0.01, 2139224
0.01, 2136523
0.01, 2135158
0.01, 2134280
0.01, 2130724
0.01, 2129439
0.01, 2127533
0.01, 2120628
0.01, 2114559
0.01, 2112438
0.01, 2110744
0.01, 2110054
0.01, 2109185
0.01, 2104736
0.01, 2100925
0.01, 2100036
0.01, 2076239
0.01, 2073527
0.01, 2067381
0.01, 2041566
0.01, 1983662
0.01, 1977676
0.01, 1921707
0.01, 1908603
0.01, 1905504
0.01, 1903004
0.01, 1902381
0.01, 1878370
0.02, 1861831
0.02, 1803605
0.02, 1763184
0.02, 1759251
0.02, 1756726
0.02, 1745057
0.02, 1740658
0.02, 1739846
0.02, 1733498
0.02, 1726916
0.02, 1721737
0.02, 1715907
0.02, 1713899
0.02, 1705474
0.02, 1696583
0.02, 1678230
0.02, 1668548
0.02, 1662475
0.02, 1662344
0.02, 1660195
0.02, 1652147
0.02, 1650025
0.02, 1649679
0.02, 1648504
0.02, 1647641
0.03, 1646968
0.03, 1635016
0.03, 1627781
0.03, 1626549
0.05, 1626337
0.06, 1616485
0.06, 1613920
0.06, 1613639
0.09, 1607196
0.09, 1600041
0.09, 1598866
0.09, 1596484
0.4, 1595974
0.4, 1594831
0.4, 1586389
0.4, 1582507
0.4, 1580125
0.4, 1574600
0.54, 1573673
0.54, 1571291
0.86, 1569083
0.86, 1568802
2.17, 1568292
2.17, 1566742
2.17, 1564826
2.98, 1564675
