0.01, 7479070
0.01, 7472138
0.01, 7422993
0.01, 7312894
0.01, 7308872
0.01, 7304962
0.01, 7287314
0.01, 7222789
0.01, 7215747
0.01, 6819317
0.01, 6788744
0.01, 6771558
0.01, 6725326
0.01, 6607807
0.01, 6449295
0.01, 6430378
0.01, 6410658
0.01, 6239011
0.01, 6186402
0.01, 6140242
0.01, 6104756
0.01, 6070394
0.01, 5939697
0.01, 5926215
0.01, 5924686
0.01, 5846034
0.01, 5842240
0.01, 5752950
0.01, 5741351
0.01, 5672013
0.01, 5638209
0.01, 5617115
0.01, 5559642
0.01, 5522542
0.01, 5504814
0.01, 5468580
0.01, 5461353
0.01, 5410345
0.01, 5377614
0.01, 5189876
0.01, 5125089
0.01, 4886235
0.01, 4847198
0.01, 4843885
0.01, 4742410
0.01, 4724084
0.01, 4579674
0.01, 4571160
0.01, 4560824
0.01, 4554557
0.01, 4554334
0.01, 4544861
0.01, 4531887
0.01, 4528592
0.01, 4443249
0.01, 4433125
0.01, 4386898
0.01, 4380383
0.01, 4371020
0.01, 4274325
0.01, 4235615
0.01, 4184299
0.01, 4133673
0.01, 4079678
0.01, 4046393
0.01, 3917622
0.01, 3886821
0.01, 3880848
0.01, 3873067
0.01, 3804657
0.01, 3752599
0.01, 3674816
0.01, 3659855
0.01, 3612643
0.01, 3592403
0.01, 3579329
0.01, 3535550
0.01, 3519282
0.01, 3518234
0.01, 3478629
0.01, 3392237
0.01, 3362497
0.01, 3347343
0.01, 3339244
0.01, 3328350
0.01, 3316260
0.01, 3225038
0.01, 3210299
0.01, 3201285
0.01, 3199576
0.01, 3175011
0.01, 3135799
0.01, 3122015
0.01, 3118019
0.01, 3117952
0.01, 3107855
0.01, 3088848
0.01, 3054710
0.01, 3047046
0.01, 3027605
0.01, 3022261
0.01, 3013796
0.01, 3011457
0.01, 2963745
0.01, 2944814
0.01, 2942655
0.01, 2934915
0.01, 2896897
0.01, 2895939
0.01, 2893282
0.01, 2877303
0.01, 2875720
0.01, 2874668
0.01, 2803843
0.01, 2803289
0.01, 2774634
0.01, 2765375
0.01, 2763213
0.01, 2744301
0.01, 2743791
0.01, 2694290
0.01, 2631200
0.01, 2616240
0.01, 2609510
0.01, 2440520
0.01, 2418460
0.01, 2318162
0.01, 2272663
0.01, 2255751
0.01, 2186095
0.01, 2180288
0.01, 2165864
0.01, 2103452
0.01, 2102837
0.01, 2095919
0.01, 2089928
0.01, 2088541
0.01, 2085582
0.01, 2082123
0.01, 2075947
0.01, 2065819
0.01, 2062263
0.01, 2056349
0.01, 2050410
0.01, 2048767
0.01, 2048754
0.01, 2046352
0.01, 2043901
0.01, 2038624
0.01, 2016793
0.01, 2013316
0.01, 2012141
0.01, 1980109
0.01, 1954512
0.01, 1945966
0.01, 1894539
0.01, 1820108
0.01, 1805641
0.01, 1800933
0.01, 1783669
0.01, 1777087
0.01, 1771908
0.02, 1729935
0.02, 1720462
0.02, 1677988
0.02, 1675504
0.02, 1674493
0.02, 1657306
0.02, 1656443
0.02, 1654321
0.02, 1653975
0.02, 1623817
0.02, 1622495
0.02, 1614434
0.02, 1603711
0.06, 1592857
0.07, 1585800
0.07, 1583792
0.15, 1579337
0.41, 1579246
0.41, 1574797
0.41, 1569618
1.97, 1567490
2.09, 1565830
2.1, 1561122
