0.01, 7441943
0.01, 7390033
0.01, 7377762
0.01, 7344270
0.01, 7288890
0.01, 7206276
0.01, 7174880
0.01, 7075939
0.01, 7039255
0.01, 6908786
0.01, 6896604
0.01, 6672663
0.01, 6633568
0.01, 6536590
0.01, 6530125
0.01, 6507932
0.01, 6185741
0.01, 6093933
0.01, 6084005
0.01, 6046974
0.01, 6019340
0.01, 5967731
0.01, 5916577
0.01, 5901218
0.01, 5856025
0.01, 5633458
0.01, 5611222
0.01, 5589545
0.01, 5583059
0.01, 5579112
0.01, 5570636
0.01, 5474195
0.01, 5448272
0.01, 5443064
0.01, 5368059
0.01, 5300759
0.01, 5233193
0.01, 5182677
0.01, 5179409
0.01, 5168677
0.01, 5137540
0.01, 5106728
0.01, 5104183
0.01, 5081838
0.01, 5081423
0.01, 5068261
0.01, 4980755
0.01, 4951197
0.01, 4854180
0.01, 4833806
0.01, 4812130
0.01, 4775585
0.01, 4762522
0.01, 4752288
0.01, 4732857
0.01, 4697561
0.01, 4628913
0.01, 4609005
0.01, 4531133
0.01, 4525517
0.01, 4408007
0.01, 4373681
0.01, 4300188
0.01, 4124767
0.01, 4093373
0.01, 4073141
0.01, 3959080
0.01, 3940716
0.01, 3770472
0.01, 3743312
0.01, 3665384
0.01, 3652379
0.01, 3627363
0.01, 3607824
0.01, 3582667
0.01, 3548263
0.01, 3479667
0.01, 3435378
0.01, 3302246
0.01, 3288012
0.01, 3276666
0.01, 3253621
0.01, 3225685
0.01, 3214220
0.01, 3213505
0.01, 3200924
0.01, 3162431
0.01, 3146629
0.01, 3136242
0.01, 3113496
0.01, 3026934
0.01, 3025518
0.01, 3021002
0.01, 2994060
0.01, 2988415
0.01, 2969301
0.01, 2902245
0.01, 2900270
0.01, 2862224
0.01, 2860558
0.01, 2858385
0.01, 2844314
0.01, 2832106
0.01, 2829335
0.01, 2824229
0.01, 2823555
0.01, 2820349
0.01, 2807519
0.01, 2807164
0.01, 2789205
0.01, 2765776
0.01, 2765492
0.01, 2763012
0.01, 2747237
0.01, 2740281
0.01, 2724430
0.01, 2714887
0.01, 2692780
0.01, 2691208
0.01, 2499120
0.01, 2427175
0.01, 2357240
0.01, 2288814
0.01, 2254034
0.01, 2239817
0.01, 2223908
0.01, 2221183
0.01, 2216918
0.01, 2188786
0.01, 2187067
0.01, 2170917
0.01, 2166387
0.01, 2151527
0.01, 2109559
0.01, 2107121
0.01, 2104718
0.01, 2100834
0.01, 2090058
0.01, 2083720
0.01, 2073500
0.01, 2056121
0.01, 2043528
0.01, 2032551
0.01, 2008797
0.01, 2005076
0.01, 2004731
0.01, 1986378
0.01, 1985515
0.01, 1968730
0.01, 1953255
0.01, 1910954
0.01, 1899832
0.01, 1890607
0.01, 1874249
0.01, 1807780
0.01, 1779192
0.01, 1764573
0.01, 1763398
0.01, 1762158
0.02, 1750193
0.02, 1747468
0.02, 1708758
0.02, 1707887
0.02, 1697804
0.02, 1697459
0.02, 1684632
0.02, 1684551
0.02, 1682169
0.03, 1681584
0.03, 1679815
0.03, 1676452
0.03, 1675070
0.03, 1661230
0.03, 1656667
0.03, 1652297
0.03, 1646661
0.03, 1639694
0.03, 1638134
0.03, 1633685
0.03, 1617955
0.03, 1607232
0.05, 1591128
0.11, 1579287
0.11, 1575031
0.23, 1574207
0.52, 1558247
