0.0, 3841136
0.0, 3679582
0.0, 3569070
0.0, 3464374
0.0, 3443877
0.0, 3422230
0.0, 2896223
0.0, 2878318
0.0, 2674513
0.0, 2640926
0.0, 2571641
0.0, 2520448
0.0, 2494250
0.0, 2491386
0.0, 2276262
0.0, 2262686
0.0, 2252264
0.0, 2241444
0.0, 2234084
0.0, 2212981
0.0, 2196496
0.0, 2161545
0.0, 2158835
0.0, 2105074
0.0, 2102136
0.0, 2089377
0.0, 2084873
0.0, 1914155
0.0, 1907623
0.0, 1867530
0.0, 1779352
0.0, 1768849
0.0, 1768386
0.0, 1748446
0.0, 1745590
0.0, 1712860
0.0, 1708578
0.0, 1704000
0.0, 1703412
0.0, 1700991
0.0, 1698123
0.0, 1692271
0.0, 1669446
0.0, 1663041
0.0, 1643765
0.0, 1643679
0.0, 1591989
0.0, 1586571
0.0, 1586177
0.0, 1524364
0.0, 1522726
0.0, 1520361
0.0, 1514639
0.0, 1493540
0.0, 1491836
0.0, 1478106
0.0, 1471087
0.0, 1470613
0.0, 1469924
0.0, 1463109
0.0, 1458548
0.0, 1453970
0.0, 1453557
0.0, 1446533
0.0, 1442501
0.0, 1438172
0.0, 1437604
0.01, 1418191
0.01, 1411332
0.01, 1403385
0.01, 1401831
0.01, 1395981
