0.0, 3892508
0.0, 3549771
0.0, 3421916
0.0, 3365159
0.0, 3348503
0.0, 3325068
0.0, 3207050
0.0, 3147666
0.0, 2807961
0.0, 2749919
0.0, 2567613
0.0, 2539304
0.0, 2274905
0.0, 2203090
0.0, 2014314
0.0, 1966493
0.0, 1943469
0.0, 1938910
0.0, 1906018
0.0, 1900371
0.0, 1894021
0.0, 1819478
0.0, 1819251
0.0, 1817688
0.0, 1808847
0.0, 1797318
0.0, 1781666
0.0, 1773459
0.0, 1761936
0.0, 1737402
0.0, 1727696
0.0, 1714743
0.0, 1665206
0.0, 1654978
0.0, 1654267
0.0, 1652372
0.0, 1580410
0.0, 1540895
0.0, 1444734
0.0, 1433188
0.0, 1432052
0.0, 1426135
0.01, 1419733
0.01, 1412545
0.01, 1410245
0.01, 1402307
0.01, 1395981
