0.0, 4381816
0.0, 4369497
0.0, 4208261
0.0, 4106322
0.0, 3852812
0.0, 3818025
0.0, 3787757
0.0, 3787190
0.0, 3675170
0.0, 3618991
0.0, 3612640
0.0, 3590541
0.0, 3189408
0.0, 3082351
0.0, 3056944
0.0, 2733341
0.0, 2672417
0.0, 2617345
0.0, 2508806
0.0, 2461182
0.0, 2400646
0.0, 2359971
0.0, 2166737
0.0, 2150783
0.0, 2135069
0.0, 2132116
0.0, 1988157
0.0, 1956559
0.0, 1955261
0.0, 1905849
0.0, 1898486
0.0, 1861091
0.0, 1859728
0.0, 1833171
0.0, 1829822
0.0, 1808475
0.0, 1801953
0.0, 1790126
0.0, 1787165
0.0, 1763878
0.0, 1754585
0.0, 1744797
0.0, 1707388
0.0, 1700386
0.0, 1650105
0.0, 1644903
0.0, 1640621
0.0, 1628733
0.0, 1619205
0.0, 1609502
0.0, 1605587
0.0, 1599969
0.0, 1579084
0.0, 1577536
0.0, 1490779
0.0, 1426315
0.0, 1419724
0.0, 1415632
0.0, 1408601
0.0, 1401831
0.01, 1395981
