0.0, 3988734
0.0, 3951404
0.0, 3935971
0.0, 3933973
0.0, 3922835
0.0, 3903083
0.0, 3850934
0.0, 3835800
0.0, 3778303
0.0, 3771925
0.0, 3282224
0.0, 3266798
0.0, 3244536
0.0, 3134809
0.0, 2922452
0.0, 2800178
0.0, 2776972
0.0, 2768885
0.0, 2763568
0.0, 2723968
0.0, 2717171
0.0, 2592155
0.0, 2264297
0.0, 2203323
0.0, 2036792
0.0, 2025698
0.0, 2024084
0.0, 2003611
0.0, 1999098
0.0, 1928127
0.0, 1805361
0.0, 1776475
0.0, 1762536
0.0, 1756257
0.0, 1752011
0.0, 1747427
0.0, 1746929
0.0, 1742139
0.0, 1729333
0.0, 1729320
0.0, 1712243
0.0, 1700697
0.0, 1694149
0.0, 1689643
0.0, 1689167
0.0, 1688665
0.0, 1682630
0.0, 1671206
0.0, 1655865
0.0, 1635038
0.0, 1631123
0.0, 1631096
0.0, 1619008
0.0, 1586324
0.0, 1583060
0.0, 1567350
0.0, 1460354
0.0, 1422166
0.0, 1421042
0.0, 1418742
0.0, 1409849
0.0, 1408713
0.0, 1403385
0.0, 1401831
0.01, 1400878
0.01, 1396549
0.01, 1395981
