0.0, 4229712
0.0, 4208601
0.0, 3873293
0.0, 3838122
0.0, 3823901
0.0, 3810992
0.0, 3693084
0.0, 3498605
0.0, 3471766
0.0, 3253041
0.0, 3045517
0.0, 2922978
0.0, 2696555
0.0, 2526344
0.0, 2524955
0.0, 2498964
0.0, 2399687
0.0, 2292052
0.0, 2048727
0.0, 2043370
0.0, 1969195
0.0, 1967591
0.0, 1967067
0.0, 1963941
0.0, 1963447
0.0, 1916391
0.0, 1912142
0.0, 1810528
0.0, 1806436
0.0, 1801451
0.0, 1795269
0.0, 1757658
0.0, 1753297
0.0, 1751210
0.0, 1703327
0.0, 1702697
0.0, 1697530
0.0, 1694568
0.0, 1675675
0.0, 1651507
0.0, 1650735
0.0, 1618586
0.0, 1537140
0.0, 1532383
0.0, 1527768
0.0, 1455409
0.0, 1406139
0.0, 1405571
0.0, 1402307
0.01, 1400857
0.01, 1395981
