0.0, 4699083
0.0, 4683202
0.0, 4646829
0.0, 4580488
0.0, 4246431
0.0, 4047895
0.0, 3934692
0.0, 3917178
0.0, 3621773
0.0, 3572994
0.0, 3562148
0.0, 3464020
0.0, 3349524
0.0, 3290355
0.0, 2926600
0.0, 2901679
0.0, 2865675
0.0, 2592453
0.0, 2539888
0.0, 2383073
0.0, 2376360
0.0, 2230016
0.0, 2204055
0.0, 2026487
0.0, 1969288
0.0, 1927012
0.0, 1919931
0.0, 1893969
0.0, 1882828
0.0, 1882352
0.0, 1856524
0.0, 1815497
0.0, 1803409
0.0, 1770740
0.0, 1760460
0.0, 1752671
0.0, 1744045
0.0, 1738826
0.0, 1699788
0.0, 1698056
0.0, 1693550
0.0, 1686681
0.0, 1677688
0.0, 1672302
0.0, 1671522
0.0, 1662146
0.0, 1658054
0.0, 1657485
0.0, 1647383
0.0, 1635606
0.0, 1621178
0.0, 1558924
0.0, 1532205
0.0, 1488319
0.0, 1485501
0.0, 1484377
0.0, 1482077
0.0, 1477335
0.0, 1457687
0.0, 1441519
0.0, 1426270
0.0, 1425914
0.0, 1421822
0.0, 1415493
0.0, 1415275
0.01, 1410039
0.01, 1405947
0.01, 1395981
