0.0, 4385560
0.0, 4362373
0.0, 4337222
0.0, 4269338
0.0, 4269002
0.0, 4175072
0.0, 4152612
0.0, 3722536
0.0, 3717131
0.0, 3692674
0.0, 3340374
0.0, 3324391
0.0, 3161055
0.0, 2944111
0.0, 2716558
0.0, 2546015
0.0, 2369794
0.0, 2130201
0.0, 2104240
0.0, 2082034
0.0, 2028494
0.0, 2028284
0.0, 2019958
0.0, 1979837
0.0, 1893795
0.0, 1887118
0.0, 1868255
0.0, 1817829
0.0, 1816328
0.0, 1777290
0.0, 1773250
0.0, 1721448
0.0, 1711799
0.0, 1706891
0.0, 1698623
0.0, 1681238
0.0, 1676118
0.0, 1675705
0.0, 1646105
0.0, 1641042
0.0, 1627589
0.0, 1603258
0.0, 1596414
0.0, 1551337
0.0, 1546468
0.0, 1534485
0.0, 1517016
0.0, 1514298
0.0, 1510228
0.0, 1500000
0.0, 1499289
0.0, 1492741
0.0, 1477981
0.0, 1474717
0.0, 1425447
0.0, 1413901
0.0, 1403443
0.0, 1402307
0.0, 1395981
