0.0, 4364328
0.0, 4302753
0.0, 4284950
0.0, 4262229
0.0, 4182585
0.0, 3991637
0.0, 3991468
0.0, 3620994
0.0, 3604867
0.0, 3574385
0.0, 3198128
0.0, 3174489
0.0, 3085848
0.0, 3021975
0.0, 2889393
0.0, 2867978
0.0, 2854856
0.0, 2771481
0.0, 2752416
0.0, 2707467
0.0, 2704528
0.0, 2452228
0.0, 2336081
0.0, 2193998
0.0, 2141546
0.0, 2139353
0.0, 2135264
0.0, 1918320
0.0, 1898875
0.0, 1872960
0.0, 1869015
0.0, 1867100
0.0, 1854738
0.0, 1822270
0.0, 1816045
0.0, 1783802
0.0, 1773549
0.0, 1721654
0.0, 1712867
0.0, 1711594
0.0, 1709704
0.0, 1686957
0.0, 1674948
0.0, 1674544
0.0, 1667027
0.0, 1637364
0.0, 1622295
0.0, 1608300
0.0, 1602234
0.0, 1585799
0.0, 1579311
0.0, 1577416
0.0, 1562200
0.0, 1559900
0.0, 1552370
0.0, 1548861
0.0, 1546948
0.0, 1536626
0.0, 1529602
0.0, 1527020
0.0, 1506355
0.0, 1504364
0.0, 1499635
0.0, 1492604
0.01, 1465751
0.01, 1452824
0.01, 1448034
0.01, 1446898
0.01, 1443984
0.01, 1438425
0.01, 1432359
0.01, 1428160
0.01, 1426898
0.01, 1421416
0.01, 1415798
0.01, 1405825
0.01, 1404689
0.01, 1404121
0.01, 1400857
0.01, 1395981
