0.0, 4822753
0.0, 4816538
0.0, 4327844
0.0, 4312628
0.0, 4165567
0.0, 4061370
0.0, 3955340
0.0, 3941790
0.0, 3939835
0.0, 3546717
0.0, 3546185
0.0, 3212523
0.0, 3165291
0.0, 2722429
0.0, 2632973
0.0, 2260347
0.0, 2240715
0.0, 2231980
0.0, 2162484
0.0, 2139982
0.0, 2124388
0.0, 2095815
0.0, 2066359
0.0, 2016915
0.0, 1910168
0.0, 1902536
0.0, 1877154
0.0, 1869647
0.0, 1861094
0.0, 1827887
0.0, 1821085
0.0, 1817244
0.0, 1783057
0.0, 1779199
0.0, 1770527
0.0, 1754366
0.0, 1748355
0.0, 1740188
0.0, 1736720
0.0, 1726739
0.0, 1718792
0.0, 1715328
0.0, 1709664
0.0, 1644795
0.0, 1629085
0.0, 1540870
0.0, 1491600
0.0, 1488969
0.0, 1459398
0.0, 1453876
0.0, 1441165
0.0, 1435279
0.0, 1427952
0.0, 1423391
0.0, 1420439
0.0, 1414706
0.0, 1414138
0.0, 1411420
0.01, 1402307
0.01, 1397685
0.01, 1397117
0.01, 1395981
