0.0, 4525159
0.0, 4434091
0.0, 4398690
0.0, 4323649
0.0, 4320446
0.0, 3841505
0.0, 3830721
0.0, 3728317
0.0, 3600100
0.0, 3574341
0.0, 3335397
0.0, 3191925
0.0, 3028650
0.0, 2973633
0.0, 2868637
0.0, 2867086
0.0, 2464554
0.0, 2460165
0.0, 2459316
0.0, 2292038
0.0, 2263719
0.0, 2048305
0.0, 1997448
0.0, 1974071
0.0, 1896993
0.0, 1889452
0.0, 1846958
0.0, 1842466
0.0, 1832964
0.0, 1810345
0.0, 1760341
0.0, 1759806
0.0, 1754160
0.0, 1744187
0.0, 1734808
0.0, 1728177
0.0, 1718880
0.0, 1697572
0.0, 1696246
0.0, 1690764
0.0, 1685146
0.0, 1678090
0.0, 1673187
0.0, 1666263
0.0, 1654985
0.0, 1590085
0.0, 1574375
0.0, 1531753
0.0, 1524565
0.0, 1522265
0.0, 1513655
0.0, 1512406
0.0, 1509142
0.0, 1506905
0.0, 1501285
0.0, 1475001
0.0, 1473684
0.0, 1440838
0.0, 1425589
0.0, 1418808
0.0, 1415275
0.01, 1411883
0.01, 1411333
0.01, 1405947
0.01, 1404326
0.01, 1400046
0.03, 1395981
