0.05, 7228653
0.05, 7224973
0.05, 7187067
0.05, 7186206
0.05, 7183235
0.05, 7181271
0.05, 7176015
0.05, 7163523
0.05, 7144618
0.05, 7123933
0.05, 7114367
0.05, 7111689
0.05, 7074357
0.05, 7071586
0.05, 7062884
0.05, 7041180
0.05, 7034188
0.05, 7023785
0.05, 7016462
0.05, 7011018
0.05, 6981745
0.05, 6981107
0.05, 6980030
0.05, 6971977
0.05, 6971099
0.05, 6959733
0.05, 6959595
0.05, 6959125
0.05, 6943675
0.05, 6919555
0.05, 6917863
0.05, 6869739
0.05, 6859830
0.05, 6820613
0.05, 6810685
0.05, 6810045
0.05, 6751796
0.05, 6750524
0.05, 6749946
0.05, 6748553
0.05, 6732193
0.05, 6728507
0.05, 6702637
0.05, 6698342
0.05, 6693926
0.05, 6638210
0.05, 6638183
0.05, 6611882
0.05, 6611109
0.05, 6570484
0.05, 6570017
0.05, 6568932
0.05, 6553596
0.05, 6544544
0.05, 6540142
0.05, 6532354
0.05, 6520309
0.05, 6492304
0.05, 6491083
0.05, 6488976
0.05, 6487979
0.05, 6487631
0.05, 6486720
0.05, 6486572
0.05, 6473219
0.05, 6473178
0.05, 6464534
0.05, 6463822
0.05, 6438447
0.05, 6435637
0.05, 6401187
0.05, 6394063
0.05, 6391237
0.05, 6390267
0.05, 6384397
0.05, 6322007
0.05, 6316846
0.05, 6311153
0.05, 6308915
0.05, 6292831
0.05, 6291539
0.05, 6290606
0.05, 6290599
0.05, 6289649
0.05, 6287967
0.05, 6286693
0.05, 6277165
0.05, 6273644
0.05, 6260052
0.05, 6258300
0.05, 6257750
0.05, 6233420
0.05, 6215189
0.05, 6211211
0.05, 6202743
0.05, 6176750
0.05, 6156629
0.05, 6153936
0.05, 6112651
0.05, 6104277
0.05, 6104212
0.05, 6096398
0.05, 6093791
0.05, 6084432
0.05, 6080068
0.05, 6078058
0.05, 6067532
0.05, 6064790
0.05, 6064653
0.05, 6031155
0.05, 6030911
0.05, 6013973
0.05, 6010359
0.05, 6009791
0.05, 5991438
0.05, 5987326
0.05, 5984898
0.05, 5983579
0.06, 5982060
0.06, 5945961
0.06, 5930153
0.06, 5927543
0.06, 5912616
0.06, 5907761
0.06, 5890596
0.06, 5872626
0.06, 5826738
0.06, 5770548
0.06, 5732948
0.06, 5698971
0.06, 5674095
0.06, 5638841
0.06, 5634786
0.06, 5599736
0.06, 5566320
0.06, 5544643
0.06, 5527955
0.06, 5511461
0.06, 5502245
0.06, 5468790
0.06, 5443161
0.06, 5413501
0.06, 5388522
0.06, 5379927
0.06, 5359220
0.06, 5335819
0.06, 5313610
0.06, 5283091
0.06, 5263490
0.06, 5240597
0.06, 5220646
0.06, 5159944
0.06, 5136165
0.06, 5067363
0.06, 5066830
0.06, 5036136
0.06, 5035800
0.06, 5011896
0.06, 4999993
0.06, 4994375
0.06, 4972135
0.06, 4925146
0.06, 4908666
0.06, 4885275
0.06, 4841233
0.06, 4830270
0.06, 4814903
0.06, 4804772
0.06, 4793067
0.06, 4769356
0.06, 4761262
0.06, 4755037
0.06, 4745597
0.06, 4736857
0.06, 4732767
0.06, 4693317
0.06, 4692116
0.06, 4646101
0.06, 4637372
0.06, 4634381
0.06, 4627218
0.06, 4618828
0.06, 4614351
0.06, 4612923
0.06, 4599374
0.06, 4575105
0.06, 4571940
0.06, 4567295
0.06, 4565524
0.06, 4524577
0.06, 4499682
0.06, 4463119
0.06, 4447445
0.06, 4434831
0.06, 4430269
0.06, 4429801
0.06, 4406216
0.06, 4405821
0.06, 4360003
0.06, 4359313
0.06, 4289193
0.06, 4247518
0.06, 4153642
0.06, 4119993
0.06, 4026211
0.06, 3991056
0.06, 3892945
0.06, 3870434
0.06, 3773542
0.06, 3750575
0.06, 3649969
0.06, 3611555
0.06, 3524836
0.06, 3477919
0.06, 3374718
0.06, 3371415
0.06, 3274615
0.06, 3271409
0.06, 3179198
0.06, 3154026
0.06, 3057614
0.06, 3057231
0.06, 3042026
0.06, 3041290
0.06, 3038301
0.06, 3034656
0.06, 3031572
0.06, 3031530
0.06, 3020360
0.06, 3000327
0.06, 2999628
0.06, 2999097
0.06, 2965599
0.06, 2964855
0.06, 2892658
0.06, 2891126
0.06, 2890306
0.06, 2890018
0.06, 2883260
0.06, 2880976
0.06, 2879776
0.06, 2868811
0.06, 2846189
0.06, 2846186
0.06, 2766445
0.06, 2764422
0.06, 2763361
0.06, 2762041
0.06, 2759554
0.06, 2757961
0.06, 2751698
0.06, 2740937
0.06, 2735109
0.06, 2732947
0.06, 2732703
0.06, 2699330
0.06, 2698119
0.06, 2697890
0.06, 2671419
0.06, 2669287
0.06, 2603228
0.06, 2591996
0.06, 2590785
0.06, 2586886
0.06, 2584794
0.06, 2581891
0.06, 2532009
0.06, 2529432
0.06, 2489324
0.06, 2477072
0.06, 2459966
0.06, 2457207
0.06, 2402871
0.06, 2398215
0.06, 2391824
0.06, 2343244
0.06, 2332008
0.06, 2318241
0.06, 2307670
0.06, 2301597
0.06, 2301477
0.06, 2286601
0.06, 2286525
0.06, 2263413
0.06, 2258399
0.06, 2255278
0.06, 2240229
0.06, 2239981
0.06, 2235323
0.06, 2234467
0.06, 2229800
0.06, 2228677
0.06, 2209444
0.06, 2209001
0.06, 2199364
0.06, 2198408
0.06, 2193560
0.06, 2187986
0.06, 2181200
0.06, 2179876
0.06, 2175848
0.06, 2175242
0.06, 2138943
0.06, 2138783
0.06, 2138483
0.06, 2127318
0.06, 2126351
0.06, 2123763
0.06, 2123701
0.06, 2123187
0.06, 2112514
0.06, 2112169
0.06, 2110174
0.06, 2110139
0.06, 2108159
0.06, 2108005
0.06, 2104023
0.06, 2101568
0.06, 2101282
0.06, 2094049
0.06, 2091083
0.06, 2088513
0.06, 2088364
0.06, 2073788
0.06, 2070455
0.06, 2068232
0.06, 2067894
0.06, 2067376
0.07, 2067030
0.07, 2061201
0.07, 2060697
0.07, 2057049
0.07, 2055511
0.07, 2054239
0.07, 2046932
0.07, 2041393
0.07, 2041236
0.07, 2039334
0.07, 2039124
0.07, 2036896
0.07, 2036620
0.07, 2036147
0.07, 2035181
0.07, 2032828
0.07, 2030931
0.07, 2029103
0.07, 2028731
0.07, 2024448
0.07, 2024375
0.07, 2017078
0.07, 2016210
0.07, 2014629
0.07, 2014268
0.07, 2013253
0.07, 2012098
0.07, 2011873
0.07, 2011675
0.07, 2011071
0.07, 2006676
0.07, 2005755
0.07, 1994475
0.07, 1991505
0.07, 1990852
0.07, 1990365
0.07, 1981933
0.07, 1977426
0.07, 1977383
0.07, 1975977
0.07, 1974495
0.07, 1971006
0.07, 1968504
0.07, 1967601
0.07, 1961971
0.07, 1961590
0.07, 1958216
0.07, 1954404
0.07, 1948631
0.07, 1948268
0.07, 1946307
0.07, 1945478
0.07, 1945002
0.07, 1944566
0.07, 1943848
0.07, 1932979
0.07, 1932255
0.07, 1930747
0.07, 1930626
0.07, 1926394
0.07, 1926333
0.07, 1925949
0.07, 1925742
0.07, 1908992
0.07, 1900995
0.07, 1900240
0.07, 1900068
0.07, 1895846
0.07, 1894949
0.07, 1894760
0.07, 1891876
0.07, 1891822
0.07, 1889858
0.07, 1889657
0.07, 1886348
0.07, 1885801
0.07, 1883741
0.07, 1883405
0.07, 1883231
0.07, 1882555
0.07, 1881802
0.07, 1881443
0.07, 1880762
0.07, 1879603
0.07, 1879512
0.07, 1879379
0.07, 1879127
0.07, 1878433
0.07, 1877629
0.07, 1876284
0.07, 1876261
0.07, 1875924
0.07, 1875321
0.07, 1875178
0.07, 1873452
0.07, 1872547
0.07, 1872490
0.07, 1872389
0.07, 1869389
0.07, 1841992
0.07, 1829678
0.07, 1818640
0.07, 1818432
0.07, 1816631
0.07, 1810502
0.07, 1810188
0.07, 1786609
0.07, 1781648
0.07, 1774953
0.07, 1770995
0.07, 1762101
0.07, 1755217
0.07, 1749236
0.07, 1748561
0.07, 1746071
0.07, 1743112
0.07, 1738163
0.07, 1736931
0.07, 1729043
0.07, 1722653
0.07, 1720917
0.07, 1720543
0.07, 1718273
0.07, 1717925
0.07, 1717706
0.07, 1710100
0.07, 1709962
0.07, 1707802
0.07, 1707628
0.07, 1705372
0.07, 1703326
0.07, 1679533
0.07, 1674831
0.07, 1674150
0.07, 1672138
0.07, 1671744
0.07, 1670034
0.07, 1656457
0.07, 1656136
0.07, 1654535
0.07, 1651537
0.07, 1651351
0.07, 1650020
0.07, 1649594
0.07, 1648846
0.07, 1648604
0.07, 1641337
0.07, 1640596
0.07, 1635456
0.07, 1631782
0.07, 1631008
0.07, 1621077
0.07, 1619151
0.07, 1611966
0.07, 1595781
0.07, 1594746
0.07, 1594304
0.07, 1589122
0.07, 1588980
0.07, 1588528
0.07, 1588482
0.07, 1587709
0.07, 1587579
0.07, 1583743
0.07, 1583469
0.07, 1582608
0.07, 1579410
0.07, 1579296
0.07, 1571913
0.07, 1571753
0.07, 1571373
0.07, 1570730
0.07, 1552512
0.07, 1552286
0.07, 1550857
0.07, 1550480
0.07, 1549743
0.07, 1548681
0.07, 1546811
0.07, 1546368
0.07, 1545296
0.07, 1545209
0.07, 1542167
0.07, 1540943
0.07, 1540765
0.07, 1540351
0.07, 1538896
0.07, 1537034
0.07, 1535853
0.07, 1528210
0.07, 1523903
0.07, 1520250
0.07, 1517528
0.07, 1512587
0.07, 1512130
0.07, 1511537
0.07, 1510711
0.07, 1510469
0.07, 1509663
0.07, 1508429
0.07, 1503210
0.07, 1502847
0.07, 1502281
0.07, 1501000
0.07, 1498935
0.07, 1498685
0.07, 1486586
0.07, 1482882
0.07, 1476898
0.07, 1476673
0.07, 1471182
0.07, 1470514
0.07, 1470171
0.07, 1469983
0.07, 1469636
0.07, 1457653
0.07, 1457629
0.07, 1457181
0.07, 1457085
0.07, 1453851
0.07, 1453821
0.08, 1453431
0.08, 1450297
0.08, 1449448
0.08, 1441776
0.08, 1441570
0.08, 1435210
0.08, 1433167
0.08, 1431923
0.08, 1413046
0.08, 1410942
0.08, 1410572
0.08, 1402602
0.08, 1394698
0.08, 1390943
0.08, 1389961
0.08, 1384684
0.08, 1379532
0.08, 1376964
0.08, 1360732
0.08, 1360421
0.08, 1350693
0.08, 1348932
0.08, 1338027
0.08, 1334063
0.08, 1332214
0.08, 1330632
0.08, 1329776
0.08, 1324264
0.08, 1321853
0.08, 1318703
0.08, 1302749
0.08, 1294683
0.08, 1292941
0.08, 1292417
0.08, 1269821
0.08, 1269596
0.08, 1252603
0.08, 1251777
0.08, 1231219
0.08, 1231047
0.08, 1228523
0.08, 1216254
0.08, 1215971
0.08, 1214158
0.08, 1206375
0.08, 1206156
0.08, 1203260
0.08, 1196017
0.08, 1184303
0.08, 1175121
0.08, 1163475
0.08, 1158143
0.08, 1147474
0.08, 1136862
0.08, 1125096
0.08, 1118969
0.08, 1115753
0.08, 1106648
0.08, 1102805
0.08, 1102687
0.08, 1097752
0.08, 1092879
0.08, 1092662
0.08, 1090243
0.08, 1089603
0.08, 1087309
0.08, 1085196
0.08, 1081666
0.08, 1080502
0.08, 1079030
0.08, 1075904
0.08, 1070091
0.08, 1067755
0.08, 1066544
0.08, 1063012
0.08, 1062898
0.08, 1062843
0.08, 1062174
0.08, 1057272
0.08, 1053930
0.08, 1053542
0.08, 1053138
0.08, 1046125
0.08, 1043768
0.08, 1041966
0.08, 1041907
0.08, 1041710
0.08, 1036510
0.08, 1032816
0.08, 1030253
0.08, 1027828
0.08, 1026392
0.08, 1024673
0.08, 1023835
0.08, 1022093
0.08, 1014867
0.08, 1014000
0.08, 1003105
0.08, 1002319
0.08, 1001835
0.08, 998826
0.08, 996600
0.08, 994515
0.08, 992980
0.08, 992799
0.08, 992796
0.08, 992247
0.08, 991347
0.08, 988508
0.08, 986596
0.08, 985248
0.08, 984885
0.08, 984195
0.08, 983332
0.08, 982938
0.08, 982656
0.08, 980691
0.08, 980089
0.08, 978460
0.08, 976514
0.08, 972933
0.08, 971920
0.08, 966725
0.08, 966715
0.08, 962840
0.08, 960232
0.08, 954803
0.08, 953142
0.08, 952402
0.08, 936471
0.08, 930300
0.08, 928771
0.08, 919120
0.08, 912450
0.08, 912265
0.08, 911983
0.08, 911778
0.08, 908820
0.08, 903890
0.08, 901375
0.08, 897499
0.08, 897211
0.08, 896511
0.08, 894975
0.08, 892324
0.08, 891103
0.08, 890184
0.08, 878406
0.08, 878370
0.08, 872991
0.08, 853182
0.08, 850545
0.08, 848808
0.08, 847149
0.08, 845427
0.08, 842181
0.08, 841398
0.08, 840922
0.08, 840795
0.08, 838661
0.08, 833078
0.08, 832826
0.08, 832302
0.08, 831875
0.08, 830776
0.08, 830489
0.08, 830467
0.08, 830237
0.08, 829692
0.09, 828915
0.09, 827890
0.09, 827289
0.09, 826960
0.09, 825735
0.09, 824756
0.09, 823942
0.09, 823237
0.09, 822875
0.09, 822443
0.09, 822028
0.09, 821758
0.09, 821496
0.09, 821170
0.09, 818984
0.09, 818595
0.09, 818559
0.09, 816750
0.09, 816607
0.09, 816184
0.09, 815836
0.09, 815749
0.09, 814999
0.09, 813190
0.09, 812212
0.09, 811395
0.09, 811129
0.09, 810963
0.09, 810615
0.09, 810522
0.09, 810466
0.09, 807488
0.09, 807326
0.09, 807309
0.09, 806305
0.09, 806241
0.09, 805673
0.09, 803744
0.09, 802333
0.09, 800451
0.09, 800286
0.09, 798432
0.09, 797546
0.09, 797115
0.09, 796627
0.09, 791536
0.09, 791457
0.09, 791455
0.09, 789188
0.09, 788023
0.09, 783823
0.09, 783797
0.09, 783332
0.09, 782484
0.09, 779590
0.09, 777907
0.09, 776549
0.09, 776004
0.09, 775985
0.09, 775685
0.09, 775266
0.09, 773283
0.09, 769806
0.09, 768379
0.09, 765295
0.09, 764753
0.09, 763045
0.09, 763005
0.09, 761568
0.09, 761363
0.09, 761148
0.09, 756833
0.09, 756473
0.09, 752179
0.09, 749719
0.09, 749229
0.09, 747027
0.09, 745454
0.09, 743225
0.09, 742556
0.09, 742291
0.09, 742256
0.09, 741905
0.09, 741745
0.09, 741633
0.09, 741559
0.09, 735760
0.1, 735736
0.1, 731332
0.1, 730775
0.1, 719304
0.1, 718665
0.1, 714758
0.1, 714605
0.1, 712649
0.1, 712402
0.1, 711638
0.1, 711476
0.1, 711301
0.1, 709956
0.1, 709188
0.1, 708814
0.1, 708701
0.1, 708334
0.1, 707216
0.1, 706546
0.1, 705955
0.1, 702989
0.1, 702682
0.1, 702309
0.1, 700246
0.1, 699824
0.1, 698561
0.1, 698481
0.11, 698421
0.11, 698241
0.11, 698117
0.11, 697705
0.11, 696636
0.11, 695218
0.11, 694679
0.11, 694316
0.11, 690089
0.11, 686357
0.11, 686321
0.11, 686245
0.11, 685807
0.12, 685616
0.12, 685562
0.12, 685526
0.12, 684695
0.64, 681299
0.64, 681095
0.64, 681073
0.64, 680871
0.64, 680806
0.64, 680221
0.64, 679922
0.65, 679643
1.33, 678272
1.34, 678067
1.34, 677877
1.34, 677814
1.34, 676617
1.34, 676310
1.34, 676288
1.34, 675884
1.34, 675731
1.35, 675633
1.36, 675410
1.36, 675248
