0.06, 6949874
0.06, 6924016
0.06, 6906204
0.06, 6896071
0.06, 6891820
0.06, 6890212
0.06, 6889518
0.06, 6863232
0.06, 6855471
0.06, 6849855
0.06, 6848634
0.06, 6844458
0.06, 6844423
0.06, 6842762
0.06, 6805424
0.06, 6793045
0.06, 6790056
0.06, 6786650
0.06, 6776444
0.06, 6747287
0.06, 6747026
0.06, 6743834
0.06, 6656880
0.06, 6656685
0.06, 6628121
0.06, 6628099
0.06, 6604512
0.06, 6600389
0.06, 6576672
0.06, 6551864
0.06, 6539452
0.06, 6508643
0.06, 6391735
0.06, 6386989
0.06, 6367984
0.06, 6350701
0.06, 6327232
0.06, 6321999
0.06, 6319999
0.06, 6301536
0.06, 6296523
0.06, 6287971
0.06, 6286101
0.06, 6274229
0.06, 6265519
0.06, 6256015
0.06, 6242226
0.06, 6241366
0.06, 6238321
0.06, 6224091
0.06, 6204825
0.06, 6191563
0.06, 6184168
0.06, 6166911
0.06, 6150492
0.06, 6133578
0.06, 6133220
0.06, 6114397
0.06, 6113794
0.06, 6080255
0.06, 6079617
0.06, 6044371
0.06, 6039441
0.06, 6009006
0.06, 6006389
0.06, 5965745
0.06, 5956927
0.06, 5934895
0.06, 5928216
0.06, 5893782
0.06, 5891541
0.06, 5866562
0.06, 5854798
0.06, 5821498
0.06, 5817607
0.06, 5797408
0.06, 5790298
0.06, 5788459
0.06, 5783551
0.06, 5781201
0.06, 5779330
0.06, 5778445
0.06, 5778343
0.06, 5774374
0.06, 5771100
0.06, 5770435
0.06, 5767554
0.06, 5759975
0.06, 5759881
0.06, 5758374
0.06, 5755031
0.06, 5754896
0.06, 5753786
0.06, 5748899
0.06, 5726360
0.06, 5698580
0.06, 5676376
0.06, 5671483
0.06, 5648256
0.06, 5647637
0.06, 5642387
0.06, 5641554
0.06, 5611299
0.06, 5595247
0.06, 5572363
0.06, 5569258
0.06, 5563698
0.06, 5538037
0.07, 5515144
0.07, 5491328
0.07, 5464094
0.07, 5460027
0.07, 5451159
0.07, 5432105
0.07, 5431507
0.07, 5431134
0.07, 5430443
0.07, 5409333
0.07, 5398054
0.07, 5383047
0.07, 5371956
0.07, 5346756
0.07, 5323962
0.07, 5322092
0.07, 5320950
0.07, 5311765
0.07, 5291363
0.07, 5277758
0.07, 5259606
0.07, 5244935
0.07, 5233719
0.07, 5233309
0.07, 5215699
0.07, 5200406
0.07, 5197767
0.07, 5197478
0.07, 5185732
0.07, 5162231
0.07, 5147635
0.07, 5133786
0.07, 5117471
0.07, 5105591
0.07, 5104691
0.07, 5103441
0.07, 5101966
0.07, 5100556
0.07, 5097792
0.07, 5097670
0.07, 5074834
0.07, 5073478
0.07, 5069104
0.07, 5068527
0.07, 5068496
0.07, 5066804
0.07, 5065537
0.07, 5064906
0.07, 5060935
0.07, 5055595
0.07, 5053923
0.07, 5046037
0.07, 5042638
0.07, 5035713
0.07, 5031375
0.07, 5023896
0.07, 5019748
0.07, 5013858
0.07, 5002827
0.07, 4981550
0.07, 4980342
0.07, 4980317
0.07, 4977645
0.07, 4977604
0.07, 4976381
0.07, 4908381
0.07, 4907448
0.07, 4905673
0.07, 4905657
0.07, 4900912
0.07, 4899949
0.07, 4895118
0.07, 4894171
0.07, 4892571
0.07, 4891352
0.07, 4888873
0.07, 4886814
0.07, 4880987
0.07, 4876584
0.07, 4876387
0.07, 4874251
0.07, 4873436
0.07, 4849782
0.07, 4844935
0.07, 4830828
0.07, 4827304
0.07, 4827098
0.07, 4824470
0.07, 4824423
0.07, 4812410
0.07, 4810380
0.07, 4764462
0.07, 4761698
0.07, 4760886
0.07, 4758085
0.07, 4757060
0.07, 4694056
0.07, 4689368
0.07, 4631725
0.07, 4631187
0.07, 4630837
0.07, 4620647
0.07, 4620304
0.07, 4609848
0.07, 4609692
0.07, 4605631
0.07, 4603815
0.07, 4583274
0.07, 4582516
0.07, 4578788
0.07, 4566518
0.07, 4564789
0.07, 4559879
0.07, 4559689
0.07, 4556823
0.07, 4556443
0.07, 4536160
0.07, 4530163
0.07, 4527966
0.07, 4526354
0.07, 4525797
0.07, 4523794
0.07, 4520887
0.07, 4519913
0.07, 4517150
0.07, 4512599
0.07, 4394563
0.07, 4386683
0.07, 4384951
0.07, 4381412
0.07, 4379351
0.07, 4378568
0.07, 4378036
0.07, 4374052
0.07, 4371080
0.07, 4365119
0.07, 4316870
0.07, 4312790
0.07, 4239165
0.07, 4235867
0.07, 4174094
0.07, 4167478
0.07, 4156429
0.07, 4155277
0.07, 4155203
0.07, 4149678
0.07, 4149260
0.07, 4042353
0.07, 4038998
0.07, 4036309
0.07, 4034990
0.07, 4021998
0.07, 4018875
0.07, 4018389
0.07, 4012839
0.07, 3942026
0.07, 3935434
0.07, 3866742
0.07, 3852067
0.07, 3852029
0.07, 3851164
0.07, 3846511
0.07, 3845100
0.07, 3841571
0.07, 3840859
0.07, 3831483
0.07, 3830934
0.07, 3799379
0.07, 3799228
0.07, 3798320
0.07, 3795673
0.07, 3791382
0.07, 3790314
0.07, 3789723
0.07, 3785624
0.07, 3784245
0.07, 3782777
0.07, 3782009
0.07, 3781221
0.07, 3780929
0.07, 3778989
0.07, 3778858
0.07, 3778785
0.07, 3776725
0.07, 3776371
0.07, 3774729
0.07, 3773237
0.07, 3773079
0.07, 3772154
0.07, 3771510
0.07, 3771379
0.07, 3770011
0.07, 3769470
0.07, 3768994
0.07, 3768935
0.07, 3768460
0.07, 3766630
0.07, 3765546
0.07, 3764857
0.07, 3714542
0.07, 3707674
0.07, 3706727
0.07, 3706593
0.07, 3706155
0.07, 3702376
0.07, 3673008
0.07, 3667563
0.07, 3661366
0.07, 3589814
0.07, 3589269
0.07, 3518866
0.07, 3504384
0.07, 3497306
0.07, 3494754
0.07, 3485568
0.07, 3481833
0.07, 3481093
0.07, 3471341
0.07, 3382851
0.07, 3378241
0.07, 3344444
0.07, 3342270
0.07, 3294300
0.07, 3286465
0.07, 3241032
0.07, 3226907
0.07, 3187150
0.07, 3186191
0.07, 3186099
0.07, 3186098
0.07, 3180861
0.07, 3169049
0.07, 3168070
0.07, 3157907
0.07, 3157761
0.07, 3131701
0.07, 3131289
0.07, 3130862
0.07, 3127330
0.07, 3124429
0.07, 3120806
0.07, 3113870
0.07, 3091360
0.07, 3091060
0.07, 3030353
0.07, 3030008
0.07, 3028487
0.07, 3026707
0.07, 3014977
0.07, 3011260
0.07, 2948637
0.08, 2948382
0.08, 2918200
0.08, 2918071
0.08, 2832689
0.08, 2830695
0.08, 2830559
0.08, 2771712
0.08, 2771380
0.08, 2705352
0.08, 2705253
0.08, 2656988
0.08, 2656726
0.08, 2544315
0.08, 2530799
0.08, 2530074
0.08, 2523469
0.08, 2509035
0.08, 2500070
0.08, 2488133
0.08, 2483154
0.08, 2469090
0.08, 2454089
0.08, 2452311
0.08, 2433949
0.08, 2412464
0.08, 2395162
0.08, 2375985
0.08, 2307724
0.08, 2285860
0.08, 2265051
0.08, 2227675
0.08, 2224973
0.08, 2216244
0.08, 2204084
0.08, 2203185
0.08, 2196557
0.08, 2187983
0.08, 2182089
0.08, 2181548
0.08, 2152965
0.08, 2114783
0.08, 2086099
0.08, 2082470
0.08, 2082159
0.08, 2077864
0.08, 2077499
0.08, 2077153
0.08, 2074439
0.08, 2072685
0.08, 2072303
0.08, 2072140
0.08, 2065565
0.08, 2064501
0.08, 2063261
0.08, 2062229
0.08, 2059397
0.08, 2058284
0.08, 2057117
0.08, 2057076
0.08, 2057035
0.08, 2056844
0.08, 2056247
0.08, 2056094
0.08, 2055722
0.08, 2055043
0.08, 2053341
0.08, 2052079
0.08, 2049158
0.08, 2045724
0.08, 2044734
0.08, 2041076
0.08, 2040203
0.08, 2036845
0.08, 2034891
0.08, 2034868
0.08, 2034702
0.08, 2034354
0.08, 2024929
0.08, 2024158
0.08, 2010561
0.08, 1980287
0.08, 1969436
0.08, 1967046
0.08, 1938559
0.08, 1931321
0.08, 1912522
0.08, 1909048
0.08, 1906539
0.08, 1896895
0.08, 1893826
0.08, 1888053
0.08, 1874429
0.08, 1835725
0.08, 1828312
0.08, 1789551
0.08, 1770358
0.08, 1737423
0.08, 1736484
0.08, 1726950
0.08, 1715105
0.08, 1712664
0.08, 1705206
0.08, 1693002
0.08, 1690195
0.08, 1686567
0.08, 1674024
0.08, 1672411
0.08, 1667305
0.08, 1666449
0.08, 1663365
0.08, 1652295
0.08, 1650708
0.08, 1611656
0.08, 1599713
0.08, 1598902
0.08, 1594770
0.08, 1591331
0.08, 1590924
0.08, 1585259
0.08, 1584618
0.08, 1578626
0.08, 1573503
0.08, 1557656
0.08, 1553720
0.08, 1551680
0.08, 1545653
0.08, 1543473
0.08, 1531758
0.08, 1522225
0.08, 1517299
0.08, 1516524
0.08, 1512832
0.08, 1512143
0.08, 1510868
0.08, 1508811
0.08, 1507788
0.08, 1506530
0.08, 1504497
0.08, 1503787
0.08, 1502414
0.08, 1502219
0.08, 1501713
0.08, 1501354
0.08, 1498276
0.08, 1498233
0.08, 1493426
0.08, 1491785
0.08, 1487942
0.08, 1482583
0.08, 1481568
0.08, 1479672
0.08, 1479006
0.08, 1475863
0.08, 1475630
0.08, 1474701
0.08, 1472847
0.08, 1471218
0.08, 1469387
0.08, 1469103
0.08, 1464900
0.08, 1462930
0.08, 1462583
0.08, 1457607
0.08, 1456530
0.08, 1456168
0.08, 1455490
0.08, 1455019
0.08, 1454731
0.08, 1454470
0.08, 1454256
0.08, 1451913
0.08, 1451631
0.08, 1448242
0.08, 1447544
0.08, 1446948
0.08, 1443370
0.08, 1443238
0.08, 1439829
0.08, 1439571
0.08, 1436667
0.08, 1436249
0.08, 1435588
0.08, 1433741
0.08, 1433702
0.08, 1430614
0.08, 1429710
0.08, 1427956
0.08, 1427737
0.08, 1426567
0.08, 1425888
0.08, 1423783
0.08, 1422974
0.08, 1418371
0.08, 1417524
0.08, 1415112
0.08, 1407517
0.08, 1406257
0.08, 1405393
0.08, 1402900
0.08, 1402856
0.08, 1402289
0.08, 1398998
0.08, 1397256
0.08, 1394858
0.08, 1394179
0.08, 1392279
0.08, 1392276
0.08, 1391300
0.08, 1391183
0.08, 1390217
0.08, 1389918
0.08, 1389871
0.08, 1388592
0.08, 1387566
0.08, 1386938
0.08, 1386131
0.09, 1385497
0.09, 1385294
0.09, 1384652
0.09, 1380670
0.09, 1379151
0.09, 1376637
0.09, 1376164
0.09, 1374499
0.09, 1370587
0.09, 1369462
0.09, 1367932
0.09, 1367810
0.09, 1367556
0.09, 1365429
0.09, 1361272
0.09, 1361251
0.09, 1359715
0.09, 1359172
0.09, 1358461
0.09, 1357953
0.09, 1356989
0.09, 1356264
0.09, 1355755
0.09, 1355356
0.09, 1354703
0.09, 1351572
0.09, 1342404
0.09, 1340855
0.09, 1338713
0.09, 1335369
0.09, 1335325
0.09, 1334825
0.09, 1333938
0.09, 1332975
0.09, 1332276
0.09, 1331501
0.09, 1329567
0.09, 1326658
0.09, 1325451
0.09, 1324208
0.09, 1320279
0.09, 1316776
0.09, 1315547
0.09, 1314699
0.09, 1314571
0.09, 1314312
0.09, 1313792
0.09, 1313556
0.09, 1313320
0.09, 1313240
0.09, 1312657
0.09, 1310983
0.09, 1310704
0.09, 1309120
0.09, 1308553
0.09, 1307588
0.09, 1307533
0.09, 1306956
0.09, 1306465
0.09, 1304351
0.09, 1304212
0.09, 1304085
0.09, 1303717
0.09, 1303647
0.09, 1300928
0.09, 1300614
0.09, 1299902
0.09, 1299885
0.09, 1299833
0.09, 1299232
0.09, 1298982
0.09, 1296766
0.09, 1294802
0.09, 1288868
0.09, 1280762
0.09, 1275325
0.09, 1273185
0.09, 1273112
0.09, 1270219
0.09, 1266286
0.09, 1266170
0.09, 1266143
0.09, 1265008
0.09, 1263393
0.09, 1257144
0.09, 1255893
0.09, 1255130
0.09, 1249671
0.09, 1246707
0.09, 1243835
0.09, 1242766
0.09, 1237862
0.09, 1232046
0.09, 1228289
0.09, 1220158
0.09, 1218344
0.09, 1217720
0.09, 1213226
0.09, 1212480
0.09, 1210389
0.09, 1209152
0.09, 1207066
0.09, 1202258
0.09, 1198894
0.09, 1196537
0.09, 1192616
0.09, 1190291
0.09, 1188474
0.09, 1188408
0.09, 1172255
0.09, 1167100
0.09, 1163476
0.09, 1163236
0.09, 1162699
0.09, 1162520
0.09, 1159394
0.09, 1154454
0.09, 1154405
0.09, 1153001
0.09, 1152541
0.09, 1148837
0.09, 1146238
0.09, 1144477
0.09, 1142551
0.09, 1140704
0.09, 1140671
0.09, 1139310
0.09, 1138899
0.09, 1129535
0.09, 1129358
0.09, 1127799
0.09, 1127447
0.09, 1126891
0.09, 1125506
0.09, 1119823
0.09, 1117970
0.09, 1115002
0.09, 1114327
0.09, 1109880
0.09, 1109129
0.09, 1108596
0.09, 1108212
0.09, 1108140
0.09, 1107549
0.09, 1106222
0.09, 1105265
0.09, 1103296
0.09, 1092455
0.09, 1092241
0.09, 1087426
0.09, 1084996
0.09, 1020598
0.09, 977597
0.09, 957673
0.09, 955133
0.09, 955079
0.09, 944613
0.09, 943418
0.09, 940558
0.09, 940368
0.09, 935131
0.09, 935107
0.09, 930237
0.09, 930072
0.09, 927126
0.09, 926437
0.09, 922028
0.09, 920121
0.09, 919809
0.09, 918146
0.09, 917266
0.09, 916689
0.09, 914378
0.09, 912721
0.09, 911884
0.09, 902978
0.09, 902403
0.09, 882960
0.09, 882807
0.09, 881418
0.09, 880862
0.09, 880733
0.09, 879464
0.1, 877969
0.1, 874793
0.1, 873843
0.1, 870496
0.1, 865966
0.1, 864621
0.1, 861117
0.1, 860364
0.1, 859628
0.1, 859563
0.1, 856847
0.1, 855564
0.1, 855301
0.1, 853310
0.1, 853288
0.1, 851577
0.1, 850097
0.1, 849685
0.1, 843808
0.1, 839593
0.1, 838154
0.1, 838042
0.1, 837059
0.1, 836968
0.1, 834547
0.1, 832981
0.1, 832255
0.1, 827402
0.1, 826751
0.1, 825923
0.1, 823973
0.1, 823949
0.1, 823673
0.1, 822645
0.1, 822346
0.1, 821936
0.1, 821403
0.1, 821314
0.1, 821057
0.1, 819105
0.1, 819050
0.1, 817596
0.1, 817469
0.1, 816592
0.1, 813215
0.1, 809130
0.1, 808090
0.1, 807969
0.1, 805841
0.1, 805541
0.1, 804276
0.1, 803111
0.1, 802475
0.1, 802385
0.1, 801399
0.1, 801036
0.1, 797862
0.1, 792613
0.1, 786935
0.1, 781403
0.1, 780679
0.1, 776661
0.1, 776262
0.1, 775637
0.1, 774101
0.1, 774012
0.1, 773469
0.1, 772914
0.1, 772076
0.1, 771603
0.1, 771483
0.1, 771376
0.1, 771033
0.1, 768942
0.1, 768914
0.1, 768137
0.1, 767102
0.1, 767066
0.1, 766791
0.1, 765753
0.1, 764699
0.1, 763680
0.1, 763280
0.1, 763209
0.1, 762815
0.1, 761650
0.1, 758966
0.1, 758848
0.1, 758647
0.1, 758212
0.1, 757790
0.1, 756097
0.1, 755610
0.11, 751193
0.11, 749969
0.11, 749348
0.11, 746756
0.11, 746742
0.11, 746472
0.11, 746449
0.11, 745841
0.11, 745517
0.11, 745491
0.11, 745366
0.11, 744873
0.11, 744524
0.11, 743601
0.11, 741075
0.11, 740735
0.11, 740393
0.11, 738772
0.11, 737325
0.11, 736515
0.11, 736463
0.11, 736407
0.11, 736180
0.11, 735596
0.11, 733998
0.11, 733223
0.11, 732546
0.11, 732068
0.11, 730628
0.11, 730309
0.11, 729976
0.11, 729033
0.11, 728858
0.11, 725782
0.11, 720522
0.11, 720471
0.11, 714551
0.11, 713721
0.11, 713657
0.11, 713211
0.11, 712974
0.11, 712952
0.11, 711620
0.11, 711527
0.11, 710705
0.11, 709740
0.11, 709689
0.11, 707224
0.11, 705021
0.11, 704134
0.12, 704108
0.12, 703997
0.12, 703942
0.12, 703548
0.12, 703224
0.12, 702627
0.12, 702597
0.12, 702237
0.12, 702194
0.12, 701492
0.12, 700843
0.12, 699624
0.12, 699379
0.12, 698771
0.12, 698103
0.12, 697442
0.12, 697128
0.12, 696750
0.12, 696398
0.12, 696269
0.12, 695099
0.12, 694260
0.12, 693902
0.13, 693443
0.13, 692733
0.13, 692142
0.39, 690012
0.39, 689741
0.39, 687433
0.39, 685680
0.39, 685269
0.39, 684781
0.39, 684717
0.4, 684709
0.4, 684388
0.4, 684286
0.4, 683660
0.4, 682947
0.4, 682862
0.4, 682704
0.4, 682659
0.4, 682281
0.4, 680897
0.4, 680300
0.4, 679077
0.4, 678634
0.4, 678412
2.98, 677730
2.98, 677462
2.98, 676150
2.98, 674668
2.98, 674503
2.98, 673900
2.99, 673701
