0.06, 7326820
0.06, 7316351
0.06, 7290291
0.06, 7276118
0.06, 7249347
0.06, 7240936
0.06, 7206450
0.06, 7205164
0.06, 7199137
0.06, 7195806
0.06, 7185515
0.06, 7169744
0.06, 7130065
0.06, 7108759
0.06, 7099719
0.06, 7078888
0.06, 7057745
0.06, 7046777
0.06, 7034689
0.06, 7026238
0.06, 7021021
0.06, 6985832
0.06, 6982256
0.06, 6964946
0.06, 6964450
0.06, 6963139
0.06, 6929892
0.06, 6927025
0.06, 6925790
0.06, 6892643
0.06, 6887414
0.06, 6856926
0.06, 6845658
0.06, 6812142
0.06, 6806220
0.06, 6802041
0.06, 6801233
0.06, 6780683
0.06, 6761550
0.06, 6729406
0.06, 6715449
0.06, 6695459
0.06, 6687036
0.06, 6685087
0.06, 6649031
0.06, 6646438
0.06, 6609390
0.06, 6599428
0.06, 6580235
0.06, 6547674
0.06, 6543200
0.06, 6460009
0.06, 6459579
0.06, 6382434
0.06, 6380898
0.06, 6292290
0.06, 6277457
0.06, 6205795
0.06, 6193306
0.06, 6087280
0.06, 6033350
0.06, 5933997
0.06, 5931569
0.06, 5895421
0.06, 5887377
0.06, 5811759
0.06, 5811702
0.06, 5808628
0.06, 5793687
0.06, 5793056
0.06, 5742563
0.06, 5741417
0.06, 5740529
0.06, 5663016
0.06, 5647598
0.06, 5646464
0.06, 5628251
0.06, 5570382
0.06, 5560891
0.06, 5547978
0.06, 5545755
0.06, 5529187
0.06, 5516871
0.06, 5512459
0.06, 5477959
0.06, 5473779
0.06, 5469057
0.06, 5403626
0.06, 5381519
0.06, 5362188
0.06, 5354308
0.06, 5295189
0.06, 5293875
0.06, 5262366
0.06, 5251312
0.06, 5249831
0.06, 5240759
0.06, 5233171
0.06, 5207938
0.06, 5189301
0.06, 5176550
0.06, 5144618
0.06, 5144169
0.06, 5134353
0.06, 5130299
0.06, 5119354
0.06, 5099663
0.06, 5089804
0.06, 5074973
0.06, 5069177
0.06, 5064882
0.06, 5036051
0.06, 5022664
0.06, 5018209
0.06, 5008797
0.06, 5005572
0.06, 4929457
0.06, 4926235
0.06, 4910007
0.06, 4902117
0.06, 4888450
0.06, 4887928
0.06, 4826661
0.06, 4811690
0.06, 4762067
0.06, 4747365
0.06, 4744212
0.06, 4723985
0.06, 4712758
0.06, 4711806
0.06, 4711562
0.06, 4710577
0.06, 4654107
0.06, 4652150
0.06, 4637114
0.06, 4634896
0.06, 4624360
0.06, 4622479
0.06, 4595408
0.06, 4581455
0.06, 4534346
0.06, 4517643
0.06, 4485755
0.06, 4478132
0.06, 4447334
0.06, 4433486
0.06, 4432614
0.06, 4399504
0.06, 4392812
0.06, 4370350
0.06, 4367508
0.06, 4353613
0.06, 4349827
0.06, 4338737
0.06, 4331423
0.06, 4320269
0.06, 4317410
0.06, 4299980
0.06, 4296148
0.06, 4280261
0.06, 4269123
0.06, 4266713
0.06, 4240880
0.06, 4237425
0.06, 4209636
0.06, 4190823
0.06, 4173436
0.06, 4149858
0.06, 4148781
0.06, 4141305
0.06, 4134632
0.06, 4122702
0.06, 4098599
0.06, 4080176
0.06, 4059800
0.06, 4053311
0.06, 4032799
0.06, 4031573
0.06, 4030341
0.06, 4018072
0.06, 4017064
0.06, 4006557
0.06, 3991574
0.06, 3988363
0.06, 3977362
0.06, 3976240
0.06, 3884942
0.06, 3884241
0.06, 3807925
0.06, 3807407
0.06, 3782523
0.06, 3678967
0.06, 3677735
0.07, 3583186
0.07, 3579035
0.07, 3484465
0.07, 3448161
0.07, 3348918
0.07, 3310090
0.07, 3227391
0.07, 3188393
0.07, 3156630
0.07, 3119151
0.07, 3086552
0.07, 3047836
0.07, 2963114
0.07, 2920256
0.07, 2821886
0.07, 2818597
0.07, 2814565
0.07, 2808388
0.07, 2803777
0.07, 2803261
0.07, 2792885
0.07, 2792818
0.07, 2791320
0.07, 2771226
0.07, 2767983
0.07, 2762842
0.07, 2762831
0.07, 2762674
0.07, 2755556
0.07, 2739960
0.07, 2738422
0.07, 2735106
0.07, 2650661
0.07, 2649556
0.07, 2581426
0.07, 2569596
0.07, 2569314
0.07, 2567728
0.07, 2566468
0.07, 2517498
0.07, 2516473
0.07, 2516027
0.07, 2453644
0.07, 2452438
0.07, 2447550
0.07, 2400279
0.07, 2392472
0.07, 2341274
0.07, 2341042
0.07, 2287205
0.07, 2274962
0.07, 2262505
0.07, 2262146
0.07, 2248657
0.07, 2248003
0.07, 2242739
0.07, 2238315
0.07, 2209680
0.07, 2208848
0.07, 2204470
0.07, 2176486
0.07, 2168579
0.07, 2166066
0.07, 2158133
0.07, 2157772
0.07, 2154911
0.07, 2145245
0.07, 2140733
0.07, 2136977
0.07, 2136235
0.07, 2134475
0.07, 2134115
0.07, 2128424
0.07, 2128253
0.07, 2123963
0.07, 2123193
0.07, 2120483
0.07, 2116926
0.07, 2116560
0.07, 2111365
0.07, 2109482
0.07, 2105582
0.07, 2105220
0.07, 2097616
0.07, 2093723
0.07, 2085137
0.07, 2077150
0.07, 2076170
0.07, 2075371
0.07, 2069565
0.07, 2069214
0.07, 2066944
0.07, 2059472
0.07, 2059467
0.07, 2059198
0.07, 2051087
0.07, 2042562
0.07, 2042561
0.07, 2037137
0.07, 2036107
0.07, 2026142
0.07, 2025840
0.07, 2021348
0.07, 2015309
0.07, 2014769
0.07, 2014287
0.07, 2010837
0.07, 2008783
0.07, 2008030
0.07, 2005346
0.07, 2001859
0.07, 2000224
0.07, 1991849
0.07, 1991011
0.07, 1986819
0.07, 1986154
0.07, 1985609
0.07, 1980074
0.07, 1979163
0.07, 1973377
0.07, 1970744
0.07, 1970439
0.07, 1968647
0.07, 1967952
0.07, 1961307
0.07, 1961251
0.07, 1955986
0.07, 1954695
0.07, 1949571
0.07, 1948987
0.07, 1947730
0.07, 1945470
0.07, 1944701
0.07, 1944239
0.07, 1936913
0.07, 1932186
0.07, 1931233
0.07, 1928815
0.07, 1919600
0.07, 1917702
0.07, 1916170
0.07, 1914383
0.07, 1909303
0.07, 1908744
0.07, 1907080
0.07, 1901624
0.07, 1900509
0.07, 1897959
0.07, 1896883
0.07, 1895995
0.07, 1883444
0.07, 1883147
0.07, 1865192
0.07, 1864140
0.07, 1863895
0.07, 1859132
0.07, 1858337
0.07, 1858174
0.07, 1848989
0.07, 1848936
0.07, 1848921
0.07, 1845351
0.07, 1843664
0.07, 1842554
0.07, 1828382
0.07, 1828266
0.07, 1827685
0.07, 1819952
0.07, 1819216
0.07, 1814491
0.07, 1812681
0.07, 1807993
0.07, 1805339
0.07, 1805285
0.07, 1804581
0.07, 1803671
0.07, 1803495
0.07, 1803337
0.07, 1803292
0.07, 1802567
0.07, 1802376
0.07, 1802244
0.07, 1801924
0.07, 1800339
0.07, 1800187
0.07, 1799853
0.07, 1799820
0.07, 1799421
0.07, 1798967
0.07, 1798849
0.07, 1798386
0.07, 1798318
0.07, 1797657
0.07, 1795272
0.07, 1795195
0.07, 1789630
0.07, 1787523
0.07, 1787304
0.07, 1784567
0.07, 1783661
0.07, 1783642
0.07, 1783111
0.07, 1782937
0.07, 1774951
0.07, 1774452
0.07, 1773045
0.07, 1770694
0.07, 1769142
0.07, 1769078
0.07, 1768343
0.07, 1767628
0.07, 1766825
0.07, 1764518
0.07, 1764517
0.07, 1763650
0.07, 1763331
0.07, 1759682
0.07, 1754959
0.08, 1754887
0.08, 1753828
0.08, 1751163
0.08, 1745325
0.08, 1745313
0.08, 1743382
0.08, 1742046
0.08, 1737345
0.08, 1736972
0.08, 1735693
0.08, 1735586
0.08, 1735246
0.08, 1734687
0.08, 1733505
0.08, 1732221
0.08, 1732066
0.08, 1731325
0.08, 1731217
0.08, 1730556
0.08, 1730312
0.08, 1730190
0.08, 1724944
0.08, 1723370
0.08, 1721145
0.08, 1721047
0.08, 1716453
0.08, 1714630
0.08, 1711559
0.08, 1707187
0.08, 1703252
0.08, 1696150
0.08, 1695314
0.08, 1677718
0.08, 1675181
0.08, 1660525
0.08, 1659366
0.08, 1653294
0.08, 1651614
0.08, 1650318
0.08, 1647312
0.08, 1646900
0.08, 1643609
0.08, 1642533
0.08, 1642522
0.08, 1641518
0.08, 1641481
0.08, 1640587
0.08, 1640312
0.08, 1637802
0.08, 1637704
0.08, 1636301
0.08, 1635549
0.08, 1635346
0.08, 1635338
0.08, 1625074
0.08, 1620230
0.08, 1618621
0.08, 1618023
0.08, 1616177
0.08, 1614891
0.08, 1610867
0.08, 1610759
0.08, 1607546
0.08, 1604907
0.08, 1603574
0.08, 1601664
0.08, 1601167
0.08, 1601162
0.08, 1598631
0.08, 1595210
0.08, 1592947
0.08, 1592423
0.08, 1575819
0.08, 1572236
0.08, 1570379
0.08, 1569062
0.08, 1568899
0.08, 1568352
0.08, 1568059
0.08, 1567839
0.08, 1567014
0.08, 1566582
0.08, 1565446
0.08, 1565168
0.08, 1564012
0.08, 1563966
0.08, 1563543
0.08, 1562877
0.08, 1562687
0.08, 1562509
0.08, 1562048
0.08, 1561446
0.08, 1561371
0.08, 1561167
0.08, 1560920
0.08, 1560434
0.08, 1560396
0.08, 1559733
0.08, 1559533
0.08, 1559497
0.08, 1558377
0.08, 1557601
0.08, 1556973
0.08, 1554409
0.08, 1553318
0.08, 1553084
0.08, 1553036
0.08, 1550653
0.08, 1550650
0.08, 1549791
0.08, 1549647
0.08, 1543796
0.08, 1543682
0.08, 1539394
0.08, 1539007
0.08, 1535460
0.08, 1534902
0.08, 1506561
0.08, 1506083
0.08, 1505362
0.08, 1505135
0.08, 1504278
0.08, 1504190
0.08, 1477198
0.08, 1476570
0.08, 1466349
0.08, 1466184
0.08, 1452063
0.08, 1448211
0.08, 1440207
0.08, 1437163
0.08, 1437136
0.08, 1434192
0.08, 1434162
0.08, 1431109
0.08, 1429797
0.08, 1427058
0.08, 1426851
0.08, 1416065
0.08, 1413786
0.08, 1409271
0.08, 1406587
0.08, 1406554
0.08, 1399703
0.08, 1399104
0.08, 1397799
0.08, 1397274
0.08, 1373075
0.08, 1371930
0.08, 1369596
0.08, 1368623
0.08, 1368366
0.08, 1364065
0.08, 1363419
0.08, 1362728
0.08, 1362327
0.08, 1360965
0.08, 1360664
0.08, 1360020
0.08, 1359190
0.08, 1358755
0.08, 1356695
0.08, 1354802
0.08, 1354274
0.08, 1342750
0.08, 1339294
0.08, 1337514
0.08, 1337029
0.08, 1336502
0.08, 1334924
0.08, 1331610
0.08, 1330993
0.08, 1329248
0.08, 1321010
0.08, 1299706
0.08, 1292231
0.08, 1280050
0.08, 1276988
0.08, 1264607
0.08, 1253849
0.08, 1244826
0.08, 1241809
0.08, 1240289
0.08, 1215713
0.08, 1215529
0.08, 1213400
0.08, 1201897
0.08, 1199122
0.08, 1196819
0.08, 1196333
0.08, 1193584
0.08, 1188039
0.08, 1182604
0.08, 1165051
0.08, 1162187
0.08, 1161722
0.08, 1160116
0.08, 1159733
0.08, 1150376
0.08, 1148375
0.08, 1140311
0.08, 1130506
0.08, 1127562
0.08, 1127117
0.09, 1119916
0.09, 1086361
0.09, 1083549
0.09, 1036026
0.09, 1013784
0.09, 1001838
0.09, 1001294
0.09, 999976
0.09, 999111
0.09, 996905
0.09, 992557
0.09, 989760
0.09, 989654
0.09, 989563
0.09, 988597
0.09, 981666
0.09, 980577
0.09, 976076
0.09, 967226
0.09, 967005
0.09, 965979
0.09, 963817
0.09, 963808
0.09, 963670
0.09, 962634
0.09, 959431
0.09, 959114
0.09, 957696
0.09, 956653
0.09, 955843
0.09, 954258
0.09, 950701
0.09, 950584
0.09, 949267
0.09, 948954
0.09, 947645
0.09, 946952
0.09, 946488
0.09, 944509
0.09, 944291
0.09, 944255
0.09, 942828
0.09, 942100
0.09, 942061
0.09, 942008
0.09, 940771
0.09, 939695
0.09, 938697
0.09, 933755
0.09, 929472
0.09, 926723
0.09, 926616
0.09, 926538
0.09, 924940
0.09, 924837
0.09, 923137
0.09, 922855
0.09, 921872
0.09, 916392
0.09, 910883
0.09, 910750
0.09, 903077
0.09, 901883
0.09, 901648
0.09, 899304
0.09, 897439
0.09, 897133
0.09, 891131
0.09, 888825
0.09, 886990
0.09, 885040
0.09, 882470
0.09, 880691
0.09, 880667
0.09, 879524
0.09, 879403
0.09, 879325
0.09, 879201
0.09, 878887
0.09, 864085
0.09, 863548
0.09, 862605
0.09, 862383
0.09, 859140
0.09, 857787
0.09, 856721
0.09, 854811
0.09, 853333
0.09, 852900
0.09, 848249
0.09, 847866
0.09, 847264
0.09, 846775
0.09, 846518
0.09, 846474
0.09, 844430
0.09, 844062
0.09, 843949
0.09, 842962
0.09, 841513
0.09, 841423
0.09, 841381
0.09, 840889
0.09, 838298
0.09, 838297
0.09, 837475
0.09, 836649
0.09, 836457
0.1, 836173
0.1, 835465
0.1, 835207
0.1, 834668
0.1, 834582
0.1, 834526
0.1, 833993
0.1, 831817
0.1, 831508
0.1, 831192
0.1, 830643
0.1, 828915
0.1, 828849
0.1, 828827
0.1, 828722
0.1, 828366
0.1, 825124
0.1, 823737
0.1, 823571
0.1, 820478
0.1, 820384
0.1, 819022
0.1, 818998
0.1, 818536
0.1, 815210
0.1, 813342
0.1, 810549
0.1, 809831
0.1, 809317
0.1, 809034
0.1, 808339
0.1, 807714
0.1, 801305
0.1, 799087
0.1, 795447
0.1, 793658
0.1, 793383
0.1, 793063
0.1, 793045
0.1, 792738
0.1, 792443
0.1, 791874
0.1, 791246
0.1, 791070
0.1, 790902
0.1, 790633
0.1, 790576
0.1, 788583
0.1, 783326
0.1, 782138
0.1, 781973
0.1, 781829
0.1, 781540
0.1, 780674
0.1, 779906
0.1, 779013
0.1, 776883
0.1, 775679
0.1, 775648
0.1, 775437
0.1, 775381
0.1, 775154
0.1, 775015
0.1, 774528
0.1, 774148
0.11, 773915
0.11, 773874
0.11, 773864
0.11, 773447
0.11, 773002
0.11, 772531
0.11, 772001
0.11, 771780
0.11, 771079
0.11, 770349
0.11, 769763
0.11, 769729
0.11, 769579
0.11, 769270
0.11, 763426
0.11, 762781
0.11, 761811
0.11, 759751
0.11, 747614
0.11, 747157
0.11, 745762
0.11, 743399
0.11, 740705
0.11, 740086
0.11, 739318
0.11, 739290
0.11, 734868
0.11, 734522
0.11, 734511
0.11, 734064
0.11, 733793
0.11, 733609
0.11, 733587
0.11, 733584
0.11, 733469
0.11, 732779
0.11, 731415
0.11, 731254
0.11, 731112
0.11, 730885
0.12, 730690
0.12, 730532
0.12, 730487
0.12, 729898
0.12, 729156
0.12, 723177
0.12, 722234
0.12, 722165
0.12, 721844
0.12, 721788
0.12, 721264
0.12, 720904
0.12, 720262
0.12, 717460
0.12, 716436
0.12, 716209
0.12, 715413
0.12, 714790
0.12, 713540
0.12, 712708
0.12, 712385
0.13, 711026
0.13, 711004
0.13, 710915
0.13, 709067
0.14, 708909
0.14, 708864
0.26, 701070
0.26, 700544
0.26, 699439
0.26, 699236
0.26, 699001
0.26, 698845
0.27, 698105
0.27, 697606
0.27, 695165
0.27, 693853
0.28, 693450
0.34, 691046
0.34, 690934
0.34, 689590
0.35, 689426
0.35, 689350
0.35, 689188
0.35, 689117
0.35, 688968
0.36, 688955
0.36, 688708
0.49, 688557
0.49, 688529
0.49, 688380
0.49, 688169
0.49, 687400
0.49, 687395
0.49, 687233
0.5, 686071
0.5, 685811
0.5, 685713
0.5, 684935
0.5, 683550
0.5, 682257
0.5, 681936
0.5, 679851
0.51, 671728
0.51, 671202
0.51, 671057
0.52, 669745
