0.06, 6861484
0.06, 6848272
0.06, 6845588
0.06, 6839535
0.06, 6838889
0.06, 6825475
0.06, 6804948
0.06, 6794220
0.06, 6787798
0.06, 6777300
0.06, 6763595
0.06, 6750127
0.06, 6727061
0.06, 6725691
0.06, 6710350
0.06, 6693510
0.06, 6661732
0.06, 6647839
0.06, 6645461
0.06, 6622340
0.06, 6620735
0.06, 6615337
0.06, 6587338
0.06, 6557466
0.06, 6532917
0.06, 6517977
0.06, 6478149
0.06, 6473629
0.06, 6471596
0.06, 6459490
0.06, 6459147
0.06, 6428228
0.06, 6425353
0.06, 6388392
0.06, 6385979
0.06, 6345629
0.06, 6331442
0.06, 6313541
0.06, 6293950
0.06, 6276911
0.06, 6272541
0.06, 6240460
0.06, 6238585
0.06, 6206935
0.06, 6180421
0.06, 6176259
0.06, 6163177
0.06, 6160595
0.06, 6135395
0.06, 6135300
0.06, 6121823
0.06, 6111921
0.06, 6109476
0.06, 6108253
0.06, 6097929
0.06, 6095394
0.06, 6075537
0.06, 6074270
0.06, 6068976
0.06, 6064569
0.06, 6053519
0.06, 6028401
0.06, 6027964
0.06, 6027193
0.06, 5989069
0.06, 5987372
0.06, 5981928
0.06, 5979925
0.06, 5979627
0.06, 5861410
0.06, 5847073
0.06, 5825455
0.06, 5810534
0.06, 5802547
0.06, 5791628
0.06, 5791194
0.06, 5778967
0.06, 5778758
0.06, 5777764
0.06, 5776521
0.06, 5775151
0.06, 5773888
0.06, 5767043
0.06, 5766366
0.06, 5758645
0.06, 5757913
0.06, 5757832
0.06, 5751480
0.06, 5750690
0.06, 5646693
0.06, 5646168
0.06, 5629190
0.06, 5627271
0.06, 5625735
0.06, 5603303
0.06, 5601493
0.06, 5599674
0.06, 5592210
0.06, 5582802
0.06, 5582282
0.06, 5478462
0.06, 5467417
0.06, 5456996
0.06, 5456471
0.06, 5448548
0.06, 5447066
0.06, 5446712
0.06, 5407939
0.06, 5407225
0.06, 5401569
0.06, 5400764
0.06, 5397138
0.06, 5381752
0.06, 5374709
0.06, 5373307
0.06, 5371580
0.06, 5369850
0.06, 5368443
0.06, 5364622
0.06, 5350194
0.06, 5347071
0.06, 5343288
0.06, 5342423
0.06, 5328306
0.06, 5324988
0.06, 5298887
0.06, 5295232
0.06, 5270865
0.06, 5268818
0.06, 5266486
0.06, 5263734
0.06, 5258023
0.06, 5251149
0.06, 5216959
0.06, 5207300
0.06, 5196186
0.06, 5104244
0.06, 5100264
0.06, 5093553
0.06, 5076182
0.06, 5074391
0.06, 5072857
0.06, 5050051
0.06, 5045424
0.06, 5032388
0.06, 5026182
0.06, 5024691
0.06, 5019795
0.06, 5019749
0.06, 5015623
0.06, 4979072
0.06, 4977495
0.06, 4940001
0.06, 4939809
0.06, 4930689
0.06, 4927580
0.06, 4919194
0.06, 4915487
0.06, 4828327
0.06, 4821400
0.06, 4816944
0.06, 4808262
0.06, 4771907
0.06, 4753783
0.06, 4708559
0.06, 4704915
0.06, 4696761
0.06, 4692287
0.06, 4686767
0.06, 4684693
0.06, 4682405
0.06, 4680724
0.07, 4679356
0.07, 4673007
0.07, 4645328
0.07, 4620363
0.07, 4585836
0.07, 4551199
0.07, 4512164
0.07, 4461094
0.07, 4442382
0.07, 4413564
0.07, 4399239
0.07, 4287683
0.07, 4259609
0.07, 4246110
0.07, 4223088
0.07, 4186252
0.07, 4162691
0.07, 4161680
0.07, 4155719
0.07, 4155672
0.07, 4134581
0.07, 4095631
0.07, 4074006
0.07, 4053269
0.07, 4018895
0.07, 3996873
0.07, 3991202
0.07, 3953219
0.07, 3934146
0.07, 3903835
0.07, 3885468
0.07, 3880441
0.07, 3863400
0.07, 3862733
0.07, 3846434
0.07, 3840950
0.07, 3838662
0.07, 3832078
0.07, 3815246
0.07, 3807421
0.07, 3805334
0.07, 3771186
0.07, 3770302
0.07, 3751370
0.07, 3738587
0.07, 3736853
0.07, 3718469
0.07, 3718450
0.07, 3716494
0.07, 3706253
0.07, 3699892
0.07, 3697247
0.07, 3696570
0.07, 3658979
0.07, 3656743
0.07, 3651183
0.07, 3585245
0.07, 3569465
0.07, 3523418
0.07, 3503678
0.07, 3446417
0.07, 3426564
0.07, 3369801
0.07, 3339244
0.07, 3258531
0.07, 3227409
0.07, 3156644
0.07, 3136275
0.07, 3111798
0.07, 3110263
0.07, 3087826
0.07, 3074646
0.07, 3037476
0.07, 3025452
0.07, 2993155
0.07, 2975308
0.07, 2851735
0.07, 2833886
0.07, 2714844
0.07, 2699834
0.07, 2679872
0.07, 2679775
0.07, 2672943
0.07, 2660837
0.07, 2657795
0.07, 2654478
0.07, 2653752
0.07, 2652722
0.07, 2652693
0.07, 2638221
0.07, 2627153
0.07, 2626773
0.07, 2613127
0.07, 2612619
0.07, 2541780
0.07, 2540487
0.07, 2540412
0.07, 2532733
0.07, 2532643
0.07, 2507349
0.07, 2497670
0.07, 2496918
0.07, 2430755
0.07, 2430383
0.07, 2351176
0.07, 2351143
0.07, 2348144
0.07, 2347141
0.07, 2346683
0.07, 2331961
0.07, 2327463
0.07, 2297129
0.07, 2281567
0.07, 2245670
0.07, 2236526
0.07, 2172377
0.07, 2172364
0.07, 2117342
0.07, 2105923
0.07, 2104158
0.07, 2098345
0.07, 2097406
0.07, 2093469
0.07, 2092054
0.07, 2086622
0.07, 2084903
0.07, 2075289
0.07, 2072825
0.07, 2064616
0.07, 2062170
0.07, 2060306
0.07, 2058155
0.07, 2054270
0.07, 2052029
0.07, 2044960
0.07, 2043930
0.07, 2038802
0.07, 2038492
0.07, 2025775
0.07, 2018812
0.07, 2018808
0.07, 2015544
0.07, 2010646
0.07, 2007783
0.07, 2007736
0.07, 2007655
0.07, 2006091
0.07, 2005904
0.07, 2000444
0.07, 1994744
0.07, 1989492
0.07, 1989011
0.07, 1978076
0.07, 1977880
0.07, 1975307
0.07, 1974903
0.07, 1973324
0.07, 1968908
0.07, 1967054
0.07, 1966743
0.07, 1966463
0.07, 1965593
0.07, 1963858
0.07, 1960634
0.07, 1960521
0.07, 1958040
0.07, 1957735
0.07, 1956226
0.07, 1954893
0.07, 1953154
0.07, 1952416
0.07, 1951752
0.07, 1942719
0.07, 1941580
0.07, 1938580
0.07, 1936602
0.07, 1936005
0.07, 1930238
0.07, 1928902
0.07, 1926595
0.07, 1922769
0.07, 1920790
0.07, 1920541
0.07, 1920519
0.07, 1917512
0.07, 1917187
0.07, 1916952
0.07, 1914610
0.07, 1912772
0.07, 1906026
0.07, 1899116
0.07, 1895461
0.07, 1893464
0.07, 1889609
0.07, 1888024
0.07, 1887886
0.07, 1886549
0.07, 1885224
0.07, 1883876
0.07, 1880149
0.07, 1880127
0.08, 1879965
0.08, 1879687
0.08, 1875138
0.08, 1867999
0.08, 1861463
0.08, 1861212
0.08, 1858030
0.08, 1855664
0.08, 1854903
0.08, 1854244
0.08, 1854003
0.08, 1853743
0.08, 1853412
0.08, 1852251
0.08, 1852027
0.08, 1850980
0.08, 1850964
0.08, 1847666
0.08, 1845846
0.08, 1835624
0.08, 1832986
0.08, 1832860
0.08, 1832641
0.08, 1832423
0.08, 1825933
0.08, 1825776
0.08, 1818055
0.08, 1817982
0.08, 1817480
0.08, 1816765
0.08, 1815115
0.08, 1803305
0.08, 1803264
0.08, 1796787
0.08, 1795321
0.08, 1794653
0.08, 1790539
0.08, 1790329
0.08, 1789354
0.08, 1788258
0.08, 1786810
0.08, 1784172
0.08, 1783512
0.08, 1782607
0.08, 1777512
0.08, 1773932
0.08, 1770776
0.08, 1767212
0.08, 1766933
0.08, 1764755
0.08, 1764551
0.08, 1760495
0.08, 1753935
0.08, 1746531
0.08, 1743082
0.08, 1735164
0.08, 1727430
0.08, 1722480
0.08, 1722267
0.08, 1717144
0.08, 1714157
0.08, 1703248
0.08, 1697301
0.08, 1690626
0.08, 1685975
0.08, 1668623
0.08, 1661404
0.08, 1655314
0.08, 1652464
0.08, 1650477
0.08, 1640317
0.08, 1636690
0.08, 1635233
0.08, 1617712
0.08, 1616681
0.08, 1615795
0.08, 1610908
0.08, 1610762
0.08, 1604306
0.08, 1600398
0.08, 1597910
0.08, 1596369
0.08, 1596150
0.08, 1595247
0.08, 1590778
0.08, 1586267
0.08, 1585595
0.08, 1585241
0.08, 1578884
0.08, 1576323
0.08, 1574697
0.08, 1574581
0.08, 1571280
0.08, 1569617
0.08, 1569500
0.08, 1569180
0.08, 1564676
0.08, 1563775
0.08, 1562923
0.08, 1562112
0.08, 1561950
0.08, 1561929
0.08, 1561516
0.08, 1560546
0.08, 1557780
0.08, 1556716
0.08, 1553361
0.08, 1553211
0.08, 1546552
0.08, 1545616
0.08, 1538263
0.08, 1537346
0.08, 1535708
0.08, 1534021
0.08, 1533079
0.08, 1531069
0.08, 1527001
0.08, 1523787
0.08, 1523432
0.08, 1523402
0.08, 1514459
0.08, 1514253
0.08, 1510510
0.08, 1510321
0.08, 1509247
0.08, 1504670
0.08, 1501771
0.08, 1495268
0.08, 1494769
0.08, 1494411
0.08, 1491753
0.08, 1491304
0.08, 1487095
0.08, 1475316
0.08, 1472942
0.08, 1472926
0.08, 1472851
0.08, 1472446
0.08, 1471267
0.08, 1470517
0.08, 1468850
0.08, 1468540
0.08, 1468087
0.08, 1467815
0.08, 1467105
0.08, 1467006
0.08, 1463242
0.08, 1462898
0.08, 1459548
0.08, 1458152
0.08, 1457265
0.08, 1457181
0.08, 1451234
0.08, 1450179
0.08, 1449263
0.08, 1447029
0.08, 1446729
0.08, 1446284
0.08, 1446122
0.08, 1443684
0.08, 1442199
0.08, 1437951
0.08, 1437838
0.08, 1433807
0.08, 1433782
0.08, 1433702
0.08, 1433684
0.08, 1433246
0.08, 1430664
0.08, 1429684
0.08, 1429313
0.08, 1428084
0.08, 1428066
0.08, 1427090
0.08, 1423878
0.08, 1423559
0.08, 1421298
0.08, 1421131
0.08, 1421125
0.08, 1415335
0.08, 1411233
0.08, 1406245
0.08, 1403228
0.08, 1402924
0.08, 1402371
0.08, 1386361
0.08, 1384249
0.08, 1377849
0.08, 1366442
0.08, 1355268
0.08, 1354528
0.08, 1342584
0.08, 1341855
0.08, 1338824
0.08, 1338364
0.08, 1337623
0.08, 1337090
0.08, 1336641
0.08, 1331910
0.08, 1330090
0.08, 1329068
0.09, 1328964
0.09, 1328532
0.09, 1327883
0.09, 1327689
0.09, 1327549
0.09, 1325667
0.09, 1325570
0.09, 1325347
0.09, 1325330
0.09, 1319897
0.09, 1317232
0.09, 1316666
0.09, 1302255
0.09, 1290331
0.09, 1289171
0.09, 1285906
0.09, 1283014
0.09, 1281748
0.09, 1272720
0.09, 1271858
0.09, 1269411
0.09, 1252651
0.09, 1244392
0.09, 1236193
0.09, 1235163
0.09, 1230197
0.09, 1229256
0.09, 1227863
0.09, 1215851
0.09, 1214843
0.09, 1211398
0.09, 1210689
0.09, 1206876
0.09, 1206595
0.09, 1202861
0.09, 1201967
0.09, 1191682
0.09, 1190974
0.09, 1190540
0.09, 1180759
0.09, 1176926
0.09, 1175286
0.09, 1160132
0.09, 1158693
0.09, 1156608
0.09, 1154198
0.09, 1153905
0.09, 1142438
0.09, 1141875
0.09, 1141642
0.09, 1141005
0.09, 1119135
0.09, 1115379
0.09, 1106410
0.09, 1106317
0.09, 1089069
0.09, 1087702
0.09, 1086084
0.09, 1080675
0.09, 1077288
0.09, 1077133
0.09, 1074584
0.09, 1074405
0.09, 1073736
0.09, 1070870
0.09, 1061478
0.09, 1060360
0.09, 1014126
0.09, 1013312
0.09, 1012936
0.09, 1012665
0.09, 1006097
0.09, 1005512
0.09, 1005402
0.09, 1005331
0.09, 1004344
0.09, 1003895
0.09, 995762
0.09, 995424
0.09, 980214
0.09, 912894
0.09, 906208
0.09, 904855
0.09, 898283
0.09, 896962
0.09, 895167
0.09, 894598
0.09, 887651
0.09, 887560
0.09, 887237
0.09, 885465
0.09, 885078
0.09, 882838
0.09, 881886
0.09, 879611
0.09, 878494
0.09, 878168
0.09, 877948
0.09, 876977
0.09, 876524
0.09, 876224
0.09, 875554
0.09, 874545
0.09, 873854
0.09, 873383
0.09, 868652
0.09, 868643
0.09, 867679
0.09, 867478
0.09, 867448
0.09, 866700
0.09, 866145
0.09, 852924
0.09, 851607
0.09, 847410
0.09, 846664
0.09, 846318
0.09, 845343
0.09, 842960
0.09, 837858
0.09, 830612
0.09, 821764
0.09, 818401
0.09, 818387
0.09, 817965
0.09, 817863
0.09, 815420
0.09, 815142
0.09, 810653
0.09, 809671
0.09, 809441
0.09, 808831
0.1, 808089
0.1, 808012
0.1, 807854
0.1, 807615
0.1, 804271
0.1, 802218
0.1, 801988
0.1, 801246
0.1, 801201
0.1, 800867
0.1, 800256
0.1, 799434
0.1, 797580
0.1, 797363
0.1, 797067
0.1, 796083
0.1, 794325
0.1, 794041
0.1, 793551
0.1, 792601
0.1, 792106
0.1, 790448
0.1, 790270
0.1, 788066
0.1, 788061
0.1, 787739
0.1, 787722
0.1, 787159
0.1, 786946
0.1, 786706
0.1, 786687
0.1, 786071
0.1, 786065
0.1, 786034
0.1, 785962
0.1, 785511
0.1, 785140
0.1, 784965
0.1, 784961
0.1, 784814
0.1, 784567
0.1, 784352
0.1, 784228
0.1, 783972
0.1, 781075
0.1, 780243
0.1, 778943
0.1, 778156
0.1, 778138
0.1, 773323
0.1, 770321
0.1, 769447
0.1, 767666
0.1, 765181
0.1, 763745
0.1, 760023
0.1, 758251
0.1, 757471
0.1, 755669
0.1, 754938
0.1, 753258
0.1, 743498
0.1, 742580
0.1, 741887
0.1, 741839
0.1, 741104
0.1, 740765
0.1, 740251
0.1, 739932
0.1, 739681
0.1, 738944
0.1, 738740
0.1, 737718
0.1, 735957
0.1, 731237
0.1, 728453
0.11, 725640
0.11, 723196
0.11, 722786
0.11, 721540
0.11, 721146
0.11, 721114
0.11, 720018
0.11, 719459
0.11, 719238
0.11, 718846
0.11, 718684
0.11, 717905
0.11, 717496
0.11, 716341
0.11, 714958
0.11, 714487
0.12, 714028
0.12, 708641
0.12, 703194
0.12, 701998
0.12, 692518
0.12, 691681
0.12, 691191
0.12, 690492
0.37, 688518
0.37, 687284
0.37, 686109
0.37, 685457
0.37, 685025
0.37, 684440
0.37, 683328
0.38, 683235
0.44, 682645
0.45, 682500
0.45, 682472
0.73, 682408
0.73, 681096
0.73, 681068
0.73, 680332
0.73, 680162
0.73, 679886
0.73, 679368
0.73, 677871
0.74, 677713
0.74, 677685
0.74, 676572
0.75, 676527
4.03, 675682
4.03, 673588
4.03, 672889
4.03, 672616
4.03, 672092
4.03, 672056
4.03, 671686
4.03, 671177
4.03, 668952
4.03, 668338
4.03, 668259
4.03, 667886
4.03, 667292
4.03, 666672
4.03, 665769
4.04, 665685
4.04, 665240
