0.04, 7309242
0.04, 7282523
0.04, 7281144
0.04, 7267215
0.04, 7249560
0.04, 7246701
0.04, 7230039
0.04, 7228353
0.04, 7221067
0.04, 7212432
0.04, 7206341
0.04, 7170096
0.04, 7164143
0.05, 7127565
0.05, 7120174
0.05, 7116915
0.05, 7114343
0.05, 7071871
0.05, 7068394
0.05, 7047772
0.05, 7023330
0.05, 7006246
0.05, 6991629
0.05, 6975143
0.05, 6967565
0.05, 6955988
0.05, 6951833
0.05, 6894184
0.05, 6888836
0.05, 6872726
0.05, 6872634
0.05, 6824994
0.05, 6824975
0.05, 6820932
0.05, 6814452
0.05, 6787619
0.05, 6782645
0.05, 6767973
0.05, 6767924
0.05, 6766070
0.05, 6756397
0.05, 6716561
0.05, 6712689
0.05, 6659713
0.05, 6654170
0.05, 6607146
0.05, 6606059
0.05, 6600059
0.05, 6597436
0.05, 6587957
0.05, 6585236
0.05, 6565102
0.05, 6563961
0.05, 6517889
0.05, 6517255
0.05, 6490633
0.05, 6487452
0.05, 6474969
0.05, 6471753
0.05, 6471676
0.05, 6468404
0.05, 6466094
0.05, 6400434
0.05, 6398096
0.05, 6391041
0.05, 6389785
0.05, 6333019
0.05, 6332185
0.05, 6277233
0.05, 6276928
0.05, 6275272
0.05, 6274871
0.05, 6274575
0.05, 6274485
0.05, 6226629
0.05, 6225058
0.05, 6223793
0.05, 6218826
0.05, 6208261
0.05, 6205609
0.05, 6199392
0.05, 6198918
0.05, 6193122
0.05, 6191980
0.05, 6189593
0.05, 6187960
0.05, 6167743
0.05, 6167176
0.05, 6166956
0.05, 6153499
0.05, 6152438
0.05, 6132370
0.05, 6130129
0.05, 6120578
0.05, 6119261
0.05, 6106614
0.05, 6082042
0.05, 6052839
0.05, 6052666
0.05, 6026662
0.05, 6025451
0.05, 6022296
0.05, 6022245
0.05, 6021087
0.05, 6019958
0.05, 6015448
0.05, 6011529
0.05, 6010931
0.05, 5992365
0.05, 5935252
0.05, 5920795
0.05, 5869405
0.05, 5853011
0.05, 5852481
0.05, 5829313
0.05, 5824723
0.05, 5824681
0.05, 5824105
0.05, 5823343
0.05, 5823238
0.05, 5816430
0.05, 5815335
0.05, 5812342
0.05, 5811825
0.05, 5796664
0.05, 5796532
0.05, 5753578
0.05, 5752102
0.05, 5743908
0.05, 5739867
0.05, 5712537
0.05, 5711768
0.05, 5711247
0.05, 5710473
0.05, 5709568
0.05, 5701714
0.05, 5689775
0.05, 5683853
0.05, 5683669
0.05, 5662675
0.05, 5654351
0.05, 5654175
0.05, 5633674
0.05, 5556143
0.05, 5534833
0.05, 5517984
0.05, 5509761
0.05, 5509200
0.05, 5508855
0.05, 5501277
0.05, 5499899
0.05, 5495134
0.05, 5441874
0.05, 5440625
0.05, 5421081
0.05, 5420055
0.05, 5388126
0.05, 5387516
0.05, 5359247
0.05, 5355814
0.05, 5318735
0.05, 5317529
0.05, 5296181
0.05, 5295143
0.05, 5271262
0.05, 5271019
0.05, 5268667
0.05, 5267238
0.05, 5260056
0.05, 5255619
0.05, 5244515
0.05, 5211567
0.05, 5208029
0.05, 5205375
0.05, 5135051
0.05, 5122420
0.05, 5004498
0.05, 4966508
0.05, 4888430
0.05, 4851070
0.05, 4768035
0.05, 4714896
0.05, 4645731
0.05, 4631655
0.05, 4550843
0.05, 4536755
0.05, 4463550
0.05, 4416550
0.05, 4327323
0.05, 4277571
0.05, 4199043
0.05, 4181366
0.05, 4103633
0.05, 4089738
0.05, 4034543
0.05, 4020072
0.05, 3927111
0.05, 3925363
0.05, 3841242
0.05, 3840203
0.05, 3750580
0.05, 3745964
0.05, 3709681
0.05, 3706454
0.05, 3626584
0.05, 3624360
0.05, 3554284
0.05, 3554003
0.05, 3520359
0.05, 3510894
0.05, 3487958
0.05, 3468709
0.05, 3445935
0.05, 3430384
0.05, 3427860
0.05, 3414868
0.05, 3413009
0.05, 3412960
0.05, 3407945
0.05, 3404500
0.05, 3404478
0.05, 3398141
0.05, 3396583
0.05, 3396557
0.05, 3392574
0.05, 3392297
0.05, 3369615
0.06, 3364331
0.06, 3363511
0.06, 3360623
0.06, 3359969
0.06, 3357044
0.06, 3350039
0.06, 3319543
0.06, 3302057
0.06, 3300986
0.06, 3231809
0.06, 3218115
0.06, 3216963
0.06, 3159752
0.06, 3158023
0.06, 3154520
0.06, 3150751
0.06, 3107595
0.06, 3096096
0.06, 3072459
0.06, 3060041
0.06, 3010853
0.06, 2990982
0.06, 2974280
0.06, 2971463
0.06, 2951390
0.06, 2946662
0.06, 2935436
0.06, 2926292
0.06, 2919562
0.06, 2917371
0.06, 2909100
0.06, 2906738
0.06, 2878626
0.06, 2852944
0.06, 2808774
0.06, 2783855
0.06, 2732728
0.06, 2725825
0.06, 2722066
0.06, 2720465
0.06, 2717176
0.06, 2696804
0.06, 2692478
0.06, 2688652
0.06, 2671166
0.06, 2640059
0.06, 2637307
0.06, 2615978
0.06, 2597495
0.06, 2584957
0.06, 2584583
0.06, 2582795
0.06, 2579721
0.06, 2524003
0.06, 2509609
0.06, 2500351
0.06, 2496041
0.06, 2488340
0.06, 2477488
0.06, 2472337
0.06, 2469300
0.06, 2459921
0.06, 2410172
0.06, 2408486
0.06, 2399721
0.06, 2399236
0.06, 2398541
0.06, 2319373
0.06, 2318945
0.06, 2269668
0.06, 2268330
0.06, 2263221
0.06, 2260204
0.06, 2229201
0.06, 2190817
0.06, 2180177
0.06, 2180163
0.06, 2170001
0.06, 2169957
0.06, 2127936
0.06, 2119963
0.06, 2116811
0.06, 2104938
0.06, 2094778
0.06, 2092048
0.06, 2078080
0.06, 2076204
0.06, 2071624
0.06, 2065110
0.06, 2058644
0.06, 2056777
0.06, 2034885
0.06, 2008528
0.06, 2006187
0.06, 2004755
0.06, 2000982
0.06, 1965137
0.06, 1964839
0.06, 1958430
0.06, 1956548
0.06, 1952618
0.06, 1951497
0.06, 1941146
0.06, 1930905
0.06, 1928392
0.06, 1910883
0.06, 1894486
0.06, 1890769
0.06, 1877495
0.06, 1868676
0.06, 1861802
0.06, 1855262
0.06, 1849735
0.06, 1847249
0.06, 1831226
0.06, 1829931
0.06, 1816733
0.06, 1804078
0.06, 1804071
0.06, 1802885
0.06, 1797702
0.06, 1797424
0.06, 1795309
0.06, 1794159
0.06, 1790184
0.06, 1788864
0.06, 1786971
0.06, 1786286
0.06, 1774847
0.06, 1774312
0.06, 1766105
0.06, 1765749
0.06, 1763301
0.06, 1758995
0.06, 1754581
0.06, 1753743
0.06, 1752849
0.06, 1752085
0.06, 1751028
0.06, 1742618
0.06, 1740962
0.06, 1729482
0.06, 1728007
0.06, 1725733
0.06, 1723137
0.06, 1721623
0.06, 1718281
0.06, 1714447
0.06, 1711830
0.06, 1706692
0.06, 1705860
0.06, 1703578
0.06, 1702977
0.06, 1701816
0.06, 1701747
0.06, 1690128
0.06, 1689594
0.06, 1647755
0.06, 1646249
0.06, 1645589
0.06, 1644764
0.06, 1643839
0.06, 1631775
0.06, 1631607
0.06, 1626743
0.06, 1626019
0.06, 1625209
0.06, 1625152
0.06, 1623176
0.06, 1621799
0.06, 1619237
0.06, 1617600
0.06, 1616497
0.06, 1614606
0.06, 1614312
0.06, 1613297
0.06, 1612617
0.06, 1612151
0.06, 1609326
0.06, 1609252
0.06, 1603864
0.06, 1603175
0.06, 1601791
0.06, 1600571
0.06, 1593593
0.06, 1592046
0.06, 1591624
0.06, 1591501
0.06, 1583570
0.06, 1582696
0.06, 1576974
0.06, 1576928
0.06, 1576787
0.06, 1576222
0.06, 1573351
0.06, 1572499
0.06, 1570950
0.06, 1562587
0.06, 1562026
0.06, 1560163
0.06, 1558242
0.06, 1558123
0.06, 1557520
0.06, 1554656
0.06, 1553576
0.06, 1553225
0.06, 1552487
0.06, 1552397
0.06, 1551305
0.06, 1550496
0.06, 1549095
0.06, 1548661
0.06, 1546172
0.07, 1544678
0.07, 1542440
0.07, 1540741
0.07, 1540676
0.07, 1539957
0.07, 1539241
0.07, 1537834
0.07, 1536274
0.07, 1535667
0.07, 1533835
0.07, 1533611
0.07, 1528724
0.07, 1528528
0.07, 1528153
0.07, 1527126
0.07, 1526781
0.07, 1526700
0.07, 1526139
0.07, 1502306
0.07, 1496556
0.07, 1496430
0.07, 1495220
0.07, 1492753
0.07, 1491556
0.07, 1490942
0.07, 1490529
0.07, 1489555
0.07, 1487119
0.07, 1486890
0.07, 1482780
0.07, 1482289
0.07, 1480435
0.07, 1479400
0.07, 1478175
0.07, 1477493
0.07, 1476982
0.07, 1476752
0.07, 1476734
0.07, 1475574
0.07, 1474763
0.07, 1473383
0.07, 1473226
0.07, 1473104
0.07, 1472019
0.07, 1471785
0.07, 1470832
0.07, 1470097
0.07, 1469792
0.07, 1469216
0.07, 1469203
0.07, 1468379
0.07, 1467015
0.07, 1466492
0.07, 1466184
0.07, 1463481
0.07, 1461707
0.07, 1461679
0.07, 1455592
0.07, 1454796
0.07, 1454330
0.07, 1452978
0.07, 1452729
0.07, 1452373
0.07, 1445672
0.07, 1444274
0.07, 1443705
0.07, 1440924
0.07, 1436467
0.07, 1434126
0.07, 1433286
0.07, 1428091
0.07, 1427270
0.07, 1417041
0.07, 1416588
0.07, 1410726
0.07, 1410177
0.07, 1392326
0.07, 1391435
0.07, 1388667
0.07, 1386677
0.07, 1383911
0.07, 1358364
0.07, 1355920
0.07, 1349623
0.07, 1343703
0.07, 1340802
0.07, 1337400
0.07, 1336901
0.07, 1335950
0.07, 1335233
0.07, 1332530
0.07, 1332082
0.07, 1330590
0.07, 1329571
0.07, 1329367
0.07, 1328258
0.07, 1326196
0.07, 1325065
0.07, 1324714
0.07, 1323716
0.07, 1322924
0.07, 1322681
0.07, 1322157
0.07, 1321992
0.07, 1320901
0.07, 1320303
0.07, 1319463
0.07, 1318334
0.07, 1317219
0.07, 1316298
0.07, 1315276
0.07, 1314557
0.07, 1314410
0.07, 1301784
0.07, 1299568
0.07, 1298633
0.07, 1296792
0.07, 1295731
0.07, 1292486
0.07, 1292413
0.07, 1289376
0.07, 1280955
0.07, 1277018
0.07, 1272928
0.07, 1271080
0.07, 1270867
0.07, 1268972
0.07, 1267788
0.07, 1246216
0.07, 1240890
0.07, 1235036
0.07, 1231999
0.07, 1230992
0.07, 1221172
0.07, 1213505
0.07, 1211045
0.07, 1203322
0.07, 1202706
0.07, 1195061
0.07, 1189865
0.07, 1187995
0.07, 1185016
0.07, 1163449
0.07, 1160096
0.07, 1157066
0.07, 1153773
0.07, 1153741
0.07, 1153370
0.07, 1132954
0.07, 1132925
0.07, 1109476
0.07, 1108836
0.07, 1105976
0.07, 1105908
0.07, 1102912
0.07, 1102112
0.07, 1093145
0.07, 1090618
0.07, 1076344
0.07, 1073466
0.07, 1065139
0.07, 1063466
0.07, 1062319
0.07, 1061449
0.07, 1061306
0.07, 1060648
0.07, 1059881
0.07, 1052429
0.07, 1052307
0.07, 1051681
0.07, 1051476
0.07, 1050252
0.07, 1049627
0.07, 1048153
0.07, 1047557
0.07, 1046456
0.07, 1045833
0.07, 1044953
0.07, 1043712
0.07, 1041174
0.07, 1040170
0.07, 1039715
0.07, 1039359
0.07, 1038325
0.07, 1036875
0.07, 1036748
0.07, 1035461
0.07, 1035400
0.07, 1034664
0.07, 1030493
0.07, 1026069
0.07, 1022519
0.07, 1019500
0.07, 1015898
0.07, 1013806
0.07, 1010113
0.07, 1008318
0.07, 1004243
0.07, 1001629
0.07, 999487
0.07, 997118
0.07, 936743
0.07, 931279
0.07, 868178
0.07, 866698
0.07, 866089
0.07, 860964
0.07, 855030
0.07, 848425
0.07, 847700
0.07, 847457
0.07, 845715
0.08, 845074
0.08, 844123
0.08, 843897
0.08, 843208
0.08, 842460
0.08, 841298
0.08, 840646
0.08, 840091
0.08, 838001
0.08, 837316
0.08, 835541
0.08, 833902
0.08, 833899
0.08, 832742
0.08, 830801
0.08, 827499
0.08, 827447
0.08, 821235
0.08, 820463
0.08, 819591
0.08, 814234
0.08, 813146
0.08, 812520
0.08, 812505
0.08, 810463
0.08, 808951
0.08, 808001
0.08, 807620
0.08, 806945
0.08, 806749
0.08, 806276
0.08, 806248
0.08, 805908
0.08, 805449
0.08, 804808
0.08, 804769
0.08, 803399
0.08, 803377
0.08, 802986
0.08, 801683
0.08, 800595
0.08, 800163
0.08, 799651
0.08, 798720
0.08, 798637
0.08, 797643
0.08, 797287
0.08, 795265
0.08, 787162
0.08, 784022
0.08, 782666
0.08, 781619
0.08, 774743
0.08, 762817
0.08, 762326
0.08, 761800
0.08, 758068
0.08, 757947
0.08, 756717
0.08, 752186
0.08, 751670
0.08, 751604
0.08, 751574
0.08, 750599
0.08, 748689
0.08, 748627
0.08, 748440
0.08, 747824
0.08, 745683
0.08, 745188
0.09, 744164
0.09, 743893
0.09, 741093
0.09, 740524
0.09, 727248
0.09, 726315
0.09, 726275
0.09, 725263
0.09, 724229
0.09, 723453
0.09, 722020
0.09, 720827
0.09, 720682
0.09, 719063
0.09, 718753
0.09, 716952
0.09, 716447
0.09, 716177
0.09, 716129
0.09, 715921
0.09, 715240
0.09, 713713
0.09, 713258
0.09, 712971
0.09, 712599
0.09, 711898
0.09, 711067
0.09, 709948
0.09, 709786
0.09, 709240
0.09, 708914
0.09, 708306
0.09, 708298
0.09, 708169
0.09, 708045
0.09, 708012
0.09, 707650
0.09, 707134
0.09, 707029
0.09, 704177
0.09, 701233
0.09, 700646
0.1, 699670
0.1, 698692
0.1, 698632
0.1, 698410
0.1, 697185
0.1, 697166
0.1, 696918
0.1, 695768
0.1, 695045
0.1, 695038
0.11, 692167
0.11, 691835
0.11, 687069
0.12, 685496
0.12, 685276
0.13, 679693
0.98, 679590
0.98, 678779
