0.06, 7206347
0.06, 7185759
0.06, 7185114
0.06, 7163697
0.06, 7154066
0.06, 7153777
0.06, 7139450
0.06, 7134364
0.06, 7128947
0.06, 7126260
0.06, 7099126
0.06, 7097529
0.06, 7082776
0.06, 7069987
0.06, 7069261
0.06, 7057614
0.06, 7041886
0.06, 7041214
0.06, 7023762
0.06, 6996517
0.06, 6940429
0.06, 6938334
0.06, 6934044
0.06, 6931062
0.06, 6928732
0.06, 6923254
0.06, 6895940
0.06, 6864618
0.06, 6836306
0.06, 6812803
0.06, 6794917
0.06, 6788462
0.06, 6763918
0.06, 6763350
0.06, 6726096
0.06, 6725515
0.06, 6716287
0.06, 6703477
0.06, 6701954
0.06, 6661494
0.06, 6655848
0.06, 6646066
0.06, 6619877
0.06, 6619268
0.06, 6599950
0.06, 6570279
0.06, 6558355
0.06, 6549679
0.06, 6491357
0.06, 6465426
0.06, 6443379
0.06, 6441921
0.06, 6431292
0.06, 6429138
0.06, 6428923
0.06, 6427819
0.06, 6427613
0.06, 6426389
0.06, 6426357
0.06, 6393690
0.06, 6391845
0.06, 6384924
0.06, 6377813
0.06, 6376701
0.06, 6373816
0.06, 6373797
0.06, 6325748
0.06, 6324780
0.06, 6270443
0.06, 6270051
0.06, 6242980
0.06, 6242381
0.06, 6217507
0.06, 6217140
0.06, 6213706
0.06, 6212451
0.06, 6175348
0.06, 6161134
0.06, 6134621
0.06, 6097785
0.06, 6083820
0.06, 6061556
0.06, 6056158
0.06, 6027831
0.06, 6021066
0.06, 5997725
0.06, 5993870
0.06, 5989514
0.06, 5974803
0.06, 5974105
0.06, 5967180
0.06, 5962276
0.06, 5950942
0.06, 5935370
0.06, 5935271
0.06, 5930814
0.06, 5914216
0.06, 5913909
0.06, 5903807
0.06, 5900703
0.06, 5899921
0.06, 5895850
0.06, 5893240
0.06, 5885908
0.06, 5884321
0.06, 5879482
0.06, 5864679
0.06, 5857300
0.06, 5851496
0.06, 5847391
0.06, 5842742
0.06, 5840356
0.06, 5834901
0.06, 5827353
0.06, 5819380
0.06, 5818774
0.06, 5818468
0.06, 5814368
0.06, 5811164
0.06, 5805110
0.06, 5803412
0.06, 5801869
0.06, 5801378
0.06, 5790014
0.06, 5789513
0.06, 5784554
0.06, 5783834
0.06, 5757285
0.06, 5756760
0.06, 5751965
0.06, 5664805
0.06, 5658777
0.06, 5636106
0.06, 5631560
0.06, 5629049
0.06, 5614628
0.06, 5614385
0.06, 5611766
0.06, 5609818
0.06, 5602676
0.06, 5600053
0.06, 5589539
0.06, 5584650
0.06, 5584145
0.06, 5575690
0.06, 5575643
0.06, 5565128
0.06, 5557673
0.06, 5551680
0.06, 5545997
0.06, 5543696
0.06, 5529209
0.06, 5529152
0.06, 5522735
0.06, 5521632
0.06, 5517924
0.06, 5516478
0.06, 5508519
0.06, 5507777
0.06, 5507043
0.06, 5501060
0.06, 5494095
0.06, 5484181
0.06, 5481770
0.06, 5467344
0.06, 5463077
0.06, 5458681
0.06, 5437211
0.06, 5436651
0.06, 5433303
0.06, 5395879
0.06, 5391905
0.06, 5391624
0.06, 5334607
0.06, 5333420
0.06, 5328686
0.06, 5328570
0.06, 5324058
0.06, 5323313
0.06, 5315307
0.06, 5315238
0.06, 5236938
0.06, 5236713
0.06, 5202598
0.06, 5198125
0.06, 5196372
0.06, 5196208
0.06, 5165071
0.06, 5160588
0.06, 5160114
0.06, 5158179
0.06, 5148812
0.06, 5130543
0.06, 5123518
0.06, 5123365
0.06, 5121047
0.06, 5116256
0.06, 5114315
0.06, 5110945
0.06, 5108726
0.06, 5098859
0.06, 5097975
0.06, 5091314
0.06, 5091126
0.06, 5091104
0.06, 5085614
0.06, 5085322
0.06, 4987392
0.06, 4986452
0.06, 4985577
0.06, 4985059
0.06, 4981304
0.06, 4980678
0.06, 4979998
0.06, 4979657
0.06, 4979121
0.06, 4978236
0.06, 4976456
0.06, 4972342
0.06, 4966792
0.06, 4966346
0.06, 4946712
0.06, 4946010
0.06, 4945479
0.06, 4940016
0.06, 4936843
0.06, 4931292
0.07, 4924602
0.07, 4917735
0.07, 4892448
0.07, 4891713
0.07, 4869324
0.07, 4868905
0.07, 4844579
0.07, 4843705
0.07, 4843053
0.07, 4842296
0.07, 4842125
0.07, 4840693
0.07, 4840491
0.07, 4837177
0.07, 4835920
0.07, 4835682
0.07, 4822744
0.07, 4822722
0.07, 4814456
0.07, 4814422
0.07, 4814133
0.07, 4811834
0.07, 4808435
0.07, 4806256
0.07, 4805568
0.07, 4803057
0.07, 4803008
0.07, 4802533
0.07, 4802405
0.07, 4799927
0.07, 4799633
0.07, 4796155
0.07, 4794402
0.07, 4788216
0.07, 4787288
0.07, 4783690
0.07, 4782538
0.07, 4778217
0.07, 4769406
0.07, 4769278
0.07, 4752276
0.07, 4749779
0.07, 4749584
0.07, 4747892
0.07, 4747079
0.07, 4745260
0.07, 4744472
0.07, 4743566
0.07, 4743292
0.07, 4739325
0.07, 4733769
0.07, 4731250
0.07, 4653179
0.07, 4647291
0.07, 4637149
0.07, 4627794
0.07, 4608583
0.07, 4608333
0.07, 4607577
0.07, 4603362
0.07, 4603310
0.07, 4598123
0.07, 4596380
0.07, 4593247
0.07, 4592391
0.07, 4587112
0.07, 4586167
0.07, 4586138
0.07, 4572527
0.07, 4571957
0.07, 4555596
0.07, 4555127
0.07, 4554753
0.07, 4553689
0.07, 4550696
0.07, 4548655
0.07, 4547553
0.07, 4544255
0.07, 4544017
0.07, 4541173
0.07, 4527452
0.07, 4525042
0.07, 4523493
0.07, 4523395
0.07, 4523139
0.07, 4522156
0.07, 4521149
0.07, 4514033
0.07, 4511343
0.07, 4510978
0.07, 4507958
0.07, 4507587
0.07, 4504912
0.07, 4504126
0.07, 4502596
0.07, 4501997
0.07, 4501221
0.07, 4491958
0.07, 4490329
0.07, 4483826
0.07, 4474883
0.07, 4472768
0.07, 4472642
0.07, 4472269
0.07, 4472117
0.07, 4471786
0.07, 4471289
0.07, 4468672
0.07, 4467761
0.07, 4465150
0.07, 4463752
0.07, 4463219
0.07, 4462016
0.07, 4461982
0.07, 4461072
0.07, 4460704
0.07, 4456541
0.07, 4454792
0.07, 4453876
0.07, 4452648
0.07, 4452322
0.07, 4451979
0.07, 4451955
0.07, 4450619
0.07, 4450215
0.07, 4448790
0.07, 4448646
0.07, 4447051
0.07, 4446816
0.07, 4446058
0.07, 4443642
0.07, 4443397
0.07, 4437122
0.07, 4432806
0.07, 4422061
0.07, 4420802
0.07, 4339763
0.07, 4323260
0.07, 4321029
0.07, 4320167
0.07, 4314261
0.07, 4307366
0.07, 4299146
0.07, 4296574
0.07, 4290868
0.07, 4288993
0.07, 4284119
0.07, 4283424
0.07, 4280335
0.07, 4276747
0.07, 4273288
0.07, 4271370
0.07, 4260642
0.07, 4242806
0.07, 4237589
0.07, 4216280
0.07, 4206722
0.07, 4192416
0.07, 4187769
0.07, 4184787
0.07, 4183810
0.07, 4171333
0.07, 4168812
0.07, 4156899
0.07, 4151682
0.07, 4123659
0.07, 4121799
0.07, 4121383
0.07, 4116268
0.07, 4110164
0.07, 4110058
0.07, 4098041
0.07, 4095515
0.07, 4079439
0.07, 4075770
0.07, 4072869
0.07, 4072328
0.07, 4071055
0.07, 4070407
0.07, 4069385
0.07, 4066799
0.07, 4063196
0.07, 4062499
0.07, 4062458
0.07, 4057131
0.07, 4057034
0.07, 4055811
0.07, 4055794
0.07, 4055358
0.07, 4055137
0.07, 4053080
0.07, 4046220
0.07, 4045550
0.07, 4042255
0.07, 4041710
0.07, 4041662
0.07, 4037061
0.07, 4023668
0.07, 4012649
0.07, 4003793
0.07, 3997945
0.07, 3996550
0.07, 3989100
0.07, 3983827
0.07, 3981780
0.07, 3980739
0.07, 3979829
0.07, 3979610
0.07, 3978486
0.07, 3976714
0.07, 3976435
0.07, 3973451
0.07, 3958393
0.07, 3954190
0.07, 3942531
0.07, 3941450
0.07, 3939051
0.07, 3933815
0.07, 3931211
0.07, 3929719
0.07, 3927903
0.07, 3927781
0.07, 3927023
0.08, 3908514
0.08, 3903984
0.08, 3900766
0.08, 3794150
0.08, 3792386
0.08, 3790905
0.08, 3785222
0.08, 3776294
0.08, 3764293
0.08, 3756976
0.08, 3752684
0.08, 3752197
0.08, 3751190
0.08, 3743002
0.08, 3741505
0.08, 3741318
0.08, 3741118
0.08, 3741112
0.08, 3735920
0.08, 3735256
0.08, 3734424
0.08, 3731884
0.08, 3731122
0.08, 3666883
0.08, 3665254
0.08, 3662963
0.08, 3656213
0.08, 3647016
0.08, 3646879
0.08, 3646579
0.08, 3640149
0.08, 3630407
0.08, 3625031
0.08, 3623921
0.08, 3619994
0.08, 3612245
0.08, 3611954
0.08, 3610504
0.08, 3609551
0.08, 3608732
0.08, 3607981
0.08, 3607447
0.08, 3604774
0.08, 3603115
0.08, 3602806
0.08, 3602065
0.08, 3600495
0.08, 3590473
0.08, 3589477
0.08, 3579233
0.08, 3577088
0.08, 3575807
0.08, 3573870
0.08, 3573617
0.08, 3572439
0.08, 3572024
0.08, 3569225
0.08, 3569039
0.08, 3568703
0.08, 3514136
0.08, 3512629
0.08, 3445117
0.08, 3436932
0.08, 3428643
0.08, 3427795
0.08, 3401786
0.08, 3401512
0.08, 3398310
0.08, 3391807
0.08, 3390462
0.08, 3390204
0.08, 3385361
0.08, 3383271
0.08, 3383093
0.08, 3382058
0.08, 3375531
0.08, 3366493
0.08, 3364877
0.08, 3356447
0.08, 3349554
0.08, 3349388
0.08, 3346972
0.08, 3346114
0.08, 3314861
0.08, 3314659
0.08, 3312945
0.08, 3311236
0.08, 3310256
0.08, 3309702
0.08, 3308512
0.08, 3307738
0.08, 3306679
0.08, 3304229
0.08, 3303983
0.08, 3303854
0.08, 3302456
0.08, 3299606
0.08, 3298956
0.08, 3298413
0.08, 3297599
0.08, 3296982
0.08, 3296718
0.08, 3296169
0.08, 3295028
0.08, 3293998
0.08, 3286410
0.08, 3279831
0.08, 3235392
0.08, 3227322
0.08, 3224909
0.08, 3224709
0.08, 3224599
0.08, 3224028
0.08, 3221587
0.08, 3220561
0.08, 3216260
0.08, 3216027
0.08, 3209243
0.08, 3205439
0.08, 3205080
0.08, 3203012
0.08, 3187346
0.08, 3187277
0.08, 3186783
0.08, 3186142
0.08, 3186135
0.08, 3184075
0.08, 3183765
0.08, 3181319
0.08, 3181206
0.08, 3181076
0.08, 3180469
0.08, 3179463
0.08, 3179043
0.08, 3178023
0.08, 3177460
0.08, 3174884
0.08, 3153805
0.08, 3153425
0.08, 3083731
0.08, 3032543
0.08, 3025991
0.08, 3024006
0.08, 3019947
0.08, 2986766
0.08, 2897967
0.08, 2853507
0.08, 2815330
0.08, 2779901
0.08, 2729158
0.08, 2719031
0.08, 2669914
0.08, 2664141
0.08, 2617352
0.08, 2614431
0.08, 2563137
0.08, 2562136
0.08, 2561868
0.08, 2560277
0.08, 2559708
0.08, 2520647
0.08, 2511797
0.08, 2508933
0.08, 2499227
0.08, 2492810
0.08, 2374877
0.08, 2372181
0.08, 2366749
0.08, 2364950
0.08, 2354591
0.08, 2335513
0.08, 2318561
0.08, 2314816
0.08, 2307046
0.08, 2302160
0.08, 2291248
0.08, 2267773
0.08, 2267242
0.08, 2265850
0.08, 2186937
0.08, 2186130
0.08, 2181712
0.08, 2169109
0.08, 2167509
0.08, 2156072
0.08, 2063362
0.08, 2057991
0.08, 1956617
0.09, 1954760
0.09, 1952248
0.09, 1950373
0.09, 1950337
0.09, 1947887
0.09, 1935931
0.09, 1935914
0.09, 1931454
0.09, 1930750
0.09, 1928535
0.09, 1928015
0.09, 1926200
0.09, 1917420
0.09, 1917241
0.09, 1912954
0.09, 1912777
0.09, 1906458
0.09, 1861268
0.09, 1853228
0.09, 1851409
0.09, 1851343
0.09, 1851183
0.09, 1850892
0.09, 1844172
0.09, 1791477
0.09, 1783846
0.09, 1722587
0.09, 1718420
0.09, 1663523
0.09, 1659703
0.09, 1659702
0.09, 1658387
0.09, 1641035
0.09, 1638867
0.09, 1636302
0.09, 1533616
0.09, 1532559
0.09, 1418897
0.09, 1418380
0.09, 1418085
0.09, 1417190
0.09, 1322771
0.09, 1319303
0.09, 1306212
0.09, 1303160
0.09, 1239034
0.09, 1238441
0.09, 1232633
0.09, 1228706
0.09, 1162158
0.09, 1162078
0.09, 1161712
0.09, 1139067
0.09, 1137986
0.09, 1112868
0.09, 1111748
0.09, 1066264
0.09, 1062242
0.09, 1061369
0.09, 1061234
0.09, 1053655
0.09, 1053388
0.09, 1049949
0.09, 1038073
0.09, 1035900
0.09, 1029208
0.09, 1029051
0.09, 1005867
0.09, 1004594
0.09, 980104
0.09, 980094
0.09, 971523
0.09, 970999
0.09, 964603
0.09, 964175
0.09, 950551
0.09, 948314
0.09, 947420
0.09, 946135
0.09, 943555
0.09, 943197
0.09, 942247
0.09, 942170
0.09, 942071
0.09, 942027
0.09, 942013
0.09, 941607
0.09, 941172
0.09, 938576
0.09, 931087
0.09, 930043
0.09, 928690
0.09, 920301
0.09, 919542
0.09, 919520
0.09, 916410
0.09, 914646
0.09, 914588
0.09, 913622
0.09, 910391
0.09, 909443
0.09, 908880
0.09, 908084
0.09, 904213
0.09, 902249
0.09, 898925
0.09, 896191
0.09, 892601
0.09, 892213
0.09, 891632
0.09, 890707
0.09, 889752
0.09, 889669
0.09, 888811
0.09, 888382
0.09, 887735
0.09, 886523
0.09, 885682
0.09, 885101
0.09, 884176
0.09, 883839
0.09, 883793
0.09, 883207
0.09, 881747
0.09, 881281
0.09, 881223
0.09, 881180
0.09, 880729
0.09, 879925
0.09, 878836
0.09, 878636
0.09, 878616
0.09, 878438
0.09, 878298
0.09, 877644
0.09, 876207
0.09, 876206
0.09, 875403
0.09, 875361
0.09, 875204
0.1, 874922
0.1, 873872
0.1, 873837
0.1, 873708
0.1, 873041
0.1, 872743
0.1, 872600
0.1, 872581
0.1, 871636
0.1, 868563
0.1, 867924
0.1, 867745
0.1, 865813
0.1, 865433
0.1, 865274
0.1, 864752
0.1, 864728
0.1, 864727
0.1, 864395
0.1, 862952
0.1, 862924
0.1, 862600
0.1, 862103
0.1, 861872
0.1, 861382
0.1, 861035
0.1, 854754
0.1, 849963
0.1, 847486
0.1, 843485
0.1, 842932
0.1, 830517
0.1, 829594
0.1, 828631
0.1, 827340
0.1, 826774
0.1, 826476
0.1, 820966
0.1, 819687
0.1, 813087
0.1, 812283
0.1, 812115
0.1, 811866
0.1, 811830
0.1, 811403
0.1, 810911
0.1, 809894
0.1, 808937
0.1, 808199
0.1, 807895
0.1, 807617
0.1, 807455
0.1, 806412
0.1, 805803
0.1, 805535
0.1, 804541
0.1, 802249
0.1, 800687
0.1, 800480
0.1, 798471
0.1, 798124
0.1, 797478
0.1, 796085
0.1, 794429
0.1, 793868
0.1, 793858
0.1, 793214
0.1, 793046
0.1, 792081
0.1, 791743
0.1, 791323
0.1, 790484
0.1, 790422
0.1, 790390
0.1, 789926
0.1, 786717
0.1, 785807
0.1, 785805
0.1, 785388
0.1, 785340
0.1, 785001
0.1, 784661
0.1, 784637
0.1, 783811
0.11, 783703
0.11, 783132
0.11, 781764
0.11, 780942
0.11, 780404
0.11, 779831
0.11, 779812
0.11, 778558
0.11, 778370
0.11, 777586
0.11, 776716
0.11, 775366
0.11, 774616
0.11, 774001
0.11, 772689
0.11, 771784
0.11, 770023
0.11, 769778
0.11, 769501
0.11, 769449
0.11, 769173
0.11, 769145
0.11, 768767
0.11, 767181
0.11, 766342
0.11, 765984
0.11, 765901
0.11, 762354
0.11, 761684
0.11, 761216
0.11, 761120
0.11, 760938
0.11, 758662
0.11, 757822
0.11, 756844
0.11, 755175
0.11, 753792
0.11, 753068
0.11, 753021
0.11, 752446
0.12, 752211
0.12, 752031
0.12, 751812
0.12, 751347
0.12, 751181
0.12, 751012
0.12, 750791
0.12, 750586
0.12, 750110
0.12, 748774
0.12, 748169
0.12, 747828
0.12, 747007
0.12, 746199
0.12, 744966
0.12, 743598
0.12, 742956
0.12, 742275
0.13, 742014
0.13, 741797
0.13, 741697
0.13, 739725
0.13, 737940
0.13, 737605
0.13, 736741
0.13, 736681
0.14, 735727
0.14, 732537
0.14, 732399
0.15, 731904
0.15, 730607
0.15, 730496
0.15, 729977
0.15, 729599
0.15, 723951
0.2, 718457
0.2, 718289
0.2, 717890
0.2, 717588
0.21, 717083
0.21, 717050
0.21, 717004
0.21, 716886
0.21, 716728
0.21, 716615
0.21, 716282
0.21, 714613
0.21, 714245
0.21, 713377
0.21, 712812
0.21, 712015
0.21, 709736
0.21, 704495
0.21, 703960
0.21, 701854
0.21, 699647
0.21, 699097
0.21, 698918
0.21, 698752
0.21, 698605
0.21, 697521
0.22, 697136
0.22, 697119
0.22, 697048
0.22, 696064
0.22, 696036
0.22, 695956
0.22, 695011
0.22, 694996
0.22, 694896
0.22, 692043
0.22, 691963
0.22, 690287
0.22, 690283
0.22, 689993
0.22, 689258
0.29, 688939
0.29, 688778
0.29, 688586
0.36, 687623
0.36, 687563
0.55, 687024
0.55, 686764
0.55, 685587
0.55, 684963
0.55, 684003
0.55, 683514
0.55, 683488
0.55, 683271
0.55, 682971
0.55, 682076
0.56, 681793
0.56, 681738
0.56, 680874
0.56, 680727
0.56, 680480
0.56, 680154
0.56, 679912
0.56, 679602
0.56, 678817
0.56, 678754
0.56, 677499
0.56, 677066
0.56, 675381
0.57, 674954
