0.06, 6806941
0.06, 6803702
0.06, 6798046
0.06, 6782155
0.06, 6781658
0.06, 6759787
0.06, 6759224
0.06, 6758738
0.06, 6729228
0.06, 6710644
0.06, 6696532
0.06, 6682500
0.06, 6674033
0.06, 6667387
0.06, 6663450
0.06, 6654338
0.06, 6628572
0.06, 6611049
0.06, 6592693
0.06, 6591892
0.06, 6561508
0.06, 6560788
0.06, 6559506
0.06, 6516607
0.06, 6514982
0.06, 6509051
0.06, 6491924
0.06, 6458189
0.06, 6448378
0.06, 6446825
0.06, 6443856
0.06, 6427587
0.06, 6427152
0.06, 6377409
0.06, 6358373
0.06, 6352752
0.06, 6339588
0.06, 6333274
0.06, 6329291
0.06, 6295549
0.06, 6293140
0.06, 6259890
0.06, 6241410
0.06, 6236729
0.06, 6209125
0.06, 6181985
0.06, 6179400
0.06, 6145978
0.06, 6139649
0.06, 6138629
0.06, 6107283
0.06, 6106668
0.06, 6095268
0.06, 6094537
0.06, 6093823
0.06, 6081204
0.06, 6034242
0.06, 6031065
0.06, 6028268
0.06, 6026289
0.06, 6018265
0.06, 6017818
0.06, 6017660
0.06, 6008701
0.06, 6006779
0.06, 6006725
0.06, 6004679
0.06, 5993836
0.06, 5960475
0.06, 5959232
0.06, 5957203
0.06, 5943725
0.06, 5941322
0.06, 5928814
0.06, 5928730
0.06, 5905623
0.06, 5905032
0.06, 5903885
0.06, 5903177
0.06, 5902320
0.06, 5901992
0.06, 5883945
0.06, 5882119
0.06, 5855803
0.06, 5853519
0.06, 5833348
0.06, 5819485
0.06, 5819213
0.06, 5723579
0.06, 5723380
0.06, 5716145
0.06, 5689794
0.06, 5677926
0.06, 5676893
0.06, 5610162
0.06, 5574143
0.06, 5538943
0.06, 5503444
0.06, 5497417
0.06, 5494193
0.06, 5494106
0.06, 5416893
0.06, 5347631
0.06, 5289019
0.06, 5261731
0.06, 5212936
0.06, 5186676
0.06, 5183896
0.06, 5182901
0.06, 5160290
0.06, 5139853
0.06, 5139793
0.06, 5012392
0.06, 4974466
0.06, 4970157
0.06, 4909465
0.06, 4904794
0.06, 4903101
0.06, 4893620
0.06, 4891933
0.06, 4874982
0.06, 4822052
0.06, 4821679
0.06, 4747039
0.06, 4746364
0.06, 4681427
0.06, 4676537
0.06, 4628826
0.06, 4628041
0.06, 4626636
0.06, 4597764
0.06, 4596313
0.06, 4594429
0.06, 4588330
0.06, 4582803
0.07, 4580269
0.07, 4565546
0.07, 4562777
0.07, 4558972
0.07, 4552550
0.07, 4516081
0.07, 4493043
0.07, 4484633
0.07, 4444422
0.07, 4443654
0.07, 4440717
0.07, 4437351
0.07, 4434043
0.07, 4422819
0.07, 4420589
0.07, 4354640
0.07, 4339913
0.07, 4292507
0.07, 4263470
0.07, 4257343
0.07, 4229316
0.07, 4216221
0.07, 4213771
0.07, 4201899
0.07, 4183786
0.07, 4164673
0.07, 4142143
0.07, 4128136
0.07, 4118537
0.07, 4073214
0.07, 4071133
0.07, 4061215
0.07, 4059753
0.07, 4058503
0.07, 4057803
0.07, 4022379
0.07, 4019055
0.07, 3988217
0.07, 3985884
0.07, 3972642
0.07, 3970207
0.07, 3955924
0.07, 3941839
0.07, 3913803
0.07, 3912301
0.07, 3910924
0.07, 3879471
0.07, 3869608
0.07, 3862047
0.07, 3853490
0.07, 3816084
0.07, 3793368
0.07, 3717479
0.07, 3700928
0.07, 3621032
0.07, 3601234
0.07, 3535121
0.07, 3531818
0.07, 3459265
0.07, 3448867
0.07, 3414342
0.07, 3405751
0.07, 3340767
0.07, 3328857
0.07, 3319962
0.07, 3315342
0.07, 3310132
0.07, 3285764
0.07, 3283636
0.07, 3264378
0.07, 3185777
0.07, 3178734
0.07, 3178644
0.07, 3166096
0.07, 3130466
0.07, 3050835
0.07, 3011526
0.07, 3001485
0.07, 2955118
0.07, 2947530
0.07, 2923237
0.07, 2916002
0.07, 2892563
0.07, 2882483
0.07, 2839752
0.07, 2826570
0.07, 2824635
0.07, 2737020
0.07, 2737016
0.07, 2674973
0.07, 2637274
0.07, 2636727
0.07, 2635998
0.07, 2622573
0.07, 2620234
0.07, 2609916
0.07, 2599570
0.07, 2599450
0.07, 2599428
0.07, 2596996
0.07, 2576674
0.07, 2559322
0.07, 2559248
0.07, 2556178
0.07, 2554919
0.07, 2554672
0.07, 2524301
0.07, 2523200
0.07, 2522736
0.07, 2521585
0.07, 2521389
0.07, 2495934
0.07, 2495151
0.07, 2438110
0.07, 2438008
0.07, 2406312
0.07, 2404959
0.07, 2403596
0.07, 2401820
0.07, 2401291
0.07, 2396284
0.07, 2394464
0.07, 2386227
0.07, 2385159
0.07, 2376791
0.07, 2376596
0.07, 2376525
0.07, 2373812
0.07, 2372848
0.07, 2372393
0.07, 2371481
0.07, 2371390
0.07, 2370015
0.07, 2368921
0.07, 2365484
0.07, 2365317
0.07, 2365035
0.07, 2360760
0.07, 2356938
0.07, 2352769
0.07, 2346779
0.07, 2345053
0.07, 2342818
0.07, 2341062
0.07, 2336915
0.07, 2335768
0.07, 2334192
0.07, 2334178
0.07, 2333917
0.07, 2332777
0.07, 2329304
0.07, 2324047
0.07, 2322743
0.07, 2322636
0.07, 2312983
0.07, 2310660
0.07, 2308689
0.07, 2308133
0.07, 2300000
0.07, 2299740
0.07, 2296563
0.07, 2296040
0.07, 2295160
0.07, 2290815
0.07, 2290582
0.07, 2286652
0.07, 2283549
0.07, 2263495
0.07, 2263114
0.07, 2258794
0.07, 2258494
0.07, 2258426
0.07, 2249255
0.07, 2248918
0.07, 2248862
0.07, 2247896
0.07, 2247785
0.07, 2243023
0.07, 2242665
0.07, 2242222
0.07, 2240113
0.07, 2239793
0.07, 2239642
0.07, 2239136
0.07, 2237989
0.07, 2237915
0.07, 2236009
0.07, 2224235
0.07, 2222735
0.07, 2220974
0.07, 2217594
0.07, 2213416
0.07, 2210864
0.07, 2210335
0.07, 2209447
0.07, 2208811
0.07, 2201884
0.07, 2201558
0.07, 2196337
0.07, 2196323
0.07, 2192431
0.07, 2191603
0.07, 2191203
0.07, 2186456
0.07, 2184980
0.07, 2183657
0.08, 2183397
0.08, 2183277
0.08, 2183272
0.08, 2174329
0.08, 2173601
0.08, 2169556
0.08, 2159429
0.08, 2155548
0.08, 2154509
0.08, 2154351
0.08, 2153455
0.08, 2151742
0.08, 2151191
0.08, 2150409
0.08, 2149074
0.08, 2148780
0.08, 2148074
0.08, 2147446
0.08, 2145880
0.08, 2110632
0.08, 2109884
0.08, 2109759
0.08, 2099010
0.08, 2098404
0.08, 2080256
0.08, 2079852
0.08, 2077863
0.08, 2074047
0.08, 2073996
0.08, 2073068
0.08, 2072583
0.08, 2068802
0.08, 2068352
0.08, 2067124
0.08, 2066722
0.08, 2066449
0.08, 2065608
0.08, 2063233
0.08, 2062333
0.08, 2062131
0.08, 2058413
0.08, 2057589
0.08, 2057556
0.08, 2055783
0.08, 2055700
0.08, 2055536
0.08, 2054216
0.08, 2041165
0.08, 2040752
0.08, 2039502
0.08, 2038413
0.08, 2034573
0.08, 2034311
0.08, 2032138
0.08, 2032119
0.08, 2028913
0.08, 2015444
0.08, 2015021
0.08, 1997001
0.08, 1996234
0.08, 1979251
0.08, 1977067
0.08, 1976769
0.08, 1975332
0.08, 1975201
0.08, 1971259
0.08, 1970714
0.08, 1970200
0.08, 1965197
0.08, 1964929
0.08, 1964309
0.08, 1963745
0.08, 1963742
0.08, 1951498
0.08, 1950111
0.08, 1949898
0.08, 1948573
0.08, 1948430
0.08, 1945985
0.08, 1941258
0.08, 1940595
0.08, 1897259
0.08, 1897084
0.08, 1894447
0.08, 1893043
0.08, 1891441
0.08, 1889768
0.08, 1889598
0.08, 1889258
0.08, 1888517
0.08, 1887847
0.08, 1885769
0.08, 1885670
0.08, 1883996
0.08, 1882141
0.08, 1877208
0.08, 1876959
0.08, 1876918
0.08, 1872086
0.08, 1870678
0.08, 1870360
0.08, 1863297
0.08, 1862024
0.08, 1861866
0.08, 1857603
0.08, 1854159
0.08, 1853651
0.08, 1852553
0.08, 1851950
0.08, 1851051
0.08, 1830855
0.08, 1813894
0.08, 1795608
0.08, 1795056
0.08, 1788321
0.08, 1783164
0.08, 1782798
0.08, 1782072
0.08, 1779463
0.08, 1776278
0.08, 1770448
0.08, 1764232
0.08, 1761125
0.08, 1754908
0.08, 1752864
0.08, 1752676
0.08, 1752472
0.08, 1751691
0.08, 1716256
0.08, 1715864
0.08, 1715251
0.08, 1715130
0.08, 1714932
0.08, 1714182
0.08, 1712361
0.08, 1702545
0.08, 1701406
0.08, 1700006
0.08, 1680651
0.08, 1673172
0.08, 1665599
0.08, 1664843
0.08, 1664723
0.08, 1663853
0.08, 1656766
0.08, 1654241
0.08, 1634618
0.08, 1631994
0.08, 1627500
0.08, 1627133
0.08, 1625624
0.08, 1623666
0.08, 1622028
0.08, 1616973
0.08, 1611997
0.08, 1610626
0.08, 1607766
0.08, 1607616
0.08, 1606193
0.08, 1603633
0.08, 1582747
0.08, 1581892
0.08, 1578984
0.08, 1578409
0.08, 1570298
0.08, 1569126
0.08, 1568585
0.08, 1559781
0.08, 1558637
0.08, 1558360
0.08, 1553468
0.08, 1551983
0.08, 1550868
0.08, 1548050
0.08, 1542887
0.08, 1538838
0.08, 1532493
0.08, 1530617
0.08, 1528941
0.08, 1528357
0.08, 1524664
0.08, 1524497
0.08, 1521493
0.08, 1521334
0.08, 1519153
0.08, 1512552
0.08, 1498508
0.08, 1498344
0.08, 1495270
0.08, 1495144
0.08, 1490377
0.08, 1489496
0.08, 1488486
0.08, 1486462
0.08, 1486354
0.08, 1485884
0.08, 1484948
0.08, 1484808
0.08, 1481815
0.08, 1457138
0.08, 1453591
0.08, 1453419
0.08, 1451928
0.08, 1451030
0.08, 1450724
0.08, 1447112
0.08, 1438442
0.08, 1432529
0.08, 1409095
0.08, 1407301
0.08, 1404662
0.08, 1403329
0.08, 1398694
0.08, 1398670
0.08, 1392735
0.08, 1391523
0.08, 1389726
0.08, 1389113
0.08, 1389035
0.09, 1388854
0.09, 1388689
0.09, 1388558
0.09, 1387971
0.09, 1385705
0.09, 1385210
0.09, 1383999
0.09, 1382962
0.09, 1381732
0.09, 1381636
0.09, 1379769
0.09, 1379405
0.09, 1379286
0.09, 1378546
0.09, 1378475
0.09, 1378418
0.09, 1378103
0.09, 1377440
0.09, 1377380
0.09, 1377227
0.09, 1376794
0.09, 1374744
0.09, 1370248
0.09, 1368889
0.09, 1368602
0.09, 1365720
0.09, 1365347
0.09, 1364691
0.09, 1358861
0.09, 1353457
0.09, 1353094
0.09, 1352254
0.09, 1344423
0.09, 1343843
0.09, 1343101
0.09, 1342585
0.09, 1340062
0.09, 1336670
0.09, 1335557
0.09, 1330906
0.09, 1330842
0.09, 1312198
0.09, 1311618
0.09, 1311115
0.09, 1307085
0.09, 1303988
0.09, 1292119
0.09, 1288373
0.09, 1287055
0.09, 1286805
0.09, 1274018
0.09, 1253127
0.09, 1250385
0.09, 1237737
0.09, 1232409
0.09, 1230867
0.09, 1228762
0.09, 1226677
0.09, 1216093
0.09, 1191974
0.09, 1183011
0.09, 1179027
0.09, 1167772
0.09, 1167294
0.09, 1161098
0.09, 1158311
0.09, 1152282
0.09, 1152199
0.09, 1095623
0.09, 1095068
0.09, 1092122
0.09, 1090084
0.09, 1086647
0.09, 1075722
0.09, 1073397
0.09, 1073356
0.09, 1067875
0.09, 1066557
0.09, 1064278
0.09, 1061102
0.09, 1060654
0.09, 1058930
0.09, 1055693
0.09, 1053515
0.09, 1053467
0.09, 1052513
0.09, 1052051
0.09, 983913
0.09, 982886
0.09, 981915
0.09, 978329
0.09, 977817
0.09, 958143
0.09, 946416
0.09, 944511
0.09, 929623
0.09, 929615
0.09, 928031
0.09, 927576
0.09, 922242
0.09, 921021
0.09, 920522
0.09, 919628
0.09, 918640
0.09, 916063
0.09, 915656
0.09, 913453
0.09, 913168
0.09, 911533
0.09, 910227
0.09, 909060
0.09, 908869
0.09, 908550
0.09, 908421
0.09, 908151
0.09, 906828
0.09, 906737
0.09, 904397
0.09, 895785
0.09, 893297
0.09, 888459
0.09, 887643
0.09, 875343
0.09, 868901
0.09, 867827
0.09, 861814
0.09, 861602
0.09, 861444
0.09, 860968
0.09, 860841
0.09, 858707
0.09, 853124
0.09, 852872
0.09, 852636
0.09, 852464
0.09, 852361
0.09, 852319
0.09, 852171
0.09, 852169
0.1, 852028
0.1, 850653
0.1, 850632
0.1, 850172
0.1, 849891
0.1, 849716
0.1, 849430
0.1, 849249
0.1, 848512
0.1, 848246
0.1, 846078
0.1, 844573
0.1, 844016
0.1, 843984
0.1, 842983
0.1, 842310
0.1, 841999
0.1, 840870
0.1, 840746
0.1, 840714
0.1, 840172
0.1, 840109
0.1, 839656
0.1, 837341
0.1, 830729
0.1, 829880
0.1, 829035
0.1, 828457
0.1, 828254
0.1, 828015
0.1, 827239
0.1, 824960
0.1, 823771
0.1, 823004
0.1, 822796
0.1, 821748
0.1, 820738
0.1, 819769
0.1, 818550
0.1, 816716
0.1, 816642
0.1, 816417
0.1, 811026
0.1, 809901
0.1, 809308
0.1, 808922
0.1, 805732
0.1, 805072
0.1, 803115
0.1, 801424
0.1, 799932
0.1, 797715
0.1, 788918
0.1, 787392
0.1, 785035
0.1, 782474
0.1, 778242
0.1, 775523
0.1, 774116
0.1, 774038
0.1, 767289
0.1, 767079
0.1, 766669
0.1, 734244
0.1, 729590
0.1, 728713
0.1, 728305
0.1, 726948
0.11, 726599
0.11, 724896
0.11, 723180
0.11, 722280
0.11, 719467
0.11, 719323
0.11, 719233
0.11, 718268
0.11, 717961
0.11, 717677
0.11, 717143
0.11, 716850
0.11, 716253
0.11, 715849
0.11, 715618
0.11, 715469
0.11, 715035
0.11, 713790
0.11, 713727
0.11, 711616
0.11, 711079
0.11, 710127
0.11, 708791
0.11, 708604
0.11, 707259
0.12, 706667
0.12, 706525
0.12, 706488
0.12, 705300
0.12, 705073
0.12, 704991
0.12, 704152
0.12, 703794
0.12, 703299
0.13, 702730
0.13, 702304
0.13, 702241
0.13, 700986
0.14, 700859
0.2, 700607
0.2, 700244
0.2, 696546
0.2, 695403
0.2, 694145
0.2, 693879
0.2, 693240
0.2, 692135
0.21, 690793
0.21, 688190
0.21, 688142
0.21, 687867
0.21, 687784
0.21, 686676
0.21, 686656
0.21, 686382
0.21, 685016
0.21, 684780
0.49, 684449
0.5, 684314
0.5, 684113
0.5, 683677
0.5, 683496
0.5, 683493
0.51, 683448
0.52, 683377
0.52, 683228
0.52, 683215
0.52, 682968
1.74, 682212
1.74, 682121
1.74, 682076
1.74, 680470
1.74, 677798
1.74, 677052
1.74, 676883
1.74, 676418
1.74, 676373
1.74, 676228
1.74, 676023
1.75, 674742
1.75, 674006
