0.06, 7092035
0.06, 7087372
0.06, 7084195
0.06, 7078864
0.06, 7075578
0.06, 7067204
0.06, 7045921
0.06, 7022534
0.06, 7009879
0.06, 7008942
0.06, 6987762
0.06, 6987047
0.06, 6952488
0.06, 6951920
0.06, 6939206
0.06, 6906915
0.06, 6905048
0.06, 6863125
0.06, 6861238
0.06, 6842911
0.06, 6836884
0.06, 6813141
0.06, 6783196
0.06, 6781430
0.06, 6778200
0.06, 6772664
0.06, 6738914
0.06, 6710776
0.06, 6589880
0.06, 6567552
0.06, 6533978
0.06, 6497375
0.06, 6487128
0.06, 6463882
0.06, 6459810
0.06, 6450239
0.06, 6440311
0.06, 6437776
0.06, 6431613
0.06, 6427817
0.06, 6425155
0.06, 6420572
0.06, 6418196
0.06, 6413864
0.06, 6413103
0.06, 6407065
0.06, 6405216
0.06, 6398922
0.06, 6395297
0.06, 6393247
0.06, 6387493
0.06, 6366014
0.06, 6357663
0.06, 6285903
0.06, 6285682
0.06, 6239442
0.06, 6239090
0.06, 6197066
0.06, 6187624
0.06, 6175221
0.06, 6172756
0.06, 6168562
0.06, 6162230
0.07, 6159378
0.07, 6158118
0.07, 6156090
0.07, 6156000
0.07, 6146006
0.07, 6142559
0.07, 6137714
0.07, 6129930
0.07, 6127955
0.07, 6117798
0.07, 6113268
0.07, 6107178
0.07, 6075290
0.07, 6070701
0.07, 6035009
0.07, 6033790
0.07, 6028396
0.07, 6018933
0.07, 6016549
0.07, 5983606
0.07, 5978031
0.07, 5977843
0.07, 5873199
0.07, 5855907
0.07, 5849171
0.07, 5825170
0.07, 5816216
0.07, 5807072
0.07, 5804682
0.07, 5804358
0.07, 5796454
0.07, 5796387
0.07, 5795162
0.07, 5792036
0.07, 5777929
0.07, 5775656
0.07, 5767461
0.07, 5762965
0.07, 5761747
0.07, 5760106
0.07, 5757551
0.07, 5733594
0.07, 5731097
0.07, 5730250
0.07, 5728271
0.07, 5727826
0.07, 5723923
0.07, 5723779
0.07, 5720576
0.07, 5714556
0.07, 5713884
0.07, 5713851
0.07, 5711974
0.07, 5711721
0.07, 5689376
0.07, 5689232
0.07, 5662927
0.07, 5662280
0.07, 5659267
0.07, 5642223
0.07, 5641091
0.07, 5630415
0.07, 5628257
0.07, 5620008
0.07, 5581104
0.07, 5575226
0.07, 5536695
0.07, 5534586
0.07, 5527198
0.07, 5524292
0.07, 5505017
0.07, 5501305
0.07, 5496259
0.07, 5495722
0.07, 5481920
0.07, 5479171
0.07, 5463136
0.07, 5450857
0.07, 5436813
0.07, 5423782
0.07, 5423524
0.07, 5420474
0.07, 5416540
0.07, 5376727
0.07, 5364532
0.07, 5326491
0.07, 5314200
0.07, 5272855
0.07, 5272744
0.07, 5272354
0.07, 5270948
0.07, 5227661
0.07, 5221666
0.07, 5209834
0.07, 5207735
0.07, 5206499
0.07, 5205870
0.07, 5202502
0.07, 5201283
0.07, 5200823
0.07, 5199576
0.07, 5199401
0.07, 5196521
0.07, 5195877
0.07, 5194673
0.07, 5193049
0.07, 5107365
0.07, 5106456
0.07, 5098260
0.07, 5095989
0.07, 5095872
0.07, 5092149
0.07, 5090173
0.07, 5012906
0.07, 5008054
0.07, 4940752
0.07, 4936432
0.07, 4851321
0.07, 4844279
0.07, 4807490
0.07, 4783226
0.07, 4773758
0.07, 4772134
0.07, 4670784
0.07, 4670699
0.07, 4510431
0.07, 4509360
0.07, 4459762
0.07, 4451441
0.07, 4411768
0.07, 4411342
0.07, 4341222
0.07, 4339508
0.07, 4336968
0.07, 4323616
0.07, 4319699
0.07, 4302319
0.07, 4300859
0.07, 4298844
0.07, 4298628
0.07, 4245617
0.07, 4229527
0.07, 4229294
0.07, 4227988
0.07, 4218013
0.07, 4214365
0.07, 4165500
0.07, 4151263
0.07, 4119199
0.07, 4054644
0.07, 4049811
0.07, 4048867
0.07, 4034090
0.07, 4017150
0.07, 4016263
0.07, 4001902
0.07, 3986105
0.07, 3983233
0.07, 3938684
0.07, 3931832
0.07, 3931059
0.07, 3893968
0.07, 3780071
0.07, 3773273
0.07, 3761542
0.07, 3746772
0.07, 3743800
0.07, 3717907
0.07, 3703158
0.07, 3631233
0.07, 3617183
0.07, 3496838
0.07, 3485100
0.07, 3482569
0.07, 3473373
0.07, 3442268
0.07, 3430588
0.07, 3386949
0.07, 3370452
0.07, 3353234
0.07, 3348639
0.07, 3297670
0.07, 3291038
0.07, 3289891
0.07, 3289782
0.07, 3280545
0.07, 3279599
0.07, 3263024
0.07, 3259875
0.07, 3253157
0.07, 3249260
0.07, 3248165
0.07, 3217721
0.07, 3134254
0.07, 3132721
0.07, 3129462
0.07, 3126687
0.07, 3125262
0.07, 3122440
0.07, 3113165
0.07, 3091197
0.07, 3079972
0.07, 3079947
0.07, 3079586
0.07, 3077015
0.07, 3074412
0.07, 3062261
0.07, 3016712
0.07, 3003766
0.07, 3000475
0.07, 3000363
0.07, 2988365
0.07, 2981537
0.07, 2976394
0.07, 2968417
0.07, 2964377
0.07, 2934446
0.07, 2932825
0.07, 2932561
0.07, 2931819
0.07, 2930678
0.07, 2924193
0.07, 2890489
0.07, 2889736
0.07, 2887314
0.07, 2885507
0.07, 2852258
0.07, 2851545
0.07, 2845621
0.07, 2840950
0.07, 2836532
0.07, 2833252
0.07, 2833236
0.07, 2832767
0.07, 2832700
0.07, 2830359
0.07, 2830271
0.07, 2829895
0.07, 2829456
0.07, 2828397
0.07, 2824810
0.07, 2822500
0.07, 2820465
0.07, 2819869
0.07, 2819054
0.07, 2807937
0.07, 2805610
0.07, 2803525
0.07, 2803500
0.08, 2802457
0.08, 2802203
0.08, 2798129
0.08, 2797368
0.08, 2790161
0.08, 2789266
0.08, 2789144
0.08, 2789086
0.08, 2780920
0.08, 2779118
0.08, 2778794
0.08, 2775795
0.08, 2773912
0.08, 2771746
0.08, 2771183
0.08, 2769796
0.08, 2769422
0.08, 2767195
0.08, 2761887
0.08, 2750824
0.08, 2658527
0.08, 2658193
0.08, 2657876
0.08, 2655528
0.08, 2647257
0.08, 2646504
0.08, 2645339
0.08, 2643720
0.08, 2642770
0.08, 2631035
0.08, 2627666
0.08, 2626802
0.08, 2625045
0.08, 2622949
0.08, 2620313
0.08, 2608895
0.08, 2608655
0.08, 2608119
0.08, 2600769
0.08, 2600154
0.08, 2593330
0.08, 2589617
0.08, 2588732
0.08, 2587099
0.08, 2585610
0.08, 2581643
0.08, 2577756
0.08, 2574860
0.08, 2570099
0.08, 2567119
0.08, 2565865
0.08, 2564267
0.08, 2563283
0.08, 2552157
0.08, 2550931
0.08, 2550448
0.08, 2550279
0.08, 2549626
0.08, 2549379
0.08, 2549368
0.08, 2548360
0.08, 2548290
0.08, 2546893
0.08, 2545676
0.08, 2542037
0.08, 2539595
0.08, 2509774
0.08, 2499793
0.08, 2494238
0.08, 2493512
0.08, 2483034
0.08, 2482785
0.08, 2460583
0.08, 2460532
0.08, 2439099
0.08, 2435739
0.08, 2432206
0.08, 2429814
0.08, 2422427
0.08, 2422123
0.08, 2416520
0.08, 2415373
0.08, 2405553
0.08, 2405461
0.08, 2401394
0.08, 2364037
0.08, 2362704
0.08, 2360286
0.08, 2348935
0.08, 2347616
0.08, 2347612
0.08, 2321015
0.08, 2320954
0.08, 2269750
0.08, 2269632
0.08, 2220555
0.08, 2220484
0.08, 2163615
0.08, 2163484
0.08, 2163337
0.08, 2160317
0.08, 2160195
0.08, 2153329
0.08, 2144212
0.08, 2143759
0.08, 2107092
0.08, 2099772
0.08, 2099591
0.08, 2046802
0.08, 2045695
0.08, 2021501
0.08, 2009715
0.08, 2004220
0.08, 2002370
0.08, 2002350
0.08, 1937014
0.08, 1935740
0.08, 1935699
0.08, 1935338
0.08, 1933168
0.08, 1932932
0.08, 1926536
0.08, 1924011
0.08, 1922964
0.08, 1919526
0.08, 1918632
0.08, 1918536
0.08, 1850924
0.08, 1849496
0.08, 1848847
0.08, 1835153
0.08, 1834868
0.08, 1784061
0.08, 1767800
0.08, 1735287
0.08, 1730695
0.08, 1688610
0.08, 1680752
0.08, 1664141
0.08, 1660989
0.08, 1656639
0.08, 1655991
0.08, 1655475
0.08, 1652567
0.08, 1650800
0.08, 1648920
0.08, 1644813
0.08, 1644655
0.08, 1641711
0.08, 1640795
0.08, 1640439
0.08, 1638312
0.08, 1635533
0.08, 1633264
0.08, 1630237
0.08, 1629993
0.08, 1628966
0.08, 1628583
0.08, 1628486
0.08, 1628364
0.08, 1625563
0.08, 1624993
0.08, 1623915
0.08, 1621270
0.08, 1617212
0.08, 1614987
0.08, 1614871
0.08, 1614430
0.08, 1613535
0.08, 1612731
0.08, 1611163
0.08, 1611151
0.08, 1609716
0.08, 1609321
0.08, 1603731
0.08, 1603148
0.08, 1603091
0.08, 1602942
0.08, 1602209
0.08, 1601190
0.08, 1599200
0.08, 1598689
0.08, 1598525
0.08, 1598360
0.08, 1597783
0.08, 1595571
0.08, 1593888
0.08, 1592868
0.08, 1591522
0.08, 1590911
0.08, 1590800
0.08, 1589864
0.08, 1588709
0.09, 1585954
0.09, 1583099
0.09, 1580495
0.09, 1578293
0.09, 1577894
0.09, 1576354
0.09, 1575856
0.09, 1573267
0.09, 1572526
0.09, 1570182
0.09, 1570157
0.09, 1568555
0.09, 1568481
0.09, 1567323
0.09, 1566775
0.09, 1565059
0.09, 1564998
0.09, 1564986
0.09, 1564726
0.09, 1564332
0.09, 1563781
0.09, 1563400
0.09, 1562809
0.09, 1561444
0.09, 1561010
0.09, 1560717
0.09, 1560483
0.09, 1560030
0.09, 1559705
0.09, 1557675
0.09, 1557493
0.09, 1556365
0.09, 1555683
0.09, 1555481
0.09, 1555422
0.09, 1554145
0.09, 1550103
0.09, 1542472
0.09, 1541696
0.09, 1538712
0.09, 1537603
0.09, 1536441
0.09, 1536041
0.09, 1533681
0.09, 1532515
0.09, 1531771
0.09, 1531490
0.09, 1516731
0.09, 1516708
0.09, 1507366
0.09, 1493567
0.09, 1492435
0.09, 1474789
0.09, 1461045
0.09, 1418532
0.09, 1416158
0.09, 1396586
0.09, 1394289
0.09, 1390715
0.09, 1367514
0.09, 1360769
0.09, 1343003
0.09, 1342640
0.09, 1330493
0.09, 1329434
0.09, 1316094
0.09, 1309602
0.09, 1308438
0.09, 1283754
0.09, 1282366
0.09, 1276740
0.09, 1262392
0.09, 1260010
0.09, 1259999
0.09, 1245847
0.09, 1241080
0.09, 1223757
0.09, 1203491
0.09, 1201811
0.09, 1161986
0.09, 1157844
0.09, 1146536
0.09, 1144918
0.09, 1140966
0.09, 1123203
0.09, 1115796
0.09, 1114778
0.09, 1112590
0.09, 1111715
0.09, 1099346
0.09, 1098660
0.09, 1092580
0.09, 1088223
0.09, 1085258
0.09, 1084229
0.09, 1081848
0.09, 1081154
0.09, 1076244
0.09, 1076149
0.09, 1072955
0.09, 1072176
0.09, 1071495
0.09, 1070942
0.09, 1055299
0.09, 1052427
0.09, 1046394
0.09, 1045313
0.09, 1044949
0.09, 1044256
0.09, 1041889
0.09, 1038618
0.09, 1037243
0.09, 1035350
0.09, 1035289
0.09, 1034900
0.09, 1031979
0.09, 1031281
0.09, 1022006
0.09, 1020459
0.09, 1017783
0.09, 1016852
0.09, 1004973
0.09, 1000116
0.09, 999860
0.09, 988219
0.09, 987857
0.09, 987546
0.09, 986439
0.09, 983188
0.09, 975273
0.09, 973988
0.09, 969180
0.09, 967409
0.09, 967173
0.09, 966243
0.09, 965791
0.09, 964370
0.09, 963756
0.09, 960203
0.09, 958945
0.09, 956637
0.09, 956564
0.09, 956358
0.09, 956276
0.09, 953086
0.09, 950939
0.09, 944232
0.09, 942709
0.09, 941823
0.09, 941133
0.09, 937856
0.09, 937722
0.09, 937576
0.09, 936270
0.09, 935754
0.09, 934998
0.09, 928752
0.09, 928189
0.09, 926975
0.09, 924294
0.09, 923039
0.09, 919522
0.09, 919349
0.09, 917574
0.09, 916712
0.09, 915507
0.09, 914433
0.09, 912922
0.09, 912825
0.09, 912658
0.09, 912185
0.09, 911377
0.09, 907999
0.09, 902796
0.09, 900750
0.09, 899622
0.09, 898859
0.09, 897947
0.09, 897878
0.09, 895191
0.09, 894843
0.09, 894287
0.1, 894158
0.1, 893490
0.1, 892858
0.1, 889515
0.1, 879253
0.1, 879238
0.1, 878520
0.1, 876035
0.1, 874096
0.1, 873392
0.1, 872771
0.1, 869504
0.1, 868506
0.1, 866769
0.1, 864887
0.1, 862801
0.1, 862379
0.1, 862277
0.1, 861938
0.1, 860956
0.1, 860202
0.1, 854731
0.1, 840137
0.1, 839779
0.1, 839724
0.1, 839720
0.1, 839702
0.1, 839538
0.1, 839426
0.1, 839163
0.1, 838629
0.1, 831818
0.1, 831283
0.1, 830780
0.1, 829785
0.1, 829615
0.1, 829137
0.1, 828925
0.1, 828520
0.1, 828169
0.1, 827363
0.1, 826775
0.1, 826739
0.1, 826460
0.1, 825496
0.1, 824943
0.1, 823544
0.1, 823123
0.1, 822112
0.1, 820808
0.1, 820648
0.1, 819726
0.1, 819356
0.1, 818976
0.1, 818740
0.1, 813795
0.1, 813288
0.1, 813156
0.1, 812506
0.1, 811821
0.1, 811741
0.1, 810470
0.1, 810144
0.1, 810130
0.1, 809943
0.1, 808506
0.1, 806085
0.1, 804070
0.1, 803062
0.1, 802783
0.1, 802666
0.1, 802566
0.1, 801948
0.1, 800515
0.1, 799322
0.1, 794664
0.1, 794464
0.1, 793873
0.1, 793336
0.1, 792384
0.1, 789207
0.11, 787915
0.11, 786447
0.11, 786068
0.11, 786005
0.11, 785896
0.11, 785864
0.11, 785847
0.11, 785253
0.11, 784787
0.11, 784261
0.11, 783623
0.11, 782873
0.11, 782196
0.11, 780243
0.11, 779877
0.11, 779222
0.11, 778738
0.11, 777524
0.11, 776734
0.11, 776218
0.11, 776175
0.11, 776161
0.11, 776139
0.11, 775363
0.11, 772721
0.11, 768081
0.11, 765579
0.11, 758975
0.11, 758800
0.11, 757375
0.11, 756897
0.11, 755904
0.11, 755429
0.12, 754124
0.12, 753712
0.12, 753046
0.12, 752746
0.12, 752323
0.12, 752223
0.12, 751758
0.12, 750896
0.12, 749756
0.12, 738397
0.12, 732814
0.12, 732283
0.12, 731078
0.12, 730320
0.12, 729888
0.12, 727819
0.12, 727301
0.12, 726994
0.12, 726891
0.12, 726699
0.12, 726537
0.13, 724989
0.13, 724063
0.13, 722558
0.13, 722219
0.13, 722128
0.13, 722092
0.13, 721942
0.13, 718601
0.13, 713154
0.13, 711958
0.13, 702478
0.13, 701641
0.13, 701065
0.13, 700130
0.14, 699869
0.14, 696998
0.14, 696923
0.14, 693309
0.14, 692090
0.14, 692063
0.28, 690403
0.28, 689420
0.28, 689173
0.28, 689035
0.28, 688751
0.28, 685132
0.28, 684977
0.28, 684019
0.28, 682130
0.28, 682004
0.28, 681719
0.28, 680914
0.29, 680638
0.29, 680610
0.29, 680498
0.29, 678922
0.29, 678862
2.45, 678733
2.45, 678514
2.45, 677975
2.45, 677878
2.45, 677822
2.45, 677595
2.46, 677552
2.46, 677416
