0.06, 7100131
0.06, 7074039
0.06, 7065990
0.06, 7057829
0.06, 7054508
0.06, 7025360
0.06, 7014985
0.06, 7003931
0.06, 6993853
0.06, 6986870
0.06, 6985768
0.06, 6957795
0.06, 6956136
0.06, 6953650
0.06, 6941389
0.06, 6916151
0.06, 6888382
0.06, 6869464
0.06, 6847756
0.06, 6844774
0.06, 6843066
0.06, 6842110
0.06, 6837424
0.06, 6794763
0.06, 6785254
0.06, 6774990
0.06, 6773844
0.06, 6683350
0.06, 6675190
0.06, 6668511
0.06, 6666931
0.06, 6642372
0.06, 6619725
0.06, 6605457
0.06, 6587441
0.06, 6536755
0.06, 6517557
0.06, 6496792
0.06, 6488718
0.06, 6476360
0.06, 6461146
0.06, 6447647
0.06, 6425698
0.06, 6317352
0.06, 6311540
0.06, 6310240
0.06, 6298667
0.06, 6296935
0.06, 6292906
0.06, 6291939
0.06, 6280753
0.06, 6279092
0.06, 6270301
0.06, 6269246
0.06, 6265570
0.06, 6234553
0.06, 6223140
0.06, 6196662
0.06, 6195783
0.06, 6191970
0.06, 6186060
0.06, 6185064
0.06, 6178666
0.06, 6167224
0.06, 6152422
0.06, 6103127
0.06, 6088426
0.06, 6043008
0.06, 6037988
0.06, 6034259
0.06, 6028529
0.06, 6007707
0.06, 5994252
0.06, 5981285
0.06, 5977854
0.06, 5966122
0.06, 5962832
0.06, 5928469
0.06, 5922342
0.06, 5882542
0.06, 5876679
0.06, 5844423
0.06, 5841418
0.06, 5817951
0.06, 5815770
0.06, 5806742
0.06, 5802481
0.06, 5763556
0.06, 5762707
0.06, 5748536
0.06, 5748401
0.06, 5747691
0.06, 5747041
0.06, 5717341
0.06, 5716496
0.06, 5711348
0.06, 5706623
0.06, 5691646
0.06, 5676009
0.06, 5669837
0.06, 5668403
0.06, 5652928
0.06, 5652023
0.06, 5651916
0.06, 5649949
0.06, 5649668
0.06, 5642025
0.06, 5640235
0.06, 5636647
0.06, 5633066
0.06, 5626907
0.06, 5625764
0.06, 5625713
0.06, 5620707
0.06, 5619911
0.06, 5618043
0.06, 5616254
0.06, 5615592
0.06, 5615255
0.06, 5614319
0.06, 5612282
0.06, 5611399
0.06, 5610774
0.06, 5563849
0.06, 5562772
0.06, 5560808
0.06, 5560238
0.06, 5559164
0.06, 5555810
0.06, 5555434
0.06, 5555299
0.06, 5489868
0.06, 5487837
0.06, 5481396
0.06, 5475046
0.06, 5472228
0.06, 5465334
0.06, 5458822
0.06, 5458773
0.06, 5424479
0.06, 5419608
0.06, 5417523
0.06, 5406931
0.06, 5403871
0.06, 5402532
0.06, 5342864
0.06, 5342677
0.06, 5329406
0.06, 5328052
0.06, 5317648
0.06, 5313071
0.06, 5312771
0.06, 5312604
0.06, 5293255
0.06, 5293119
0.06, 5291960
0.06, 5290091
0.06, 5289601
0.06, 5244099
0.06, 5243796
0.06, 5236863
0.06, 5223277
0.06, 5194494
0.06, 5174730
0.06, 5170821
0.06, 5145546
0.06, 5142734
0.06, 5142161
0.06, 5138643
0.06, 5108320
0.06, 5102155
0.06, 5077385
0.06, 5070790
0.06, 5068393
0.06, 5044926
0.07, 5024815
0.07, 5016213
0.07, 5013915
0.07, 5005673
0.07, 5002299
0.07, 5002111
0.07, 4986141
0.07, 4975409
0.07, 4967394
0.07, 4963139
0.07, 4959938
0.07, 4946125
0.07, 4940587
0.07, 4936713
0.07, 4928343
0.07, 4926718
0.07, 4926528
0.07, 4926026
0.07, 4899515
0.07, 4891053
0.07, 4835109
0.07, 4826513
0.07, 4818174
0.07, 4807131
0.07, 4797681
0.07, 4774843
0.07, 4746946
0.07, 4746781
0.07, 4692372
0.07, 4690249
0.07, 4642952
0.07, 4642224
0.07, 4642059
0.07, 4641484
0.07, 4600323
0.07, 4580168
0.07, 4573669
0.07, 4571659
0.07, 4561049
0.07, 4547726
0.07, 4539868
0.07, 4535736
0.07, 4533707
0.07, 4532096
0.07, 4532091
0.07, 4527199
0.07, 4524224
0.07, 4522233
0.07, 4508721
0.07, 4508228
0.07, 4489618
0.07, 4487650
0.07, 4477446
0.07, 4473567
0.07, 4471952
0.07, 4470179
0.07, 4464418
0.07, 4460032
0.07, 4458981
0.07, 4452858
0.07, 4450629
0.07, 4447679
0.07, 4446186
0.07, 4446017
0.07, 4440994
0.07, 4438901
0.07, 4433211
0.07, 4404826
0.07, 4399130
0.07, 4397690
0.07, 4384465
0.07, 4383551
0.07, 4373872
0.07, 4371484
0.07, 4371162
0.07, 4370726
0.07, 4369956
0.07, 4368235
0.07, 4361976
0.07, 4358313
0.07, 4358224
0.07, 4355258
0.07, 4340871
0.07, 4335599
0.07, 4334244
0.07, 4327919
0.07, 4327436
0.07, 4318251
0.07, 4318125
0.07, 4317350
0.07, 4295149
0.07, 4279927
0.07, 4274001
0.07, 4272984
0.07, 4272502
0.07, 4268767
0.07, 4268608
0.07, 4266726
0.07, 4265965
0.07, 4262127
0.07, 4258760
0.07, 4251353
0.07, 4224861
0.07, 4224425
0.07, 4223341
0.07, 4222761
0.07, 4221983
0.07, 4221934
0.07, 4220392
0.07, 4218223
0.07, 4211927
0.07, 4210656
0.07, 4210498
0.07, 4125572
0.07, 4125406
0.07, 4121510
0.07, 4117734
0.07, 4117420
0.07, 4115711
0.07, 4111480
0.07, 4108476
0.07, 4104699
0.07, 4007940
0.07, 4005160
0.07, 4004097
0.07, 4003357
0.07, 4003356
0.07, 4000782
0.07, 3967831
0.07, 3957286
0.07, 3879436
0.07, 3878341
0.07, 3876467
0.07, 3870999
0.07, 3797700
0.07, 3793937
0.07, 3789543
0.07, 3781134
0.07, 3778481
0.07, 3777208
0.07, 3775229
0.07, 3774266
0.07, 3764213
0.07, 3762511
0.07, 3756269
0.07, 3755935
0.07, 3742752
0.07, 3742530
0.07, 3735677
0.07, 3698766
0.07, 3671385
0.07, 3671361
0.07, 3644851
0.07, 3634807
0.07, 3592134
0.07, 3582400
0.07, 3490233
0.07, 3474625
0.07, 3433601
0.07, 3424401
0.07, 3341473
0.07, 3332048
0.07, 3294686
0.07, 3283180
0.07, 3164295
0.07, 3151938
0.07, 3032627
0.07, 3022161
0.07, 3022085
0.07, 3018890
0.07, 3018872
0.07, 3010351
0.07, 3006688
0.07, 3006615
0.07, 2987680
0.07, 2975388
0.07, 2970820
0.07, 2970556
0.07, 2903223
0.07, 2896551
0.07, 2896185
0.07, 2828581
0.07, 2827429
0.07, 2800422
0.07, 2773293
0.07, 2757648
0.07, 2752343
0.07, 2691122
0.07, 2669874
0.07, 2662198
0.07, 2651211
0.07, 2612805
0.07, 2593933
0.07, 2592366
0.07, 2591117
0.07, 2589665
0.07, 2568492
0.07, 2567713
0.07, 2553940
0.07, 2537374
0.07, 2536486
0.07, 2459167
0.07, 2458653
0.07, 2385618
0.07, 2384874
0.07, 2383066
0.07, 2367286
0.07, 2332894
0.07, 2276742
0.07, 2256078
0.07, 2251682
0.07, 2234867
0.07, 2222865
0.07, 2222741
0.07, 2196040
0.07, 2177879
0.07, 2162696
0.07, 2065860
0.07, 2064929
0.07, 2035044
0.07, 2031749
0.07, 1965087
0.07, 1952272
0.07, 1916169
0.07, 1905116
0.07, 1861912
0.07, 1836990
0.07, 1831533
0.07, 1822131
0.07, 1767361
0.07, 1766007
0.07, 1765203
0.07, 1762843
0.07, 1761520
0.07, 1756971
0.07, 1754550
0.07, 1752099
0.07, 1751971
0.07, 1750030
0.07, 1748716
0.07, 1741931
0.07, 1740341
0.07, 1739280
0.08, 1737856
0.08, 1737483
0.08, 1737328
0.08, 1734024
0.08, 1732876
0.08, 1730733
0.08, 1730366
0.08, 1728610
0.08, 1728243
0.08, 1727936
0.08, 1725550
0.08, 1723722
0.08, 1721094
0.08, 1714255
0.08, 1712928
0.08, 1712381
0.08, 1711957
0.08, 1711457
0.08, 1710242
0.08, 1709394
0.08, 1709308
0.08, 1706653
0.08, 1701995
0.08, 1701214
0.08, 1697034
0.08, 1695144
0.08, 1691077
0.08, 1690847
0.08, 1687152
0.08, 1684668
0.08, 1680451
0.08, 1665697
0.08, 1664577
0.08, 1664382
0.08, 1660955
0.08, 1660328
0.08, 1658874
0.08, 1657626
0.08, 1656137
0.08, 1655835
0.08, 1653408
0.08, 1652149
0.08, 1649681
0.08, 1649495
0.08, 1647695
0.08, 1647324
0.08, 1643520
0.08, 1642229
0.08, 1641746
0.08, 1637782
0.08, 1636641
0.08, 1635526
0.08, 1634852
0.08, 1630700
0.08, 1628794
0.08, 1628630
0.08, 1628088
0.08, 1627330
0.08, 1627132
0.08, 1626738
0.08, 1621723
0.08, 1620931
0.08, 1620355
0.08, 1605057
0.08, 1604622
0.08, 1598138
0.08, 1594745
0.08, 1591388
0.08, 1590681
0.08, 1589289
0.08, 1587425
0.08, 1585135
0.08, 1584629
0.08, 1584356
0.08, 1583216
0.08, 1582567
0.08, 1582463
0.08, 1581948
0.08, 1580249
0.08, 1579411
0.08, 1576766
0.08, 1570638
0.08, 1547748
0.08, 1534908
0.08, 1517886
0.08, 1515732
0.08, 1507015
0.08, 1504527
0.08, 1499264
0.08, 1499018
0.08, 1497673
0.08, 1496465
0.08, 1495994
0.08, 1494706
0.08, 1494521
0.08, 1491717
0.08, 1490372
0.08, 1490051
0.08, 1489369
0.08, 1488045
0.08, 1487773
0.08, 1486731
0.08, 1486665
0.08, 1484964
0.08, 1483932
0.08, 1482515
0.08, 1479848
0.08, 1478706
0.08, 1477577
0.08, 1471325
0.08, 1469207
0.08, 1459932
0.08, 1457501
0.08, 1455796
0.08, 1454158
0.08, 1452918
0.08, 1450810
0.08, 1442531
0.08, 1441381
0.08, 1440834
0.08, 1440148
0.08, 1435018
0.08, 1429262
0.08, 1428561
0.08, 1414340
0.08, 1414229
0.08, 1414045
0.08, 1411264
0.08, 1406731
0.08, 1392439
0.08, 1382451
0.08, 1381967
0.08, 1380985
0.08, 1378993
0.08, 1372998
0.08, 1372601
0.08, 1370903
0.08, 1353723
0.08, 1344938
0.08, 1337455
0.08, 1328748
0.08, 1326767
0.08, 1326665
0.08, 1326507
0.08, 1315367
0.08, 1313976
0.08, 1312451
0.08, 1312224
0.08, 1298207
0.08, 1298079
0.08, 1297497
0.08, 1297479
0.08, 1294501
0.08, 1293834
0.08, 1293499
0.08, 1292523
0.08, 1291324
0.08, 1289510
0.08, 1289159
0.08, 1287739
0.08, 1285192
0.08, 1284827
0.08, 1284670
0.08, 1284014
0.08, 1282726
0.08, 1280449
0.08, 1280253
0.08, 1278584
0.08, 1278568
0.08, 1277756
0.08, 1277644
0.08, 1277220
0.08, 1276678
0.08, 1276642
0.08, 1276275
0.08, 1275071
0.08, 1274808
0.08, 1274352
0.08, 1273807
0.08, 1272340
0.08, 1272184
0.08, 1272016
0.08, 1271674
0.08, 1271354
0.08, 1267488
0.08, 1266946
0.08, 1262990
0.08, 1262148
0.08, 1260976
0.08, 1260058
0.08, 1259546
0.08, 1258067
0.08, 1247157
0.08, 1242901
0.08, 1236814
0.08, 1225143
0.08, 1193058
0.08, 1190104
0.08, 1153017
0.08, 1147232
0.08, 1119414
0.08, 1117142
0.08, 1104544
0.08, 1090822
0.08, 1082702
0.08, 1077762
0.08, 1070446
0.08, 1069071
0.08, 1048266
0.08, 1046495
0.08, 1042890
0.08, 1041894
0.08, 1041176
0.08, 1039585
0.08, 1001599
0.08, 999765
0.08, 998028
0.08, 996045
0.08, 995055
0.08, 994515
0.08, 991139
0.08, 990414
0.08, 978687
0.09, 978522
0.09, 978167
0.09, 977866
0.09, 975356
0.09, 971391
0.09, 968642
0.09, 968220
0.09, 966783
0.09, 966587
0.09, 966518
0.09, 965593
0.09, 965400
0.09, 965034
0.09, 964185
0.09, 964120
0.09, 963781
0.09, 963240
0.09, 963230
0.09, 961780
0.09, 961310
0.09, 960810
0.09, 960649
0.09, 959945
0.09, 959874
0.09, 959483
0.09, 954898
0.09, 954324
0.09, 953034
0.09, 952487
0.09, 951331
0.09, 951284
0.09, 950906
0.09, 950579
0.09, 950139
0.09, 948012
0.09, 947947
0.09, 947775
0.09, 947723
0.09, 946030
0.09, 944778
0.09, 943850
0.09, 942422
0.09, 942316
0.09, 941614
0.09, 941015
0.09, 934802
0.09, 933015
0.09, 932766
0.09, 930938
0.09, 928231
0.09, 928224
0.09, 927022
0.09, 926312
0.09, 918322
0.09, 917392
0.09, 912675
0.09, 911281
0.09, 910030
0.09, 907829
0.09, 906328
0.09, 905301
0.09, 903976
0.09, 896725
0.09, 894402
0.09, 889018
0.09, 888709
0.09, 888231
0.09, 887692
0.09, 884517
0.09, 883964
0.09, 880447
0.09, 880299
0.09, 878942
0.09, 877600
0.09, 877177
0.09, 871537
0.09, 871453
0.09, 868572
0.09, 866320
0.09, 864525
0.09, 856491
0.09, 853926
0.09, 852244
0.09, 847729
0.09, 847473
0.09, 844096
0.09, 844074
0.09, 842890
0.09, 842511
0.09, 840447
0.09, 840439
0.09, 839053
0.09, 838900
0.09, 838314
0.09, 835005
0.09, 833616
0.09, 833589
0.09, 833582
0.09, 832043
0.09, 831615
0.09, 830710
0.09, 824457
0.09, 823206
0.09, 822587
0.09, 822113
0.09, 818530
0.09, 818119
0.09, 817932
0.09, 816253
0.09, 814039
0.09, 814019
0.09, 812783
0.09, 812605
0.09, 812390
0.09, 811883
0.09, 810786
0.09, 810565
0.09, 809207
0.09, 808361
0.09, 808075
0.09, 807984
0.09, 807429
0.09, 805555
0.09, 805416
0.09, 805035
0.09, 804516
0.09, 804286
0.09, 803125
0.09, 802090
0.09, 801820
0.09, 801281
0.1, 799405
0.1, 799343
0.1, 797332
0.1, 797088
0.1, 795742
0.1, 795398
0.1, 794769
0.1, 794375
0.1, 794331
0.1, 794111
0.1, 793814
0.1, 792052
0.1, 791767
0.1, 790535
0.1, 790006
0.1, 787635
0.1, 785882
0.1, 782292
0.1, 781988
0.1, 781942
0.1, 781868
0.1, 774971
0.1, 773659
0.1, 760054
0.1, 758053
0.1, 757928
0.1, 754669
0.1, 754393
0.1, 754213
0.1, 754185
0.1, 753743
0.1, 749383
0.1, 741019
0.1, 740477
0.1, 738644
0.1, 738478
0.1, 737762
0.1, 737758
0.1, 737509
0.1, 736708
0.1, 735945
0.1, 735902
0.1, 735831
0.1, 734303
0.1, 731580
0.1, 731463
0.1, 730872
0.1, 730210
0.1, 729653
0.1, 728820
0.1, 727860
0.1, 727190
0.1, 726634
0.1, 724517
0.1, 724225
0.1, 723955
0.1, 721166
0.1, 720884
0.1, 720239
0.1, 718910
0.1, 718732
0.1, 718545
0.1, 718542
0.1, 717411
0.1, 716642
0.1, 714279
0.1, 714235
0.1, 714152
0.1, 713421
0.1, 713354
0.11, 712977
0.11, 710309
0.11, 709956
0.11, 709589
0.11, 709426
0.11, 708450
0.11, 708346
0.11, 707663
0.11, 707349
0.11, 706922
0.11, 706406
0.11, 706358
0.11, 704085
0.11, 701208
0.11, 700450
0.11, 699900
0.11, 699294
0.11, 698457
0.11, 698421
0.11, 698357
0.11, 698189
0.11, 697530
0.11, 697320
0.11, 696921
0.11, 696763
0.11, 692346
0.11, 691841
0.11, 691618
0.11, 691533
0.11, 691076
0.11, 690641
0.11, 690562
0.11, 690112
0.11, 689177
0.11, 687832
0.11, 687629
0.11, 687454
0.11, 687430
0.12, 686675
0.12, 686190
0.12, 685605
0.12, 681873
0.12, 681763
0.12, 681543
0.12, 680565
0.12, 680179
0.13, 680143
0.84, 677969
1.66, 677682
1.66, 677539
1.66, 675854
1.66, 675575
3.87, 673882
3.87, 673599
3.87, 673386
3.87, 672971
3.87, 672501
3.88, 672377
3.88, 671950
3.88, 671513
3.88, 671331
3.88, 670029
3.89, 669539
