0.06, 7034243
0.06, 7007826
0.06, 6980235
0.06, 6950546
0.06, 6942991
0.06, 6907577
0.06, 6902303
0.06, 6880547
0.06, 6879576
0.06, 6846328
0.06, 6845040
0.06, 6831374
0.06, 6830347
0.06, 6822265
0.06, 6811276
0.06, 6780475
0.06, 6759223
0.06, 6742799
0.06, 6700770
0.06, 6691433
0.06, 6664851
0.06, 6663280
0.06, 6656173
0.06, 6655700
0.06, 6629881
0.06, 6626059
0.06, 6596123
0.06, 6575784
0.06, 6563391
0.06, 6538648
0.06, 6420750
0.06, 6417742
0.06, 6387313
0.06, 6386161
0.06, 6386035
0.06, 6381943
0.06, 6380746
0.06, 6362661
0.06, 6337717
0.06, 6314445
0.06, 6295565
0.06, 6294843
0.06, 6284123
0.06, 6283691
0.06, 6282457
0.06, 6279282
0.06, 6279184
0.06, 6276885
0.06, 6265644
0.06, 6243720
0.06, 6225114
0.06, 6214092
0.06, 6201460
0.06, 6198403
0.06, 6174581
0.06, 6161807
0.06, 6155489
0.06, 6148332
0.06, 6141517
0.06, 6139495
0.06, 6133269
0.06, 6131717
0.06, 6087950
0.06, 6084910
0.06, 6057980
0.06, 6045795
0.06, 6041703
0.06, 6038133
0.06, 6036592
0.06, 6014323
0.06, 6014252
0.06, 5975294
0.06, 5975128
0.06, 5974012
0.06, 5972404
0.06, 5971121
0.06, 5970112
0.06, 5968668
0.06, 5950173
0.06, 5946498
0.06, 5946414
0.06, 5941828
0.06, 5939269
0.06, 5883834
0.06, 5880874
0.06, 5876423
0.06, 5872165
0.06, 5825495
0.06, 5825362
0.06, 5808375
0.06, 5808078
0.06, 5800212
0.06, 5785665
0.06, 5784487
0.06, 5784107
0.06, 5778559
0.06, 5776988
0.06, 5776752
0.06, 5775924
0.06, 5775834
0.06, 5772327
0.06, 5772200
0.06, 5761372
0.06, 5751246
0.06, 5750100
0.06, 5732623
0.06, 5728006
0.06, 5722008
0.06, 5717746
0.06, 5717260
0.06, 5711672
0.06, 5710854
0.06, 5705297
0.06, 5698501
0.06, 5693989
0.06, 5686189
0.06, 5682666
0.06, 5673400
0.06, 5671327
0.06, 5668602
0.06, 5652634
0.06, 5649788
0.06, 5649074
0.06, 5643290
0.06, 5632265
0.06, 5619357
0.06, 5606459
0.06, 5600502
0.06, 5577852
0.06, 5575720
0.06, 5530541
0.06, 5529827
0.06, 5524698
0.06, 5518155
0.06, 5514548
0.06, 5504313
0.06, 5486906
0.06, 5475702
0.06, 5473500
0.06, 5470976
0.06, 5465390
0.06, 5463188
0.06, 5453076
0.06, 5452948
0.06, 5444925
0.06, 5444697
0.06, 5441664
0.06, 5438614
0.06, 5403525
0.06, 5402639
0.06, 5401327
0.06, 5397404
0.06, 5378269
0.06, 5363409
0.06, 5360550
0.06, 5341602
0.06, 5336655
0.06, 5331243
0.06, 5331208
0.06, 5330240
0.06, 5328664
0.06, 5325664
0.06, 5320790
0.06, 5320160
0.06, 5319256
0.06, 5301755
0.06, 5299496
0.06, 5298418
0.06, 5297567
0.06, 5295079
0.06, 5287509
0.06, 5270874
0.06, 5269457
0.06, 5268656
0.06, 5267601
0.06, 5267436
0.06, 5264522
0.06, 5264116
0.06, 5264111
0.06, 5263719
0.06, 5252361
0.06, 5251980
0.06, 5251142
0.06, 5247939
0.06, 5246976
0.06, 5246246
0.06, 5244425
0.06, 5240914
0.06, 5206369
0.06, 5205129
0.06, 5202575
0.06, 5197036
0.06, 5193250
0.06, 5191583
0.06, 5189784
0.06, 5188170
0.06, 5186965
0.06, 5186300
0.06, 5180507
0.06, 5180487
0.06, 5102190
0.06, 5100718
0.06, 5100554
0.06, 5100506
0.06, 5098623
0.06, 5098316
0.06, 5095422
0.06, 5095143
0.07, 5094086
0.07, 5093808
0.07, 5093376
0.07, 5089624
0.07, 5087556
0.07, 5085562
0.07, 5084727
0.07, 5083927
0.07, 5080725
0.07, 5079812
0.07, 5079181
0.07, 5076861
0.07, 5074914
0.07, 5074805
0.07, 4946443
0.07, 4946212
0.07, 4870005
0.07, 4869878
0.07, 4793853
0.07, 4793256
0.07, 4713662
0.07, 4701220
0.07, 4695211
0.07, 4694658
0.07, 4690762
0.07, 4688781
0.07, 4609839
0.07, 4608682
0.07, 4558787
0.07, 4554048
0.07, 4553895
0.07, 4551136
0.07, 4541633
0.07, 4541422
0.07, 4540775
0.07, 4540058
0.07, 4538427
0.07, 4535447
0.07, 4535395
0.07, 4533696
0.07, 4531097
0.07, 4523314
0.07, 4522291
0.07, 4520718
0.07, 4518947
0.07, 4421759
0.07, 4410727
0.07, 4408813
0.07, 4398695
0.07, 4397401
0.07, 4390958
0.07, 4388331
0.07, 4368585
0.07, 4360070
0.07, 4349561
0.07, 4344438
0.07, 4317742
0.07, 4316673
0.07, 4302556
0.07, 4292463
0.07, 4292316
0.07, 4289722
0.07, 4287305
0.07, 4281002
0.07, 4280485
0.07, 4277319
0.07, 4276665
0.07, 4274452
0.07, 4274117
0.07, 4273964
0.07, 4261201
0.07, 4245174
0.07, 4222632
0.07, 4214641
0.07, 4210923
0.07, 4205081
0.07, 4127381
0.07, 4124944
0.07, 4109160
0.07, 4091223
0.07, 4065596
0.07, 4063551
0.07, 4050779
0.07, 4050584
0.07, 4038939
0.07, 4037088
0.07, 4026646
0.07, 4018436
0.07, 4014567
0.07, 4008655
0.07, 3997397
0.07, 3947291
0.07, 3940032
0.07, 3939739
0.07, 3938561
0.07, 3938073
0.07, 3933571
0.07, 3933501
0.07, 3923932
0.07, 3919273
0.07, 3908504
0.07, 3906847
0.07, 3903296
0.07, 3902434
0.07, 3840493
0.07, 3821128
0.07, 3812619
0.07, 3741578
0.07, 3712975
0.07, 3706181
0.07, 3680617
0.07, 3662198
0.07, 3604607
0.07, 3604527
0.07, 3600163
0.07, 3597615
0.07, 3592685
0.07, 3531773
0.07, 3519893
0.07, 3511992
0.07, 3511080
0.07, 3502430
0.07, 3488886
0.07, 3482192
0.07, 3383164
0.07, 3350988
0.07, 3304146
0.07, 3303118
0.07, 3264587
0.07, 3244087
0.07, 3233652
0.07, 3210976
0.07, 3210337
0.07, 3193572
0.07, 3179842
0.07, 3161574
0.07, 3122813
0.07, 3114073
0.07, 3077911
0.07, 3058911
0.07, 3058305
0.07, 3052218
0.07, 3047586
0.07, 3045966
0.07, 3024612
0.07, 3024421
0.07, 3018699
0.07, 3016222
0.07, 3004803
0.07, 3003144
0.07, 3003082
0.07, 3000435
0.07, 3000267
0.07, 2999223
0.07, 2980700
0.07, 2975144
0.07, 2966295
0.07, 2963380
0.07, 2961822
0.07, 2957050
0.07, 2952049
0.07, 2934577
0.07, 2933577
0.07, 2933367
0.07, 2930829
0.07, 2929597
0.07, 2915556
0.07, 2912352
0.07, 2910687
0.07, 2904948
0.07, 2904202
0.07, 2903848
0.07, 2886956
0.07, 2885054
0.07, 2884732
0.07, 2883402
0.07, 2881545
0.07, 2880490
0.07, 2876161
0.07, 2874541
0.07, 2874297
0.07, 2869165
0.07, 2867504
0.07, 2866463
0.07, 2864819
0.07, 2864683
0.07, 2864168
0.07, 2861734
0.07, 2861154
0.07, 2861012
0.07, 2860768
0.07, 2860716
0.07, 2860073
0.07, 2859818
0.07, 2859679
0.07, 2857836
0.07, 2857368
0.07, 2857315
0.07, 2857260
0.07, 2857197
0.07, 2855729
0.07, 2854313
0.07, 2821720
0.07, 2818908
0.07, 2815245
0.07, 2813261
0.07, 2718569
0.07, 2717539
0.07, 2713477
0.07, 2713420
0.07, 2711903
0.07, 2711376
0.07, 2710610
0.07, 2699495
0.07, 2699250
0.07, 2693950
0.07, 2692953
0.07, 2692085
0.07, 2687102
0.07, 2686982
0.07, 2684510
0.07, 2679275
0.07, 2678995
0.07, 2677968
0.07, 2677514
0.07, 2675889
0.07, 2675843
0.08, 2675480
0.08, 2670844
0.08, 2670629
0.08, 2572593
0.08, 2552138
0.08, 2477107
0.08, 2470626
0.08, 2353649
0.08, 2352486
0.08, 2347959
0.08, 2347026
0.08, 2343023
0.08, 2340545
0.08, 2232978
0.08, 2232266
0.08, 2232058
0.08, 2228919
0.08, 2223051
0.08, 2221143
0.08, 2217752
0.08, 2189306
0.08, 2169840
0.08, 2153627
0.08, 2075333
0.08, 2042388
0.08, 2008183
0.08, 1987735
0.08, 1963478
0.08, 1941250
0.08, 1903936
0.08, 1894643
0.08, 1872772
0.08, 1863575
0.08, 1840647
0.08, 1828334
0.08, 1826085
0.08, 1813526
0.08, 1787698
0.08, 1787583
0.08, 1782585
0.08, 1779123
0.08, 1774427
0.08, 1772105
0.08, 1768644
0.08, 1767939
0.08, 1760008
0.08, 1756359
0.08, 1756082
0.08, 1732962
0.08, 1725567
0.08, 1725026
0.08, 1724583
0.08, 1715629
0.08, 1715126
0.08, 1703484
0.08, 1703449
0.08, 1699716
0.08, 1698410
0.08, 1698327
0.08, 1696220
0.08, 1695951
0.08, 1694800
0.08, 1689899
0.08, 1651325
0.08, 1643199
0.08, 1641450
0.08, 1639165
0.08, 1628629
0.08, 1625260
0.08, 1624690
0.08, 1619932
0.08, 1616375
0.08, 1599699
0.08, 1599383
0.08, 1598831
0.08, 1597694
0.08, 1591030
0.08, 1589231
0.08, 1589198
0.08, 1584531
0.08, 1583681
0.08, 1583474
0.08, 1582895
0.08, 1578947
0.08, 1577918
0.08, 1577309
0.08, 1576177
0.08, 1567347
0.08, 1566891
0.08, 1563832
0.08, 1563648
0.08, 1562687
0.08, 1562490
0.08, 1561215
0.08, 1560582
0.08, 1560125
0.08, 1557970
0.08, 1557436
0.08, 1557122
0.08, 1554993
0.08, 1541401
0.08, 1540671
0.08, 1539804
0.08, 1539681
0.08, 1539429
0.08, 1537830
0.08, 1537533
0.08, 1535715
0.08, 1535012
0.08, 1534843
0.08, 1534152
0.08, 1528913
0.08, 1527878
0.08, 1527511
0.08, 1527493
0.08, 1526959
0.08, 1525373
0.08, 1525151
0.08, 1518673
0.08, 1517836
0.08, 1512206
0.08, 1512048
0.08, 1508403
0.08, 1508377
0.08, 1507132
0.08, 1505981
0.08, 1505574
0.08, 1505119
0.08, 1505118
0.08, 1503737
0.08, 1503596
0.08, 1501723
0.08, 1501624
0.08, 1500576
0.08, 1500311
0.08, 1498575
0.08, 1497833
0.08, 1496465
0.08, 1495585
0.08, 1495418
0.08, 1495163
0.08, 1494569
0.08, 1493669
0.08, 1492696
0.08, 1483879
0.08, 1483073
0.08, 1482595
0.08, 1482050
0.08, 1481251
0.08, 1480331
0.08, 1478495
0.08, 1475619
0.08, 1475481
0.08, 1475028
0.08, 1474640
0.08, 1472675
0.08, 1471898
0.08, 1470985
0.08, 1470472
0.08, 1468369
0.08, 1467815
0.08, 1467783
0.08, 1467319
0.08, 1467156
0.08, 1452618
0.08, 1450874
0.08, 1448061
0.08, 1446622
0.08, 1444301
0.08, 1441872
0.08, 1438847
0.08, 1433431
0.08, 1418027
0.08, 1413273
0.08, 1402230
0.08, 1397532
0.08, 1394797
0.08, 1393751
0.08, 1392455
0.09, 1390416
0.09, 1389404
0.09, 1389213
0.09, 1388638
0.09, 1388426
0.09, 1388298
0.09, 1388293
0.09, 1387908
0.09, 1387712
0.09, 1386757
0.09, 1384208
0.09, 1383997
0.09, 1381042
0.09, 1380682
0.09, 1377472
0.09, 1377201
0.09, 1374010
0.09, 1371978
0.09, 1370372
0.09, 1366768
0.09, 1353839
0.09, 1353709
0.09, 1349870
0.09, 1347612
0.09, 1342036
0.09, 1335711
0.09, 1330376
0.09, 1324473
0.09, 1323713
0.09, 1315431
0.09, 1315376
0.09, 1294287
0.09, 1293379
0.09, 1292733
0.09, 1289738
0.09, 1288548
0.09, 1288028
0.09, 1285873
0.09, 1282062
0.09, 1281671
0.09, 1281374
0.09, 1281176
0.09, 1272497
0.09, 1264764
0.09, 1262915
0.09, 1255356
0.09, 1249881
0.09, 1249488
0.09, 1249251
0.09, 1248902
0.09, 1248246
0.09, 1247332
0.09, 1240759
0.09, 1235303
0.09, 1222440
0.09, 1221497
0.09, 1219785
0.09, 1217210
0.09, 1208793
0.09, 1207954
0.09, 1207344
0.09, 1203019
0.09, 1202196
0.09, 1199267
0.09, 1199065
0.09, 1197012
0.09, 1195912
0.09, 1195397
0.09, 1193154
0.09, 1193149
0.09, 1191212
0.09, 1190972
0.09, 1190119
0.09, 1189415
0.09, 1189223
0.09, 1186849
0.09, 1185734
0.09, 1184966
0.09, 1181949
0.09, 1181771
0.09, 1178580
0.09, 1171213
0.09, 1168699
0.09, 1167839
0.09, 1162898
0.09, 1162125
0.09, 1157080
0.09, 1156928
0.09, 1156858
0.09, 1152158
0.09, 1151007
0.09, 1150000
0.09, 1149659
0.09, 1133972
0.09, 1133224
0.09, 1131316
0.09, 1130158
0.09, 1081245
0.09, 1014457
0.09, 1006757
0.09, 1004782
0.09, 1002568
0.09, 990077
0.09, 989111
0.09, 987028
0.09, 986129
0.09, 984838
0.09, 976496
0.09, 965123
0.09, 961479
0.09, 961444
0.09, 956347
0.09, 954917
0.09, 952331
0.09, 950027
0.09, 948241
0.09, 947899
0.09, 946250
0.09, 945158
0.09, 944914
0.09, 940292
0.09, 939216
0.09, 939139
0.09, 938907
0.09, 938380
0.09, 938191
0.09, 937087
0.09, 933171
0.09, 931049
0.09, 928939
0.09, 928001
0.09, 926450
0.09, 926066
0.09, 924783
0.09, 924023
0.09, 922045
0.09, 920722
0.09, 919912
0.09, 917098
0.09, 916444
0.09, 915892
0.09, 915104
0.09, 908687
0.09, 908026
0.09, 907359
0.09, 907255
0.09, 906429
0.09, 903589
0.09, 901602
0.09, 897176
0.09, 895173
0.09, 893912
0.09, 893535
0.09, 893497
0.09, 891655
0.09, 889712
0.09, 886553
0.09, 882554
0.09, 878077
0.09, 871549
0.09, 870169
0.09, 869332
0.09, 867209
0.1, 860884
0.1, 860800
0.1, 859923
0.1, 859619
0.1, 859341
0.1, 857782
0.1, 857304
0.1, 856311
0.1, 855977
0.1, 855704
0.1, 855180
0.1, 855029
0.1, 854046
0.1, 853770
0.1, 853501
0.1, 850144
0.1, 849173
0.1, 849128
0.1, 847815
0.1, 847596
0.1, 847345
0.1, 847313
0.1, 846927
0.1, 846419
0.1, 845611
0.1, 845549
0.1, 845121
0.1, 843421
0.1, 843398
0.1, 843336
0.1, 843286
0.1, 842124
0.1, 839565
0.1, 838551
0.1, 838236
0.1, 838227
0.1, 837794
0.1, 836540
0.1, 836116
0.1, 836105
0.1, 835858
0.1, 834682
0.1, 834584
0.1, 834501
0.1, 834172
0.1, 833682
0.1, 833369
0.1, 830151
0.1, 830119
0.1, 830092
0.1, 825102
0.1, 825093
0.1, 824536
0.1, 822902
0.1, 819861
0.1, 817183
0.1, 811338
0.1, 806203
0.1, 800827
0.1, 799888
0.1, 799753
0.1, 799604
0.1, 796953
0.1, 794374
0.1, 793834
0.1, 792110
0.1, 791919
0.1, 791884
0.1, 785089
0.1, 784757
0.1, 784311
0.1, 784048
0.1, 782883
0.1, 780921
0.1, 780510
0.1, 778011
0.1, 777796
0.1, 777174
0.1, 775738
0.1, 775319
0.1, 775271
0.1, 773229
0.1, 770615
0.1, 763661
0.1, 762714
0.1, 762234
0.1, 760579
0.11, 760279
0.11, 758390
0.11, 756829
0.11, 756689
0.11, 755006
0.11, 754316
0.11, 751351
0.11, 748977
0.11, 740798
0.11, 739794
0.11, 737281
0.11, 731698
0.11, 731670
0.11, 729652
0.11, 729122
0.11, 728870
0.11, 727028
0.11, 726059
0.11, 719162
0.11, 717596
0.11, 716894
0.11, 713679
0.11, 711846
0.11, 710679
0.11, 710104
0.11, 709960
0.11, 709912
0.11, 709265
0.11, 708984
0.11, 708926
0.11, 708831
0.11, 708073
0.11, 707931
0.11, 707912
0.11, 707583
0.11, 706659
0.11, 706609
0.11, 705636
0.11, 705141
0.11, 704629
0.11, 704569
0.11, 704563
0.11, 704166
0.11, 704043
0.11, 703173
0.11, 701783
0.12, 701035
0.12, 700675
0.12, 700288
0.12, 700159
0.12, 699936
0.12, 699105
0.12, 698908
0.12, 698746
0.12, 698546
0.12, 698355
0.12, 698118
0.12, 698110
0.12, 697794
0.12, 696456
0.12, 695496
0.12, 695149
0.13, 693594
0.13, 693408
0.13, 691653
0.13, 691493
0.13, 691137
0.14, 690855
0.19, 690845
0.19, 690007
0.19, 689958
0.19, 688646
0.19, 688563
0.19, 688492
0.19, 687387
0.2, 687031
0.2, 686205
0.2, 685097
0.2, 685077
0.21, 684536
0.42, 684183
0.42, 684140
0.42, 682904
0.43, 682809
0.44, 682430
1.78, 682107
1.78, 681773
1.78, 680850
1.79, 680034
1.79, 679188
3.31, 679015
3.31, 678999
3.31, 678216
3.31, 676120
3.31, 676112
3.32, 676026
3.32, 675100
3.32, 675068
3.32, 674851
3.32, 673536
