0.02, 5875136
0.02, 5780862
0.02, 5739745
0.02, 5730312
0.02, 5717931
0.02, 5642042
0.02, 5634877
0.02, 5610093
0.02, 5552470
0.02, 5451246
0.02, 5450596
0.02, 5430962
0.02, 5429933
0.02, 5405880
0.02, 5382958
0.02, 5355468
0.02, 5353971
0.02, 5348696
0.02, 5316262
0.02, 5250397
0.02, 5233891
0.02, 5228737
0.02, 5200681
0.02, 5177421
0.02, 5174205
0.02, 5159341
0.02, 5088055
0.02, 5082136
0.02, 5081789
0.02, 5015098
0.02, 5000265
0.02, 4985692
0.02, 4940163
0.02, 4893371
0.02, 4743899
0.02, 4742294
0.02, 4698248
0.02, 4671038
0.02, 4667960
0.02, 4640618
0.02, 4629011
0.02, 4618761
0.02, 4592888
0.02, 4579815
0.02, 4570169
0.02, 4554169
0.02, 4498637
0.02, 4490731
0.02, 4480983
0.02, 4453872
0.02, 4452598
0.02, 4397984
0.02, 4396707
0.02, 4363395
0.02, 4331233
0.02, 4323628
0.02, 4254941
0.02, 4253689
0.02, 4234642
0.02, 4233415
0.02, 4185716
0.02, 4170612
0.02, 4159612
0.02, 4153964
0.02, 4141037
0.02, 4140760
0.02, 4105976
0.02, 4049828
0.02, 4041858
0.02, 3964057
0.02, 3954593
0.02, 3952438
0.02, 3939329
0.02, 3938145
0.02, 3937869
0.02, 3923888
0.02, 3914799
0.02, 3911699
0.02, 3803406
0.02, 3790814
0.02, 3783150
0.02, 3782874
0.02, 3779765
0.02, 3754113
0.02, 3751630
0.02, 3701548
0.02, 3686534
0.02, 3668591
0.02, 3653698
0.02, 3576329
0.02, 3560701
0.02, 3536128
0.02, 3534673
0.02, 3440857
0.02, 3437778
0.02, 3364580
0.02, 3357218
0.02, 3357089
0.02, 3343503
0.02, 3249544
0.02, 3249116
0.02, 3246888
0.02, 3245947
0.02, 3235964
0.02, 3211241
0.02, 3209956
0.02, 3205438
0.02, 3187694
0.02, 3116520
0.02, 3103582
0.02, 3057029
0.02, 3054158
0.02, 3039485
0.02, 3039435
0.02, 3017258
0.02, 2999286
0.02, 2993729
0.02, 2970682
0.02, 2964943
0.02, 2963447
0.02, 2874357
0.02, 2872317
0.02, 2851489
0.02, 2838173
0.02, 2753491
0.02, 2739929
0.02, 2668702
0.02, 2653646
0.02, 2634466
0.02, 2627734
0.02, 2613172
0.02, 2598151
0.02, 2587091
0.02, 2554045
0.02, 2536785
0.02, 2517869
0.02, 2517269
0.02, 2499217
0.02, 2495667
0.02, 2494162
0.02, 2433718
0.02, 2431695
0.02, 2370608
0.02, 2362368
0.02, 2349389
0.02, 2332811
0.02, 2329783
0.02, 2298019
0.02, 2297092
0.02, 2291689
0.02, 2271476
0.02, 2268482
0.02, 2242806
0.02, 2239274
0.02, 2097673
0.02, 2096389
0.02, 2079804
0.02, 2078804
0.02, 2077734
0.02, 2069764
0.02, 2061634
0.02, 2032442
0.02, 2031908
0.02, 2025884
0.02, 2017594
0.02, 2005112
0.02, 1994680
0.02, 1992407
0.02, 1944428
0.02, 1934118
0.02, 1912545
0.02, 1900195
0.02, 1894424
0.02, 1836518
0.02, 1829035
0.02, 1791483
0.02, 1789704
0.02, 1787929
0.02, 1780086
0.02, 1773584
0.02, 1748770
0.02, 1704651
0.02, 1665914
0.02, 1663263
0.02, 1660301
0.02, 1608820
0.02, 1600315
0.02, 1576614
0.02, 1573898
0.02, 1572260
0.02, 1570294
0.02, 1559979
0.02, 1533106
0.02, 1498785
0.02, 1492072
0.03, 1454562
0.03, 1453550
0.03, 1418055
0.03, 1411988
0.03, 1409849
0.03, 1405799
0.03, 1400866
0.03, 1379058
0.03, 1367013
0.03, 1365570
0.03, 1343186
0.03, 1341622
0.03, 1335214
0.03, 1327970
0.03, 1327642
0.03, 1319392
0.03, 1311885
0.03, 1303570
0.03, 1303557
0.03, 1297021
0.03, 1284570
0.03, 1273941
0.03, 1271437
0.03, 1270376
0.03, 1242844
0.03, 1235247
0.03, 1228607
0.03, 1208227
0.03, 1207002
0.03, 1200536
0.03, 1187211
0.03, 1186100
0.03, 1185204
0.03, 1184881
0.03, 1175326
0.03, 1172337
0.03, 1171585
0.03, 1154582
0.03, 1151945
0.03, 1147124
0.03, 1135061
0.03, 1133267
0.03, 1126709
0.03, 1123671
0.03, 1123376
0.03, 1120672
0.03, 1119834
0.03, 1116969
0.03, 1106322
0.03, 1105577
0.03, 1105338
0.03, 1105014
0.03, 1076601
0.03, 1073412
0.03, 1064299
0.03, 1063112
0.03, 1057908
0.03, 1057503
0.03, 1057109
0.03, 1055823
0.03, 1051239
0.03, 1050820
0.03, 1045328
0.03, 1033571
0.03, 1009988
0.03, 1008037
0.03, 1002072
0.03, 998683
0.03, 996278
0.03, 993909
0.03, 982901
0.03, 982378
0.03, 976679
0.03, 976119
0.03, 964558
0.03, 960731
0.03, 955541
0.03, 949098
0.03, 938858
0.03, 931549
0.03, 909496
0.03, 891048
0.03, 889236
0.03, 889121
0.03, 885717
0.03, 883516
0.03, 881076
0.03, 878921
0.03, 878459
0.03, 876803
0.03, 876763
0.03, 874685
0.03, 867022
0.03, 865498
0.03, 864702
0.03, 863246
0.03, 857611
0.03, 854440
0.09, 847733
0.09, 847652
0.09, 847435
0.09, 847396
0.24, 843373
0.24, 841300
0.33, 838722
0.33, 838317
0.33, 837923
0.33, 836637
0.33, 834571
0.33, 834343
0.33, 827569
0.33, 825205
0.33, 825165
