0.02, 5774971
0.02, 5755380
0.02, 5751768
0.02, 5702813
0.02, 5702100
0.02, 5692759
0.02, 5660969
0.02, 5642542
0.02, 5640144
0.02, 5636134
0.02, 5618086
0.02, 5608969
0.02, 5594617
0.02, 5578011
0.02, 5523980
0.02, 5464258
0.02, 5321558
0.02, 5312523
0.02, 5289680
0.02, 5266254
0.02, 5247250
0.02, 5198576
0.02, 5048106
0.02, 5038316
0.02, 4935831
0.02, 4935455
0.02, 4862555
0.02, 4860594
0.02, 4807468
0.02, 4778231
0.02, 4733876
0.02, 4709140
0.02, 4695897
0.02, 4674229
0.02, 4665492
0.02, 4626994
0.02, 4603938
0.02, 4586360
0.02, 4581957
0.02, 4565163
0.02, 4563153
0.02, 4557233
0.02, 4556447
0.02, 4539552
0.02, 4502931
0.02, 4493151
0.02, 4475593
0.02, 4455246
0.02, 4387484
0.02, 4362693
0.02, 4332987
0.02, 4326556
0.02, 4303726
0.02, 4261813
0.02, 4247291
0.02, 4239704
0.02, 4232253
0.02, 4228408
0.02, 4222530
0.02, 4221351
0.02, 4211057
0.02, 4209974
0.02, 4207024
0.02, 4203676
0.02, 4203269
0.02, 4177651
0.02, 4172679
0.02, 4136542
0.02, 4117134
0.02, 4100837
0.02, 4098836
0.02, 4094021
0.02, 4059784
0.02, 4059186
0.02, 4056585
0.02, 4053616
0.02, 4053032
0.02, 4022209
0.02, 4012799
0.02, 4005533
0.02, 3986845
0.02, 3982006
0.02, 3940022
0.02, 3934436
0.02, 3933107
0.02, 3823877
0.02, 3789366
0.02, 3692601
0.02, 3662707
0.02, 3630562
0.02, 3614597
0.02, 3572323
0.02, 3563828
0.02, 3549536
0.02, 3544615
0.02, 3529687
0.02, 3495041
0.02, 3478740
0.02, 3458241
0.02, 3454316
0.02, 3450233
0.02, 3350948
0.02, 3350629
0.02, 3349098
0.02, 3347905
0.02, 3347076
0.02, 3334639
0.02, 3327136
0.02, 3265110
0.02, 3264955
0.02, 3192573
0.02, 3191198
0.02, 3187754
0.02, 3186770
0.02, 3119969
0.02, 3118959
0.02, 3084202
0.02, 3082667
0.02, 3062769
0.02, 3043815
0.02, 3026372
0.02, 3010732
0.02, 3005863
0.02, 2968975
0.02, 2941680
0.02, 2883861
0.02, 2876171
0.02, 2871775
0.02, 2871427
0.02, 2847423
0.02, 2840477
0.02, 2824737
0.02, 2769084
0.02, 2749712
0.02, 2710379
0.02, 2685705
0.02, 2633297
0.02, 2624892
0.02, 2614234
0.02, 2559541
0.02, 2539221
0.02, 2538280
0.02, 2536571
0.02, 2531718
0.02, 2441468
0.02, 2433891
0.02, 2412368
0.02, 2394721
0.02, 2394327
0.02, 2370889
0.02, 2355562
0.02, 2349949
0.02, 2348690
0.02, 2337942
0.02, 2309628
0.02, 2286011
0.02, 2225951
0.02, 2220336
0.02, 2183532
0.02, 2182778
0.02, 2179243
0.02, 2172831
0.02, 2163252
0.02, 2161716
0.02, 2138084
0.02, 2137986
0.02, 2112470
0.02, 2108138
0.02, 2094825
0.02, 2092836
0.02, 2092717
0.02, 2083419
0.02, 2082868
0.02, 2077266
0.02, 2076876
0.02, 2076289
0.02, 2072082
0.02, 2069807
0.02, 2066607
0.02, 2052977
0.02, 2048871
0.02, 2046293
0.02, 2041099
0.02, 2038179
0.02, 2037351
0.02, 2014198
0.02, 2012938
0.02, 2005356
0.02, 1982851
0.02, 1962158
0.02, 1959906
0.02, 1953779
0.02, 1942827
0.02, 1941932
0.02, 1916814
0.02, 1913832
0.02, 1883154
0.02, 1877589
0.02, 1871714
0.02, 1837001
0.02, 1836118
0.02, 1830225
0.02, 1826281
0.03, 1821922
0.03, 1820996
0.03, 1782053
0.03, 1778502
0.03, 1742961
0.03, 1735108
0.03, 1734690
0.03, 1730567
0.03, 1689467
0.03, 1674284
0.03, 1636934
0.03, 1600110
0.03, 1587621
0.03, 1587326
0.03, 1565708
0.03, 1555182
0.03, 1548486
0.03, 1536989
0.03, 1521274
0.03, 1505716
0.03, 1488083
0.03, 1479220
0.03, 1476837
0.03, 1458929
0.03, 1449214
0.03, 1442595
0.03, 1426160
0.03, 1413648
0.03, 1406485
0.03, 1389077
0.03, 1371618
0.03, 1371028
0.03, 1370572
0.03, 1369879
0.03, 1356768
0.03, 1354865
0.03, 1346368
0.03, 1344486
0.03, 1343918
0.03, 1337849
0.03, 1336398
0.03, 1335860
0.03, 1313828
0.03, 1312673
0.03, 1311974
0.03, 1309714
0.03, 1307979
0.03, 1296250
0.03, 1290010
0.03, 1286467
0.03, 1274042
0.03, 1272959
0.03, 1261124
0.03, 1257462
0.03, 1250070
0.03, 1239261
0.03, 1238799
0.03, 1237176
0.03, 1234752
0.03, 1226396
0.03, 1224721
0.03, 1199746
0.03, 1194185
0.03, 1190485
0.03, 1184787
0.03, 1171990
0.03, 1169394
0.03, 1165872
0.03, 1161086
0.03, 1159763
0.03, 1158647
0.03, 1158368
0.03, 1158299
0.03, 1143900
0.03, 1143373
0.03, 1140393
0.03, 1136278
0.03, 1131217
0.03, 1092163
0.03, 1081435
0.03, 1078486
0.03, 1078356
0.03, 1056668
0.03, 1053629
0.03, 1047629
0.03, 1045183
0.03, 1009672
0.03, 1001056
0.03, 998848
0.03, 998713
0.03, 998632
0.03, 996190
0.03, 995973
0.03, 992189
0.03, 982514
0.03, 982399
0.03, 977329
0.03, 976404
0.03, 970754
0.03, 967950
0.03, 965964
0.03, 965962
0.03, 953035
0.03, 952983
0.03, 947044
0.03, 944540
0.03, 943272
0.03, 941269
0.03, 938066
0.03, 932814
0.03, 931486
0.03, 930198
0.03, 929097
0.03, 928594
0.03, 925977
0.03, 925434
0.03, 924939
0.03, 915979
0.03, 913655
0.03, 911427
0.04, 910486
0.04, 908984
0.04, 906082
0.04, 906070
0.04, 898410
0.05, 893228
0.05, 892252
0.05, 891100
0.05, 883814
0.05, 878744
0.05, 878680
0.05, 876238
0.05, 876066
0.05, 875670
0.05, 875630
0.05, 875584
0.05, 872977
0.05, 872574
0.05, 867680
0.05, 866429
0.05, 864316
0.05, 855315
0.11, 853699
0.11, 853280
0.11, 847666
0.11, 847449
0.11, 847410
0.11, 847148
0.11, 844993
0.11, 844118
0.11, 842703
0.11, 840544
0.11, 838888
0.11, 835850
0.11, 835280
0.71, 834089
0.71, 833861
0.71, 823003
3.42, 821993
3.42, 820936
