0.02, 6186876
0.02, 6161949
0.02, 6135593
0.02, 6120108
0.02, 6103794
0.02, 6080263
0.02, 6058589
0.02, 5965694
0.02, 5963726
0.02, 5869289
0.02, 5848978
0.02, 5831133
0.02, 5809128
0.02, 5748083
0.02, 5694813
0.02, 5627989
0.02, 5570619
0.02, 5526736
0.02, 5520936
0.02, 5514069
0.02, 5482715
0.02, 5472546
0.02, 5464965
0.02, 5457477
0.02, 5456260
0.02, 5427324
0.02, 5424797
0.02, 5423188
0.02, 5338132
0.02, 5309756
0.02, 5269348
0.02, 5240275
0.02, 5200401
0.02, 5181143
0.02, 5140030
0.02, 5134242
0.02, 5117629
0.02, 5041524
0.02, 5020735
0.02, 5004960
0.02, 4993450
0.02, 4966165
0.02, 4964721
0.02, 4894023
0.02, 4846952
0.02, 4808967
0.02, 4807475
0.02, 4731040
0.02, 4722331
0.02, 4716730
0.02, 4711050
0.02, 4708924
0.02, 4706812
0.02, 4700846
0.02, 4683737
0.02, 4665058
0.02, 4659228
0.02, 4611249
0.02, 4602486
0.02, 4555467
0.02, 4552340
0.02, 4521991
0.02, 4504722
0.02, 4489583
0.02, 4434650
0.02, 4406218
0.02, 4404472
0.02, 4378934
0.02, 4378543
0.02, 4370978
0.02, 4370642
0.02, 4345523
0.02, 4284502
0.02, 4277973
0.02, 4274123
0.02, 4226857
0.02, 4224979
0.02, 4168891
0.02, 4133223
0.02, 4131498
0.02, 4120747
0.02, 4110214
0.02, 4108448
0.02, 4105938
0.02, 4055939
0.02, 4034701
0.02, 3979191
0.02, 3967671
0.02, 3949563
0.02, 3939458
0.02, 3935908
0.02, 3873595
0.02, 3869685
0.02, 3852253
0.02, 3848533
0.02, 3830337
0.02, 3822071
0.02, 3796465
0.02, 3737464
0.02, 3662058
0.02, 3661486
0.02, 3649069
0.02, 3642613
0.02, 3637802
0.02, 3616824
0.02, 3612622
0.02, 3556979
0.02, 3543990
0.02, 3457486
0.02, 3446286
0.02, 3443737
0.02, 3432729
0.02, 3373385
0.02, 3364182
0.02, 3341053
0.02, 3335740
0.02, 3305062
0.02, 3304968
0.02, 3293577
0.02, 3293358
0.02, 3293165
0.02, 3291471
0.02, 3264050
0.02, 3241519
0.02, 3240972
0.02, 3228966
0.02, 3195516
0.02, 3171434
0.02, 3165851
0.02, 3109383
0.02, 3043241
0.02, 3032722
0.02, 3030140
0.02, 3011946
0.02, 3010277
0.02, 2899075
0.02, 2890355
0.02, 2835074
0.02, 2822699
0.02, 2776168
0.02, 2755492
0.02, 2749851
0.02, 2748866
0.02, 2737255
0.02, 2717383
0.02, 2717325
0.02, 2715026
0.02, 2691220
0.02, 2688759
0.02, 2686289
0.02, 2675121
0.02, 2660761
0.02, 2639040
0.02, 2634411
0.02, 2629456
0.02, 2629320
0.02, 2607151
0.02, 2581878
0.02, 2528449
0.02, 2524894
0.02, 2522642
0.02, 2514189
0.02, 2478687
0.02, 2465069
0.02, 2448890
0.02, 2445771
0.02, 2436574
0.02, 2430033
0.02, 2401658
0.02, 2390468
0.02, 2324141
0.02, 2317203
0.02, 2278504
0.02, 2273427
0.02, 2248662
0.02, 2245005
0.02, 2243374
0.02, 2229459
0.02, 2225715
0.02, 2220390
0.02, 2206505
0.02, 2196403
0.02, 2189195
0.02, 2161047
0.02, 2140603
0.02, 2113735
0.02, 2113580
0.02, 2113522
0.02, 2109227
0.02, 2100918
0.02, 2092347
0.02, 2092221
0.02, 2088453
0.02, 2027524
0.02, 2025597
0.02, 2016539
0.02, 2001845
0.02, 1983018
0.02, 1979854
0.02, 1957697
0.03, 1949100
0.03, 1940652
0.03, 1940649
0.03, 1927867
0.03, 1907603
0.03, 1907601
0.03, 1890098
0.03, 1889735
0.03, 1882475
0.03, 1877457
0.03, 1837944
0.03, 1836216
0.03, 1836154
0.03, 1822895
0.03, 1814588
0.03, 1809574
0.03, 1808679
0.03, 1789210
0.03, 1739637
0.03, 1733711
0.03, 1724562
0.03, 1692056
0.03, 1683864
0.03, 1633248
0.03, 1632081
0.03, 1599191
0.03, 1574768
0.03, 1509212
0.03, 1504693
0.03, 1492436
0.03, 1491636
0.03, 1478380
0.03, 1475595
0.03, 1444592
0.03, 1443559
0.03, 1422806
0.03, 1414896
0.03, 1410971
0.03, 1391463
0.03, 1389308
0.03, 1375242
0.03, 1373687
0.03, 1358216
0.03, 1358112
0.03, 1356416
0.03, 1355281
0.03, 1346791
0.03, 1344174
0.03, 1341105
0.03, 1322465
0.03, 1308987
0.03, 1303180
0.03, 1301482
0.03, 1301303
0.03, 1301222
0.03, 1293685
0.03, 1277193
0.03, 1275186
0.03, 1275169
0.03, 1271388
0.03, 1270612
0.03, 1267148
0.03, 1264552
0.03, 1262251
0.03, 1259360
0.03, 1228834
0.03, 1227216
0.03, 1224864
0.03, 1218670
0.03, 1218365
0.03, 1213084
0.03, 1209650
0.03, 1204171
0.03, 1197408
0.03, 1194471
0.03, 1173539
0.03, 1158908
0.03, 1157580
0.03, 1153155
0.03, 1151152
0.03, 1148359
0.03, 1148142
0.03, 1147085
0.03, 1146567
0.03, 1144412
0.03, 1142577
0.03, 1139659
0.03, 1137547
0.03, 1133489
0.03, 1115141
0.03, 1112181
0.03, 1100177
0.03, 1100020
0.03, 1096241
0.03, 1073966
0.03, 1052399
0.03, 1050532
0.03, 1049541
0.03, 1047651
0.03, 1016713
0.03, 998263
0.03, 991513
0.03, 989471
0.03, 984873
0.03, 984130
0.03, 983193
0.03, 983153
0.03, 978120
0.03, 975984
0.03, 964234
0.03, 955778
0.03, 938228
0.04, 938189
0.04, 921715
0.04, 921634
0.04, 921344
0.04, 918915
0.04, 917850
0.04, 915853
0.05, 910145
0.05, 910112
0.05, 908549
0.05, 908510
0.07, 906858
0.07, 906288
0.07, 904842
0.07, 903030
0.07, 901495
0.07, 898388
0.07, 898011
0.07, 889213
0.08, 884303
0.08, 883220
0.08, 878746
0.08, 877908
0.08, 875639
0.08, 871866
0.08, 850586
0.08, 849300
0.09, 848132
0.13, 846398
0.14, 845199
0.14, 844803
0.18, 841237
0.18, 836996
0.18, 830764
0.18, 828440
0.18, 827241
0.89, 826804
0.89, 826408
0.89, 825402
2.51, 824504
2.51, 823708
4.16, 823082
4.86, 821210
4.86, 814724
4.86, 814684
