0.02, 6452541
0.02, 6440848
0.02, 6432297
0.02, 6385799
0.02, 6357778
0.02, 6206797
0.02, 6185249
0.02, 6121688
0.02, 6105887
0.02, 6061868
0.02, 6034234
0.02, 5986137
0.02, 5968887
0.02, 5833791
0.02, 5827418
0.02, 5764236
0.02, 5735623
0.02, 5667245
0.02, 5614907
0.02, 5506126
0.02, 5452845
0.02, 5417570
0.02, 5410467
0.02, 5319703
0.02, 5295244
0.02, 5286023
0.02, 5143760
0.02, 5132774
0.02, 5125645
0.02, 5101465
0.02, 5024753
0.02, 5012231
0.02, 4919035
0.02, 4914437
0.02, 4896232
0.02, 4856605
0.02, 4835738
0.02, 4816768
0.02, 4808998
0.02, 4808599
0.02, 4803384
0.02, 4791528
0.02, 4661644
0.02, 4652010
0.02, 4645265
0.02, 4641649
0.02, 4626500
0.02, 4624886
0.02, 4607380
0.02, 4480996
0.02, 4474729
0.02, 4423704
0.02, 4416719
0.02, 4376621
0.02, 4327699
0.02, 4325647
0.02, 4284372
0.02, 4260845
0.02, 4223275
0.02, 4187789
0.02, 4169248
0.02, 4142488
0.02, 4123266
0.02, 4119159
0.02, 4114445
0.02, 4112539
0.02, 4073686
0.02, 4023859
0.02, 4022278
0.02, 4014935
0.02, 3972786
0.02, 3971144
0.02, 3970133
0.02, 3903181
0.02, 3900726
0.02, 3900626
0.02, 3842157
0.02, 3838630
0.02, 3772075
0.02, 3757528
0.02, 3719396
0.02, 3718087
0.02, 3691720
0.02, 3655872
0.02, 3619150
0.02, 3606718
0.02, 3603131
0.02, 3570030
0.02, 3535313
0.02, 3535093
0.02, 3510431
0.02, 3508340
0.02, 3426210
0.02, 3420416
0.02, 3329955
0.02, 3327796
0.02, 3299286
0.02, 3259965
0.02, 3245225
0.02, 3224584
0.02, 3214959
0.02, 3208068
0.02, 3203445
0.02, 3171014
0.02, 3149814
0.02, 3144113
0.02, 3075644
0.02, 3060226
0.02, 3048074
0.02, 3004266
0.02, 2945525
0.02, 2943638
0.02, 2839365
0.02, 2824573
0.02, 2811186
0.02, 2807616
0.02, 2761657
0.02, 2759067
0.02, 2758054
0.02, 2743615
0.02, 2740193
0.02, 2740017
0.02, 2738526
0.02, 2736467
0.02, 2711226
0.02, 2662700
0.02, 2656176
0.02, 2617752
0.02, 2576131
0.02, 2496676
0.02, 2476434
0.02, 2459581
0.02, 2452211
0.02, 2442402
0.02, 2438684
0.02, 2429231
0.02, 2428183
0.02, 2405341
0.02, 2394588
0.02, 2384938
0.02, 2377355
0.02, 2346522
0.02, 2343522
0.02, 2340528
0.02, 2329537
0.02, 2313476
0.02, 2298190
0.02, 2286697
0.02, 2283359
0.02, 2275919
0.02, 2257236
0.02, 2246478
0.02, 2243864
0.02, 2239212
0.02, 2230363
0.02, 2225063
0.02, 2217869
0.02, 2206339
0.02, 2181843
0.02, 2180392
0.02, 2179386
0.02, 2174499
0.02, 2158794
0.02, 2156271
0.02, 2155910
0.02, 2150450
0.02, 2142058
0.02, 2140403
0.02, 2137131
0.02, 2130019
0.02, 2126896
0.02, 2121362
0.02, 2115410
0.02, 2108970
0.02, 2104782
0.02, 2101454
0.02, 2097609
0.02, 2094269
0.02, 2092953
0.02, 2086726
0.02, 2085899
0.02, 2076600
0.02, 2076307
0.02, 2020431
0.02, 2011916
0.02, 2009041
0.02, 2007974
0.02, 2004520
0.02, 2002843
0.02, 1990725
0.02, 1989508
0.02, 1983522
0.02, 1981673
0.02, 1973774
0.02, 1948031
0.02, 1940915
0.02, 1855201
0.02, 1852380
0.02, 1780974
0.02, 1778528
0.02, 1766778
0.02, 1766492
0.02, 1735554
0.02, 1733118
0.03, 1728162
0.03, 1702079
0.03, 1687454
0.03, 1685997
0.03, 1684086
0.03, 1639488
0.03, 1637944
0.03, 1632815
0.03, 1632038
0.03, 1609874
0.03, 1570335
0.03, 1568788
0.03, 1515187
0.03, 1511830
0.03, 1497336
0.03, 1484157
0.03, 1426757
0.03, 1412136
0.03, 1405412
0.03, 1398997
0.03, 1384052
0.03, 1370832
0.03, 1344286
0.03, 1324850
0.03, 1316004
0.03, 1302792
0.03, 1299172
0.03, 1296523
0.03, 1290104
0.03, 1288060
0.03, 1260606
0.03, 1248810
0.03, 1225867
0.03, 1222647
0.03, 1220754
0.03, 1215318
0.03, 1213242
0.03, 1194420
0.03, 1182372
0.03, 1180466
0.03, 1143876
0.03, 1129187
0.03, 1119505
0.03, 1117066
0.03, 1114798
0.03, 1113960
0.03, 1110392
0.03, 1109532
0.03, 1100349
0.03, 1096394
0.03, 1087050
0.03, 1086945
0.03, 1077461
0.03, 1075137
0.03, 1073804
0.03, 1070307
0.03, 1044844
0.03, 1009536
0.03, 1009357
0.03, 1008457
0.03, 1006803
0.03, 1006007
0.03, 1002421
0.03, 1002318
0.03, 995008
0.03, 990473
0.03, 956525
0.03, 954733
0.03, 954409
0.03, 953943
0.03, 949190
0.03, 947993
0.03, 943288
0.03, 941960
0.03, 940674
0.03, 940661
0.03, 939467
0.03, 939427
0.03, 936741
0.03, 934445
0.03, 933875
0.03, 928728
0.03, 928556
0.03, 923604
0.03, 921587
0.03, 918727
0.03, 918510
0.03, 916509
0.03, 915485
0.03, 914375
0.03, 908646
0.03, 904741
0.03, 904396
0.03, 904357
0.03, 901650
0.04, 900801
0.06, 899816
0.06, 896032
0.06, 894829
0.06, 882560
0.06, 881728
0.06, 875249
0.06, 873842
0.06, 870739
0.06, 870451
0.07, 868423
0.07, 867714
0.07, 862618
0.07, 862011
0.07, 861173
0.1, 860891
0.1, 860247
0.1, 860019
0.1, 854156
0.3, 852231
0.31, 845393
0.31, 845176
0.31, 845137
0.31, 840522
0.31, 840089
0.31, 839164
0.31, 838158
0.31, 838125
0.31, 837776
0.31, 834556
0.31, 832790
0.31, 828001
0.93, 821549
3.1, 820103
3.1, 819496
3.1, 817132
3.12, 816955
3.12, 814800
3.12, 814404
