0.02, 5386579
0.02, 5304302
0.02, 5285131
0.02, 5279766
0.02, 5279501
0.02, 5252706
0.02, 5220815
0.02, 5173297
0.02, 5152674
0.02, 5077826
0.02, 5057684
0.02, 5020785
0.02, 5008414
0.02, 4982149
0.02, 4960580
0.02, 4911200
0.02, 4895459
0.02, 4884436
0.02, 4855217
0.02, 4741591
0.02, 4736264
0.02, 4683955
0.02, 4674460
0.02, 4629388
0.02, 4629363
0.02, 4558527
0.02, 4508122
0.02, 4498325
0.02, 4423747
0.02, 4403614
0.02, 4373486
0.02, 4372390
0.02, 4324626
0.02, 4299396
0.02, 4189070
0.02, 4139162
0.02, 4121983
0.02, 4100363
0.02, 4091923
0.02, 4070149
0.02, 4068545
0.02, 4024399
0.02, 4019472
0.02, 4001422
0.02, 3986403
0.02, 3959775
0.02, 3955478
0.02, 3942835
0.02, 3918785
0.02, 3917851
0.02, 3882071
0.02, 3878634
0.02, 3875285
0.02, 3862430
0.02, 3855203
0.02, 3851963
0.02, 3820405
0.02, 3811942
0.02, 3806862
0.02, 3762447
0.02, 3754131
0.02, 3726609
0.02, 3726416
0.02, 3664119
0.02, 3651799
0.02, 3624999
0.02, 3601695
0.02, 3520343
0.02, 3519646
0.02, 3462746
0.02, 3460792
0.02, 3419390
0.02, 3411225
0.02, 3372757
0.02, 3365639
0.02, 3329707
0.02, 3321559
0.02, 3318492
0.02, 3272168
0.02, 3266012
0.02, 3243396
0.02, 3239097
0.02, 3224572
0.02, 3224131
0.02, 3155336
0.02, 3152621
0.02, 3150696
0.02, 3150084
0.02, 3127742
0.02, 3123660
0.02, 3107383
0.02, 3089908
0.02, 3083995
0.02, 3049602
0.02, 3033966
0.02, 3024764
0.02, 3005630
0.02, 3000075
0.02, 2996631
0.02, 2976018
0.02, 2971708
0.02, 2961287
0.02, 2922716
0.02, 2894647
0.02, 2888742
0.02, 2843104
0.02, 2837415
0.02, 2836051
0.02, 2671952
0.02, 2658253
0.02, 2646712
0.02, 2636414
0.02, 2631693
0.02, 2628965
0.02, 2563184
0.02, 2555278
0.02, 2555006
0.02, 2517496
0.02, 2510672
0.02, 2501682
0.02, 2493482
0.02, 2491924
0.02, 2483800
0.02, 2468184
0.02, 2456946
0.02, 2451002
0.02, 2442692
0.02, 2418733
0.02, 2417897
0.02, 2415144
0.02, 2396631
0.02, 2393442
0.02, 2359946
0.02, 2357055
0.02, 2343073
0.02, 2342009
0.02, 2331570
0.02, 2327710
0.02, 2322225
0.02, 2314236
0.02, 2310794
0.02, 2308102
0.02, 2297188
0.02, 2285910
0.02, 2219220
0.02, 2187074
0.02, 2138159
0.02, 2133579
0.02, 2124811
0.02, 2124198
0.02, 2032806
0.02, 2030152
0.02, 2009664
0.02, 2004282
0.02, 2003867
0.02, 1997341
0.02, 1976124
0.02, 1921753
0.02, 1914695
0.02, 1901131
0.02, 1897478
0.02, 1894538
0.02, 1877685
0.02, 1871063
0.02, 1849709
0.02, 1818269
0.02, 1779802
0.02, 1775550
0.02, 1775491
0.02, 1740871
0.02, 1740814
0.02, 1703932
0.02, 1703754
0.02, 1688385
0.02, 1686624
0.02, 1625606
0.02, 1625212
0.02, 1624067
0.02, 1619527
0.02, 1590776
0.02, 1575005
0.02, 1548327
0.02, 1517574
0.02, 1510987
0.02, 1509840
0.02, 1495675
0.02, 1491869
0.02, 1478956
0.02, 1478710
0.02, 1477574
0.03, 1463486
0.03, 1455213
0.03, 1440564
0.03, 1435768
0.03, 1403367
0.03, 1390673
0.03, 1370624
0.03, 1366971
0.03, 1366921
0.03, 1360619
0.03, 1359308
0.03, 1342628
0.03, 1329829
0.03, 1328805
0.03, 1295418
0.03, 1295157
0.03, 1286742
0.03, 1285006
0.03, 1282521
0.03, 1275279
0.03, 1252432
0.03, 1247353
0.03, 1247119
0.03, 1245628
0.03, 1237211
0.03, 1235874
0.03, 1208927
0.03, 1206310
0.03, 1147763
0.03, 1142702
0.03, 1136540
0.03, 1133437
0.03, 1132877
0.03, 1129024
0.03, 1117084
0.03, 1115250
0.03, 1113908
0.03, 1112622
0.03, 1110817
0.03, 1102288
0.03, 1100730
0.03, 1099561
0.03, 1088803
0.03, 1088764
0.03, 1088466
0.03, 1086146
0.03, 1078095
0.03, 1077071
0.03, 1075792
0.03, 1074352
0.03, 1071803
0.03, 1070724
0.03, 1069407
0.03, 1066702
0.03, 1057927
0.03, 1046042
0.03, 1043242
0.03, 1011314
0.03, 995156
0.03, 989677
0.03, 989601
0.03, 988158
0.03, 976713
0.03, 974376
0.03, 973315
0.03, 970277
0.03, 965896
0.03, 965701
0.03, 965468
0.03, 962603
0.03, 959806
0.03, 959402
0.03, 951024
0.03, 948715
0.03, 942347
0.03, 918542
0.03, 917676
0.03, 917578
0.03, 908271
0.03, 906205
0.03, 897444
0.03, 893602
0.03, 886419
0.03, 885816
0.03, 878353
0.03, 873800
0.03, 873095
0.03, 862260
0.03, 861964
0.03, 861041
0.03, 857882
0.04, 857644
0.04, 856509
0.04, 854354
0.04, 853348
0.06, 845998
0.06, 844817
0.06, 842111
0.06, 836618
0.06, 835147
0.09, 827829
0.09, 825893
0.09, 820650
0.9, 819801
0.9, 819584
0.9, 819545
0.9, 818670
1.76, 817698
1.76, 817302
