0.02, 5427271
0.02, 5389187
0.02, 5337742
0.02, 5288712
0.02, 5281434
0.02, 5192581
0.02, 5174864
0.02, 5111192
0.02, 5065498
0.02, 4951006
0.02, 4938744
0.02, 4933422
0.02, 4933417
0.02, 4890595
0.02, 4872648
0.02, 4766348
0.02, 4759292
0.02, 4738038
0.02, 4732303
0.02, 4700707
0.02, 4689050
0.02, 4617822
0.02, 4616211
0.02, 4555534
0.02, 4543810
0.02, 4499188
0.02, 4484917
0.02, 4455499
0.02, 4363426
0.02, 4329064
0.02, 4297045
0.02, 4286430
0.02, 4158701
0.02, 4146493
0.02, 4128353
0.02, 4122947
0.02, 4035520
0.02, 4000680
0.02, 3992870
0.02, 3941799
0.02, 3848409
0.02, 3846104
0.02, 3840915
0.02, 3801767
0.02, 3748568
0.02, 3737914
0.02, 3692466
0.02, 3651577
0.02, 3540781
0.02, 3535474
0.02, 3512664
0.02, 3511446
0.02, 3510447
0.02, 3471967
0.02, 3444110
0.02, 3404397
0.02, 3371928
0.02, 3370397
0.02, 3351387
0.02, 3346467
0.02, 3339144
0.02, 3325870
0.02, 3314165
0.02, 3292753
0.02, 3286423
0.02, 3285496
0.02, 3283402
0.02, 3277273
0.02, 3253423
0.02, 3126504
0.02, 3104166
0.02, 3085711
0.02, 3064841
0.02, 3059181
0.02, 3055656
0.02, 3046756
0.02, 3019816
0.02, 3015301
0.02, 3005524
0.02, 2994161
0.02, 2984311
0.02, 2950116
0.02, 2933761
0.02, 2886166
0.02, 2851140
0.02, 2803832
0.02, 2789921
0.02, 2785468
0.02, 2784527
0.02, 2784121
0.02, 2766941
0.02, 2759632
0.02, 2759624
0.02, 2759617
0.02, 2753370
0.02, 2739601
0.02, 2731961
0.02, 2725091
0.02, 2724076
0.02, 2699944
0.02, 2653457
0.02, 2639524
0.02, 2637338
0.02, 2630416
0.02, 2596692
0.02, 2589551
0.02, 2589033
0.02, 2583977
0.02, 2580694
0.02, 2574934
0.02, 2574648
0.02, 2573208
0.02, 2536558
0.02, 2527778
0.02, 2503796
0.02, 2480290
0.02, 2467905
0.02, 2451770
0.02, 2441041
0.02, 2437769
0.02, 2390636
0.02, 2389871
0.02, 2382273
0.02, 2375427
0.02, 2367553
0.02, 2361730
0.02, 2359012
0.02, 2353937
0.02, 2348306
0.02, 2341354
0.02, 2336301
0.02, 2335206
0.02, 2293217
0.02, 2279647
0.02, 2278406
0.02, 2278027
0.02, 2248952
0.02, 2236653
0.02, 2233402
0.02, 2228573
0.02, 2228033
0.02, 2222821
0.02, 2222025
0.02, 2209727
0.02, 2180627
0.02, 2172726
0.02, 2163194
0.02, 2161926
0.02, 2157637
0.02, 2145095
0.02, 2139538
0.02, 2139077
0.02, 2112878
0.02, 2109132
0.02, 2109029
0.02, 2052394
0.02, 2052313
0.02, 2040483
0.02, 2006427
0.02, 1993904
0.02, 1931758
0.02, 1891333
0.02, 1862928
0.02, 1862234
0.02, 1852767
0.02, 1847017
0.02, 1776445
0.02, 1769682
0.02, 1751675
0.02, 1735766
0.02, 1735424
0.02, 1636739
0.02, 1624610
0.02, 1613626
0.02, 1605978
0.02, 1594370
0.02, 1568281
0.02, 1558931
0.02, 1535046
0.02, 1530086
0.02, 1517451
0.02, 1507173
0.02, 1481981
0.02, 1479315
0.02, 1458833
0.02, 1452461
0.02, 1441791
0.02, 1420030
0.02, 1419029
0.02, 1414808
0.03, 1413577
0.03, 1408223
0.03, 1408217
0.03, 1407904
0.03, 1402245
0.03, 1402160
0.03, 1399080
0.03, 1396959
0.03, 1381880
0.03, 1381525
0.03, 1372576
0.03, 1371807
0.03, 1358582
0.03, 1333845
0.03, 1319777
0.03, 1312053
0.03, 1305189
0.03, 1305142
0.03, 1294847
0.03, 1281142
0.03, 1280681
0.03, 1271978
0.03, 1269307
0.03, 1255229
0.03, 1251411
0.03, 1248580
0.03, 1248100
0.03, 1234182
0.03, 1228493
0.03, 1214237
0.03, 1212893
0.03, 1212632
0.03, 1209641
0.03, 1209229
0.03, 1206538
0.03, 1198684
0.03, 1191784
0.03, 1177665
0.03, 1172471
0.03, 1167825
0.03, 1133723
0.03, 1103842
0.03, 1101609
0.03, 1086812
0.03, 1086592
0.03, 1086540
0.03, 1086452
0.03, 1085166
0.03, 1083685
0.03, 1082509
0.03, 1079326
0.03, 1067089
0.03, 1058340
0.03, 1054380
0.03, 1035088
0.03, 1034323
0.03, 1019728
0.03, 1018932
0.03, 1018483
0.03, 1018189
0.03, 1016491
0.03, 1015733
0.03, 1012607
0.03, 989212
0.03, 980549
0.03, 977972
0.03, 977644
0.03, 965094
0.03, 962591
0.03, 961716
0.03, 960999
0.03, 959431
0.03, 955185
0.03, 953615
0.03, 953045
0.03, 947436
0.03, 940959
0.03, 940132
0.03, 938680
0.03, 937718
0.03, 937109
0.03, 930653
0.03, 908109
0.03, 907721
0.03, 907132
0.03, 899809
0.03, 898041
0.03, 894624
0.03, 893786
0.03, 892568
0.03, 891986
0.03, 883832
0.03, 883764
0.03, 877291
0.03, 872693
0.04, 856860
0.04, 855048
0.04, 843966
0.2, 843045
0.81, 840551
0.81, 839661
0.81, 838526
0.81, 836371
1.07, 835548
1.07, 835545
1.07, 828933
1.07, 828008
1.55, 823606
1.55, 822863
1.55, 821926
1.55, 821709
1.55, 821102
1.55, 821063
