0.01, 5748432
0.01, 5727772
0.01, 5576508
0.01, 5521817
0.01, 5443948
0.01, 5416966
0.01, 5413309
0.01, 5408672
0.01, 5321011
0.01, 5289195
0.01, 5225129
0.01, 5214035
0.01, 5187760
0.01, 5178415
0.01, 5121274
0.01, 5117931
0.01, 5083678
0.01, 5054658
0.01, 4981738
0.01, 4961528
0.01, 4957149
0.01, 4926662
0.01, 4835923
0.01, 4795976
0.01, 4780310
0.01, 4756483
0.01, 4727181
0.01, 4724222
0.01, 4685815
0.02, 4541567
0.02, 4519794
0.02, 4478412
0.02, 4448521
0.02, 4407250
0.02, 4404648
0.02, 4376348
0.02, 4359687
0.02, 4329449
0.02, 4303171
0.02, 4253515
0.02, 4239348
0.02, 4132798
0.02, 4130344
0.02, 4119831
0.02, 4054865
0.02, 4045453
0.02, 3973663
0.02, 3961363
0.02, 3931202
0.02, 3930993
0.02, 3924751
0.02, 3870762
0.02, 3869828
0.02, 3868499
0.02, 3852394
0.02, 3773484
0.02, 3762090
0.02, 3758487
0.02, 3744282
0.02, 3736974
0.02, 3689606
0.02, 3638884
0.02, 3626612
0.02, 3620375
0.02, 3613673
0.02, 3605683
0.02, 3597472
0.02, 3582292
0.02, 3575821
0.02, 3564341
0.02, 3536919
0.02, 3520349
0.02, 3520176
0.02, 3519271
0.02, 3516347
0.02, 3487665
0.02, 3485679
0.02, 3420454
0.02, 3419943
0.02, 3376910
0.02, 3374543
0.02, 3319326
0.02, 3312348
0.02, 3290568
0.02, 3281739
0.02, 3264832
0.02, 3243862
0.02, 3166985
0.02, 3161013
0.02, 3115595
0.02, 3115305
0.02, 3103768
0.02, 3096233
0.02, 3030589
0.02, 3015577
0.02, 2947689
0.02, 2946427
0.02, 2927341
0.02, 2918162
0.02, 2904303
0.02, 2898861
0.02, 2879181
0.02, 2874616
0.02, 2867073
0.02, 2866970
0.02, 2844578
0.02, 2818438
0.02, 2781771
0.02, 2765195
0.02, 2764587
0.02, 2726870
0.02, 2722548
0.02, 2676563
0.02, 2666269
0.02, 2654483
0.02, 2654008
0.02, 2636319
0.02, 2633321
0.02, 2630152
0.02, 2613582
0.02, 2576057
0.02, 2566414
0.02, 2554111
0.02, 2547179
0.02, 2517831
0.02, 2495723
0.02, 2447209
0.02, 2447175
0.02, 2429841
0.02, 2417040
0.02, 2404151
0.02, 2389544
0.02, 2317038
0.02, 2312670
0.02, 2295108
0.02, 2283559
0.02, 2266188
0.02, 2262671
0.02, 2242193
0.02, 2225081
0.02, 2223409
0.02, 2223391
0.02, 2192422
0.02, 2187068
0.02, 2128051
0.02, 2101445
0.02, 2092974
0.02, 2082843
0.02, 2067297
0.02, 2066408
0.02, 2066275
0.02, 2063178
0.02, 2055692
0.02, 2054643
0.02, 2052647
0.02, 2033778
0.02, 2021511
0.02, 2020504
0.02, 2019944
0.02, 2015756
0.02, 2008390
0.02, 2006377
0.02, 2000541
0.02, 1985871
0.02, 1983281
0.02, 1981450
0.02, 1962933
0.02, 1959598
0.02, 1955530
0.02, 1943828
0.02, 1932317
0.02, 1930448
0.02, 1916281
0.02, 1916086
0.02, 1912985
0.02, 1910094
0.02, 1894543
0.02, 1865367
0.02, 1840221
0.02, 1825914
0.02, 1778962
0.02, 1754718
0.02, 1740295
0.02, 1718378
0.02, 1713943
0.02, 1709588
0.02, 1703806
0.02, 1702135
0.02, 1689780
0.02, 1669259
0.02, 1651137
0.02, 1626637
0.02, 1555101
0.02, 1553890
0.02, 1534997
0.02, 1520035
0.02, 1500021
0.02, 1493563
0.02, 1457063
0.02, 1455655
0.02, 1455191
0.02, 1393128
0.02, 1390545
0.02, 1389711
0.02, 1382948
0.02, 1345046
0.02, 1343666
0.02, 1325213
0.02, 1311568
0.02, 1301598
0.02, 1285600
0.02, 1270934
0.02, 1247357
0.02, 1236857
0.02, 1223533
0.02, 1212937
0.02, 1204005
0.02, 1203609
0.02, 1203489
0.02, 1196576
0.02, 1196457
0.02, 1194957
0.02, 1194161
0.02, 1194031
0.02, 1183041
0.02, 1176984
0.02, 1172763
0.02, 1163707
0.02, 1162439
0.02, 1147416
0.02, 1145465
0.02, 1140554
0.02, 1135849
0.02, 1135821
0.02, 1133972
0.02, 1133557
0.02, 1131192
0.02, 1119296
0.03, 1118743
0.03, 1115155
0.03, 1109935
0.03, 1109347
0.03, 1108470
0.03, 1107386
0.03, 1103932
0.03, 1070915
0.03, 1055864
0.03, 1049262
0.03, 1033105
0.03, 1028914
0.03, 1028633
0.03, 1026309
0.03, 1017490
0.03, 1016165
0.03, 1013431
0.03, 1013217
0.03, 1011614
0.03, 1009803
0.03, 1009757
0.03, 1006359
0.03, 1005459
0.03, 1002936
0.03, 999520
0.03, 989563
0.03, 980900
0.03, 980432
0.03, 978466
0.03, 977148
0.03, 973616
0.03, 973456
0.03, 965593
0.03, 964282
0.03, 963100
0.03, 956033
0.03, 955777
0.03, 953664
0.03, 952008
0.03, 948157
0.03, 937437
0.03, 935781
0.03, 935730
0.03, 934736
0.03, 934729
0.03, 927605
0.03, 927211
0.03, 925925
0.03, 925322
0.03, 925195
0.03, 910400
0.03, 906780
0.03, 903822
0.03, 903364
0.03, 903102
0.03, 901395
0.03, 895760
0.03, 895364
0.03, 895094
0.03, 894675
0.03, 889061
0.03, 881727
0.03, 879048
0.03, 868608
0.04, 867264
0.06, 866964
0.06, 865479
0.06, 864391
0.06, 857513
0.06, 856948
0.06, 854508
0.07, 849162
0.07, 843170
0.07, 839780
0.07, 839563
0.07, 839524
0.38, 838837
0.38, 834348
0.38, 832660
0.38, 831654
0.49, 831298
0.62, 830591
0.62, 827950
0.62, 823398
