0.02, 6476932
0.02, 6457368
0.02, 6338512
0.02, 6330981
0.02, 6304193
0.02, 6277792
0.02, 6239238
0.02, 6229492
0.02, 6148659
0.02, 6144089
0.02, 6141588
0.02, 6138708
0.02, 6127956
0.02, 6127711
0.02, 6116550
0.02, 6107218
0.02, 6096246
0.02, 6093053
0.02, 6069439
0.02, 6054589
0.02, 6054422
0.02, 6037385
0.02, 6018066
0.02, 5953140
0.02, 5941186
0.02, 5856657
0.02, 5830572
0.02, 5780817
0.02, 5780370
0.02, 5711328
0.02, 5693512
0.02, 5593638
0.02, 5588027
0.02, 5561238
0.02, 5534994
0.02, 5471726
0.02, 5461211
0.02, 5416187
0.02, 5361127
0.02, 5274079
0.02, 5249577
0.02, 5165471
0.02, 5147702
0.02, 5062613
0.02, 5026533
0.02, 5016055
0.02, 5003727
0.02, 4916650
0.02, 4853959
0.02, 4829554
0.02, 4793823
0.02, 4684827
0.02, 4657668
0.02, 4642411
0.02, 4599235
0.02, 4499212
0.02, 4445348
0.02, 4420800
0.02, 4396672
0.02, 4339697
0.02, 4293810
0.02, 4239041
0.02, 4237904
0.02, 4221825
0.02, 4208593
0.02, 4166054
0.02, 4113651
0.02, 4077890
0.02, 4015318
0.02, 3980922
0.02, 3917988
0.02, 3825496
0.02, 3805934
0.02, 3755286
0.02, 3744540
0.02, 3739894
0.02, 3635864
0.02, 3628220
0.02, 3588850
0.02, 3583476
0.02, 3490833
0.02, 3477586
0.02, 3425019
0.02, 3415867
0.02, 3370435
0.02, 3367189
0.02, 3346742
0.02, 3338651
0.02, 3334474
0.02, 3333030
0.02, 3332470
0.02, 3299010
0.02, 3240448
0.02, 3234189
0.02, 3169356
0.02, 3148693
0.02, 3146699
0.02, 3143128
0.02, 3142104
0.02, 3122442
0.02, 3063695
0.02, 3063385
0.02, 3045951
0.02, 3044341
0.02, 3040909
0.02, 3035741
0.02, 2979371
0.02, 2961041
0.02, 2956280
0.02, 2895832
0.02, 2891359
0.02, 2889363
0.02, 2848348
0.02, 2832904
0.02, 2821660
0.02, 2821072
0.02, 2787727
0.02, 2786940
0.02, 2763538
0.02, 2760438
0.02, 2716056
0.02, 2708294
0.02, 2706416
0.02, 2695534
0.02, 2673202
0.02, 2656479
0.02, 2651781
0.02, 2636088
0.02, 2635525
0.02, 2629863
0.02, 2609455
0.02, 2609183
0.02, 2542343
0.02, 2537528
0.02, 2532053
0.02, 2512371
0.02, 2512331
0.02, 2485791
0.02, 2483503
0.02, 2483152
0.02, 2478764
0.02, 2470167
0.02, 2462724
0.02, 2453952
0.02, 2429916
0.02, 2381858
0.02, 2380785
0.02, 2367009
0.02, 2323559
0.02, 2302523
0.02, 2296962
0.02, 2216631
0.02, 2214393
0.02, 2172898
0.02, 2155040
0.02, 2154552
0.02, 2130741
0.02, 2128669
0.02, 2127983
0.02, 2115518
0.02, 2080726
0.02, 2078927
0.02, 2051853
0.02, 2044256
0.02, 2029927
0.02, 2010833
0.02, 2005069
0.02, 1996281
0.02, 1953656
0.02, 1935553
0.02, 1920579
0.02, 1914371
0.02, 1906496
0.02, 1903286
0.02, 1890351
0.02, 1882508
0.02, 1860728
0.02, 1860157
0.02, 1828979
0.02, 1808819
0.02, 1803337
0.02, 1798071
0.02, 1764463
0.02, 1762515
0.02, 1759713
0.02, 1742914
0.02, 1742483
0.02, 1679050
0.02, 1678998
0.02, 1659353
0.02, 1650256
0.02, 1630035
0.02, 1609168
0.02, 1577710
0.02, 1577624
0.02, 1568326
0.02, 1566984
0.02, 1565331
0.02, 1565289
0.02, 1564832
0.02, 1530342
0.03, 1508948
0.03, 1501270
0.03, 1497071
0.03, 1496095
0.03, 1488033
0.03, 1480950
0.03, 1469721
0.03, 1469266
0.03, 1468306
0.03, 1461894
0.03, 1448795
0.03, 1437244
0.03, 1434119
0.03, 1396456
0.03, 1385191
0.03, 1383882
0.03, 1372377
0.03, 1366525
0.03, 1355864
0.03, 1348700
0.03, 1342764
0.03, 1342304
0.03, 1341101
0.03, 1339469
0.03, 1329290
0.03, 1303495
0.03, 1298044
0.03, 1291342
0.03, 1286850
0.03, 1282829
0.03, 1280491
0.03, 1266007
0.03, 1258325
0.03, 1240478
0.03, 1235715
0.03, 1235206
0.03, 1233922
0.03, 1232678
0.03, 1231227
0.03, 1226575
0.03, 1225774
0.03, 1221082
0.03, 1220529
0.03, 1220425
0.03, 1219290
0.03, 1212607
0.03, 1211138
0.03, 1201855
0.03, 1193600
0.03, 1186075
0.03, 1184362
0.03, 1184293
0.03, 1183692
0.03, 1175236
0.03, 1174583
0.03, 1169077
0.03, 1168219
0.03, 1165093
0.03, 1163898
0.03, 1154830
0.03, 1124622
0.03, 1111968
0.03, 1111519
0.03, 1106100
0.03, 1104885
0.03, 1104781
0.03, 1103301
0.03, 1094676
0.03, 1073838
0.03, 1072025
0.03, 1051837
0.03, 1042233
0.03, 1040400
0.03, 1040002
0.03, 1037267
0.03, 1034228
0.03, 1028903
0.03, 1028441
0.03, 1028369
0.03, 1021296
0.03, 1019209
0.03, 1001287
0.03, 987931
0.03, 983925
0.03, 980942
0.03, 975942
0.03, 971600
0.03, 970448
0.03, 964519
0.03, 960066
0.03, 959484
0.03, 943799
0.03, 941586
0.03, 939743
0.03, 938508
0.04, 936137
0.04, 924913
0.04, 918494
0.04, 917887
0.04, 913042
0.04, 910367
0.04, 902318
0.04, 899588
0.04, 888137
0.04, 887670
0.04, 885813
0.04, 884374
0.04, 882038
0.04, 880163
0.04, 878964
0.04, 878568
0.04, 869971
0.04, 843752
0.04, 836086
0.04, 835824
0.04, 833460
0.24, 826127
0.24, 821529
0.24, 821414
0.24, 818145
0.24, 817928
0.24, 817889
0.24, 817042
0.96, 817022
