0.02, 5713447
0.02, 5713395
0.02, 5657275
0.02, 5646587
0.02, 5613128
0.02, 5543791
0.02, 5522491
0.02, 5521426
0.02, 5510052
0.02, 5509450
0.02, 5502991
0.02, 5474737
0.02, 5472835
0.02, 5406095
0.02, 5311061
0.02, 5262522
0.02, 5214920
0.02, 5209120
0.02, 5091122
0.02, 5086106
0.02, 5082931
0.02, 5072101
0.02, 5007827
0.02, 4970536
0.02, 4879972
0.02, 4857337
0.02, 4758951
0.02, 4731925
0.02, 4708960
0.02, 4675216
0.02, 4600176
0.02, 4583934
0.02, 4530097
0.02, 4530056
0.02, 4468294
0.02, 4436441
0.02, 4427244
0.02, 4385750
0.02, 4313153
0.02, 4276404
0.02, 4227288
0.02, 4212856
0.02, 4202735
0.02, 4179674
0.02, 4169506
0.02, 4168596
0.02, 4118529
0.02, 4118076
0.02, 4110918
0.02, 4104582
0.02, 4060163
0.02, 4048957
0.02, 3995863
0.02, 3995717
0.02, 3985252
0.02, 3972783
0.02, 3965455
0.02, 3957290
0.02, 3932440
0.02, 3915027
0.02, 3895773
0.02, 3893931
0.02, 3858049
0.02, 3855862
0.02, 3829619
0.02, 3798925
0.02, 3787150
0.02, 3743794
0.02, 3709695
0.02, 3697399
0.02, 3665479
0.02, 3615913
0.02, 3578011
0.02, 3575346
0.02, 3532764
0.02, 3526403
0.02, 3500109
0.02, 3494451
0.02, 3485929
0.02, 3485627
0.02, 3465476
0.02, 3462904
0.02, 3454323
0.02, 3449481
0.02, 3447627
0.02, 3435078
0.02, 3428015
0.02, 3427326
0.02, 3422010
0.02, 3378728
0.02, 3374243
0.02, 3367781
0.02, 3359131
0.02, 3357660
0.02, 3333071
0.02, 3331986
0.02, 3326953
0.02, 3322382
0.02, 3319983
0.02, 3303380
0.02, 3301957
0.02, 3293783
0.02, 3287974
0.02, 3287659
0.02, 3268880
0.02, 3251072
0.02, 3247296
0.02, 3183940
0.02, 3162117
0.02, 3139105
0.02, 3138469
0.02, 3124078
0.02, 3119024
0.02, 3117737
0.02, 3104757
0.02, 3098630
0.02, 3088494
0.02, 3079147
0.02, 3068364
0.02, 3059305
0.02, 3040207
0.02, 3037403
0.02, 3035868
0.02, 3034409
0.02, 3030588
0.02, 3024858
0.02, 3023488
0.02, 3018745
0.02, 3011217
0.02, 3006904
0.02, 3006514
0.02, 2997612
0.02, 2997356
0.02, 2982930
0.02, 2971441
0.02, 2950877
0.02, 2879264
0.02, 2865612
0.02, 2849850
0.02, 2831558
0.02, 2809401
0.02, 2799552
0.02, 2769414
0.02, 2664747
0.02, 2640406
0.02, 2538015
0.02, 2493451
0.02, 2486623
0.02, 2486319
0.02, 2401228
0.02, 2400869
0.02, 2393648
0.02, 2342329
0.02, 2340762
0.02, 2296851
0.02, 2296797
0.02, 2295774
0.02, 2294582
0.02, 2254327
0.02, 2246464
0.02, 2241858
0.02, 2239113
0.02, 2239062
0.02, 2238988
0.02, 2230296
0.02, 2229544
0.02, 2228393
0.02, 2225544
0.02, 2198065
0.02, 2163759
0.02, 2154834
0.02, 2150286
0.02, 2112343
0.02, 2073099
0.02, 2051128
0.02, 2036272
0.02, 2031092
0.02, 2024264
0.02, 2001429
0.02, 1994547
0.02, 1959952
0.02, 1951680
0.02, 1946577
0.02, 1925890
0.02, 1899835
0.02, 1891930
0.02, 1887545
0.02, 1859192
0.02, 1849569
0.02, 1847259
0.02, 1843916
0.02, 1779815
0.02, 1760785
0.02, 1754942
0.02, 1687411
0.02, 1668994
0.02, 1668904
0.02, 1615566
0.02, 1615118
0.02, 1600094
0.02, 1586653
0.02, 1545465
0.03, 1517510
0.03, 1489531
0.03, 1476924
0.03, 1438821
0.03, 1423559
0.03, 1382957
0.03, 1377777
0.03, 1376877
0.03, 1376731
0.03, 1376386
0.03, 1374754
0.03, 1359728
0.03, 1358527
0.03, 1335719
0.03, 1323449
0.03, 1307871
0.03, 1296523
0.03, 1296074
0.03, 1295285
0.03, 1259949
0.03, 1258959
0.03, 1252586
0.03, 1251978
0.03, 1251494
0.03, 1248708
0.03, 1248700
0.03, 1236546
0.03, 1232693
0.03, 1213002
0.03, 1208621
0.03, 1202692
0.03, 1197631
0.03, 1195433
0.03, 1191102
0.03, 1178865
0.03, 1175539
0.03, 1164455
0.03, 1134547
0.03, 1134004
0.03, 1131206
0.03, 1129856
0.03, 1112676
0.03, 1111801
0.03, 1106496
0.03, 1104423
0.03, 1096469
0.03, 1085287
0.03, 1083991
0.03, 1083952
0.03, 1075486
0.03, 1074690
0.03, 1071523
0.03, 1069413
0.03, 1068857
0.03, 1068204
0.03, 1062532
0.03, 1057154
0.03, 1048235
0.03, 1030651
0.03, 1021571
0.03, 1020436
0.03, 1017569
0.03, 1016604
0.03, 1008920
0.03, 991512
0.03, 990955
0.03, 985394
0.03, 973125
0.03, 970234
0.03, 957123
0.03, 951145
0.03, 942482
0.03, 942367
0.03, 941442
0.03, 940436
0.03, 937002
0.03, 918754
0.03, 917543
0.03, 916144
0.03, 914330
0.03, 913881
0.03, 912798
0.03, 912228
0.03, 911189
0.03, 909071
0.03, 908549
0.03, 908537
0.03, 908133
0.03, 903790
0.03, 901575
0.04, 896690
0.04, 895488
0.04, 895093
0.04, 892676
0.04, 884208
0.04, 881277
0.04, 880439
0.05, 880222
0.05, 879665
0.05, 879626
0.06, 878463
0.06, 875871
0.06, 859080
0.06, 857477
0.06, 856006
0.06, 854194
0.06, 843112
0.06, 841913
0.06, 841517
0.96, 839104
0.96, 838876
0.96, 832102
2.16, 830878
2.16, 830839
2.27, 823250
2.27, 821647
2.27, 820851
2.45, 820780
2.46, 820741
