0.02, 5670888
0.02, 5647951
0.02, 5595111
0.02, 5565437
0.02, 5422919
0.02, 5409997
0.02, 5373633
0.02, 5372561
0.02, 5349668
0.02, 5339485
0.02, 5325398
0.02, 5315095
0.02, 5251177
0.02, 5233589
0.02, 5217437
0.02, 5216055
0.02, 5214158
0.02, 5207678
0.02, 5192659
0.02, 5173246
0.02, 5094207
0.02, 5066718
0.02, 5004819
0.02, 4976019
0.02, 4944902
0.02, 4896405
0.02, 4848202
0.02, 4837444
0.02, 4834166
0.02, 4827596
0.02, 4823030
0.02, 4790109
0.02, 4771895
0.02, 4691753
0.02, 4660312
0.02, 4632328
0.02, 4594475
0.02, 4542613
0.02, 4514548
0.02, 4427087
0.02, 4389675
0.02, 4385138
0.02, 4336869
0.02, 4322680
0.02, 4316043
0.02, 4306585
0.02, 4287058
0.02, 4276201
0.02, 4259336
0.02, 4225498
0.02, 4214425
0.02, 4213746
0.02, 4201829
0.02, 4181794
0.02, 4161664
0.02, 4148423
0.02, 4131158
0.02, 4125041
0.02, 4120944
0.02, 4100835
0.02, 4099545
0.02, 4064820
0.02, 4046822
0.02, 4039279
0.02, 3950646
0.02, 3945887
0.02, 3929160
0.02, 3925085
0.02, 3915833
0.02, 3898613
0.02, 3889152
0.02, 3881065
0.02, 3878331
0.02, 3871185
0.02, 3845632
0.02, 3838379
0.02, 3800869
0.02, 3799629
0.02, 3799628
0.02, 3791231
0.02, 3790398
0.02, 3775635
0.02, 3766363
0.02, 3755549
0.02, 3751035
0.02, 3727363
0.02, 3711783
0.02, 3696222
0.02, 3652031
0.02, 3637191
0.02, 3630820
0.02, 3619749
0.02, 3608282
0.02, 3584353
0.02, 3582933
0.02, 3562613
0.02, 3554511
0.02, 3512679
0.02, 3507532
0.02, 3495697
0.02, 3490942
0.02, 3487954
0.02, 3483497
0.02, 3482620
0.02, 3481572
0.02, 3481480
0.02, 3469789
0.02, 3461399
0.02, 3460194
0.02, 3396492
0.02, 3389321
0.02, 3369548
0.02, 3301948
0.02, 3284072
0.02, 3279089
0.02, 3257979
0.02, 3255749
0.02, 3255396
0.02, 3246397
0.02, 3234233
0.02, 3227223
0.02, 3206558
0.02, 3205779
0.02, 3191479
0.02, 3190410
0.02, 3182781
0.02, 3129715
0.02, 3129071
0.02, 3016191
0.02, 3013901
0.02, 2969037
0.02, 2968899
0.02, 2951941
0.02, 2932018
0.02, 2931366
0.02, 2931268
0.02, 2867904
0.02, 2864887
0.02, 2829412
0.02, 2821381
0.02, 2808600
0.02, 2803981
0.02, 2801414
0.02, 2790042
0.02, 2786895
0.02, 2754519
0.02, 2725679
0.02, 2676510
0.02, 2660554
0.02, 2643354
0.02, 2631743
0.02, 2594245
0.02, 2592439
0.02, 2592044
0.02, 2591911
0.02, 2590423
0.02, 2514401
0.02, 2512309
0.02, 2425752
0.02, 2422188
0.02, 2392902
0.02, 2372289
0.02, 2344921
0.02, 2342935
0.02, 2311122
0.02, 2305316
0.02, 2296248
0.02, 2295400
0.02, 2255528
0.02, 2225408
0.02, 2204484
0.02, 2203391
0.02, 2172045
0.02, 2171523
0.02, 2166497
0.02, 2108801
0.02, 2096039
0.02, 2080901
0.02, 2072372
0.02, 2045745
0.02, 2044912
0.02, 2038774
0.02, 2038766
0.02, 2019757
0.02, 2011663
0.02, 2007834
0.02, 1977897
0.02, 1913265
0.02, 1912527
0.02, 1830640
0.02, 1822147
0.02, 1814532
0.02, 1774681
0.02, 1752260
0.03, 1710714
0.03, 1709984
0.03, 1660744
0.03, 1617310
0.03, 1603875
0.03, 1603090
0.03, 1566342
0.03, 1556362
0.03, 1534326
0.03, 1516293
0.03, 1471245
0.03, 1450637
0.03, 1445994
0.03, 1440527
0.03, 1432138
0.03, 1426951
0.03, 1391677
0.03, 1383304
0.03, 1379846
0.03, 1377211
0.03, 1300962
0.03, 1283795
0.03, 1281471
0.03, 1275262
0.03, 1274728
0.03, 1267937
0.03, 1265086
0.03, 1263272
0.03, 1261433
0.03, 1260890
0.03, 1259565
0.03, 1259345
0.03, 1243970
0.03, 1220917
0.03, 1205721
0.03, 1197943
0.03, 1169261
0.03, 1161418
0.03, 1153543
0.03, 1144895
0.03, 1134231
0.03, 1131267
0.03, 1131039
0.03, 1112604
0.03, 1109561
0.03, 1100992
0.03, 1098876
0.03, 1097875
0.03, 1065667
0.03, 1043510
0.03, 1042790
0.03, 1040298
0.03, 1039499
0.03, 1039199
0.03, 1034420
0.03, 1023191
0.03, 1022526
0.03, 1016912
0.03, 1015626
0.03, 1009101
0.03, 1008756
0.03, 1003513
0.03, 1000537
0.03, 999696
0.03, 993368
0.03, 992149
0.03, 980371
0.03, 956670
0.03, 955870
0.03, 949107
0.03, 948653
0.03, 944780
0.03, 942537
0.03, 941699
0.03, 932621
0.03, 929511
0.03, 929185
0.03, 921123
0.03, 913290
0.03, 913122
0.03, 909251
0.03, 906927
0.03, 901343
0.03, 896436
0.03, 895473
0.03, 894107
0.03, 888472
0.03, 888184
0.03, 887300
0.03, 886951
0.03, 874332
0.03, 872838
0.03, 871589
0.03, 865919
0.03, 865044
0.03, 861827
0.03, 860043
0.03, 859517
0.03, 856135
0.03, 855194
0.03, 854269
0.04, 852646
0.04, 852542
0.04, 851972
0.04, 848674
0.04, 846986
0.04, 845980
0.11, 844064
0.11, 843969
0.11, 841065
0.11, 840848
0.11, 836759
0.11, 836152
0.11, 836113
0.96, 831592
0.96, 831187
0.97, 830444
0.97, 829507
2.17, 827678
2.17, 826702
3.98, 822460
