0.02, 10692193
0.02, 10600095
0.02, 10437056
0.02, 10361789
0.02, 10359282
0.02, 10197666
0.02, 10195489
0.02, 10194145
0.02, 10049518
0.02, 10048762
0.02, 9734137
0.02, 9733748
0.02, 9604123
0.02, 9555441
0.02, 9555262
0.02, 9495025
0.02, 9493360
0.02, 9493268
0.02, 9492094
0.02, 9459253
0.02, 9459234
0.02, 9400194
0.02, 9386701
0.02, 9354911
0.02, 9344189
0.02, 9343934
0.02, 9338072
0.02, 9335350
0.02, 9290693
0.02, 9287769
0.02, 9225370
0.02, 9224637
0.02, 9187767
0.02, 9178556
0.02, 9029820
0.02, 9028557
0.02, 8979445
0.02, 8964035
0.02, 8922609
0.02, 8916168
0.02, 8914718
0.02, 8840914
0.02, 8607843
0.02, 8517900
0.02, 8516566
0.02, 8516217
0.02, 8516113
0.02, 8516034
0.02, 8514031
0.02, 8513987
0.02, 8463885
0.02, 8459129
0.02, 8317721
0.02, 8272507
0.02, 8269408
0.02, 8252594
0.02, 8251358
0.02, 8016054
0.02, 8012689
0.02, 7990756
0.02, 7990103
0.02, 7938750
0.02, 7938571
0.02, 7933511
0.02, 7930779
0.02, 7859656
0.02, 7858404
0.02, 7803978
0.02, 7803890
0.02, 7790488
0.02, 7788408
0.02, 7714977
0.02, 7713974
0.02, 7682968
0.02, 7682204
0.02, 7678479
0.02, 7675709
0.02, 7675593
0.02, 7674554
0.02, 7673292
0.02, 7673286
0.02, 7666648
0.02, 7664773
0.02, 7617544
0.02, 7600119
0.02, 7591136
0.02, 7589922
0.02, 7587865
0.02, 7416418
0.02, 7416164
0.02, 7415542
0.02, 7415265
0.02, 7409312
0.02, 7185641
0.02, 7180283
0.02, 7175638
0.02, 7037517
0.02, 7036988
0.02, 7036861
0.02, 7035828
0.02, 7034523
0.02, 7029030
0.02, 7027434
0.02, 7027171
0.02, 7026758
0.02, 7026595
0.02, 7016722
0.02, 6995501
0.02, 6977900
0.02, 6959930
0.02, 6945211
0.02, 6928490
0.02, 6899536
0.02, 6895960
0.02, 6893482
0.02, 6892423
0.02, 6892233
0.02, 6892186
0.02, 6887865
0.02, 6887815
0.02, 6707668
0.02, 6704363
0.02, 6691860
0.02, 6553497
0.02, 6507539
0.02, 6477218
0.02, 6463022
0.02, 6462504
0.02, 6352773
0.02, 6352277
0.02, 6349967
0.02, 6144980
0.03, 6138875
0.03, 6036006
0.03, 6010191
0.03, 6001646
0.03, 5872782
0.03, 5870441
0.03, 5795058
0.03, 5788064
0.03, 5675981
0.03, 5673911
0.03, 5656104
0.03, 5642050
0.03, 5614087
0.03, 5613050
0.03, 5598556
0.03, 5577365
0.03, 5496710
0.03, 5442509
0.03, 5429341
0.03, 5370359
0.03, 5355743
0.03, 5305687
0.03, 5275985
0.03, 5232446
0.03, 5124132
0.03, 5106251
0.03, 5101104
0.03, 5039695
0.03, 5037098
0.03, 4986019
0.03, 4969612
0.03, 4963305
0.03, 4956120
0.03, 4954455
0.03, 4944346
0.03, 4927753
0.03, 4924915
0.03, 4881301
0.03, 4879951
0.03, 4864899
0.03, 4843742
0.03, 4823094
0.03, 4816495
0.03, 4754728
0.03, 4732421
0.03, 4719705
0.03, 4690156
0.03, 4667358
0.03, 4615805
0.03, 4611948
0.03, 4540550
0.03, 4535376
0.03, 4515647
0.03, 4510060
0.03, 4410092
0.03, 4406913
0.03, 4249530
0.03, 4233943
0.03, 4046472
0.03, 4038362
0.03, 4032284
0.03, 4031594
0.03, 4029771
0.03, 4028269
0.03, 4023860
0.03, 4023086
0.03, 4020218
0.03, 3885168
0.03, 3879555
0.03, 3789652
0.03, 3784805
0.03, 3703987
0.03, 3678814
0.03, 3655181
0.03, 3486638
0.03, 3476965
0.03, 3456131
0.03, 3454956
0.03, 3388283
0.03, 3387747
0.03, 3354621
0.03, 3353635
0.03, 3350454
0.03, 3336068
0.03, 3266378
0.03, 3256656
0.03, 3217353
0.03, 3211138
0.03, 3200561
0.03, 3190450
0.03, 3185599
0.03, 3074110
0.03, 3052754
0.03, 3035983
0.03, 2977174
0.03, 2944599
0.03, 2929483
0.03, 2880484
0.03, 2880131
0.03, 2859005
0.03, 2764117
0.03, 2739872
0.03, 2682386
0.03, 2667531
0.03, 2608239
0.03, 2598053
0.03, 2568972
0.03, 2562601
0.03, 2561702
0.03, 2467633
0.03, 2462075
0.03, 2458076
0.03, 2457603
0.03, 2418032
0.03, 2414977
0.03, 2414320
0.03, 2393266
0.03, 2382195
0.03, 2379630
0.03, 2375071
0.03, 2259951
0.03, 2252081
0.03, 2162270
0.03, 2162096
0.03, 2145411
0.03, 2144250
0.03, 2138690
0.03, 2138196
0.03, 2096665
0.03, 2068370
0.03, 2060608
0.03, 2059990
0.03, 2050609
0.03, 2049787
0.03, 2022751
0.03, 2018144
0.03, 1972933
0.03, 1971172
0.03, 1970955
0.03, 1970474
0.03, 1958613
0.03, 1947303
0.03, 1928275
0.03, 1922404
0.03, 1852896
0.03, 1846955
0.03, 1834884
0.03, 1832839
0.03, 1832788
0.03, 1830132
0.03, 1825760
0.03, 1824472
0.03, 1824024
0.03, 1823819
0.03, 1823042
0.03, 1821543
0.03, 1805345
0.03, 1805179
0.03, 1804637
0.03, 1804194
0.03, 1804093
0.03, 1782527
0.03, 1759379
0.03, 1758629
0.03, 1754069
0.03, 1753571
0.03, 1730937
0.03, 1725983
0.03, 1716669
0.03, 1699464
0.03, 1698686
0.03, 1613290
0.03, 1608253
0.03, 1597307
0.03, 1594241
0.03, 1593075
0.03, 1587046
0.03, 1585080
0.04, 1584750
0.04, 1584179
0.04, 1582335
0.04, 1582247
0.04, 1575633
0.04, 1537507
0.04, 1534393
0.04, 1531319
0.04, 1525585
0.04, 1517028
0.04, 1516640
0.04, 1504637
0.04, 1485761
0.04, 1483624
0.04, 1477911
0.04, 1473061
0.04, 1471920
0.04, 1471689
0.04, 1471002
0.04, 1463869
0.04, 1455025
0.04, 1447168
0.04, 1441479
0.04, 1418946
0.04, 1416388
0.04, 1407552
0.04, 1351140
0.04, 1344240
0.04, 1344121
0.04, 1333562
0.04, 1317575
0.04, 1313710
0.04, 1313660
0.04, 1312793
0.04, 1312157
0.04, 1312050
0.04, 1311427
0.04, 1307750
0.04, 1306218
0.04, 1303306
0.04, 1302145
0.04, 1298368
0.04, 1294806
0.04, 1290587
0.04, 1288293
0.04, 1285417
0.04, 1284679
0.04, 1282878
0.04, 1282661
0.04, 1282180
0.04, 1254136
0.04, 1253146
0.04, 1251414
0.04, 1249760
0.04, 1248925
0.04, 1246959
0.04, 1228385
0.04, 1227786
0.04, 1227644
0.04, 1227396
0.04, 1223638
0.04, 1215744
0.04, 1201869
0.04, 1200688
0.04, 1198544
0.04, 1198003
0.04, 1197668
0.04, 1196712
0.04, 1191995
0.04, 1190730
0.04, 1187753
0.09, 1186032
0.09, 1185856
0.09, 1183890
0.09, 1183683
0.98, 1182709
0.98, 1182531
0.98, 1182169
0.98, 1181968
0.98, 1181561
0.98, 1181454
0.98, 1180293
1.37, 1178033
