0.02, 10701523
0.02, 10679836
0.02, 10679250
0.02, 10543730
0.02, 10510262
0.02, 10252186
0.02, 10251117
0.02, 9998881
0.02, 9998412
0.02, 9725417
0.02, 9651222
0.02, 9619503
0.02, 9565971
0.02, 9548419
0.02, 9534499
0.02, 9506580
0.02, 9504640
0.02, 9385859
0.02, 9364811
0.02, 9246524
0.02, 9153326
0.02, 8900518
0.02, 8891419
0.02, 8704938
0.02, 8697926
0.02, 8507866
0.02, 8502918
0.02, 8406456
0.02, 8405124
0.02, 8259925
0.02, 8259606
0.02, 8203012
0.02, 8201910
0.02, 8008420
0.02, 8006053
0.02, 7952551
0.02, 7804515
0.02, 7795693
0.02, 7637742
0.02, 7633694
0.02, 7595607
0.02, 7536058
0.02, 7407000
0.02, 7406550
0.02, 7348593
0.02, 7245207
0.02, 7208483
0.02, 7198998
0.02, 7182656
0.02, 7179574
0.02, 7087414
0.02, 6965603
0.02, 6964071
0.02, 6916212
0.02, 6909789
0.02, 6880478
0.02, 6812732
0.02, 6778720
0.02, 6694392
0.02, 6680692
0.02, 6649142
0.02, 6579020
0.02, 6574385
0.02, 6568206
0.02, 6566585
0.02, 6562099
0.02, 6543686
0.02, 6502658
0.02, 6501281
0.02, 6452664
0.02, 6394988
0.02, 6393756
0.02, 6383086
0.02, 6345391
0.02, 6339518
0.02, 6274625
0.02, 6137212
0.02, 6010990
0.02, 5825290
0.02, 5742089
0.02, 5549646
0.02, 5532221
0.02, 5427863
0.02, 5369013
0.02, 5358483
0.02, 5288387
0.02, 5111978
0.02, 4988114
0.02, 4862944
0.02, 4853113
0.02, 4735828
0.02, 4709251
0.02, 4674990
0.02, 4590686
0.02, 4510928
0.02, 4453085
0.02, 4384896
0.02, 4308887
0.02, 4209826
0.02, 4143593
0.02, 4111852
0.02, 4088047
0.02, 4079423
0.02, 4071826
0.02, 4007365
0.02, 3976298
0.02, 3926233
0.02, 3846757
0.02, 3796320
0.02, 3718932
0.02, 3672665
0.02, 3663507
0.02, 3659898
0.02, 3648431
0.02, 3639490
0.02, 3633434
0.02, 3627367
0.02, 3590718
0.02, 3577692
0.02, 3560025
0.02, 3505406
0.02, 3499302
0.02, 3494398
0.02, 3481530
0.02, 3436160
0.02, 3436039
0.02, 3426940
0.02, 3420713
0.02, 3398770
0.02, 3378490
0.02, 3337118
0.02, 3329853
0.02, 3300637
0.02, 3267444
0.03, 3252979
0.03, 3248606
0.03, 3243278
0.03, 3236965
0.03, 3234206
0.03, 3231015
0.03, 3227927
0.03, 3224776
0.03, 3213053
0.03, 3212701
0.03, 3208295
0.03, 3207317
0.03, 3204754
0.03, 3200236
0.03, 3199306
0.03, 3149360
0.03, 3148423
0.03, 3148087
0.03, 3147698
0.03, 3145814
0.03, 3144775
0.03, 3143427
0.03, 3143129
0.03, 3142374
0.03, 3098315
0.03, 3096127
0.03, 3095437
0.03, 3095135
0.03, 3095003
0.03, 3094220
0.03, 3079224
0.03, 3066103
0.03, 3046343
0.03, 3032653
0.03, 2993462
0.03, 2992861
0.03, 2992738
0.03, 2992500
0.03, 2991245
0.03, 2989932
0.03, 2988997
0.03, 2988656
0.03, 2988648
0.03, 2988288
0.03, 2979509
0.03, 2977140
0.03, 2976490
0.03, 2972412
0.03, 2972284
0.03, 2971928
0.03, 2969680
0.03, 2967672
0.03, 2966852
0.03, 2966517
0.03, 2965345
0.03, 2962653
0.03, 2960375
0.03, 2957394
0.03, 2953182
0.03, 2951047
0.03, 2943511
0.03, 2939585
0.03, 2935101
0.03, 2934619
0.03, 2931167
0.03, 2926601
0.03, 2885776
0.03, 2873008
0.03, 2841858
0.03, 2828290
0.03, 2810439
0.03, 2800210
0.03, 2778364
0.03, 2777843
0.03, 2776840
0.03, 2773542
0.03, 2771750
0.03, 2771269
0.03, 2764777
0.03, 2749998
0.03, 2727149
0.03, 2724960
0.03, 2715204
0.03, 2712048
0.03, 2691551
0.03, 2687686
0.03, 2687109
0.03, 2686056
0.03, 2667135
0.03, 2664841
0.03, 2635525
0.03, 2629495
0.03, 2617120
0.03, 2605293
0.03, 2593834
0.03, 2567985
0.03, 2564506
0.03, 2554970
0.03, 2502166
0.03, 2492452
0.03, 2469170
0.03, 2466352
0.03, 2465499
0.03, 2367586
0.03, 2366355
0.03, 2251141
0.03, 2245778
0.03, 2221642
0.03, 2221288
0.03, 2218431
0.03, 2218307
0.03, 2209140
0.03, 2193950
0.03, 2190491
0.03, 2190221
0.03, 2160201
0.03, 2107147
0.03, 2104276
0.03, 2079904
0.03, 2079385
0.03, 2024155
0.03, 2022666
0.03, 2015640
0.03, 2014173
0.03, 2009827
0.03, 2008108
0.03, 1997535
0.03, 1995737
0.03, 1974787
0.03, 1973518
0.03, 1963340
0.03, 1925430
0.03, 1923733
0.03, 1909583
0.03, 1907205
0.03, 1906640
0.03, 1906460
0.03, 1906303
0.03, 1869484
0.03, 1853699
0.03, 1851905
0.03, 1846226
0.03, 1821406
0.03, 1806956
0.03, 1803418
0.03, 1776896
0.03, 1757446
0.03, 1741584
0.03, 1741465
0.03, 1739004
0.03, 1738312
0.03, 1721679
0.03, 1709415
0.03, 1708044
0.03, 1698149
0.03, 1698138
0.03, 1693386
0.03, 1669358
0.03, 1653148
0.03, 1649643
0.03, 1648157
0.03, 1647159
0.03, 1644436
0.03, 1641834
0.03, 1641403
0.03, 1640635
0.03, 1639789
0.03, 1639783
0.03, 1637946
0.03, 1637943
0.03, 1637646
0.03, 1637109
0.03, 1636007
0.03, 1630949
0.03, 1630739
0.03, 1630527
0.03, 1627737
0.03, 1625008
0.03, 1624971
0.03, 1624391
0.03, 1619983
0.03, 1619567
0.03, 1606213
0.03, 1593051
0.03, 1584208
0.03, 1578337
0.03, 1577531
0.03, 1573176
0.03, 1572024
0.03, 1570292
0.03, 1568638
0.03, 1568534
0.03, 1567470
0.03, 1566975
0.03, 1566400
0.03, 1547244
0.03, 1487551
0.04, 1484773
0.04, 1470738
0.04, 1463024
0.04, 1461883
0.04, 1461865
0.04, 1461266
0.04, 1460955
0.04, 1458973
0.04, 1453961
0.04, 1448383
0.04, 1446924
0.04, 1443596
0.04, 1442814
0.04, 1439384
0.04, 1439319
0.04, 1438161
0.04, 1437421
0.04, 1437352
0.04, 1436564
0.04, 1436127
0.04, 1434307
0.04, 1434100
0.04, 1433762
0.04, 1425033
0.04, 1412732
0.04, 1410611
0.04, 1410137
0.04, 1381383
0.04, 1378153
0.04, 1377517
0.04, 1353823
0.04, 1353681
0.04, 1353574
0.04, 1353566
0.04, 1352335
0.04, 1351343
0.04, 1345590
0.04, 1345373
0.04, 1342554
0.04, 1341729
0.04, 1340245
0.04, 1331378
0.04, 1323170
0.04, 1321625
0.04, 1305530
0.04, 1262982
0.04, 1252140
0.04, 1240243
0.04, 1232521
0.04, 1208259
0.04, 1208256
0.04, 1207216
0.04, 1206918
0.04, 1206180
0.04, 1205374
0.04, 1202435
0.14, 1200698
0.15, 1193163
0.86, 1188961
0.86, 1188044
0.86, 1185084
0.86, 1184985
0.86, 1184099
0.86, 1183338
0.86, 1183064
0.86, 1182602
0.86, 1182196
0.86, 1182076
0.86, 1182058
0.86, 1182030
0.86, 1181465
0.86, 1181338
0.86, 1180683
0.86, 1179691
0.86, 1177150
0.86, 1176945
0.86, 1176539
0.86, 1176332
