0.02, 10509885
0.02, 10264425
0.02, 10247782
0.02, 10031967
0.02, 10003445
0.02, 9731053
0.02, 9709543
0.02, 9709245
0.02, 9653827
0.02, 9652790
0.02, 9338997
0.02, 9338271
0.02, 8979626
0.02, 8978561
0.02, 8883162
0.02, 8876655
0.02, 8868049
0.02, 8830737
0.02, 8634965
0.02, 8559806
0.02, 8317281
0.02, 8283269
0.02, 8117752
0.02, 8060322
0.02, 7849931
0.02, 7848475
0.02, 7726131
0.02, 7717452
0.02, 7623839
0.02, 7623372
0.02, 7390171
0.02, 7387059
0.02, 7344923
0.02, 7342953
0.02, 7321938
0.02, 7158746
0.02, 7084851
0.02, 7077947
0.02, 7061307
0.02, 7056580
0.02, 7056029
0.02, 7052121
0.02, 7044776
0.02, 7040114
0.02, 7037767
0.02, 7015696
0.02, 7004498
0.02, 6927930
0.02, 6922684
0.02, 6899012
0.02, 6892678
0.02, 6881518
0.02, 6824556
0.02, 6815650
0.02, 6758393
0.02, 6745403
0.02, 6697234
0.02, 6682321
0.02, 6640995
0.02, 6626941
0.02, 6592930
0.02, 6580948
0.02, 6413521
0.02, 6404429
0.02, 6393344
0.02, 6384507
0.02, 6343891
0.02, 6336170
0.02, 6320490
0.02, 6313537
0.02, 6298376
0.02, 6293580
0.02, 6284507
0.02, 6276162
0.02, 6173384
0.02, 6146606
0.02, 6075275
0.02, 6058445
0.02, 6037455
0.02, 5999559
0.02, 5970103
0.02, 5940212
0.02, 5939014
0.02, 5907104
0.02, 5804982
0.02, 5704980
0.02, 5489608
0.02, 5405871
0.02, 5348951
0.02, 5342361
0.02, 5337502
0.02, 5254888
0.02, 5249912
0.02, 5122723
0.02, 5090371
0.02, 4999556
0.02, 4999310
0.02, 4900105
0.02, 4899930
0.02, 4892105
0.03, 4881198
0.03, 4861243
0.03, 4800373
0.03, 4800263
0.03, 4783974
0.03, 4760195
0.03, 4757476
0.03, 4685475
0.03, 4655870
0.03, 4620433
0.03, 4609562
0.03, 4580364
0.03, 4571244
0.03, 4551515
0.03, 4536189
0.03, 4515636
0.03, 4508455
0.03, 4493373
0.03, 4464519
0.03, 4364051
0.03, 4336292
0.03, 4319516
0.03, 4310170
0.03, 4304270
0.03, 4303991
0.03, 4301771
0.03, 4291318
0.03, 4283425
0.03, 4282108
0.03, 4281709
0.03, 4273345
0.03, 4268969
0.03, 4265034
0.03, 4262574
0.03, 4261338
0.03, 4257624
0.03, 4257571
0.03, 4252529
0.03, 4251438
0.03, 4245902
0.03, 4242734
0.03, 4240793
0.03, 4236463
0.03, 4230944
0.03, 4227720
0.03, 4194878
0.03, 4184552
0.03, 4182479
0.03, 4181689
0.03, 4175007
0.03, 4174948
0.03, 4174713
0.03, 4174700
0.03, 4174245
0.03, 4174035
0.03, 4174001
0.03, 4172965
0.03, 4172459
0.03, 4171802
0.03, 4168956
0.03, 4167429
0.03, 4137328
0.03, 4136219
0.03, 3982982
0.03, 3981621
0.03, 3980156
0.03, 3977797
0.03, 3967678
0.03, 3966351
0.03, 3963236
0.03, 3956131
0.03, 3945155
0.03, 3928314
0.03, 3919180
0.03, 3910902
0.03, 3909673
0.03, 3820996
0.03, 3816032
0.03, 3812269
0.03, 3812040
0.03, 3711599
0.03, 3710880
0.03, 3694638
0.03, 3693609
0.03, 3682791
0.03, 3680071
0.03, 3672057
0.03, 3666354
0.03, 3655125
0.03, 3629023
0.03, 3615090
0.03, 3566643
0.03, 3527851
0.03, 3491844
0.03, 3491729
0.03, 3352385
0.03, 3332785
0.03, 3331750
0.03, 3331104
0.03, 3276473
0.03, 3254139
0.03, 3248054
0.03, 3213865
0.03, 3196202
0.03, 3167470
0.03, 3165853
0.03, 3154651
0.03, 3140444
0.03, 3113737
0.03, 3112136
0.03, 3110240
0.03, 3098459
0.03, 3087386
0.03, 3070474
0.03, 3052448
0.03, 3005738
0.03, 2998998
0.03, 2982750
0.03, 2978301
0.03, 2969289
0.03, 2800904
0.03, 2799817
0.03, 2797682
0.03, 2726450
0.03, 2703349
0.03, 2701053
0.03, 2656117
0.03, 2611929
0.03, 2584227
0.03, 2583619
0.03, 2567618
0.03, 2515154
0.03, 2511779
0.03, 2487002
0.03, 2438714
0.03, 2436304
0.03, 2409926
0.03, 2308542
0.03, 2293544
0.03, 2289905
0.03, 2208534
0.03, 2202033
0.03, 2128161
0.03, 2118514
0.03, 2118043
0.03, 2043708
0.03, 2042666
0.03, 1987593
0.03, 1927849
0.03, 1846580
0.03, 1782643
0.03, 1748939
0.03, 1747756
0.03, 1742422
0.03, 1739146
0.03, 1730340
0.03, 1722564
0.03, 1722424
0.03, 1713446
0.03, 1704710
0.03, 1698769
0.03, 1676223
0.03, 1644419
0.03, 1622939
0.03, 1578793
0.03, 1577589
0.03, 1562851
0.03, 1524893
0.03, 1523892
0.03, 1494034
0.03, 1493892
0.04, 1490378
0.04, 1482586
0.04, 1477396
0.04, 1462805
0.04, 1462757
0.04, 1462259
0.04, 1462070
0.04, 1461617
0.04, 1447184
0.04, 1444491
0.04, 1444433
0.04, 1442824
0.04, 1442774
0.04, 1442512
0.04, 1440614
0.04, 1438480
0.04, 1438315
0.04, 1437888
0.04, 1436891
0.04, 1436385
0.04, 1435763
0.04, 1433429
0.04, 1428893
0.04, 1428257
0.04, 1427780
0.04, 1426884
0.04, 1426672
0.04, 1420294
0.04, 1414380
0.04, 1413214
0.04, 1402447
0.04, 1399159
0.04, 1396479
0.04, 1390608
0.04, 1377744
0.04, 1376533
0.04, 1372199
0.04, 1371669
0.04, 1370259
0.04, 1369929
0.04, 1369239
0.04, 1356571
0.04, 1356419
0.04, 1353920
0.04, 1352938
0.04, 1352848
0.04, 1352744
0.04, 1352216
0.04, 1347938
0.04, 1347610
0.04, 1345616
0.04, 1300817
0.05, 1300227
0.05, 1299591
0.05, 1298438
0.05, 1297446
0.05, 1297241
0.05, 1297155
0.05, 1290685
0.05, 1289454
0.05, 1286582
0.08, 1283013
0.08, 1282897
0.08, 1281151
0.08, 1280164
0.08, 1279635
0.14, 1259274
0.14, 1222587
0.14, 1221781
0.23, 1200818
0.23, 1200464
0.23, 1196902
0.23, 1192683
0.23, 1188444
0.23, 1186478
0.69, 1186009
0.69, 1185671
0.69, 1185574
0.69, 1185175
0.69, 1185134
0.69, 1184081
0.69, 1178583
0.69, 1178077
3.82, 1177521
