0.02, 9601822
0.02, 9550106
0.02, 9549205
0.02, 9387609
0.02, 9387499
0.02, 9339239
0.02, 9338299
0.02, 9193805
0.02, 9190825
0.02, 9178856
0.02, 9156230
0.02, 9140805
0.02, 9090840
0.02, 9032576
0.02, 8941276
0.02, 8888071
0.02, 8885013
0.02, 8869876
0.02, 8863914
0.02, 8838225
0.02, 8812461
0.02, 8770989
0.02, 8762892
0.02, 8738689
0.02, 8709287
0.02, 8708902
0.02, 8664883
0.02, 8661818
0.02, 8499912
0.02, 8485658
0.02, 8288125
0.02, 8254653
0.02, 8047870
0.02, 8033432
0.02, 7920158
0.02, 7887159
0.02, 7847865
0.02, 7765387
0.02, 7680190
0.02, 7662761
0.02, 7607073
0.02, 7600004
0.02, 7554911
0.02, 7444168
0.02, 7427574
0.02, 7424118
0.02, 7396130
0.02, 7382332
0.02, 7262220
0.02, 7260827
0.02, 7249856
0.02, 7155035
0.02, 7113636
0.02, 7013792
0.02, 7003706
0.02, 6896916
0.02, 6878360
0.02, 6840495
0.02, 6834618
0.02, 6811056
0.02, 6776491
0.02, 6770072
0.02, 6720351
0.02, 6713353
0.02, 6615164
0.02, 6614441
0.02, 6607884
0.02, 6573189
0.02, 6572190
0.02, 6571123
0.02, 6569219
0.02, 6558045
0.02, 6546103
0.02, 6515749
0.02, 6502386
0.02, 6481212
0.02, 6478914
0.02, 6464852
0.02, 6445410
0.02, 6401590
0.02, 6400701
0.02, 6302837
0.02, 6294496
0.02, 6216332
0.02, 6209508
0.02, 6054344
0.02, 6047765
0.02, 5923779
0.02, 5918699
0.02, 5906625
0.02, 5882396
0.02, 5839454
0.02, 5824178
0.02, 5802653
0.02, 5800982
0.02, 5787733
0.02, 5775669
0.02, 5745411
0.02, 5742263
0.02, 5738361
0.02, 5732260
0.02, 5728076
0.02, 5727389
0.02, 5713644
0.02, 5692886
0.02, 5690335
0.02, 5679646
0.02, 5625901
0.02, 5608267
0.02, 5565391
0.02, 5555293
0.02, 5549234
0.02, 5535783
0.02, 5535617
0.02, 5532147
0.02, 5532077
0.02, 5530171
0.02, 5523123
0.02, 5520038
0.02, 5519849
0.02, 5517583
0.02, 5517135
0.02, 5515990
0.02, 5515660
0.02, 5511260
0.02, 5510519
0.02, 5506546
0.03, 5505489
0.03, 5505078
0.03, 5501693
0.03, 5500908
0.03, 5500854
0.03, 5499841
0.03, 5498077
0.03, 5497988
0.03, 5497473
0.03, 5496997
0.03, 5496654
0.03, 5496201
0.03, 5495763
0.03, 5495760
0.03, 5488751
0.03, 5488417
0.03, 5399253
0.03, 5397581
0.03, 5242099
0.03, 5239931
0.03, 5239418
0.03, 5211822
0.03, 5211766
0.03, 5211360
0.03, 5211255
0.03, 5188966
0.03, 5183447
0.03, 5181706
0.03, 5177757
0.03, 5164614
0.03, 5152618
0.03, 5128386
0.03, 5095407
0.03, 5092152
0.03, 5091888
0.03, 5091137
0.03, 5088169
0.03, 5087905
0.03, 5085546
0.03, 5084807
0.03, 5080893
0.03, 5055124
0.03, 5046973
0.03, 4968125
0.03, 4959199
0.03, 4879083
0.03, 4874904
0.03, 4828996
0.03, 4823419
0.03, 4822966
0.03, 4817527
0.03, 4815351
0.03, 4799394
0.03, 4784742
0.03, 4783391
0.03, 4772617
0.03, 4700695
0.03, 4687604
0.03, 4601477
0.03, 4599025
0.03, 4584025
0.03, 4583321
0.03, 4574633
0.03, 4556130
0.03, 4550006
0.03, 4429998
0.03, 4421566
0.03, 4418181
0.03, 4413982
0.03, 4406227
0.03, 4362616
0.03, 4362039
0.03, 4360986
0.03, 4357797
0.03, 4340088
0.03, 4332084
0.03, 4247077
0.03, 4245526
0.03, 4052375
0.03, 4042165
0.03, 4039952
0.03, 3921834
0.03, 3903821
0.03, 3837831
0.03, 3826905
0.03, 3803729
0.03, 3659724
0.03, 3625302
0.03, 3593515
0.03, 3590391
0.03, 3555066
0.03, 3456555
0.03, 3343229
0.03, 3246375
0.03, 3160552
0.03, 3073738
0.03, 3071936
0.03, 3059590
0.03, 3039994
0.03, 3009922
0.03, 2989702
0.03, 2970738
0.03, 2846103
0.03, 2836701
0.03, 2806395
0.03, 2804489
0.03, 2754432
0.03, 2700316
0.03, 2698324
0.03, 2606257
0.03, 2603507
0.03, 2589460
0.03, 2550315
0.03, 2484059
0.03, 2439999
0.03, 2438744
0.03, 2381876
0.03, 2353349
0.03, 2293321
0.03, 2287972
0.03, 2272078
0.03, 2265795
0.03, 2251945
0.03, 2245665
0.03, 2173707
0.03, 2170239
0.03, 2143693
0.03, 2122889
0.03, 2100303
0.03, 2094827
0.03, 2087950
0.03, 2053860
0.03, 2051860
0.03, 2050748
0.03, 2035676
0.03, 1996354
0.03, 1994783
0.03, 1992587
0.03, 1973936
0.03, 1972253
0.03, 1909725
0.03, 1907980
0.03, 1834041
0.03, 1833222
0.03, 1799883
0.03, 1722473
0.03, 1710854
0.03, 1697349
0.03, 1696910
0.03, 1696806
0.03, 1694887
0.03, 1669158
0.03, 1668534
0.03, 1655237
0.03, 1654509
0.03, 1649971
0.03, 1648262
0.03, 1642653
0.03, 1642035
0.03, 1641073
0.03, 1639645
0.03, 1638393
0.03, 1629734
0.04, 1624294
0.04, 1594593
0.04, 1591979
0.04, 1575020
0.04, 1573352
0.04, 1525586
0.04, 1525147
0.04, 1523608
0.04, 1523195
0.04, 1522908
0.04, 1522220
0.04, 1521438
0.04, 1521180
0.04, 1518846
0.04, 1518156
0.04, 1517351
0.04, 1516542
0.04, 1515860
0.04, 1514536
0.04, 1513579
0.04, 1512289
0.04, 1512255
0.04, 1504151
0.04, 1481674
0.04, 1481014
0.04, 1480516
0.04, 1476108
0.04, 1470360
0.04, 1465879
0.04, 1449269
0.04, 1447451
0.04, 1442784
0.04, 1441885
0.04, 1433774
0.04, 1429574
0.04, 1412352
0.04, 1400514
0.04, 1394719
0.04, 1394671
0.04, 1390064
0.04, 1386262
0.04, 1381762
0.04, 1371996
0.04, 1371761
0.04, 1371554
0.04, 1370560
0.04, 1367127
0.04, 1362116
0.04, 1348531
0.04, 1345973
0.04, 1336369
0.04, 1334121
0.04, 1319205
0.04, 1311710
0.04, 1306070
0.04, 1305865
0.05, 1300966
0.05, 1298891
0.05, 1286087
0.05, 1285281
0.06, 1280785
0.06, 1273250
0.06, 1267482
0.13, 1253758
0.13, 1253132
0.13, 1233712
0.13, 1233248
0.13, 1232956
0.13, 1231506
0.13, 1231023
0.13, 1228041
0.13, 1223952
0.13, 1217318
0.13, 1214397
0.13, 1214393
0.13, 1214065
0.2, 1211497
0.2, 1206780
0.53, 1204450
0.53, 1203967
0.53, 1200985
0.54, 1200981
0.54, 1200653
0.63, 1182825
0.63, 1182226
1.07, 1180735
1.07, 1180500
1.07, 1180293
4.0, 1179903
4.0, 1179381
4.0, 1178194
4.0, 1178087
4.0, 1176926
4.0, 1176397
4.0, 1176332
