0.02, 8983676
0.02, 8970333
0.02, 8970081
0.02, 8956424
0.02, 8955909
0.02, 8931665
0.02, 8931115
0.02, 8794289
0.02, 8794267
0.02, 8794133
0.02, 8771304
0.02, 8762078
0.02, 8757686
0.02, 8569034
0.02, 8542648
0.02, 8425395
0.02, 8416313
0.02, 8237023
0.02, 8229740
0.02, 8138281
0.02, 8131565
0.02, 8099046
0.02, 8098583
0.02, 8073926
0.02, 8063176
0.02, 8059411
0.02, 8027470
0.02, 7821018
0.02, 7812586
0.02, 7785099
0.02, 7784694
0.02, 7775328
0.02, 7772254
0.02, 7664893
0.02, 7645808
0.02, 7642887
0.02, 7609002
0.02, 7603300
0.02, 7520468
0.02, 7382728
0.02, 7296008
0.02, 7270818
0.02, 7077840
0.02, 6974776
0.02, 6964203
0.02, 6757514
0.02, 6728400
0.02, 6514798
0.02, 6478129
0.02, 6473353
0.02, 6451556
0.02, 6440601
0.02, 6434131
0.02, 6427808
0.02, 6265186
0.02, 6174801
0.02, 6174783
0.02, 6122639
0.02, 6076018
0.02, 5865323
0.02, 5825181
0.02, 5751948
0.02, 5726024
0.02, 5626688
0.02, 5569337
0.02, 5463684
0.02, 5434146
0.02, 5331259
0.02, 5324496
0.02, 5286027
0.02, 5269615
0.02, 5204680
0.02, 5201064
0.02, 5074723
0.02, 5073479
0.02, 5022472
0.02, 5006367
0.02, 4957718
0.02, 4860750
0.02, 4844101
0.02, 4834399
0.02, 4817006
0.02, 4661892
0.02, 4654415
0.02, 4637210
0.02, 4581383
0.02, 4579836
0.02, 4546742
0.02, 4515954
0.02, 4420725
0.02, 4398928
0.02, 4239619
0.02, 4208934
0.02, 4200647
0.02, 4190854
0.02, 4150208
0.02, 4121499
0.02, 3969229
0.02, 3927677
0.02, 3870623
0.02, 3854747
0.02, 3841113
0.02, 3820015
0.02, 3814080
0.02, 3796690
0.02, 3728099
0.02, 3685317
0.02, 3644284
0.02, 3556147
0.02, 3453741
0.02, 3320685
0.02, 3317901
0.02, 3316850
0.02, 3315822
0.02, 3293867
0.02, 3276113
0.02, 3273096
0.02, 3240024
0.03, 3236938
0.03, 3226025
0.03, 3206482
0.03, 3205220
0.03, 3204939
0.03, 3179945
0.03, 3165339
0.03, 3159628
0.03, 3126340
0.03, 3100929
0.03, 3097906
0.03, 3094343
0.03, 3089110
0.03, 3010719
0.03, 2990848
0.03, 2987706
0.03, 2982567
0.03, 2936166
0.03, 2928513
0.03, 2872541
0.03, 2866117
0.03, 2863839
0.03, 2862258
0.03, 2859219
0.03, 2847506
0.03, 2832449
0.03, 2830430
0.03, 2802687
0.03, 2765013
0.03, 2734868
0.03, 2721701
0.03, 2678595
0.03, 2677486
0.03, 2663099
0.03, 2656928
0.03, 2576135
0.03, 2545319
0.03, 2532736
0.03, 2510431
0.03, 2509846
0.03, 2478563
0.03, 2475185
0.03, 2470385
0.03, 2462910
0.03, 2458771
0.03, 2458443
0.03, 2444153
0.03, 2443429
0.03, 2443264
0.03, 2441152
0.03, 2438989
0.03, 2436962
0.03, 2434662
0.03, 2403104
0.03, 2398999
0.03, 2392608
0.03, 2388970
0.03, 2388511
0.03, 2387927
0.03, 2384901
0.03, 2382774
0.03, 2382044
0.03, 2377806
0.03, 2357895
0.03, 2357492
0.03, 2356847
0.03, 2356818
0.03, 2356290
0.03, 2314164
0.03, 2313393
0.03, 2284478
0.03, 2283826
0.03, 2278423
0.03, 2276412
0.03, 2253699
0.03, 2253557
0.03, 2241233
0.03, 2233863
0.03, 2230819
0.03, 2219193
0.03, 2216974
0.03, 2208934
0.03, 2192736
0.03, 2191014
0.03, 2165296
0.03, 2162806
0.03, 2160753
0.03, 2154868
0.03, 2142323
0.03, 2102229
0.03, 2097362
0.03, 2071406
0.03, 2068973
0.03, 2068843
0.03, 2012733
0.03, 2006233
0.03, 2005729
0.03, 2002540
0.03, 1992117
0.03, 1984661
0.03, 1971971
0.03, 1922800
0.03, 1909996
0.03, 1892857
0.03, 1883091
0.03, 1881685
0.03, 1881251
0.03, 1876423
0.03, 1875214
0.03, 1867897
0.03, 1841100
0.03, 1840478
0.03, 1839662
0.03, 1836769
0.03, 1836142
0.03, 1833516
0.03, 1832614
0.03, 1830910
0.03, 1830862
0.03, 1830437
0.03, 1827972
0.03, 1824370
0.03, 1823826
0.03, 1820415
0.03, 1817901
0.03, 1815606
0.03, 1815587
0.03, 1790811
0.03, 1780064
0.03, 1771520
0.03, 1755454
0.03, 1749965
0.03, 1747920
0.03, 1747550
0.03, 1747072
0.03, 1746443
0.03, 1741593
0.03, 1741453
0.03, 1740799
0.03, 1735539
0.03, 1720814
0.03, 1671041
0.03, 1663422
0.03, 1656245
0.03, 1651351
0.03, 1651316
0.03, 1622121
0.03, 1604515
0.03, 1604233
0.03, 1600551
0.03, 1567855
0.03, 1567713
0.03, 1541999
0.03, 1522686
0.03, 1519390
0.03, 1518079
0.03, 1513071
0.03, 1512970
0.03, 1512731
0.03, 1512542
0.03, 1510897
0.03, 1509865
0.03, 1509649
0.03, 1509618
0.03, 1509519
0.03, 1509425
0.04, 1499428
0.04, 1496060
0.04, 1474946
0.04, 1461485
0.04, 1438687
0.04, 1432421
0.04, 1426654
0.04, 1417820
0.04, 1414671
0.04, 1414185
0.04, 1398061
0.04, 1391881
0.04, 1383641
0.04, 1382023
0.04, 1381893
0.04, 1378245
0.04, 1378238
0.04, 1369997
0.04, 1368131
0.04, 1367373
0.04, 1366789
0.04, 1365080
0.04, 1355451
0.04, 1352861
0.04, 1352673
0.04, 1349689
0.04, 1344702
0.04, 1343113
0.04, 1334159
0.04, 1333761
0.04, 1333190
0.04, 1333077
0.04, 1331753
0.04, 1331279
0.04, 1330534
0.04, 1330465
0.04, 1329569
0.04, 1329357
0.05, 1317580
0.05, 1316605
0.05, 1315234
0.06, 1309962
0.06, 1302240
0.06, 1282790
0.06, 1273869
0.06, 1270285
0.06, 1263186
0.06, 1242781
0.06, 1240128
0.06, 1238731
0.06, 1228567
0.06, 1226229
0.06, 1224666
0.07, 1224466
0.07, 1224204
0.07, 1222178
0.07, 1221467
0.07, 1220894
0.07, 1218245
0.07, 1214764
0.07, 1214358
0.07, 1210424
0.07, 1209825
0.07, 1209760
0.07, 1209553
0.07, 1207758
0.07, 1207341
0.07, 1207003
0.07, 1204984
0.07, 1204887
0.07, 1203635
0.83, 1202174
0.83, 1200888
0.83, 1196486
0.83, 1194978
0.83, 1191037
0.83, 1190401
0.83, 1189204
0.83, 1187472
0.83, 1185818
0.83, 1184754
2.2, 1183975
2.2, 1182788
2.2, 1181796
2.2, 1179255
2.2, 1178849
2.2, 1178784
2.2, 1178577
