0.02, 10672370
0.02, 10667947
0.02, 10523739
0.02, 10523534
0.02, 10400358
0.02, 10390238
0.02, 10333689
0.02, 10333487
0.02, 10021457
0.02, 10020867
0.02, 10010301
0.02, 10010023
0.02, 9750151
0.02, 9748914
0.02, 9739077
0.02, 9737340
0.02, 9737008
0.02, 9677935
0.02, 9677699
0.02, 9654003
0.02, 9508741
0.02, 9472946
0.02, 9292488
0.02, 9264210
0.02, 9181071
0.02, 9170562
0.02, 9095959
0.02, 9031614
0.02, 8933544
0.02, 8925332
0.02, 8807063
0.02, 8761701
0.02, 8501682
0.02, 8466213
0.02, 8436655
0.02, 8370285
0.02, 8359824
0.02, 8211665
0.02, 7959771
0.02, 7889106
0.02, 7865955
0.02, 7794879
0.02, 7610234
0.02, 7494241
0.02, 7301336
0.02, 7243533
0.02, 7235012
0.02, 7153739
0.02, 7144958
0.02, 7091629
0.02, 6971513
0.02, 6916223
0.02, 6852928
0.02, 6795793
0.02, 6738598
0.02, 6722515
0.02, 6587145
0.02, 6564509
0.02, 6504966
0.02, 6495044
0.02, 6490095
0.02, 6481886
0.02, 6473722
0.02, 6473471
0.02, 6472527
0.02, 6468716
0.02, 6468295
0.02, 6453196
0.02, 6447416
0.02, 6443187
0.02, 6389174
0.02, 6380687
0.02, 6359472
0.02, 6355415
0.02, 6353467
0.02, 6353193
0.02, 6331768
0.02, 6330456
0.02, 6322100
0.02, 6318120
0.02, 6302509
0.02, 6268901
0.02, 6264367
0.02, 6262773
0.02, 6249490
0.02, 6248128
0.02, 6247606
0.02, 6247307
0.02, 6202723
0.02, 6201787
0.02, 6197838
0.02, 6197229
0.02, 6196660
0.02, 6195383
0.02, 6180328
0.02, 6179249
0.02, 6179175
0.02, 6178441
0.02, 6176183
0.02, 6141345
0.02, 6139219
0.02, 6109252
0.02, 6104443
0.02, 6104386
0.02, 6100996
0.02, 6098096
0.02, 6097776
0.02, 6061942
0.02, 6061125
0.02, 6013039
0.02, 6012168
0.02, 6000513
0.02, 6000491
0.02, 5997117
0.02, 5995674
0.02, 5992426
0.02, 5992419
0.02, 5975671
0.02, 5894150
0.02, 5852619
0.02, 5852096
0.02, 5793066
0.02, 5790548
0.02, 5788044
0.02, 5784154
0.02, 5737726
0.02, 5732045
0.02, 5593863
0.02, 5569100
0.02, 5567771
0.02, 5561915
0.02, 5547074
0.02, 5535103
0.02, 5522951
0.02, 5519193
0.02, 5495533
0.03, 5495014
0.03, 5494032
0.03, 5470409
0.03, 5452146
0.03, 5444832
0.03, 5438435
0.03, 5433407
0.03, 5425632
0.03, 5389455
0.03, 5321188
0.03, 5303684
0.03, 5289857
0.03, 5289270
0.03, 5273046
0.03, 5245353
0.03, 5058019
0.03, 4750863
0.03, 4676256
0.03, 4620984
0.03, 4608150
0.03, 4587609
0.03, 4460960
0.03, 4432436
0.03, 4415231
0.03, 4414364
0.03, 4346798
0.03, 4317353
0.03, 4257538
0.03, 4210981
0.03, 4202864
0.03, 4185435
0.03, 4150749
0.03, 4081987
0.03, 4071428
0.03, 4035749
0.03, 4031537
0.03, 4020116
0.03, 3991474
0.03, 3954261
0.03, 3944796
0.03, 3938785
0.03, 3902694
0.03, 3892293
0.03, 3880504
0.03, 3850000
0.03, 3665825
0.03, 3606952
0.03, 3580308
0.03, 3576986
0.03, 3506356
0.03, 3503514
0.03, 3441678
0.03, 3437847
0.03, 3391484
0.03, 3278806
0.03, 3213847
0.03, 3194306
0.03, 3189044
0.03, 3180196
0.03, 3171171
0.03, 3157957
0.03, 3066404
0.03, 3066257
0.03, 3044905
0.03, 3029373
0.03, 2947906
0.03, 2941195
0.03, 2798561
0.03, 2793394
0.03, 2783484
0.03, 2745496
0.03, 2709268
0.03, 2684466
0.03, 2682242
0.03, 2680933
0.03, 2676542
0.03, 2665831
0.03, 2652132
0.03, 2608418
0.03, 2580613
0.03, 2531967
0.03, 2527073
0.03, 2519496
0.03, 2501649
0.03, 2483245
0.03, 2423384
0.03, 2400025
0.03, 2369965
0.03, 2297077
0.03, 2274603
0.03, 2253923
0.03, 2212220
0.03, 2203469
0.03, 2202491
0.03, 2202225
0.03, 2192189
0.03, 2165907
0.03, 2165413
0.03, 2155832
0.03, 2154807
0.03, 2107132
0.03, 2105191
0.03, 2068908
0.03, 2036905
0.03, 2036582
0.03, 2029160
0.03, 2024643
0.03, 2023984
0.03, 1989029
0.03, 1988141
0.03, 1959567
0.03, 1891675
0.03, 1865552
0.03, 1863349
0.03, 1853144
0.03, 1848492
0.03, 1848286
0.03, 1823837
0.03, 1822411
0.03, 1815032
0.03, 1804176
0.03, 1803196
0.03, 1798782
0.03, 1779038
0.03, 1774675
0.03, 1767401
0.03, 1760130
0.03, 1743937
0.03, 1742651
0.03, 1738556
0.03, 1735902
0.03, 1734435
0.03, 1732319
0.03, 1731219
0.03, 1730849
0.03, 1613363
0.03, 1545216
0.03, 1537739
0.03, 1534691
0.03, 1534072
0.03, 1505375
0.03, 1486833
0.03, 1480730
0.03, 1475885
0.03, 1464585
0.03, 1464476
0.03, 1452675
0.03, 1452533
0.03, 1439910
0.03, 1439375
0.03, 1439087
0.03, 1438673
0.03, 1437765
0.03, 1436884
0.03, 1435565
0.03, 1434181
0.03, 1415502
0.03, 1414812
0.03, 1413278
0.04, 1412108
0.04, 1411460
0.04, 1410125
0.04, 1410100
0.04, 1408096
0.04, 1399901
0.04, 1392095
0.04, 1381978
0.04, 1379553
0.04, 1375421
0.04, 1372252
0.04, 1368229
0.04, 1365799
0.04, 1363079
0.04, 1354282
0.04, 1349413
0.04, 1348872
0.04, 1330780
0.04, 1328065
0.04, 1326416
0.04, 1325982
0.04, 1320427
0.04, 1319240
0.04, 1318450
0.04, 1317881
0.04, 1317792
0.04, 1314848
0.04, 1309574
0.04, 1308836
0.04, 1302965
0.04, 1300999
0.04, 1242439
0.04, 1242391
0.15, 1238725
0.15, 1238672
0.15, 1234722
0.15, 1229164
0.15, 1215807
0.15, 1204656
0.15, 1199787
0.15, 1199258
0.16, 1199161
0.16, 1198926
0.16, 1197936
0.16, 1196204
0.16, 1194550
0.16, 1193715
0.16, 1193564
0.16, 1192282
0.16, 1192075
0.16, 1191009
0.3, 1179719
0.3, 1178596
2.49, 1178238
2.49, 1177900
