0.02, 10411035
0.02, 10306235
0.02, 10285066
0.02, 10159637
0.02, 10086744
0.02, 9896776
0.02, 9895260
0.02, 9845254
0.02, 9845149
0.02, 9558600
0.02, 9557737
0.02, 9496643
0.02, 9496224
0.02, 9443107
0.02, 9442271
0.02, 9440823
0.02, 9408041
0.02, 9374427
0.02, 9328559
0.02, 9327192
0.02, 9275917
0.02, 9273190
0.02, 9180792
0.02, 9131260
0.02, 8868328
0.02, 8841993
0.02, 8790606
0.02, 8741391
0.02, 8596952
0.02, 8543547
0.02, 8400782
0.02, 8360883
0.02, 8188897
0.02, 8138818
0.02, 8132159
0.02, 8063461
0.02, 7919338
0.02, 7810948
0.02, 7710847
0.02, 7661113
0.02, 7622266
0.02, 7619199
0.02, 7539797
0.02, 7479108
0.02, 7423676
0.02, 7408909
0.02, 7370023
0.02, 7365156
0.02, 7358089
0.02, 7351855
0.02, 7339219
0.02, 7331959
0.02, 7266470
0.02, 7265031
0.02, 7203321
0.02, 7154767
0.02, 7139587
0.02, 7118000
0.02, 7099236
0.02, 7001880
0.02, 6998947
0.02, 6995480
0.02, 6994205
0.02, 6987448
0.02, 6980851
0.02, 6976090
0.02, 6943605
0.02, 6939826
0.02, 6918048
0.02, 6917634
0.02, 6897760
0.02, 6893530
0.02, 6877047
0.02, 6875778
0.02, 6875702
0.02, 6874928
0.02, 6848812
0.02, 6846979
0.02, 6841828
0.02, 6841651
0.02, 6841207
0.02, 6834173
0.02, 6830763
0.02, 6827727
0.02, 6804583
0.02, 6801906
0.02, 6760788
0.02, 6760053
0.02, 6730341
0.02, 6727868
0.02, 6602068
0.02, 6599577
0.02, 6595398
0.02, 6588516
0.02, 6534549
0.02, 6502090
0.02, 6467053
0.02, 6415578
0.02, 6366896
0.02, 6295547
0.02, 6228931
0.02, 6200197
0.02, 6122458
0.02, 6021852
0.02, 5996145
0.02, 5935856
0.02, 5918092
0.02, 5876630
0.02, 5809441
0.02, 5780385
0.02, 5779195
0.02, 5713857
0.02, 5660224
0.02, 5626566
0.02, 5574974
0.02, 5532442
0.02, 5521724
0.02, 5440983
0.02, 5423001
0.02, 5406032
0.02, 5374107
0.02, 5368967
0.02, 5340110
0.02, 5336515
0.02, 5336340
0.02, 5334208
0.02, 5332034
0.02, 5248625
0.02, 5233466
0.02, 5031514
0.02, 4994038
0.02, 4950806
0.02, 4885735
0.02, 4821642
0.02, 4816314
0.02, 4780216
0.02, 4636999
0.03, 4627509
0.03, 4497802
0.03, 4496427
0.03, 4313653
0.03, 4303502
0.03, 4268898
0.03, 4082294
0.03, 4072433
0.03, 3959452
0.03, 3849086
0.03, 3775775
0.03, 3774007
0.03, 3773469
0.03, 3749947
0.03, 3743194
0.03, 3644545
0.03, 3604998
0.03, 3502825
0.03, 3486442
0.03, 3373524
0.03, 3329231
0.03, 3323296
0.03, 3322977
0.03, 3322143
0.03, 3321475
0.03, 3320692
0.03, 3319831
0.03, 3319359
0.03, 3319302
0.03, 3311908
0.03, 3309926
0.03, 3309336
0.03, 3305734
0.03, 3305428
0.03, 3298961
0.03, 3293972
0.03, 3283743
0.03, 3283256
0.03, 3282584
0.03, 3275554
0.03, 3273948
0.03, 3267604
0.03, 3267523
0.03, 3195659
0.03, 3191631
0.03, 3191209
0.03, 3184296
0.03, 3184003
0.03, 3178713
0.03, 3176303
0.03, 3172099
0.03, 3170303
0.03, 3116959
0.03, 3112156
0.03, 3110892
0.03, 3108321
0.03, 3085528
0.03, 3084691
0.03, 3083353
0.03, 3080144
0.03, 3075907
0.03, 3067478
0.03, 3058392
0.03, 3029362
0.03, 3018762
0.03, 2979441
0.03, 2958842
0.03, 2958230
0.03, 2957689
0.03, 2942679
0.03, 2941060
0.03, 2930286
0.03, 2918449
0.03, 2864847
0.03, 2851467
0.03, 2762820
0.03, 2732048
0.03, 2687235
0.03, 2681500
0.03, 2578318
0.03, 2536804
0.03, 2536382
0.03, 2534564
0.03, 2530346
0.03, 2529563
0.03, 2528571
0.03, 2523429
0.03, 2511580
0.03, 2511375
0.03, 2510678
0.03, 2510630
0.03, 2509047
0.03, 2494397
0.03, 2478287
0.03, 2468454
0.03, 2464014
0.03, 2458278
0.03, 2435150
0.03, 2380768
0.03, 2367601
0.03, 2367106
0.03, 2352043
0.03, 2348572
0.03, 2346613
0.03, 2251867
0.03, 2243181
0.03, 2176349
0.03, 2161085
0.03, 2125998
0.03, 2115000
0.03, 2044387
0.03, 2027177
0.03, 2021464
0.03, 2021317
0.03, 2004361
0.03, 2000242
0.03, 1997553
0.03, 1992512
0.03, 1990372
0.03, 1983026
0.03, 1936235
0.03, 1882034
0.03, 1876997
0.03, 1875205
0.03, 1874840
0.03, 1871073
0.03, 1861052
0.03, 1859826
0.03, 1849952
0.03, 1715438
0.03, 1715384
0.03, 1663740
0.03, 1651445
0.03, 1631341
0.03, 1627741
0.03, 1619558
0.03, 1606509
0.03, 1595420
0.03, 1594094
0.03, 1588489
0.03, 1584095
0.03, 1577236
0.03, 1576415
0.03, 1576095
0.03, 1576065
0.03, 1576040
0.03, 1575879
0.03, 1575355
0.03, 1567251
0.03, 1559977
0.03, 1547794
0.03, 1547768
0.03, 1547547
0.03, 1547250
0.03, 1547248
0.04, 1547157
0.04, 1545115
0.04, 1535350
0.04, 1502645
0.04, 1479341
0.04, 1476551
0.04, 1475937
0.04, 1465379
0.04, 1459019
0.04, 1424423
0.04, 1422279
0.04, 1419474
0.04, 1417153
0.04, 1410724
0.04, 1395938
0.04, 1395796
0.04, 1395628
0.04, 1373197
0.04, 1373169
0.04, 1372721
0.04, 1371475
0.04, 1369694
0.04, 1369058
0.04, 1365456
0.04, 1365336
0.04, 1364855
0.04, 1360552
0.04, 1360463
0.04, 1356196
0.04, 1353406
0.04, 1353315
0.04, 1348574
0.04, 1348539
0.04, 1346673
0.04, 1343752
0.04, 1343253
0.04, 1343178
0.05, 1342532
0.05, 1342457
0.05, 1342319
0.05, 1294031
0.05, 1293996
0.05, 1292130
0.05, 1291506
0.05, 1288132
0.05, 1286166
0.05, 1283512
0.05, 1274233
0.05, 1273704
0.05, 1273635
0.05, 1272643
0.05, 1270102
0.05, 1268881
0.05, 1268676
0.05, 1257973
0.05, 1255293
0.05, 1255040
0.05, 1253585
0.05, 1252583
0.16, 1251934
0.16, 1248506
0.16, 1248452
0.16, 1248310
0.26, 1230527
0.26, 1229375
0.26, 1227643
0.26, 1225989
0.26, 1224925
0.26, 1224783
0.26, 1223791
0.26, 1221250
0.26, 1220844
0.26, 1207398
0.26, 1207191
0.78, 1203278
0.78, 1202623
0.78, 1200197
0.78, 1200025
0.78, 1199126
1.91, 1183090
1.91, 1178682
2.1, 1178389
3.86, 1177521
4.7, 1177217
4.71, 1176211
