0.02, 10268612
0.02, 10066715
0.02, 9984881
0.02, 9707922
0.02, 9602448
0.02, 9398916
0.02, 9383874
0.02, 9383258
0.02, 9242133
0.02, 9241492
0.02, 9112618
0.02, 9111543
0.02, 9098625
0.02, 9097979
0.02, 9097794
0.02, 8979593
0.02, 8934968
0.02, 8934063
0.02, 8886694
0.02, 8885733
0.02, 8881559
0.02, 8880523
0.02, 8880384
0.02, 8862205
0.02, 8861674
0.02, 8846975
0.02, 8846625
0.02, 8835257
0.02, 8833936
0.02, 8821185
0.02, 8819831
0.02, 8563914
0.02, 8551728
0.02, 8497896
0.02, 8491531
0.02, 8309189
0.02, 8306109
0.02, 8297792
0.02, 8288825
0.02, 8283002
0.02, 8277396
0.02, 8271099
0.02, 8270143
0.02, 8243527
0.02, 8242482
0.02, 8236113
0.02, 8221676
0.02, 8221345
0.02, 8211160
0.02, 8210340
0.02, 8060821
0.02, 8047970
0.02, 8046674
0.02, 8040197
0.02, 8039657
0.02, 8035787
0.02, 7809742
0.02, 7808788
0.02, 7808629
0.02, 7803927
0.02, 7803883
0.02, 7793065
0.02, 7792560
0.02, 7787095
0.02, 7786988
0.02, 7786383
0.02, 7784597
0.02, 7780987
0.02, 7776417
0.02, 7776085
0.02, 7525956
0.02, 7466450
0.02, 7463716
0.02, 7388503
0.02, 7386161
0.02, 7381087
0.02, 7381074
0.02, 7325637
0.02, 7323615
0.02, 7320507
0.02, 7318040
0.02, 7263913
0.02, 7244340
0.02, 7233348
0.02, 7233003
0.02, 7232097
0.02, 7231108
0.02, 7222388
0.02, 7222090
0.02, 7221860
0.02, 7219614
0.02, 7216863
0.02, 7205128
0.02, 7130347
0.02, 7094012
0.02, 7062944
0.02, 7016543
0.02, 7008006
0.02, 6929289
0.02, 6925260
0.02, 6921828
0.02, 6838886
0.02, 6796195
0.02, 6796042
0.02, 6795086
0.02, 6753003
0.02, 6752968
0.02, 6752967
0.02, 6748081
0.02, 6745388
0.02, 6744429
0.02, 6598494
0.02, 6592991
0.02, 6560307
0.02, 6556205
0.02, 6481174
0.02, 6469172
0.02, 6464596
0.02, 6451073
0.02, 6394622
0.02, 6386752
0.02, 6354846
0.02, 6272835
0.03, 6249471
0.03, 6241227
0.03, 6165744
0.03, 6147733
0.03, 6141073
0.03, 6060907
0.03, 6057903
0.03, 5849700
0.03, 5843721
0.03, 5783606
0.03, 5780089
0.03, 5742353
0.03, 5717121
0.03, 5611687
0.03, 5604024
0.03, 5515071
0.03, 5490477
0.03, 5483610
0.03, 5483038
0.03, 5456483
0.03, 5455880
0.03, 5444292
0.03, 5443008
0.03, 5380491
0.03, 5354238
0.03, 5351584
0.03, 5330152
0.03, 5317770
0.03, 5316348
0.03, 5303915
0.03, 5226191
0.03, 5225909
0.03, 5090927
0.03, 5080516
0.03, 4964685
0.03, 4960324
0.03, 4927571
0.03, 4926904
0.03, 4923742
0.03, 4888288
0.03, 4863210
0.03, 4844862
0.03, 4626839
0.03, 4626407
0.03, 4624141
0.03, 4619714
0.03, 4568254
0.03, 4562503
0.03, 4508987
0.03, 4505630
0.03, 4489442
0.03, 4367566
0.03, 4316806
0.03, 4263098
0.03, 4252105
0.03, 4237128
0.03, 4227024
0.03, 4225667
0.03, 4213984
0.03, 4203607
0.03, 4200074
0.03, 4179214
0.03, 4177834
0.03, 4167098
0.03, 4166673
0.03, 4126025
0.03, 4113317
0.03, 4072580
0.03, 4062662
0.03, 4018956
0.03, 3990954
0.03, 3977620
0.03, 3970197
0.03, 3887085
0.03, 3882639
0.03, 3848283
0.03, 3833782
0.03, 3793634
0.03, 3783227
0.03, 3767300
0.03, 3752105
0.03, 3686123
0.03, 3621816
0.03, 3613376
0.03, 3538405
0.03, 3531095
0.03, 3505803
0.03, 3503809
0.03, 3495016
0.03, 3493253
0.03, 3492402
0.03, 3485571
0.03, 3483554
0.03, 3412727
0.03, 3410443
0.03, 3389142
0.03, 3344980
0.03, 3329638
0.03, 3324398
0.03, 3211702
0.03, 3191598
0.03, 3156368
0.03, 3117033
0.03, 3087573
0.03, 3061578
0.03, 3057834
0.03, 2962881
0.03, 2941195
0.03, 2898200
0.03, 2895480
0.03, 2834859
0.03, 2828160
0.03, 2798249
0.03, 2764884
0.03, 2697407
0.03, 2697069
0.03, 2613077
0.03, 2590515
0.03, 2512967
0.03, 2464432
0.03, 2452021
0.03, 2450692
0.03, 2443923
0.03, 2409979
0.03, 2368840
0.03, 2363531
0.03, 2354174
0.03, 2296680
0.03, 2285784
0.03, 2212455
0.03, 2209433
0.03, 2163573
0.03, 2139577
0.03, 2122263
0.03, 2121586
0.03, 2083407
0.03, 2072654
0.03, 2061491
0.03, 2056668
0.03, 2055524
0.03, 2022922
0.03, 1990532
0.03, 1967581
0.03, 1959999
0.03, 1952965
0.03, 1943756
0.03, 1937208
0.03, 1917257
0.03, 1914950
0.03, 1910108
0.03, 1901130
0.03, 1896089
0.03, 1894915
0.03, 1886364
0.03, 1873039
0.03, 1867805
0.03, 1864354
0.03, 1862309
0.03, 1862258
0.03, 1859570
0.03, 1853361
0.03, 1852679
0.03, 1851180
0.03, 1844067
0.03, 1780031
0.03, 1779400
0.03, 1741990
0.03, 1739608
0.03, 1739062
0.03, 1732547
0.03, 1729208
0.03, 1717752
0.03, 1717320
0.03, 1703132
0.03, 1683645
0.03, 1682967
0.03, 1677974
0.03, 1671971
0.03, 1663093
0.03, 1620930
0.03, 1620222
0.03, 1619758
0.03, 1615377
0.03, 1614154
0.03, 1612967
0.03, 1612123
0.03, 1611558
0.03, 1581603
0.03, 1577079
0.03, 1552548
0.03, 1546314
0.03, 1518394
0.03, 1502953
0.03, 1497039
0.03, 1488196
0.03, 1474161
0.03, 1471221
0.03, 1469752
0.03, 1468735
0.03, 1463205
0.03, 1461923
0.03, 1438498
0.03, 1424859
0.04, 1423795
0.04, 1423171
0.04, 1364571
0.04, 1364348
0.04, 1363675
0.04, 1358672
0.04, 1355855
0.04, 1313847
0.04, 1313711
0.04, 1303267
0.04, 1301587
0.04, 1299466
0.04, 1299259
0.04, 1293881
0.04, 1293042
0.04, 1289957
0.04, 1287102
0.04, 1287037
0.04, 1286909
0.04, 1285748
0.04, 1283373
0.04, 1277502
0.04, 1275770
0.04, 1274116
0.04, 1274041
0.04, 1272139
0.04, 1269873
0.04, 1268197
0.04, 1262518
0.04, 1260219
0.07, 1254326
0.07, 1249813
0.07, 1248647
0.07, 1244432
0.07, 1243445
0.07, 1243380
0.07, 1240670
0.07, 1240208
0.07, 1239802
0.07, 1239064
0.07, 1233035
0.07, 1229739
0.07, 1229210
0.07, 1229003
0.07, 1227037
0.09, 1220415
0.09, 1219360
0.09, 1219356
0.09, 1216566
0.09, 1215820
0.25, 1211892
0.25, 1207653
0.25, 1207204
0.25, 1205495
0.25, 1191142
2.87, 1187988
2.87, 1186022
2.87, 1181305
