0.02, 11309865
0.02, 11294038
0.02, 11253806
0.02, 11199919
0.02, 11047885
0.02, 11047432
0.02, 10866950
0.02, 10865970
0.02, 10562763
0.02, 10561343
0.02, 10307296
0.02, 10306375
0.02, 10230747
0.02, 10228006
0.02, 9959746
0.02, 9953008
0.02, 9692471
0.02, 9686487
0.02, 9474360
0.02, 9473507
0.02, 9471123
0.02, 9466744
0.02, 9459668
0.02, 9346406
0.02, 9265277
0.02, 9242848
0.02, 8986799
0.02, 8986125
0.02, 8843726
0.02, 8829308
0.02, 8822049
0.02, 8762313
0.02, 8697025
0.02, 8594647
0.02, 8524477
0.02, 8455837
0.02, 8401853
0.02, 8395895
0.02, 8395018
0.02, 8343391
0.02, 8272966
0.02, 8252219
0.02, 8113113
0.02, 8096117
0.02, 8046959
0.02, 8000372
0.02, 7768543
0.02, 7625037
0.02, 7606052
0.02, 7460074
0.02, 7443547
0.02, 7413800
0.02, 7413427
0.02, 7359292
0.02, 7357862
0.02, 7288249
0.02, 7244301
0.02, 7202660
0.02, 7202594
0.02, 7155367
0.02, 7126591
0.02, 7115478
0.02, 7095507
0.02, 7094714
0.02, 7089101
0.02, 7085460
0.02, 7074274
0.02, 7066845
0.02, 7060130
0.02, 7059286
0.02, 7056763
0.02, 7019822
0.02, 7018619
0.02, 7012872
0.02, 7008083
0.02, 7008071
0.02, 7005015
0.02, 7001605
0.02, 6993353
0.02, 6990101
0.02, 6981596
0.02, 6979863
0.02, 6975973
0.02, 6973663
0.02, 6969120
0.02, 6966915
0.02, 6962506
0.02, 6959790
0.02, 6959577
0.02, 6868481
0.02, 6868139
0.02, 6563372
0.02, 6521466
0.02, 6520782
0.02, 6513049
0.02, 6511742
0.02, 6509286
0.02, 6507735
0.02, 6507398
0.02, 6506373
0.02, 6505848
0.02, 6503541
0.02, 6502932
0.02, 6499283
0.02, 6499215
0.02, 6256661
0.02, 6255845
0.02, 6254115
0.02, 6252888
0.02, 6132432
0.02, 6130152
0.02, 6129065
0.02, 6100205
0.02, 6096709
0.02, 5873844
0.02, 5868210
0.02, 5827710
0.02, 5817820
0.02, 5637272
0.02, 5634417
0.02, 5632845
0.02, 5613060
0.02, 5612775
0.02, 5605958
0.02, 5604354
0.03, 5602018
0.03, 5567512
0.03, 5558794
0.03, 5556688
0.03, 5375226
0.03, 5372105
0.03, 5371474
0.03, 5299376
0.03, 5294383
0.03, 5263102
0.03, 5242567
0.03, 4998658
0.03, 4957308
0.03, 4947285
0.03, 4944770
0.03, 4929661
0.03, 4921223
0.03, 4903576
0.03, 4900204
0.03, 4889791
0.03, 4851898
0.03, 4849790
0.03, 4845608
0.03, 4844978
0.03, 4822508
0.03, 4772258
0.03, 4767486
0.03, 4618465
0.03, 4582814
0.03, 4580356
0.03, 4574198
0.03, 4570656
0.03, 4549259
0.03, 4546241
0.03, 4513680
0.03, 4512085
0.03, 4506562
0.03, 4496881
0.03, 4440968
0.03, 4407600
0.03, 4395368
0.03, 4373348
0.03, 4329775
0.03, 4325109
0.03, 4216750
0.03, 4160092
0.03, 4122411
0.03, 4117160
0.03, 4079900
0.03, 4057159
0.03, 4047626
0.03, 4033420
0.03, 3937865
0.03, 3932366
0.03, 3931994
0.03, 3922108
0.03, 3892627
0.03, 3882128
0.03, 3872048
0.03, 3871895
0.03, 3868579
0.03, 3862285
0.03, 3853985
0.03, 3817126
0.03, 3789798
0.03, 3786328
0.03, 3746343
0.03, 3727194
0.03, 3694923
0.03, 3685595
0.03, 3683842
0.03, 3504917
0.03, 3504760
0.03, 3460744
0.03, 3430347
0.03, 3403574
0.03, 3291710
0.03, 3283420
0.03, 3256899
0.03, 3214046
0.03, 3206654
0.03, 3125055
0.03, 3117939
0.03, 3082510
0.03, 3079600
0.03, 3027574
0.03, 2974244
0.03, 2923557
0.03, 2910864
0.03, 2903138
0.03, 2832110
0.03, 2830408
0.03, 2752227
0.03, 2720583
0.03, 2697802
0.03, 2697539
0.03, 2588250
0.03, 2585414
0.03, 2520692
0.03, 2438888
0.03, 2435673
0.03, 2426999
0.03, 2426968
0.03, 2411512
0.03, 2397913
0.03, 2391944
0.03, 2368956
0.03, 2364827
0.03, 2329836
0.03, 2298497
0.03, 2291736
0.03, 2281868
0.03, 2242074
0.03, 2217859
0.03, 2185409
0.03, 2106963
0.03, 2102546
0.03, 2095029
0.03, 2093267
0.03, 2090884
0.03, 2045015
0.03, 2043337
0.03, 2017554
0.03, 2009040
0.03, 1934692
0.03, 1929105
0.03, 1918098
0.03, 1898909
0.03, 1897282
0.03, 1896877
0.03, 1887229
0.03, 1874755
0.03, 1868328
0.03, 1860394
0.03, 1860022
0.03, 1859281
0.03, 1856286
0.03, 1855075
0.03, 1853921
0.03, 1848242
0.03, 1795774
0.03, 1777525
0.03, 1776485
0.03, 1770071
0.03, 1769756
0.03, 1753752
0.03, 1742715
0.03, 1734800
0.03, 1725571
0.03, 1721582
0.03, 1665928
0.03, 1625100
0.03, 1621102
0.03, 1600906
0.03, 1533031
0.03, 1524645
0.03, 1524184
0.03, 1519025
0.03, 1517555
0.03, 1517057
0.03, 1515107
0.03, 1512871
0.03, 1510777
0.03, 1510691
0.03, 1509608
0.04, 1498587
0.04, 1494246
0.04, 1490950
0.04, 1482610
0.04, 1480557
0.04, 1479241
0.04, 1473614
0.04, 1467844
0.04, 1465164
0.04, 1464016
0.04, 1459812
0.04, 1459593
0.04, 1453456
0.04, 1452416
0.04, 1443619
0.04, 1436914
0.04, 1436697
0.04, 1415714
0.04, 1410381
0.04, 1409493
0.04, 1407893
0.04, 1405689
0.04, 1404050
0.04, 1403260
0.04, 1403053
0.04, 1402292
0.04, 1401669
0.04, 1391319
0.04, 1390965
0.04, 1388831
0.04, 1381792
0.04, 1379324
0.04, 1363617
0.04, 1358059
0.04, 1357253
0.04, 1342306
0.04, 1316271
0.04, 1305386
0.04, 1305275
0.04, 1304064
0.04, 1298486
0.04, 1297027
0.04, 1295186
0.04, 1294224
0.04, 1293993
0.05, 1293311
0.05, 1293110
0.05, 1292703
0.05, 1291327
0.05, 1286359
0.05, 1286255
0.05, 1282305
0.05, 1282007
0.05, 1281856
0.05, 1280574
0.05, 1279508
0.06, 1274808
0.06, 1271876
0.07, 1269079
0.07, 1250987
0.07, 1249021
0.11, 1225809
0.11, 1225003
0.11, 1224411
0.11, 1223666
0.11, 1222848
0.11, 1222779
0.11, 1220913
0.11, 1219956
0.11, 1219363
0.11, 1218764
0.49, 1218110
0.49, 1217337
0.49, 1216297
0.49, 1214340
0.49, 1213640
0.49, 1213223
0.49, 1212234
0.49, 1212129
0.49, 1208562
0.49, 1206475
0.49, 1201758
0.49, 1199900
0.49, 1197379
0.49, 1197286
0.86, 1196570
0.86, 1196363
1.01, 1196158
1.01, 1195967
1.01, 1195839
1.01, 1195783
1.01, 1194791
1.01, 1194155
1.01, 1192671
1.01, 1191146
1.01, 1190697
1.01, 1189202
1.01, 1188420
1.01, 1188416
1.01, 1188088
1.01, 1185662
1.01, 1184715
1.01, 1184386
1.01, 1183240
1.01, 1180224
1.01, 1180017
1.01, 1179502
1.01, 1179301
1.01, 1178894
3.29, 1177916
