0.02, 10188000
0.02, 10161145
0.02, 10157231
0.02, 10106546
0.02, 10106249
0.02, 9794303
0.02, 9793231
0.02, 9614296
0.02, 9614013
0.02, 9600563
0.02, 9467119
0.02, 9451013
0.02, 9172574
0.02, 9170243
0.02, 9066116
0.02, 9063766
0.02, 9062125
0.02, 9020474
0.02, 9020376
0.02, 8974418
0.02, 8923367
0.02, 8877467
0.02, 8781111
0.02, 8716311
0.02, 8636803
0.02, 8560475
0.02, 8496216
0.02, 8492126
0.02, 8426921
0.02, 8386597
0.02, 8366812
0.02, 8327796
0.02, 8317681
0.02, 8299478
0.02, 8266810
0.02, 8160166
0.02, 8139893
0.02, 7977024
0.02, 7974575
0.02, 7967593
0.02, 7966388
0.02, 7918626
0.02, 7912763
0.02, 7881012
0.02, 7879842
0.02, 7844535
0.02, 7726178
0.02, 7711224
0.02, 7441591
0.02, 7440787
0.02, 7378922
0.02, 7359784
0.02, 7236280
0.02, 7225995
0.02, 7208871
0.02, 7202459
0.02, 7198644
0.02, 7005381
0.02, 6958228
0.02, 6902429
0.02, 6852758
0.02, 6667700
0.02, 6636364
0.02, 6505749
0.02, 6450727
0.02, 6445527
0.02, 6431107
0.02, 6421286
0.02, 6254140
0.02, 6207113
0.02, 6057353
0.02, 6053792
0.02, 5986300
0.02, 5981919
0.02, 5829882
0.02, 5808110
0.02, 5805816
0.02, 5793257
0.02, 5778266
0.02, 5772402
0.02, 5759228
0.02, 5757634
0.02, 5753141
0.02, 5738224
0.02, 5736721
0.02, 5733075
0.02, 5703852
0.02, 5700157
0.02, 5690574
0.02, 5683963
0.02, 5614337
0.02, 5580883
0.02, 5539270
0.02, 5536883
0.02, 5500188
0.02, 5500081
0.02, 5498891
0.02, 5490548
0.02, 5484567
0.02, 5479611
0.02, 5478496
0.02, 5476099
0.02, 5466158
0.02, 5451743
0.02, 5443268
0.02, 5437463
0.02, 5431440
0.02, 5430832
0.02, 5428441
0.02, 5427538
0.02, 5419668
0.02, 5416791
0.02, 5382351
0.02, 5376228
0.02, 5364487
0.02, 5347129
0.02, 5310202
0.02, 5284711
0.02, 5277354
0.02, 5263792
0.02, 5252250
0.02, 5247085
0.02, 5181206
0.02, 5180201
0.02, 5178422
0.02, 5175466
0.02, 5173205
0.02, 5166257
0.02, 5164407
0.02, 5163276
0.02, 5162775
0.02, 5160403
0.02, 5160279
0.02, 5160179
0.02, 5158877
0.02, 5158278
0.02, 5157865
0.02, 5156437
0.02, 5156069
0.02, 5153333
0.02, 5152808
0.02, 5152806
0.02, 5152803
0.03, 5149668
0.03, 5148203
0.03, 5148048
0.03, 5146609
0.03, 5144048
0.03, 5141994
0.03, 5141972
0.03, 5140942
0.03, 5140127
0.03, 5140018
0.03, 5124377
0.03, 5122475
0.03, 5118096
0.03, 5113471
0.03, 5106889
0.03, 5105757
0.03, 5061854
0.03, 5037835
0.03, 5025938
0.03, 5009640
0.03, 4994419
0.03, 4909204
0.03, 4900299
0.03, 4896738
0.03, 4842240
0.03, 4792356
0.03, 4733374
0.03, 4715557
0.03, 4694904
0.03, 4662146
0.03, 4660516
0.03, 4647022
0.03, 4642061
0.03, 4628702
0.03, 4368109
0.03, 4363622
0.03, 4340595
0.03, 4276879
0.03, 4276618
0.03, 4250911
0.03, 4250302
0.03, 4215946
0.03, 4212351
0.03, 4212231
0.03, 4207993
0.03, 4100127
0.03, 4095214
0.03, 4013170
0.03, 3956138
0.03, 3952573
0.03, 3859597
0.03, 3856645
0.03, 3840081
0.03, 3795129
0.03, 3790582
0.03, 3736143
0.03, 3705226
0.03, 3703937
0.03, 3699082
0.03, 3688732
0.03, 3687839
0.03, 3672930
0.03, 3668415
0.03, 3665791
0.03, 3661071
0.03, 3634424
0.03, 3617989
0.03, 3613803
0.03, 3575245
0.03, 3539546
0.03, 3528991
0.03, 3419648
0.03, 3405719
0.03, 3338201
0.03, 3260938
0.03, 3233111
0.03, 3224086
0.03, 3213814
0.03, 3196304
0.03, 3050871
0.03, 3031879
0.03, 3025851
0.03, 3005209
0.03, 2950054
0.03, 2933627
0.03, 2862638
0.03, 2840693
0.03, 2833320
0.03, 2832652
0.03, 2827358
0.03, 2805672
0.03, 2762888
0.03, 2750801
0.03, 2712763
0.03, 2690066
0.03, 2679442
0.03, 2674661
0.03, 2655812
0.03, 2655545
0.03, 2565063
0.03, 2563486
0.03, 2531306
0.03, 2440748
0.03, 2424597
0.03, 2409778
0.03, 2409002
0.03, 2403171
0.03, 2396319
0.03, 2395454
0.03, 2392204
0.03, 2380635
0.03, 2365672
0.03, 2354958
0.03, 2354573
0.03, 2282542
0.03, 2273521
0.03, 2195809
0.03, 2176933
0.03, 2116717
0.03, 2059858
0.03, 2051887
0.03, 2047764
0.03, 2027053
0.03, 2009542
0.03, 1974455
0.03, 1961893
0.03, 1961497
0.03, 1943150
0.03, 1922200
0.03, 1900100
0.03, 1814345
0.03, 1814030
0.03, 1796333
0.03, 1796153
0.03, 1795996
0.03, 1794693
0.03, 1785739
0.03, 1776395
0.03, 1774401
0.03, 1773491
0.03, 1773233
0.03, 1758270
0.03, 1748384
0.03, 1748343
0.03, 1743394
0.03, 1738964
0.03, 1737555
0.03, 1732339
0.03, 1726519
0.03, 1723729
0.03, 1715229
0.03, 1713724
0.03, 1667033
0.03, 1658938
0.03, 1657913
0.03, 1657532
0.03, 1652692
0.03, 1650602
0.03, 1648366
0.03, 1648314
0.03, 1647237
0.03, 1645231
0.03, 1644707
0.03, 1642504
0.03, 1642453
0.03, 1641370
0.03, 1640592
0.03, 1639578
0.03, 1639552
0.03, 1639522
0.03, 1637979
0.03, 1636950
0.04, 1629228
0.04, 1624637
0.04, 1590539
0.04, 1588902
0.04, 1585358
0.04, 1568571
0.04, 1568139
0.04, 1536046
0.04, 1533842
0.04, 1518895
0.04, 1513384
0.04, 1513142
0.04, 1445731
0.04, 1441708
0.04, 1422604
0.04, 1422423
0.04, 1421941
0.04, 1421786
0.04, 1421706
0.04, 1366198
0.04, 1366050
0.04, 1365451
0.04, 1357575
0.04, 1345160
0.04, 1340281
0.04, 1339225
0.04, 1339214
0.04, 1328208
0.04, 1328160
0.04, 1326005
0.04, 1324315
0.04, 1316484
0.04, 1315945
0.04, 1314557
0.04, 1307715
0.04, 1306690
0.04, 1306105
0.04, 1287934
0.04, 1286216
0.04, 1285283
0.04, 1284775
0.04, 1284678
0.04, 1281171
0.04, 1280430
0.04, 1280092
0.04, 1279479
0.04, 1278673
0.04, 1262480
0.04, 1243030
0.04, 1239651
0.04, 1237987
0.04, 1237351
0.04, 1236903
0.04, 1236436
0.04, 1235045
0.04, 1234702
0.06, 1233434
0.06, 1222944
0.06, 1222865
0.06, 1222296
0.06, 1221115
0.06, 1218971
0.23, 1216386
0.23, 1215580
0.23, 1214588
0.23, 1212047
0.23, 1211842
0.89, 1208854
0.9, 1206373
0.91, 1197591
0.91, 1187758
0.91, 1184968
0.91, 1182261
0.91, 1182082
0.91, 1181423
0.91, 1180017
0.91, 1179964
0.91, 1179435
0.91, 1179370
0.91, 1179273
0.91, 1179038
0.91, 1178887
0.91, 1177605
0.91, 1177398
0.92, 1176332
