0.02, 737744
0.02, 730726
0.02, 724045
0.02, 723664
0.02, 714983
0.02, 712145
0.02, 711684
0.02, 709471
0.02, 692223
0.02, 689624
0.02, 670749
0.02, 669255
0.02, 662495
0.02, 658492
0.02, 654512
0.02, 645387
0.02, 630455
0.02, 626144
0.02, 611717
0.02, 609787
0.02, 606988
0.02, 605347
0.02, 604011
0.02, 603364
0.02, 600615
0.02, 589765
0.02, 588683
0.02, 586720
0.02, 585533
0.02, 577202
0.02, 576772
0.02, 575825
0.02, 575467
0.02, 574968
0.02, 569257
0.02, 558624
0.02, 558494
0.02, 548846
0.02, 546645
0.02, 545833
0.02, 545156
0.02, 544948
0.02, 542515
0.02, 540957
0.02, 533908
0.02, 533329
0.02, 517971
0.02, 517037
0.02, 505311
0.02, 498354
0.02, 497085
0.02, 495934
0.02, 492641
0.02, 492495
0.02, 490363
0.02, 489715
0.02, 489465
0.02, 488266
0.02, 487496
0.02, 487193
0.02, 486995
0.02, 485984
0.02, 485617
0.02, 476773
0.02, 474421
0.02, 474348
0.02, 472314
0.02, 468721
0.02, 461006
0.02, 460492
0.02, 460271
0.02, 456478
0.02, 455883
0.02, 447545
0.02, 447029
0.02, 446566
0.02, 444410
0.02, 443396
0.02, 440127
0.02, 439432
0.02, 437842
0.02, 437078
0.02, 434162
0.02, 433995
0.02, 433794
0.02, 432066
0.02, 431853
0.02, 430645
0.02, 428117
0.02, 421849
0.02, 417633
0.02, 417070
0.02, 415740
0.02, 415533
0.02, 413021
0.02, 412742
0.02, 408803
0.02, 408065
0.02, 407189
0.02, 398525
0.02, 398490
0.02, 397692
0.02, 397677
0.02, 394904
0.02, 393994
0.02, 393539
0.02, 388634
0.02, 386144
0.02, 385889
0.02, 380225
0.02, 379049
0.02, 378571
0.02, 374153
0.02, 373425
0.02, 372668
0.02, 369713
0.02, 358023
0.02, 358012
0.02, 357837
0.02, 356429
0.02, 353964
0.02, 352527
0.02, 351526
0.02, 350416
0.02, 348607
0.02, 347677
0.02, 345981
0.02, 345145
0.02, 344579
0.02, 344358
0.02, 343741
0.02, 343077
0.02, 342352
0.02, 335827
0.02, 335711
0.02, 334054
0.02, 333598
0.02, 333468
0.02, 333213
0.02, 330575
0.02, 329709
0.02, 328173
0.02, 325287
0.02, 324147
0.03, 323860
0.03, 322835
0.03, 316630
0.03, 316569
0.03, 315161
0.03, 313074
0.03, 310308
0.03, 309883
0.03, 308870
0.03, 307936
0.03, 307495
0.03, 307099
0.03, 306892
0.03, 305767
0.03, 301815
0.03, 299233
0.03, 297807
0.03, 293670
0.03, 293038
0.03, 291078
0.03, 284019
0.03, 281759
0.03, 281466
0.03, 280260
0.03, 277168
0.03, 275246
0.03, 273261
0.03, 272580
0.03, 271334
0.03, 270852
0.03, 267482
0.03, 267264
0.03, 265848
0.03, 265395
0.03, 265057
0.03, 264466
0.03, 263360
0.03, 259659
0.03, 257867
0.03, 257555
0.03, 256827
0.03, 255696
0.03, 248083
0.03, 247978
0.03, 246888
0.03, 245598
0.03, 243817
0.03, 243545
0.03, 243417
0.03, 241851
0.03, 238837
0.03, 238567
0.03, 238145
0.03, 238090
0.03, 237264
0.03, 236714
0.03, 236546
0.03, 236013
0.03, 232886
0.03, 231580
0.03, 229385
0.03, 228456
0.03, 227473
0.03, 226862
0.03, 226436
0.03, 224958
0.03, 224879
0.03, 224172
0.03, 223949
0.03, 223666
0.03, 221415
0.03, 221410
0.03, 220567
0.03, 220381
0.03, 218621
0.03, 218352
0.03, 215340
0.03, 211980
0.03, 210136
0.03, 208034
0.03, 207546
0.03, 205136
0.03, 204820
0.03, 204783
0.03, 204652
0.03, 203935
0.03, 203600
0.03, 203297
0.03, 203190
0.03, 202175
0.03, 199252
0.03, 199065
0.03, 199005
0.03, 196390
0.03, 194289
0.03, 194225
0.03, 194092
0.03, 192916
0.03, 192140
0.03, 191723
0.03, 191069
0.03, 190836
0.03, 188777
0.03, 188041
0.03, 187546
0.03, 187520
0.03, 186530
0.03, 184890
0.03, 183848
0.03, 182986
0.03, 182840
0.03, 182222
0.03, 182118
0.03, 179399
0.03, 178206
0.03, 175502
0.03, 175245
0.03, 173675
0.03, 172668
0.03, 171065
0.03, 170552
0.03, 170348
0.03, 170127
0.03, 169304
0.03, 168784
0.03, 167161
0.03, 166733
0.03, 166662
0.03, 166391
0.03, 166366
0.03, 166084
0.03, 166082
0.03, 165912
0.03, 165905
0.03, 165761
0.03, 165182
0.03, 164534
0.03, 163676
0.03, 163266
0.03, 163236
0.03, 163014
0.03, 162264
0.03, 161769
0.03, 161239
0.03, 161014
0.03, 160675
0.03, 159657
0.03, 159145
0.03, 158328
0.03, 158225
0.03, 157937
0.03, 157718
0.03, 157369
0.03, 156798
0.03, 156611
0.03, 156300
0.03, 155917
0.03, 155659
0.03, 154914
0.03, 154556
0.03, 154489
0.03, 153273
0.03, 152970
0.03, 152778
0.03, 152378
0.03, 152288
0.03, 152125
0.03, 152021
0.03, 151683
0.03, 151309
0.04, 148363
0.04, 147610
0.04, 147451
0.04, 147378
0.04, 146505
0.04, 145856
0.04, 145798
0.04, 145123
0.04, 144628
0.04, 143104
0.04, 143023
0.04, 142808
0.09, 141749
0.09, 141606
0.09, 141457
0.09, 141438
0.09, 140653
0.09, 140435
0.09, 140285
0.09, 140252
0.09, 139285
0.09, 139260
0.1, 138836
0.23, 138459
0.23, 138007
0.23, 137840
0.83, 137821
1.14, 137247
1.14, 137227
1.14, 137148
1.14, 137141
1.14, 137015
1.43, 136792
1.43, 136621
1.43, 136435
1.43, 136036
1.43, 135798
1.65, 134904
1.65, 134854
