0.02, 777117
0.02, 774781
0.02, 756817
0.02, 756724
0.02, 741789
0.02, 740938
0.02, 731661
0.02, 707845
0.02, 693247
0.02, 689836
0.02, 674580
0.02, 670631
0.02, 653556
0.02, 649959
0.02, 633510
0.02, 630970
0.02, 614801
0.02, 609813
0.02, 608496
0.02, 606868
0.02, 605047
0.02, 603117
0.02, 602931
0.02, 599151
0.02, 592574
0.02, 592386
0.02, 587948
0.02, 586930
0.02, 583550
0.02, 582283
0.02, 575763
0.02, 575420
0.02, 572386
0.02, 569453
0.02, 565277
0.02, 562859
0.02, 562352
0.02, 562126
0.02, 559729
0.02, 553679
0.02, 550974
0.02, 547506
0.02, 546986
0.02, 545770
0.02, 544394
0.02, 543241
0.02, 540392
0.02, 536565
0.02, 533638
0.02, 531454
0.02, 521960
0.02, 520478
0.02, 518655
0.02, 513439
0.02, 513387
0.02, 512641
0.02, 512286
0.02, 510115
0.02, 509808
0.02, 505937
0.02, 503270
0.02, 501466
0.02, 499001
0.02, 496065
0.02, 495329
0.02, 492526
0.02, 488912
0.02, 473728
0.02, 472855
0.02, 469876
0.02, 469752
0.02, 465482
0.02, 456164
0.02, 455981
0.02, 446759
0.02, 445428
0.02, 444652
0.02, 443109
0.02, 443020
0.02, 440536
0.02, 440283
0.02, 440178
0.02, 439832
0.02, 434634
0.02, 433605
0.02, 432981
0.02, 432920
0.02, 432737
0.02, 430721
0.02, 430564
0.02, 430075
0.02, 430003
0.02, 426508
0.02, 425723
0.02, 425129
0.02, 417690
0.02, 416518
0.02, 414449
0.02, 410907
0.02, 409565
0.02, 407886
0.02, 406999
0.02, 403847
0.02, 402272
0.02, 402139
0.02, 393193
0.02, 392438
0.02, 390090
0.02, 389983
0.02, 389677
0.02, 386780
0.02, 386213
0.02, 378939
0.02, 377448
0.02, 376693
0.02, 375834
0.02, 374420
0.02, 373200
0.02, 368096
0.02, 367223
0.02, 365070
0.02, 364703
0.02, 362169
0.02, 361539
0.02, 353157
0.02, 352394
0.02, 350021
0.02, 349214
0.02, 339535
0.02, 337965
0.02, 337020
0.02, 336874
0.02, 335931
0.02, 335391
0.02, 334999
0.02, 331843
0.02, 331295
0.02, 327213
0.02, 326691
0.02, 319009
0.02, 318903
0.02, 318782
0.02, 316395
0.02, 312601
0.03, 310268
0.03, 308679
0.03, 306499
0.03, 305913
0.03, 302318
0.03, 301063
0.03, 299962
0.03, 298204
0.03, 295112
0.03, 294107
0.03, 294047
0.03, 293180
0.03, 289036
0.03, 288371
0.03, 285558
0.03, 285407
0.03, 282512
0.03, 281568
0.03, 281474
0.03, 278024
0.03, 277147
0.03, 273960
0.03, 273396
0.03, 272479
0.03, 271383
0.03, 270319
0.03, 270126
0.03, 270074
0.03, 269886
0.03, 267131
0.03, 266589
0.03, 263832
0.03, 261018
0.03, 257330
0.03, 257280
0.03, 255931
0.03, 255392
0.03, 254985
0.03, 254502
0.03, 253085
0.03, 251233
0.03, 250755
0.03, 250515
0.03, 249866
0.03, 249275
0.03, 248787
0.03, 247869
0.03, 244797
0.03, 244770
0.03, 244658
0.03, 244581
0.03, 244363
0.03, 244204
0.03, 244142
0.03, 243958
0.03, 241984
0.03, 241866
0.03, 241553
0.03, 239080
0.03, 237412
0.03, 233908
0.03, 233832
0.03, 232584
0.03, 231752
0.03, 230977
0.03, 230859
0.03, 230534
0.03, 229472
0.03, 229295
0.03, 228998
0.03, 228553
0.03, 227858
0.03, 226596
0.03, 226068
0.03, 223726
0.03, 223651
0.03, 215315
0.03, 214422
0.03, 212896
0.03, 212789
0.03, 212558
0.03, 212529
0.03, 211858
0.03, 210568
0.03, 210156
0.03, 208453
0.03, 207576
0.03, 207318
0.03, 206163
0.03, 205625
0.03, 203446
0.03, 203088
0.03, 202664
0.03, 202434
0.03, 201844
0.03, 201734
0.03, 200791
0.03, 200460
0.03, 199923
0.03, 197577
0.03, 196786
0.03, 195367
0.03, 195332
0.03, 195116
0.03, 194250
0.03, 191478
0.03, 190703
0.03, 189335
0.03, 189060
0.03, 188052
0.03, 187961
0.03, 187244
0.03, 185981
0.03, 185021
0.03, 184852
0.03, 182579
0.03, 181223
0.03, 180106
0.03, 179286
0.03, 179244
0.03, 178268
0.03, 177834
0.03, 175408
0.03, 174960
0.03, 174039
0.03, 173715
0.03, 173543
0.03, 173119
0.03, 173068
0.03, 172797
0.03, 172709
0.03, 172281
0.03, 171886
0.03, 169961
0.03, 169449
0.03, 168599
0.03, 168512
0.03, 167434
0.03, 166369
0.03, 166156
0.03, 165688
0.03, 164274
0.03, 164124
0.03, 163313
0.03, 162445
0.03, 161849
0.03, 161827
0.03, 161747
0.03, 159824
0.03, 159194
0.03, 159132
0.03, 157932
0.03, 157479
0.03, 156762
0.03, 156516
0.03, 155825
0.03, 155488
0.03, 155457
0.03, 155335
0.03, 155023
0.03, 155021
0.03, 155002
0.03, 153246
0.03, 153028
0.03, 152642
0.03, 152107
0.03, 151748
0.03, 151745
0.03, 151050
0.03, 150772
0.03, 149201
0.03, 149119
0.03, 148499
0.04, 148121
0.04, 148001
0.04, 147017
0.04, 146828
0.04, 146068
0.04, 145797
0.04, 144827
0.04, 144586
0.04, 143974
0.04, 143749
0.04, 143645
0.04, 143543
0.04, 143430
0.05, 143214
0.05, 142502
0.05, 142338
0.06, 142189
0.06, 141926
0.07, 141628
0.07, 141061
0.07, 140883
0.08, 140816
0.08, 140515
0.12, 140084
0.12, 140029
0.12, 139950
0.12, 139764
0.12, 139649
0.13, 139341
0.13, 138680
0.13, 138467
0.35, 138053
0.35, 137974
0.36, 137867
0.44, 137822
0.44, 137495
0.44, 137182
0.44, 136883
0.44, 136620
0.44, 136531
0.45, 136452
0.65, 136359
0.65, 136040
0.65, 135985
0.65, 135675
0.81, 135612
0.81, 135491
0.81, 135441
0.81, 135331
0.81, 134839
