0.01, 686197
0.01, 683537
0.01, 680523
0.01, 677154
0.01, 665275
0.01, 659930
0.01, 650870
0.01, 649625
0.01, 631594
0.01, 623797
0.01, 607210
0.01, 607205
0.01, 588903
0.01, 588241
0.01, 587640
0.01, 584841
0.01, 583384
0.01, 580224
0.01, 580208
0.01, 575668
0.01, 570924
0.01, 568471
0.01, 568299
0.01, 563813
0.01, 563804
0.01, 550110
0.01, 549527
0.01, 541253
0.01, 532980
0.01, 526733
0.01, 517991
0.01, 515970
0.01, 514409
0.01, 507736
0.01, 507055
0.01, 505899
0.01, 497045
0.01, 496919
0.01, 494442
0.01, 489299
0.01, 489242
0.01, 488026
0.01, 486029
0.01, 485183
0.01, 483729
0.01, 480195
0.01, 478685
0.01, 469190
0.01, 467917
0.01, 467813
0.01, 463455
0.01, 462851
0.01, 461950
0.01, 460647
0.01, 459433
0.01, 458687
0.01, 454697
0.01, 453051
0.01, 439113
0.01, 438461
0.01, 435157
0.01, 434289
0.01, 434069
0.01, 433946
0.01, 433375
0.01, 433291
0.01, 432943
0.01, 427779
0.01, 427507
0.01, 424094
0.01, 422844
0.01, 422541
0.01, 420309
0.01, 420168
0.01, 419908
0.01, 418795
0.01, 418786
0.01, 416869
0.01, 416342
0.01, 414967
0.01, 411363
0.01, 411144
0.01, 410623
0.01, 402892
0.01, 402183
0.01, 399819
0.01, 399255
0.01, 399132
0.01, 398148
0.01, 396800
0.01, 393377
0.01, 392958
0.01, 391927
0.01, 384682
0.01, 384451
0.01, 384295
0.01, 380302
0.01, 379995
0.01, 375957
0.01, 375659
0.01, 366712
0.01, 365815
0.01, 365518
0.01, 363443
0.01, 363285
0.01, 361820
0.01, 361667
0.01, 361569
0.01, 358824
0.01, 357065
0.01, 348255
0.01, 345206
0.01, 344626
0.01, 344329
0.01, 343926
0.01, 342582
0.01, 342302
0.01, 335767
0.01, 334942
0.01, 333117
0.01, 332100
0.01, 331507
0.01, 331153
0.01, 330028
0.01, 329359
0.01, 328881
0.01, 327557
0.01, 324651
0.01, 322520
0.01, 320353
0.01, 310872
0.01, 310727
0.01, 310442
0.01, 308884
0.01, 308820
0.01, 302993
0.01, 301900
0.01, 301829
0.01, 301294
0.01, 300005
0.01, 298593
0.01, 297611
0.01, 295739
0.01, 295443
0.01, 294183
0.01, 294043
0.01, 292153
0.01, 291519
0.01, 290238
0.01, 290108
0.01, 288952
0.01, 288374
0.01, 287540
0.01, 280952
0.01, 278206
0.01, 277558
0.01, 275236
0.01, 274900
0.01, 272503
0.01, 266830
0.01, 265745
0.01, 264207
0.01, 263170
0.01, 262263
0.01, 258281
0.01, 255874
0.01, 255706
0.01, 254556
0.01, 253230
0.01, 252950
0.01, 252831
0.01, 252496
0.01, 252314
0.01, 251587
0.01, 250786
0.01, 250783
0.01, 249955
0.01, 249628
0.01, 245091
0.01, 243373
0.01, 235930
0.01, 234994
0.01, 233600
0.01, 232357
0.01, 230514
0.01, 230181
0.01, 229395
0.01, 227876
0.01, 227843
0.01, 223524
0.01, 223147
0.01, 221707
0.01, 220962
0.01, 219951
0.01, 219907
0.01, 218517
0.01, 218374
0.01, 215707
0.02, 214592
0.02, 214427
0.02, 211949
0.02, 210223
0.02, 208796
0.02, 207608
0.02, 205331
0.02, 203215
0.02, 201904
0.02, 200491
0.02, 197498
0.02, 196293
0.02, 194668
0.02, 194565
0.02, 194052
0.02, 193508
0.02, 189785
0.02, 185122
0.02, 185108
0.02, 184336
0.02, 183668
0.02, 183559
0.02, 183310
0.02, 183291
0.02, 183286
0.02, 182926
0.02, 182231
0.02, 181703
0.02, 181473
0.02, 177718
0.02, 177022
0.02, 175885
0.02, 175482
0.02, 171839
0.02, 169270
0.02, 168284
0.02, 167115
0.02, 166948
0.02, 166713
0.02, 163946
0.02, 162754
0.02, 162447
0.02, 162312
0.02, 162116
0.02, 161317
0.02, 161044
0.02, 160793
0.02, 159944
0.02, 159681
0.02, 159317
0.02, 158255
0.02, 158045
0.02, 158034
0.02, 156872
0.02, 156641
0.02, 156573
0.02, 155809
0.02, 155371
0.02, 154925
0.02, 153850
0.02, 153822
0.02, 153509
0.02, 153002
0.02, 152691
0.02, 152307
0.02, 151697
0.02, 150377
0.02, 150181
0.02, 149380
0.02, 148172
0.02, 147748
0.02, 147729
0.02, 147245
0.02, 147169
0.02, 146202
0.02, 146092
0.02, 145937
0.02, 145756
0.02, 144669
0.02, 143130
0.02, 142955
0.02, 142243
0.02, 141664
0.02, 141374
0.02, 141349
0.02, 140811
0.02, 140598
0.02, 140299
0.02, 140218
0.02, 139609
0.02, 139025
0.02, 138639
0.02, 138534
0.02, 138440
0.02, 138244
0.02, 137103
0.02, 137055
1.24, 136980
1.24, 136762
1.24, 136720
1.24, 136692
1.24, 136379
1.65, 136178
