0.02, 777793
0.02, 772059
0.02, 771051
0.02, 767827
0.02, 767084
0.02, 766850
0.02, 749426
0.02, 747709
0.02, 730841
0.02, 727460
0.02, 721519
0.02, 716965
0.02, 700889
0.02, 697551
0.02, 684538
0.02, 681422
0.02, 665698
0.02, 657918
0.02, 647015
0.02, 643134
0.02, 642877
0.02, 623510
0.02, 621814
0.02, 620121
0.02, 618729
0.02, 618689
0.02, 603732
0.02, 601409
0.02, 600212
0.02, 593386
0.02, 592046
0.02, 591379
0.02, 584718
0.02, 582353
0.02, 580207
0.02, 578140
0.02, 577556
0.02, 575312
0.02, 574138
0.02, 569738
0.02, 567183
0.02, 567015
0.02, 566945
0.02, 564681
0.02, 562444
0.02, 561262
0.02, 554981
0.02, 549916
0.02, 549584
0.02, 545353
0.02, 544433
0.02, 532372
0.02, 530614
0.02, 525303
0.02, 524321
0.02, 517542
0.02, 517478
0.02, 513392
0.02, 510655
0.02, 510625
0.02, 508312
0.02, 490143
0.02, 490071
0.02, 486611
0.02, 486378
0.02, 483544
0.02, 483517
0.02, 482445
0.02, 477491
0.02, 471679
0.02, 471167
0.02, 467882
0.02, 467880
0.02, 464656
0.02, 464267
0.02, 460009
0.02, 459825
0.02, 458615
0.02, 453291
0.02, 450727
0.02, 443254
0.02, 440959
0.02, 438488
0.02, 437765
0.02, 436652
0.02, 424257
0.02, 423173
0.02, 418521
0.02, 416095
0.02, 413366
0.02, 411701
0.02, 405652
0.02, 404071
0.02, 399344
0.02, 398792
0.02, 392469
0.02, 392467
0.02, 389841
0.02, 387227
0.02, 382968
0.02, 380359
0.02, 378419
0.02, 377249
0.02, 376511
0.02, 374071
0.02, 366108
0.02, 364337
0.02, 362138
0.02, 361701
0.02, 360491
0.02, 359518
0.02, 358092
0.02, 357927
0.02, 354500
0.02, 353330
0.02, 346519
0.02, 346479
0.02, 344850
0.02, 343075
0.02, 334227
0.02, 333670
0.02, 332975
0.02, 328270
0.02, 327071
0.02, 325757
0.02, 325045
0.02, 322365
0.02, 319242
0.02, 315154
0.02, 310522
0.02, 310160
0.02, 307390
0.02, 306836
0.02, 306380
0.02, 306202
0.02, 305484
0.02, 305382
0.02, 299842
0.02, 299692
0.02, 297055
0.02, 296095
0.02, 295910
0.02, 295577
0.02, 294573
0.02, 293979
0.02, 289484
0.02, 289159
0.02, 288845
0.02, 287020
0.02, 284467
0.02, 284430
0.02, 282093
0.02, 281129
0.03, 280958
0.03, 280938
0.03, 280487
0.03, 279607
0.03, 279457
0.03, 278496
0.03, 278207
0.03, 277218
0.03, 275802
0.03, 275778
0.03, 274655
0.03, 269367
0.03, 269326
0.03, 267801
0.03, 266085
0.03, 263829
0.03, 263616
0.03, 263611
0.03, 262970
0.03, 262542
0.03, 262516
0.03, 262297
0.03, 260303
0.03, 260261
0.03, 260255
0.03, 259960
0.03, 259161
0.03, 258545
0.03, 257775
0.03, 257618
0.03, 257274
0.03, 256424
0.03, 256355
0.03, 254764
0.03, 253426
0.03, 252701
0.03, 250677
0.03, 250126
0.03, 250112
0.03, 249933
0.03, 249308
0.03, 247095
0.03, 245738
0.03, 245712
0.03, 243741
0.03, 241887
0.03, 240313
0.03, 238355
0.03, 238097
0.03, 237859
0.03, 237726
0.03, 235003
0.03, 234966
0.03, 234137
0.03, 233568
0.03, 233193
0.03, 232314
0.03, 231913
0.03, 231017
0.03, 230206
0.03, 229155
0.03, 228998
0.03, 217742
0.03, 216948
0.03, 216600
0.03, 216009
0.03, 215673
0.03, 212139
0.03, 212123
0.03, 210022
0.03, 208118
0.03, 207776
0.03, 207760
0.03, 206835
0.03, 206723
0.03, 203701
0.03, 203115
0.03, 201193
0.03, 201176
0.03, 200887
0.03, 200240
0.03, 199565
0.03, 199473
0.03, 199319
0.03, 199287
0.03, 198372
0.03, 198258
0.03, 197358
0.03, 196494
0.03, 195680
0.03, 195506
0.03, 195362
0.03, 195289
0.03, 193432
0.03, 192856
0.03, 192052
0.03, 191188
0.03, 190716
0.03, 186961
0.03, 186265
0.03, 185128
0.03, 184982
0.03, 184790
0.03, 183555
0.03, 180354
0.03, 180307
0.03, 179016
0.03, 178606
0.03, 175862
0.03, 175219
0.03, 172756
0.03, 172657
0.03, 171134
0.03, 170074
0.03, 169890
0.03, 169865
0.03, 168103
0.03, 167954
0.03, 167800
0.03, 167128
0.03, 165753
0.03, 161646
0.03, 160742
0.03, 160206
0.03, 159481
0.03, 159033
0.03, 158591
0.03, 158399
0.03, 156135
0.03, 155569
0.03, 155339
0.03, 154594
0.03, 154473
0.03, 153391
0.03, 153198
0.03, 152628
0.03, 152555
0.03, 151641
0.03, 150753
0.03, 150684
0.03, 150053
0.03, 149862
0.03, 149241
0.03, 148559
0.03, 147655
0.03, 147563
0.03, 147425
0.03, 147362
0.03, 147307
0.03, 147166
0.03, 147010
0.03, 146802
0.03, 146555
0.03, 145899
0.03, 145453
0.03, 144996
0.03, 144652
0.03, 143820
0.04, 143132
0.04, 142799
0.04, 142779
0.04, 142274
0.04, 142076
0.04, 141962
0.04, 141851
0.04, 141417
0.04, 141296
0.04, 141246
0.04, 141185
0.04, 140946
0.04, 140943
0.04, 140509
0.04, 139689
0.15, 139494
0.15, 139405
0.15, 139326
0.15, 139323
0.22, 139015
0.36, 138681
0.36, 138459
0.36, 138364
0.36, 138326
0.37, 138001
0.37, 136793
0.37, 136530
1.37, 136236
1.37, 135973
1.37, 135549
1.43, 135401
1.43, 134977
1.43, 134831
1.43, 134614
