0.02, 737225
0.02, 713848
0.02, 702241
0.02, 696905
0.02, 688225
0.02, 684515
0.02, 676421
0.02, 673826
0.02, 659404
0.02, 658109
0.02, 650556
0.02, 649196
0.02, 643385
0.02, 641432
0.02, 640419
0.02, 639367
0.02, 635130
0.02, 628408
0.02, 626743
0.02, 624347
0.02, 623201
0.02, 620653
0.02, 614625
0.02, 610884
0.02, 610779
0.02, 607686
0.02, 600461
0.02, 599816
0.02, 599664
0.02, 590049
0.02, 587920
0.02, 584184
0.02, 582245
0.02, 581632
0.02, 570256
0.02, 569128
0.02, 568080
0.02, 567306
0.02, 564441
0.02, 564388
0.02, 563366
0.02, 559363
0.02, 552110
0.02, 549784
0.02, 549562
0.02, 547537
0.02, 544694
0.02, 544542
0.02, 533337
0.02, 532711
0.02, 528627
0.02, 528165
0.02, 525213
0.02, 521486
0.02, 517973
0.02, 517568
0.02, 517562
0.02, 502955
0.02, 500367
0.02, 500153
0.02, 498115
0.02, 496806
0.02, 496642
0.02, 494498
0.02, 491265
0.02, 489454
0.02, 486268
0.02, 484505
0.02, 483788
0.02, 482626
0.02, 478909
0.02, 477560
0.02, 468772
0.02, 464414
0.02, 462472
0.02, 457358
0.02, 457077
0.02, 454910
0.02, 452653
0.02, 452637
0.02, 452306
0.02, 451746
0.02, 450995
0.02, 450194
0.02, 443317
0.02, 443164
0.02, 442769
0.02, 442134
0.02, 442051
0.02, 439287
0.02, 438824
0.02, 429997
0.02, 429561
0.02, 424060
0.02, 423289
0.02, 412853
0.02, 411152
0.02, 410123
0.02, 408233
0.02, 406336
0.02, 404174
0.02, 404170
0.02, 402533
0.02, 402355
0.02, 397434
0.02, 396546
0.02, 392705
0.02, 391534
0.02, 383583
0.02, 381143
0.02, 370867
0.02, 368501
0.02, 367494
0.02, 367158
0.02, 366296
0.02, 366114
0.02, 365700
0.02, 365459
0.02, 364770
0.02, 359592
0.02, 354423
0.02, 353890
0.02, 353310
0.02, 352767
0.02, 350071
0.02, 349658
0.02, 347464
0.02, 347341
0.02, 345719
0.02, 345198
0.02, 344833
0.02, 343664
0.02, 335679
0.02, 335598
0.02, 335595
0.02, 330402
0.02, 329715
0.02, 325564
0.02, 324457
0.02, 320869
0.02, 318949
0.02, 317349
0.02, 313349
0.02, 310275
0.02, 308083
0.02, 307035
0.03, 300868
0.03, 300801
0.03, 300425
0.03, 299285
0.03, 298725
0.03, 298548
0.03, 298225
0.03, 298148
0.03, 297917
0.03, 295934
0.03, 292909
0.03, 291602
0.03, 290186
0.03, 285808
0.03, 280716
0.03, 280437
0.03, 279114
0.03, 278626
0.03, 276028
0.03, 275882
0.03, 275042
0.03, 274580
0.03, 273997
0.03, 273223
0.03, 268515
0.03, 267878
0.03, 267180
0.03, 265797
0.03, 265778
0.03, 264142
0.03, 263916
0.03, 261838
0.03, 261683
0.03, 257260
0.03, 255499
0.03, 254970
0.03, 254815
0.03, 251209
0.03, 250279
0.03, 250026
0.03, 248851
0.03, 248705
0.03, 246493
0.03, 244818
0.03, 244649
0.03, 243217
0.03, 240587
0.03, 239740
0.03, 238719
0.03, 238544
0.03, 238471
0.03, 237756
0.03, 237612
0.03, 235404
0.03, 234684
0.03, 233347
0.03, 232263
0.03, 230318
0.03, 230111
0.03, 230022
0.03, 228840
0.03, 226330
0.03, 226114
0.03, 225208
0.03, 224703
0.03, 224510
0.03, 223495
0.03, 222771
0.03, 222088
0.03, 221848
0.03, 221501
0.03, 220421
0.03, 220169
0.03, 219714
0.03, 219366
0.03, 218716
0.03, 218649
0.03, 218331
0.03, 217858
0.03, 217401
0.03, 216137
0.03, 215966
0.03, 215578
0.03, 214377
0.03, 214182
0.03, 213493
0.03, 209892
0.03, 206258
0.03, 205010
0.03, 203216
0.03, 203025
0.03, 200091
0.03, 199871
0.03, 199697
0.03, 199506
0.03, 198259
0.03, 197291
0.03, 195399
0.03, 195033
0.03, 193017
0.03, 192821
0.03, 189949
0.03, 188619
0.03, 188289
0.03, 185533
0.03, 185409
0.03, 184808
0.03, 184469
0.03, 183191
0.03, 183019
0.03, 181808
0.03, 181499
0.03, 181472
0.03, 178535
0.03, 175895
0.03, 173668
0.03, 172972
0.03, 171835
0.03, 171609
0.03, 171449
0.03, 169337
0.03, 167940
0.03, 167091
0.03, 167084
0.03, 166787
0.03, 166076
0.03, 166051
0.03, 165103
0.03, 164869
0.03, 163814
0.03, 163170
0.03, 161795
0.03, 161107
0.03, 160803
0.03, 160696
0.03, 160412
0.03, 158786
0.03, 158041
0.03, 157843
0.03, 156730
0.03, 156689
0.03, 156155
0.03, 155346
0.03, 154999
0.03, 154691
0.03, 154641
0.03, 154296
0.03, 153852
0.03, 153184
0.03, 153123
0.03, 152683
0.03, 151663
0.03, 151121
0.04, 150124
0.04, 149875
0.04, 149645
0.04, 149580
0.04, 147970
0.04, 147111
0.04, 146892
0.04, 145359
0.04, 145286
0.04, 144915
0.04, 143183
0.04, 142704
0.04, 141754
0.04, 141725
0.04, 141524
0.04, 141076
0.04, 140886
0.04, 140711
0.04, 140546
0.04, 140450
0.04, 140257
0.1, 139728
0.1, 139457
0.1, 139382
0.1, 139301
0.1, 139103
0.1, 138567
0.1, 138304
0.1, 137639
0.11, 137359
0.11, 137023
0.14, 136974
0.15, 136885
0.15, 136806
0.15, 136803
0.38, 136599
0.38, 136336
0.38, 135675
2.77, 135408
2.77, 135071
2.77, 134990
2.77, 134844
2.77, 134506
