0.02, 719709
0.02, 719025
0.02, 717285
0.02, 715354
0.02, 713455
0.02, 711813
0.02, 689876
0.02, 688009
0.02, 679027
0.02, 675863
0.02, 666687
0.02, 661393
0.02, 652458
0.02, 646439
0.02, 632109
0.02, 615417
0.02, 612711
0.02, 611403
0.02, 609442
0.02, 609349
0.02, 588172
0.02, 580174
0.02, 578110
0.02, 574099
0.02, 574056
0.02, 561670
0.02, 560156
0.02, 560140
0.02, 559131
0.02, 550968
0.02, 550537
0.02, 550414
0.02, 545887
0.02, 540022
0.02, 538258
0.02, 533703
0.02, 533568
0.02, 525344
0.02, 522473
0.02, 522471
0.02, 521408
0.02, 511307
0.02, 507993
0.02, 506738
0.02, 504160
0.02, 503828
0.02, 499773
0.02, 498974
0.02, 498596
0.02, 495150
0.02, 495012
0.02, 492225
0.02, 485294
0.02, 477494
0.02, 476121
0.02, 468130
0.02, 467976
0.02, 460322
0.02, 459506
0.02, 459208
0.02, 455502
0.02, 455469
0.02, 446949
0.02, 441102
0.02, 440415
0.02, 439909
0.02, 436619
0.02, 432025
0.02, 428989
0.02, 428024
0.02, 427875
0.02, 424185
0.02, 421944
0.02, 421079
0.02, 415820
0.02, 414178
0.02, 413920
0.02, 411015
0.02, 410969
0.02, 409605
0.02, 407357
0.02, 406838
0.02, 405115
0.02, 399306
0.02, 396122
0.02, 392058
0.02, 391379
0.02, 391200
0.02, 391114
0.02, 390620
0.02, 384855
0.02, 384487
0.02, 380820
0.02, 380752
0.02, 375852
0.02, 375805
0.02, 374738
0.02, 373809
0.02, 371188
0.02, 364125
0.02, 361034
0.02, 358348
0.02, 354063
0.02, 341756
0.02, 341090
0.02, 340362
0.02, 339494
0.02, 339415
0.02, 334409
0.02, 330624
0.02, 325646
0.02, 321546
0.02, 321016
0.02, 316376
0.02, 311711
0.02, 311438
0.02, 310840
0.02, 307234
0.02, 306191
0.02, 305450
0.02, 300386
0.02, 298165
0.02, 291575
0.02, 290957
0.02, 289668
0.02, 289624
0.02, 289415
0.02, 289403
0.02, 287318
0.02, 286759
0.02, 283012
0.02, 282761
0.02, 282612
0.02, 280687
0.02, 279585
0.02, 277982
0.02, 277183
0.02, 276618
0.02, 275930
0.03, 275419
0.03, 272746
0.03, 272743
0.03, 272256
0.03, 272179
0.03, 271440
0.03, 270979
0.03, 269248
0.03, 263603
0.03, 262727
0.03, 261372
0.03, 249918
0.03, 249229
0.03, 249219
0.03, 247880
0.03, 247138
0.03, 244957
0.03, 244514
0.03, 242608
0.03, 242295
0.03, 241878
0.03, 238539
0.03, 237769
0.03, 235976
0.03, 235440
0.03, 234457
0.03, 233987
0.03, 233555
0.03, 233345
0.03, 230853
0.03, 228131
0.03, 227298
0.03, 227039
0.03, 226973
0.03, 226824
0.03, 226344
0.03, 226226
0.03, 226043
0.03, 223202
0.03, 220420
0.03, 218782
0.03, 214483
0.03, 210918
0.03, 210819
0.03, 207743
0.03, 204451
0.03, 203843
0.03, 201797
0.03, 201761
0.03, 201521
0.03, 199630
0.03, 199279
0.03, 197929
0.03, 196013
0.03, 194145
0.03, 191495
0.03, 191480
0.03, 190454
0.03, 189387
0.03, 189306
0.03, 188842
0.03, 188802
0.03, 187182
0.03, 186096
0.03, 185891
0.03, 185636
0.03, 183831
0.03, 183001
0.03, 182677
0.03, 182423
0.03, 180976
0.03, 180935
0.03, 180237
0.03, 179662
0.03, 178691
0.03, 178548
0.03, 177935
0.03, 177479
0.03, 176749
0.03, 175971
0.03, 175515
0.03, 175387
0.03, 174985
0.03, 174220
0.03, 173083
0.03, 169397
0.03, 167988
0.03, 167736
0.03, 167301
0.03, 164654
0.03, 164106
0.03, 164043
0.03, 163459
0.03, 161967
0.03, 161629
0.03, 161590
0.03, 160869
0.03, 160592
0.03, 160034
0.03, 159643
0.03, 158933
0.03, 158850
0.03, 157356
0.03, 156735
0.03, 156244
0.03, 156243
0.03, 155901
0.03, 155321
0.03, 155171
0.03, 154978
0.03, 153770
0.03, 153672
0.03, 151186
0.03, 150828
0.03, 149947
0.03, 149200
0.03, 148489
0.03, 148434
0.03, 146913
0.03, 146266
0.03, 145780
0.03, 145063
0.03, 144941
0.03, 144707
0.03, 144658
0.03, 144331
0.03, 143351
0.03, 142693
0.03, 142575
0.03, 142408
0.03, 142298
0.03, 142279
0.03, 142083
0.03, 141773
0.04, 140915
0.04, 140798
0.04, 140054
0.04, 139791
0.09, 139788
0.09, 139731
0.18, 139593
0.18, 139581
0.18, 139065
0.18, 138848
0.18, 138633
0.3, 138086
0.3, 137602
0.3, 135901
0.3, 135602
0.3, 135492
2.0, 135252
2.0, 134731
2.0, 134701
2.0, 133420
2.0, 133219
