0.02, 735935
0.02, 717072
0.02, 714885
0.02, 708146
0.02, 706505
0.02, 686220
0.02, 682528
0.02, 664718
0.02, 658299
0.02, 652548
0.02, 648671
0.02, 629306
0.02, 624052
0.02, 610528
0.02, 593836
0.02, 591334
0.02, 590168
0.02, 588999
0.02, 586065
0.02, 584464
0.02, 577528
0.02, 575365
0.02, 569397
0.02, 568564
0.02, 562956
0.02, 559431
0.02, 550553
0.02, 548217
0.02, 544775
0.02, 538451
0.02, 537706
0.02, 535484
0.02, 530944
0.02, 530453
0.02, 523745
0.02, 520406
0.02, 519240
0.02, 506616
0.02, 503428
0.02, 500689
0.02, 498831
0.02, 498089
0.02, 486694
0.02, 484674
0.02, 481602
0.02, 474002
0.02, 473221
0.02, 468995
0.02, 468862
0.02, 467545
0.02, 463902
0.02, 462667
0.02, 459511
0.02, 452569
0.02, 450591
0.02, 445487
0.02, 445455
0.02, 442134
0.02, 441254
0.02, 438598
0.02, 436291
0.02, 432352
0.02, 429627
0.02, 428843
0.02, 426238
0.02, 426230
0.02, 414860
0.02, 414008
0.02, 412771
0.02, 412665
0.02, 402125
0.02, 401491
0.02, 400322
0.02, 389939
0.02, 388827
0.02, 388614
0.02, 382858
0.02, 382006
0.02, 381617
0.02, 372213
0.02, 367942
0.02, 365225
0.02, 363089
0.02, 362320
0.02, 352009
0.02, 349196
0.02, 343389
0.02, 341555
0.02, 341458
0.02, 340663
0.02, 339937
0.02, 339844
0.02, 333963
0.02, 331964
0.02, 331830
0.02, 331585
0.02, 330527
0.02, 328093
0.02, 322584
0.02, 322053
0.02, 321860
0.02, 320194
0.02, 318580
0.02, 318158
0.02, 316980
0.02, 316695
0.02, 315839
0.02, 315736
0.02, 315325
0.02, 312388
0.02, 310981
0.02, 310042
0.02, 309208
0.02, 308028
0.02, 307479
0.02, 305935
0.02, 305182
0.02, 304737
0.02, 302755
0.02, 302745
0.02, 302697
0.02, 299885
0.02, 299759
0.02, 299641
0.02, 299519
0.02, 299444
0.02, 298678
0.02, 298094
0.02, 298021
0.02, 296261
0.02, 294796
0.02, 293707
0.02, 292974
0.02, 292451
0.02, 290244
0.02, 290189
0.02, 289836
0.02, 289788
0.02, 289451
0.03, 288943
0.03, 286258
0.03, 285598
0.03, 280742
0.03, 279048
0.03, 278743
0.03, 271974
0.03, 270351
0.03, 268804
0.03, 265258
0.03, 263775
0.03, 262083
0.03, 260775
0.03, 260480
0.03, 258667
0.03, 256261
0.03, 256133
0.03, 255519
0.03, 253878
0.03, 251761
0.03, 250935
0.03, 248982
0.03, 247847
0.03, 247486
0.03, 246821
0.03, 246331
0.03, 242374
0.03, 241367
0.03, 240905
0.03, 235917
0.03, 235827
0.03, 227684
0.03, 227309
0.03, 226957
0.03, 226686
0.03, 226607
0.03, 224216
0.03, 223436
0.03, 223418
0.03, 223167
0.03, 222024
0.03, 222009
0.03, 220790
0.03, 220043
0.03, 219150
0.03, 217945
0.03, 216296
0.03, 215427
0.03, 214517
0.03, 213784
0.03, 213138
0.03, 213088
0.03, 212102
0.03, 210426
0.03, 209429
0.03, 206550
0.03, 205916
0.03, 205382
0.03, 203865
0.03, 202528
0.03, 202341
0.03, 201718
0.03, 201333
0.03, 199250
0.03, 198147
0.03, 196727
0.03, 196657
0.03, 196226
0.03, 195801
0.03, 195176
0.03, 194920
0.03, 194101
0.03, 192324
0.03, 192172
0.03, 190902
0.03, 190654
0.03, 190475
0.03, 190439
0.03, 189608
0.03, 188890
0.03, 187558
0.03, 184911
0.03, 184899
0.03, 184766
0.03, 183968
0.03, 183876
0.03, 181528
0.03, 180328
0.03, 179763
0.03, 176930
0.03, 175813
0.03, 175567
0.03, 175337
0.03, 171582
0.03, 170886
0.03, 169749
0.03, 169236
0.03, 166396
0.03, 166334
0.03, 165549
0.03, 165331
0.03, 163687
0.03, 163571
0.03, 161987
0.03, 161843
0.03, 161389
0.03, 161284
0.03, 160525
0.03, 160267
0.03, 159790
0.03, 159460
0.03, 158610
0.03, 158432
0.03, 157872
0.03, 157410
0.03, 157295
0.03, 156702
0.03, 155282
0.03, 155021
0.03, 154747
0.03, 154103
0.03, 153878
0.03, 152107
0.03, 151898
0.03, 150896
0.03, 150635
0.03, 150259
0.03, 149669
0.03, 149364
0.03, 148825
0.04, 147967
0.04, 146700
0.04, 146528
0.04, 146075
0.04, 145459
0.04, 144892
0.04, 143628
0.04, 143560
0.04, 143124
0.04, 142304
0.04, 142131
0.04, 141903
0.04, 140735
0.04, 140431
0.07, 140129
0.07, 139309
0.08, 139111
0.08, 138882
0.08, 138803
0.08, 138312
0.44, 137868
0.44, 137676
0.44, 137565
0.74, 137411
0.74, 137216
0.86, 136447
0.86, 136377
0.86, 136058
0.87, 135930
0.87, 135915
0.87, 135752
3.53, 135471
