0.02, 740019
0.02, 729748
0.02, 727475
0.02, 714546
0.02, 714378
0.02, 699505
0.02, 698261
0.02, 690230
0.02, 689381
0.02, 672671
0.02, 668047
0.02, 655871
0.02, 650885
0.02, 639923
0.02, 634175
0.02, 612874
0.02, 595784
0.02, 593567
0.02, 592485
0.02, 591669
0.02, 589428
0.02, 587736
0.02, 579425
0.02, 578123
0.02, 576217
0.02, 575714
0.02, 574715
0.02, 571754
0.02, 568358
0.02, 563696
0.02, 559781
0.02, 554033
0.02, 546393
0.02, 546333
0.02, 543592
0.02, 538256
0.02, 530730
0.02, 529564
0.02, 521769
0.02, 521624
0.02, 517511
0.02, 517121
0.02, 515206
0.02, 512817
0.02, 511471
0.02, 511159
0.02, 511124
0.02, 510439
0.02, 509210
0.02, 507593
0.02, 503450
0.02, 502712
0.02, 500132
0.02, 498237
0.02, 485818
0.02, 485612
0.02, 484997
0.02, 484945
0.02, 479886
0.02, 479467
0.02, 479419
0.02, 478907
0.02, 478702
0.02, 476757
0.02, 473040
0.02, 472074
0.02, 465463
0.02, 464396
0.02, 463737
0.02, 459947
0.02, 458751
0.02, 454046
0.02, 454034
0.02, 453928
0.02, 453375
0.02, 453136
0.02, 450038
0.02, 449496
0.02, 448179
0.02, 447891
0.02, 445304
0.02, 445163
0.02, 439708
0.02, 437988
0.02, 437683
0.02, 434451
0.02, 434315
0.02, 433072
0.02, 429286
0.02, 428220
0.02, 421443
0.02, 417908
0.02, 417124
0.02, 412207
0.02, 412175
0.02, 412162
0.02, 404852
0.02, 403228
0.02, 397551
0.02, 395924
0.02, 392211
0.02, 389405
0.02, 386870
0.02, 385277
0.02, 383273
0.02, 374235
0.02, 373611
0.02, 371957
0.02, 371620
0.02, 370357
0.02, 367706
0.02, 362868
0.02, 359836
0.02, 358402
0.02, 357604
0.02, 354691
0.02, 350186
0.02, 346253
0.02, 344518
0.02, 340979
0.02, 336264
0.02, 335317
0.02, 333852
0.02, 332590
0.02, 329793
0.02, 327752
0.02, 327598
0.02, 326964
0.02, 326094
0.02, 325045
0.02, 325035
0.02, 322516
0.02, 322473
0.02, 320120
0.02, 319426
0.02, 319415
0.02, 319205
0.02, 318465
0.02, 317771
0.02, 316371
0.02, 316329
0.02, 314427
0.03, 309486
0.03, 308765
0.03, 308010
0.03, 307068
0.03, 304256
0.03, 303540
0.03, 301882
0.03, 296354
0.03, 293975
0.03, 290221
0.03, 288789
0.03, 286875
0.03, 286846
0.03, 285322
0.03, 284913
0.03, 284724
0.03, 283318
0.03, 283027
0.03, 278484
0.03, 278413
0.03, 277388
0.03, 273873
0.03, 272746
0.03, 272031
0.03, 271143
0.03, 265221
0.03, 260994
0.03, 257306
0.03, 256448
0.03, 255950
0.03, 255476
0.03, 253426
0.03, 253289
0.03, 249050
0.03, 247626
0.03, 246746
0.03, 246203
0.03, 244604
0.03, 244115
0.03, 240998
0.03, 240234
0.03, 240054
0.03, 235921
0.03, 234902
0.03, 234637
0.03, 233417
0.03, 233319
0.03, 233223
0.03, 230099
0.03, 230088
0.03, 229679
0.03, 229023
0.03, 226758
0.03, 226752
0.03, 220417
0.03, 219717
0.03, 217158
0.03, 217013
0.03, 216677
0.03, 213466
0.03, 212970
0.03, 212353
0.03, 208391
0.03, 208319
0.03, 208045
0.03, 206987
0.03, 205881
0.03, 205726
0.03, 204898
0.03, 204403
0.03, 203135
0.03, 202694
0.03, 202692
0.03, 201750
0.03, 201265
0.03, 200977
0.03, 199462
0.03, 197748
0.03, 197361
0.03, 196770
0.03, 194463
0.03, 193773
0.03, 193537
0.03, 193529
0.03, 192829
0.03, 192729
0.03, 192251
0.03, 191972
0.03, 191802
0.03, 191252
0.03, 191138
0.03, 190812
0.03, 189340
0.03, 188258
0.03, 188028
0.03, 184273
0.03, 183577
0.03, 182440
0.03, 182210
0.03, 181968
0.03, 181805
0.03, 181767
0.03, 181225
0.03, 176770
0.03, 174333
0.03, 174094
0.03, 173695
0.03, 172468
0.03, 171667
0.03, 170898
0.03, 169440
0.03, 169232
0.03, 168689
0.03, 166546
0.03, 164347
0.03, 164029
0.03, 163628
0.03, 163613
0.03, 159197
0.03, 158563
0.03, 157682
0.03, 157377
0.03, 156519
0.03, 155407
0.03, 154901
0.03, 154245
0.03, 154242
0.03, 154189
0.03, 154046
0.03, 153950
0.03, 153149
0.03, 152240
0.03, 151988
0.03, 151913
0.03, 151175
0.03, 151139
0.03, 150651
0.04, 150377
0.04, 149617
0.04, 149524
0.04, 149195
0.04, 148669
0.04, 148493
0.04, 148412
0.04, 146515
0.04, 146391
0.04, 145780
0.04, 145562
0.04, 145466
0.04, 145110
0.04, 144599
0.04, 144179
0.04, 144159
0.04, 144011
0.04, 143906
0.04, 143333
0.04, 143270
0.04, 142818
0.04, 142200
0.04, 141919
0.04, 141735
0.04, 141732
0.04, 141690
0.04, 141662
0.04, 141349
0.06, 140693
0.07, 140495
0.07, 140447
0.07, 139921
0.17, 138746
0.17, 136705
0.17, 136688
0.17, 136289
0.17, 135999
0.17, 135486
0.17, 135347
0.76, 135345
0.76, 135342
4.81, 135304
