0.02, 729967
0.02, 727413
0.02, 725132
0.02, 714149
0.02, 708882
0.02, 686169
0.02, 676694
0.02, 667001
0.02, 664203
0.02, 653376
0.02, 651354
0.02, 635248
0.02, 633354
0.02, 624931
0.02, 622316
0.02, 611349
0.02, 609912
0.02, 607299
0.02, 606667
0.02, 600181
0.02, 599152
0.02, 598481
0.02, 594724
0.02, 593941
0.02, 586274
0.02, 580350
0.02, 574669
0.02, 572394
0.02, 569629
0.02, 568715
0.02, 567513
0.02, 565472
0.02, 563281
0.02, 560470
0.02, 552181
0.02, 549507
0.02, 546051
0.02, 545524
0.02, 544014
0.02, 536993
0.02, 528882
0.02, 528041
0.02, 524300
0.02, 520100
0.02, 519921
0.02, 518517
0.02, 511653
0.02, 509516
0.02, 502942
0.02, 501358
0.02, 500371
0.02, 495095
0.02, 492794
0.02, 491822
0.02, 483287
0.02, 482181
0.02, 481994
0.02, 478818
0.02, 478092
0.02, 475204
0.02, 474518
0.02, 470975
0.02, 470285
0.02, 461651
0.02, 460984
0.02, 460952
0.02, 460846
0.02, 459330
0.02, 458679
0.02, 457471
0.02, 456166
0.02, 454474
0.02, 454095
0.02, 453252
0.02, 453174
0.02, 452580
0.02, 438753
0.02, 438441
0.02, 437798
0.02, 435807
0.02, 434031
0.02, 429434
0.02, 428978
0.02, 427470
0.02, 426218
0.02, 425514
0.02, 423642
0.02, 420766
0.02, 416234
0.02, 415206
0.02, 414159
0.02, 414113
0.02, 413115
0.02, 412950
0.02, 407087
0.02, 403887
0.02, 403814
0.02, 402652
0.02, 402199
0.02, 400958
0.02, 400472
0.02, 396079
0.02, 395988
0.02, 395645
0.02, 395463
0.02, 395448
0.02, 394217
0.02, 392239
0.02, 389952
0.02, 387548
0.02, 386903
0.02, 384017
0.02, 383056
0.02, 381979
0.02, 380930
0.02, 380883
0.02, 379215
0.02, 377630
0.02, 376782
0.02, 376170
0.02, 375936
0.02, 375541
0.02, 371586
0.02, 370522
0.02, 369551
0.02, 367860
0.02, 367800
0.02, 367769
0.02, 366947
0.02, 365757
0.02, 362397
0.02, 361889
0.02, 361622
0.02, 361283
0.02, 361043
0.02, 359628
0.02, 359417
0.02, 357858
0.02, 356556
0.02, 354383
0.02, 353975
0.02, 351419
0.02, 351032
0.02, 350861
0.02, 346297
0.02, 346180
0.02, 343589
0.02, 342571
0.02, 340955
0.02, 339211
0.02, 337320
0.02, 333399
0.02, 332833
0.03, 329475
0.03, 329295
0.03, 328602
0.03, 327798
0.03, 324060
0.03, 322649
0.03, 321109
0.03, 317314
0.03, 316874
0.03, 314864
0.03, 314709
0.03, 312342
0.03, 311951
0.03, 311721
0.03, 308060
0.03, 307393
0.03, 300973
0.03, 296062
0.03, 296031
0.03, 294517
0.03, 293836
0.03, 292488
0.03, 291132
0.03, 285027
0.03, 282586
0.03, 281160
0.03, 279964
0.03, 279890
0.03, 275598
0.03, 273701
0.03, 273401
0.03, 273281
0.03, 273207
0.03, 271389
0.03, 262621
0.03, 262123
0.03, 261911
0.03, 261234
0.03, 257990
0.03, 257104
0.03, 255605
0.03, 254866
0.03, 254765
0.03, 254123
0.03, 252075
0.03, 251995
0.03, 249216
0.03, 247501
0.03, 247495
0.03, 247300
0.03, 246231
0.03, 244880
0.03, 243939
0.03, 243804
0.03, 243698
0.03, 243693
0.03, 242496
0.03, 242132
0.03, 240399
0.03, 239642
0.03, 239034
0.03, 238588
0.03, 237246
0.03, 236333
0.03, 235879
0.03, 235183
0.03, 234249
0.03, 233607
0.03, 232326
0.03, 232092
0.03, 231023
0.03, 230752
0.03, 229743
0.03, 228661
0.03, 227420
0.03, 226811
0.03, 224587
0.03, 222308
0.03, 221284
0.03, 221036
0.03, 217317
0.03, 216929
0.03, 216816
0.03, 215015
0.03, 214361
0.03, 212044
0.03, 210576
0.03, 208646
0.03, 204539
0.03, 204366
0.03, 193742
0.03, 193523
0.03, 192632
0.03, 192288
0.03, 191495
0.03, 189259
0.03, 189223
0.03, 188875
0.03, 187525
0.03, 187107
0.03, 187046
0.03, 187022
0.03, 185819
0.03, 185350
0.03, 184808
0.03, 184533
0.03, 184154
0.03, 182907
0.03, 180915
0.03, 180424
0.03, 180390
0.03, 180338
0.03, 180324
0.03, 180219
0.03, 179999
0.03, 179343
0.03, 177738
0.03, 174702
0.03, 174499
0.03, 173228
0.03, 172199
0.03, 171480
0.03, 169604
0.03, 167767
0.03, 167422
0.03, 164385
0.03, 164324
0.03, 164294
0.03, 162315
0.03, 162257
0.03, 159984
0.03, 159664
0.03, 159553
0.03, 158969
0.03, 156662
0.03, 155605
0.03, 155467
0.03, 154330
0.03, 152369
0.03, 152362
0.03, 152218
0.03, 151411
0.03, 151366
0.03, 151292
0.03, 150724
0.03, 150613
0.03, 150237
0.03, 149910
0.03, 149539
0.03, 149429
0.03, 149239
0.03, 148316
0.04, 147752
0.04, 147404
0.04, 146939
0.04, 145861
0.04, 145672
0.04, 145408
0.04, 144860
0.04, 144381
0.04, 144195
0.04, 141769
0.04, 141543
0.04, 141230
0.04, 141173
0.04, 139965
0.05, 139663
0.05, 139552
0.09, 139522
0.11, 139206
0.11, 138342
0.11, 138191
0.31, 137631
0.5, 137234
0.5, 137124
1.05, 136978
1.05, 135963
1.05, 135769
3.12, 135656
3.12, 135270
3.12, 135099
3.12, 134836
3.12, 134794
3.12, 134766
3.12, 134453
