0.02, 709299
0.02, 708852
0.02, 708262
0.02, 706136
0.02, 705884
0.02, 684789
0.02, 682552
0.02, 669968
0.02, 669867
0.02, 659823
0.02, 657439
0.02, 654045
0.02, 654002
0.02, 649760
0.02, 642225
0.02, 636943
0.02, 622256
0.02, 619754
0.02, 618510
0.02, 613521
0.02, 600607
0.02, 596912
0.02, 596170
0.02, 595642
0.02, 593496
0.02, 593172
0.02, 592343
0.02, 592071
0.02, 591187
0.02, 587691
0.02, 577475
0.02, 576416
0.02, 573873
0.02, 572355
0.02, 570893
0.02, 569102
0.02, 568698
0.02, 568664
0.02, 568017
0.02, 567130
0.02, 564270
0.02, 558381
0.02, 552705
0.02, 548282
0.02, 543985
0.02, 540264
0.02, 538314
0.02, 538295
0.02, 530498
0.02, 530464
0.02, 530210
0.02, 529276
0.02, 529184
0.02, 527918
0.02, 527753
0.02, 527550
0.02, 526858
0.02, 524211
0.02, 524069
0.02, 522418
0.02, 517784
0.02, 516954
0.02, 511900
0.02, 510461
0.02, 508750
0.02, 507242
0.02, 504756
0.02, 504177
0.02, 500288
0.02, 499506
0.02, 495823
0.02, 495713
0.02, 494156
0.02, 494014
0.02, 493259
0.02, 491703
0.02, 491538
0.02, 490680
0.02, 490368
0.02, 486030
0.02, 485077
0.02, 483593
0.02, 482806
0.02, 470640
0.02, 470459
0.02, 469404
0.02, 462654
0.02, 460989
0.02, 460712
0.02, 460356
0.02, 459609
0.02, 449165
0.02, 448205
0.02, 448173
0.02, 447719
0.02, 445579
0.02, 443411
0.02, 440419
0.02, 439866
0.02, 435898
0.02, 431237
0.02, 427668
0.02, 426109
0.02, 425930
0.02, 423668
0.02, 423443
0.02, 423242
0.02, 417968
0.02, 417786
0.02, 412623
0.02, 412592
0.02, 410959
0.02, 402500
0.02, 401816
0.02, 401152
0.02, 399370
0.02, 398609
0.02, 392934
0.02, 392546
0.02, 390324
0.02, 390082
0.02, 388473
0.02, 387241
0.02, 386062
0.02, 385562
0.02, 384717
0.02, 382486
0.02, 381132
0.02, 376306
0.02, 376145
0.02, 369734
0.02, 367095
0.02, 365609
0.02, 363342
0.02, 361421
0.02, 360843
0.02, 359694
0.02, 357301
0.02, 355984
0.02, 351474
0.02, 350653
0.02, 348981
0.02, 348887
0.02, 347373
0.02, 340261
0.02, 339940
0.02, 335788
0.02, 335223
0.03, 331466
0.03, 329526
0.03, 329200
0.03, 324460
0.03, 320412
0.03, 319838
0.03, 317311
0.03, 315858
0.03, 315781
0.03, 311847
0.03, 311342
0.03, 309860
0.03, 307859
0.03, 307193
0.03, 304595
0.03, 304581
0.03, 302522
0.03, 299608
0.03, 298310
0.03, 296281
0.03, 295360
0.03, 293613
0.03, 293306
0.03, 291836
0.03, 290538
0.03, 289027
0.03, 288746
0.03, 288288
0.03, 283557
0.03, 282965
0.03, 282758
0.03, 282345
0.03, 282317
0.03, 281608
0.03, 281251
0.03, 281033
0.03, 280990
0.03, 280971
0.03, 278947
0.03, 278781
0.03, 278752
0.03, 277749
0.03, 276929
0.03, 276536
0.03, 272513
0.03, 272296
0.03, 267633
0.03, 267509
0.03, 267063
0.03, 266537
0.03, 266475
0.03, 265142
0.03, 263774
0.03, 263607
0.03, 263271
0.03, 263008
0.03, 262759
0.03, 260546
0.03, 260283
0.03, 253894
0.03, 253440
0.03, 253433
0.03, 252266
0.03, 251865
0.03, 251796
0.03, 251569
0.03, 250433
0.03, 248609
0.03, 247940
0.03, 246897
0.03, 240495
0.03, 240282
0.03, 237228
0.03, 236551
0.03, 236430
0.03, 236417
0.03, 234695
0.03, 234642
0.03, 234489
0.03, 233935
0.03, 233659
0.03, 233431
0.03, 232964
0.03, 232023
0.03, 231414
0.03, 230975
0.03, 230418
0.03, 230315
0.03, 229761
0.03, 229405
0.03, 229299
0.03, 228495
0.03, 228192
0.03, 227674
0.03, 227617
0.03, 226927
0.03, 225912
0.03, 225728
0.03, 224665
0.03, 223844
0.03, 223632
0.03, 219815
0.03, 219716
0.03, 219573
0.03, 219320
0.03, 214973
0.03, 213337
0.03, 213229
0.03, 211129
0.03, 210735
0.03, 206371
0.03, 206163
0.03, 205670
0.03, 204843
0.03, 204297
0.03, 202909
0.03, 202633
0.03, 202490
0.03, 199197
0.03, 195467
0.03, 194650
0.03, 194328
0.03, 192365
0.03, 191793
0.03, 187389
0.03, 187029
0.03, 186732
0.03, 186037
0.03, 185678
0.03, 185548
0.03, 185084
0.03, 184812
0.03, 181262
0.03, 180545
0.03, 180320
0.03, 179210
0.03, 178796
0.03, 177557
0.03, 177292
0.03, 175837
0.03, 175626
0.03, 175498
0.03, 174705
0.03, 172266
0.03, 172195
0.03, 171792
0.03, 170042
0.03, 169957
0.03, 169489
0.03, 168808
0.03, 168772
0.03, 168353
0.03, 168092
0.03, 167901
0.03, 167326
0.03, 167297
0.03, 167280
0.03, 166608
0.03, 165573
0.03, 165539
0.03, 164903
0.03, 164143
0.03, 163920
0.03, 163252
0.03, 162995
0.03, 161608
0.03, 161393
0.03, 161292
0.03, 160597
0.03, 159874
0.03, 159637
0.03, 159152
0.03, 159105
0.03, 158918
0.04, 158813
0.04, 157491
0.04, 157051
0.04, 156907
0.04, 156323
0.04, 155817
0.04, 155810
0.04, 155576
0.04, 155343
0.04, 155188
0.04, 154930
0.04, 154283
0.04, 154101
0.04, 153798
0.04, 153469
0.04, 152463
0.04, 151651
0.04, 151430
0.04, 151304
0.04, 150985
0.04, 149236
0.04, 148132
0.04, 147408
0.04, 147180
0.05, 147100
0.05, 146792
0.05, 146463
0.05, 146415
0.05, 145887
0.05, 144991
0.05, 144867
0.05, 144031
0.05, 143962
0.06, 143897
0.06, 143324
0.06, 142996
0.06, 142754
0.06, 142625
0.06, 142258
0.06, 141925
0.06, 141855
0.07, 141697
0.07, 141368
0.07, 141056
0.07, 140997
0.07, 140833
0.07, 139797
0.07, 139449
0.07, 139380
0.07, 139199
0.1, 138785
0.1, 138716
0.1, 138432
0.1, 137692
0.11, 137619
0.11, 137418
0.32, 137130
0.32, 136892
0.32, 136701
0.32, 136626
0.32, 136278
0.32, 136094
3.0, 135901
3.0, 135700
3.0, 135353
3.0, 135250
3.0, 135111
3.0, 134598
3.0, 134106
3.01, 134084
