0.01, 1092854
0.01, 1092359
0.01, 1063709
0.01, 1062378
0.01, 1049888
0.01, 1047327
0.02, 1042826
0.54, 1037449
0.54, 1034888
0.55, 1030387
1.6, 1029063
1.6, 1027732
1.61, 1015242
1.61, 1012681
1.61, 1008180
6.3, 1001981
6.31, 1000137
6.56, 998088
6.57, 997542
6.8, 997537
6.81, 996991
20.38, 993948
32.25, 993215
32.26, 979677
32.26, 973775
32.31, 972444
33.03, 965856
33.04, 959954
33.08, 957393
33.94, 952892
238.91, 950452
364.59, 948335
364.59, 942433
365.12, 940589
373.96, 938540
374.48, 937994
383.03, 937989
383.56, 937443
