0.0, 1092854
0.0, 1092359
0.01, 1063709
0.01, 1062378
0.01, 1049888
0.01, 1047327
0.01, 1042826
0.33, 1037449
0.33, 1034888
0.33, 1030387
1.0, 1029063
1.0, 1027732
1.0, 1015242
1.0, 1012681
1.01, 1008180
4.18, 1001981
4.2, 1000137
4.36, 998088
4.37, 997542
4.52, 997537
4.53, 996991
13.87, 993948
22.71, 993215
22.71, 979677
22.71, 973775
22.74, 972444
23.24, 965856
23.24, 959954
23.27, 957393
23.85, 952892
167.68, 950452
254.96, 948335
254.96, 942433
255.32, 940589
261.61, 938540
261.97, 937994
267.77, 937989
268.13, 937443
